{'input_data_count': '/dfs3b/ruic20_lab/junw42/HCA_ON/data/5_refine_major/scvi/Oligodendrocyte/clean/deepsas/subsamples//subsample_9.h5ad', 'output_dir': '/dfs3b/ruic20_lab/junw42/HCA_ON/data/5_refine_major/scvi/Oligodendrocyte/clean/deepsas//outputs', 'exp_name': 'Data_9\n5_', 'device_index': 0, 'retrain': True, 'timestamp': '', 'seed': 40, 'n_genes': '5000', 'ccc': 'type1', 'gene_set': 'full', 'emb_size': 12, 'gat_epoch': 30, 'sencell_num': 600, 'sengene_num': 200, 'sencell_epoch': 40, 'cell_optim_epoch': 50, 'learning_rate': 0.01, 'batch_id': 0}
Outputs dir: ./outputs/Data_9
5_
load_data1 ...
Number of cells: 8510
Number of genes: 21019
The number of cell types 4
celltype names: ['OLIGO2_LRRC7+', 'OLIGO1', 'OLIGO1_SVEP1+', 'OLIGO1_RBFOX1+']
--------------  ----
OLIGO2_LRRC7+   2585
OLIGO1          2301
OLIGO1_SVEP1+   2161
OLIGO1_RBFOX1+  1463
--------------  ----
The number of genes in marker list：
  SenMayo    FRIDMAN    CellAge    Cell Cycle Markers
---------  ---------  ---------  --------------------
      125         77        144                    11
Total marker genes:  320
use 5000 highly genes!
Highly genes num:  5000
After genes dropped duplicated sengenes:  4896
Total gene num: 5139
cell num: 8510, gene num: 5139
Cell-gene graph, the number of edges: 2953113
add cell-cell edges with weights in 0 and 1...
CCC graph, the number of edges: 962
device: cuda:0
Start remove batch effect, the default batch annotation in adata.obs["Sample"] ...
cell embedding generated!
Do not remove batch effect ...
gene embedding generated!
build graph pyg
edge index:  torch.Size([2, 2954075])
node feature:  torch.Size([13649, 12])
build graph pyg without edge weights ... 
Pyg graph: Data(x=[13649, 12], edge_index=[2, 5907188], y=[13649])
graph.is_directed(): False
graph nx and pyg saved!
Epoch 000, Loss: 33.3326
Epoch 001, Loss: 32.5502
Epoch 002, Loss: 31.7408
Epoch 003, Loss: 30.7036
Epoch 004, Loss: 29.0983
Epoch 005, Loss: 27.3476
Epoch 006, Loss: 25.0338
Epoch 007, Loss: 24.2868
Epoch 008, Loss: 23.6788
Epoch 009, Loss: 22.9400
Epoch 010, Loss: 22.0164
Epoch 011, Loss: 21.3754
Epoch 012, Loss: 20.7673
Epoch 013, Loss: 20.0546
Epoch 014, Loss: 19.5707
Epoch 015, Loss: 19.5322
Epoch 016, Loss: 19.1086
Epoch 017, Loss: 18.4921
Epoch 018, Loss: 18.3928
Epoch 019, Loss: 18.1205
Epoch 020, Loss: 18.0398
Epoch 021, Loss: 17.7125
Epoch 022, Loss: 17.5761
Epoch 023, Loss: 17.3718
Epoch 024, Loss: 17.1054
Epoch 025, Loss: 16.4354
Epoch 026, Loss: 16.4544
Epoch 027, Loss: 16.5397
Epoch 028, Loss: 16.3086
Epoch 029, Loss: 16.1958
GAT model saved! ./outputs/Data_9
5_/Data_9
5__GAT.pt
2026-03-04 11:50:29.012827: Contrastive learning Epoch: 000
generate_ct_specific_scores ...
extract_cell_indexs ... 
snc in different cell types:  Counter({'OLIGO2_LRRC7+': 276, 'OLIGO1': 249, 'OLIGO1_SVEP1+': 234, 'OLIGO1_RBFOX1+': 171})
16.41870880126953
16.757333755493164
15.934707641601562
15.902371406555176
15.902441024780273
15.827217102050781
15.797673225402832
15.750917434692383
15.700173377990723
15.66530990600586
15.606056213378906
15.557828903198242
15.511486053466797
15.47148323059082
15.424290657043457
15.389123916625977
15.352343559265137
15.311161041259766
15.266054153442383
15.222524642944336
15.177164077758789
15.134607315063477
15.092838287353516
15.0540189743042
15.01590347290039
14.975510597229004
14.932876586914062
14.889747619628906
14.846967697143555
14.805099487304688
14.764250755310059
14.723447799682617
14.681859970092773
14.638799667358398
14.595588684082031
14.553194046020508
14.51185417175293
14.469611167907715
14.427300453186035
14.384664535522461
14.34096908569336
14.297778129577637
14.254780769348145
14.210455894470215
14.166397094726562
14.121734619140625
14.081320762634277
14.043489456176758
13.991268157958984
13.941085815429688
current lr: 0.0085
identify_sengene_v1 ... 
sengene cover: 0.9588477366255144
2026-03-04 11:54:51.769260: Contrastive learning Epoch: 001
generate_ct_specific_scores ...
no sengene in this cell!
no sengene in this cell!
extract_cell_indexs ... 
snc in different cell types:  Counter({'OLIGO2_LRRC7+': 269, 'OLIGO1': 253, 'OLIGO1_SVEP1+': 234, 'OLIGO1_RBFOX1+': 173})
sencell cover: 0.9311087190527448
14.086459159851074
14.099230766296387
14.039262771606445
13.985315322875977
13.965924263000488
13.910233497619629
13.883025169372559
13.83880615234375
13.80003547668457
13.769866943359375
13.724112510681152
13.697688102722168
13.657369613647461
13.622061729431152
13.592315673828125
13.551836013793945
13.520092964172363
13.484983444213867
13.446894645690918
13.41412353515625
13.377235412597656
13.339889526367188
13.30581283569336
13.268290519714355
13.231977462768555
13.197469711303711
13.160125732421875
13.125307083129883
13.090296745300293
13.053937911987305
13.019674301147461
12.983701705932617
12.947979927062988
12.912749290466309
12.876298904418945
12.841012001037598
12.8046875
12.768970489501953
12.733255386352539
12.697266578674316
12.662031173706055
12.626029968261719
12.590725898742676
12.554632186889648
12.518903732299805
12.482619285583496
12.446542739868164
12.409920692443848
12.373366355895996
12.336038589477539
current lr: 0.0072250000000000005
identify_sengene_v1 ... 
sengene cover: 0.9708333333333333
2026-03-04 11:58:52.592184: Contrastive learning Epoch: 002
generate_ct_specific_scores ...
no sengene in this cell!
no sengene in this cell!
extract_cell_indexs ... 
snc in different cell types:  Counter({'OLIGO2_LRRC7+': 279, 'OLIGO1': 255, 'OLIGO1_SVEP1+': 236, 'OLIGO1_RBFOX1+': 170})
sencell cover: 0.9404255319148936
12.787009239196777
12.306783676147461
12.274145126342773
12.243366241455078
12.218223571777344
12.192411422729492
12.153865814208984
12.11848258972168
12.0924072265625
12.063569068908691
12.027087211608887
11.991273880004883
11.96265697479248
11.932572364807129
11.905658721923828
11.874516487121582
11.843452453613281
11.815315246582031
11.784991264343262
11.757719993591309
11.727296829223633
11.697612762451172
11.667804718017578
11.639684677124023
11.610614776611328
11.580777168273926
11.553226470947266
11.522710800170898
11.495043754577637
11.464964866638184
11.436989784240723
11.406869888305664
11.377851486206055
11.350028991699219
11.319591522216797
11.29137134552002
11.261798858642578
11.23365592956543
11.203746795654297
11.174976348876953
11.146787643432617
11.117212295532227
11.090982437133789
11.059858322143555
11.035423278808594
11.005989074707031
10.972900390625
10.945117950439453
10.914878845214844
10.885610580444336
current lr: 0.00614125
identify_sengene_v1 ... 
sengene cover: 0.9870689655172413
2026-03-04 12:02:48.716110: Contrastive learning Epoch: 003
generate_ct_specific_scores ...
no sengene in this cell!
no sengene in this cell!
no sengene in this cell!
extract_cell_indexs ... 
snc in different cell types:  Counter({'OLIGO2_LRRC7+': 278, 'OLIGO1': 252, 'OLIGO1_SVEP1+': 234, 'OLIGO1_RBFOX1+': 166})
sencell cover: 0.967741935483871
10.864749908447266
10.837575912475586
10.816322326660156
10.79408073425293
10.764883041381836
10.741547584533691
10.719108581542969
10.6941499710083
10.66580581665039
10.64021110534668
10.611230850219727
10.598553657531738
10.576467514038086
10.543966293334961
10.511706352233887
10.494093894958496
10.466723442077637
10.44084358215332
10.415854454040527
10.392210006713867
10.366426467895508
10.344629287719727
10.318906784057617
10.291217803955078
10.270687103271484
10.243816375732422
10.220011711120605
10.196500778198242
10.169833183288574
10.144767761230469
10.122293472290039
10.095011711120605
10.074650764465332
10.050169944763184
10.022833824157715
10.000946998596191
9.978386878967285
9.950748443603516
9.92483139038086
9.902352333068848
9.875967979431152
9.850826263427734
9.82722282409668
9.800185203552246
9.777284622192383
9.75147533416748
9.728080749511719
9.702496528625488
9.678804397583008
9.654510498046875
current lr: 0.0052200625
identify_sengene_v1 ... 
sengene cover: 0.9866666666666667
2026-03-04 12:06:49.760338: Contrastive learning Epoch: 004
generate_ct_specific_scores ...
no sengene in this cell!
no sengene in this cell!
no sengene in this cell!
extract_cell_indexs ... 
snc in different cell types:  Counter({'OLIGO2_LRRC7+': 280, 'OLIGO1': 251, 'OLIGO1_SVEP1+': 231, 'OLIGO1_RBFOX1+': 159})
sencell cover: 0.9609120521172638
9.628463745117188
9.61298942565918
9.59221076965332
9.568489074707031
9.54969310760498
9.528468132019043
9.508122444152832
9.481914520263672
9.465777397155762
9.443641662597656
9.421733856201172
9.405506134033203
9.382530212402344
9.359060287475586
9.343087196350098
9.320993423461914
9.298341751098633
9.279251098632812
9.25827407836914
9.23309326171875
9.214784622192383
9.194408416748047
9.17220401763916
9.14797306060791
9.129961967468262
9.10777759552002
9.087162971496582
9.067699432373047
9.044351577758789
9.024748802185059
9.0040283203125
8.98144245147705
8.961668014526367
8.940546035766602
8.918508529663086
8.8984375
8.8765230178833
8.856290817260742
8.83467960357666
8.814674377441406
8.79277229309082
8.77281379699707
8.751214981079102
8.731117248535156
8.70947551727295
8.689441680908203
8.667959213256836
8.647893905639648
8.626169204711914
8.606162071228027
current lr: 0.004437053125
identify_sengene_v1 ... 
sengene cover: 0.9861751152073732
Processing file: /dfs3b/ruic20_lab/junw42/HCA_ON/data/5_refine_major/scvi/Oligodendrocyte/clean/deepsas/subsamples//subsample_9.h5ad with experiment name: Data_9
5_
