mkdir: cannot create directory ‘/dfs3b/ruic20_lab/junw42/HCA_ON/data/5_refine_major/scvi/Oligodendrocyte_precursor_cell/clean/deepsas’: File exists
# 2026-03-04 20:28:44.571 [INFO] [deepsas_v1.py:47] ====== Part 1: load and process data ======
# 2026-03-04 20:31:39.008 [INFO] [deepsas_v1.py:74] Part 1, data loading and processing end!
# 2026-03-04 20:31:39.009 [INFO] [deepsas_v1.py:78] ====== Part 2: generate init embedding ======
WARNING: adata.X seems to be already log-transformed.
/dfs3b/ruic20_lab/junw42/software/deepsas/.venv/lib/python3.8/site-packages/scanpy/preprocessing/_combat.py:340: RuntimeWarning: divide by zero encountered in divide
  (abs(g_new - g_old) / g_old).max(), (abs(d_new - d_old) / d_old).max()
WARNING: adata.X seems to be already log-transformed.
# 2026-03-04 20:36:09.270 [INFO] [deepsas_v1.py:172] Part 2, AE end!
# 2026-03-04 20:36:09.271 [INFO] [deepsas_v1.py:173] ====== Part 3: GAT training ======
Traceback (most recent call last):
  File "/dfs3b/ruic20_lab/junw42/software/deepsas//deepsas_v1.py", line 197, in <module>
    loss = train()
  File "/dfs3b/ruic20_lab/junw42/software/deepsas//deepsas_v1.py", line 189, in train
    z = model.encode(data.x, data.edge_index)
  File "/dfs3b/ruic20_lab/junw42/software/deepsas/.venv/lib/python3.8/site-packages/torch_geometric/nn/models/autoencoder.py", line 86, in encode
    return self.encoder(*args, **kwargs)
  File "/dfs3b/ruic20_lab/junw42/software/deepsas/.venv/lib/python3.8/site-packages/torch/nn/modules/module.py", line 1553, in _wrapped_call_impl
    return self._call_impl(*args, **kwargs)
  File "/dfs3b/ruic20_lab/junw42/software/deepsas/.venv/lib/python3.8/site-packages/torch/nn/modules/module.py", line 1562, in _call_impl
    return forward_call(*args, **kwargs)
  File "/dfs3b/ruic20_lab/junw42/software/deepsas/model_GAT.py", line 21, in forward
    x = self.conv1(x, edge_index)
  File "/dfs3b/ruic20_lab/junw42/software/deepsas/.venv/lib/python3.8/site-packages/torch/nn/modules/module.py", line 1553, in _wrapped_call_impl
    return self._call_impl(*args, **kwargs)
  File "/dfs3b/ruic20_lab/junw42/software/deepsas/.venv/lib/python3.8/site-packages/torch/nn/modules/module.py", line 1562, in _call_impl
    return forward_call(*args, **kwargs)
  File "/dfs3b/ruic20_lab/junw42/software/deepsas/.venv/lib/python3.8/site-packages/torch_geometric/nn/conv/gat_conv.py", line 366, in forward
    out = self.propagate(edge_index, x=x, alpha=alpha, size=size)
  File "/tmp/junw42/49197024/torch_geometric.nn.conv.gat_conv_GATConv_propagate_v6nzdmye.py", line 176, in propagate
    out = self.message(
  File "/dfs3b/ruic20_lab/junw42/software/deepsas/.venv/lib/python3.8/site-packages/torch_geometric/nn/conv/gat_conv.py", line 414, in message
    return alpha.unsqueeze(-1) * x_j
torch.OutOfMemoryError: CUDA out of memory. Tried to allocate 7.54 GiB. GPU 0 has a total capacity of 15.77 GiB of which 4.94 GiB is free. Including non-PyTorch memory, this process has 10.82 GiB memory in use. Of the allocated memory 10.44 GiB is allocated by PyTorch, and 12.42 MiB is reserved by PyTorch but unallocated. If reserved but unallocated memory is large try setting PYTORCH_CUDA_ALLOC_CONF=expandable_segments:True to avoid fragmentation.  See documentation for Memory Management  (https://pytorch.org/docs/stable/notes/cuda.html#environment-variables)
