{'input_data_count': '/dfs3b/ruic20_lab/junw42/HCA_ON/data/5_refine_major/scvi/Oligodendrocyte/clean/deepsas/subsamples//subsample_0.h5ad', 'output_dir': '/dfs3b/ruic20_lab/junw42/software/deepsas/outputs/', 'exp_name': 'Data_0_', 'device_index': 0, 'retrain': True, 'timestamp': '', 'seed': 40, 'n_genes': 'full', 'ccc': 'type1', 'gene_set': 'full', 'emb_size': 12, 'gat_epoch': 30, 'sencell_num': 600, 'sengene_num': 200, 'sencell_epoch': 40, 'cell_optim_epoch': 50, 'learning_rate': 0.01, 'batch_id': 0}
Outputs dir: ./outputs/Data_0_
load_data1 ...
Number of cells: 30000
Number of genes: 25535
The number of cell types 4
celltype names: ['OLIGO2_LRRC7+', 'OLIGO1', 'OLIGO1_SVEP1+', 'OLIGO1_RBFOX1+']
--------------  ----
OLIGO2_LRRC7+   9113
OLIGO1          8111
OLIGO1_SVEP1+   7617
OLIGO1_RBFOX1+  5159
--------------  ----
The number of genes in marker list：
  SenMayo    FRIDMAN    CellAge    Cell Cycle Markers
---------  ---------  ---------  --------------------
      125         77        144                    11
Total marker genes:  320
use all genes!
After genes dropped duplicated sengenes:  25257
Total gene num: 25535
Number of SnCs: 1166
Number of SnGs: 273
4976
4834
4891
5007
5074
3505
4992
4953
5025
2738
4900
5113
4986
4894
5154
5162
5090
4893
2004
4966
4920
4905
5132
5035
5141
483
5024
5151
4936
3040
5014
4887
4924
4996
5142
5072
5033
4947
4662
5114
5023
5049
4918
5122
5055
5115
5133
5079
4917
5116
4935
5004
2251
5028
5128
5043
5110
4944
5085
4424
5103
5136
4939
4892
3912
2883
4997
4130
4926
4906
5150
5146
5117
5125
4948
4955
4915
5077
5058
5020
5039
5137
5022
4907
5143
5096
5040
4960
5080
4950
2900
5119
5139
4945
5009
4974
5148
4930
5124
4999
4978
4937
4989
4971
1483
3404
5019
5127
5047
5105
5054
4991
4940
4952
5097
4654
5101
4962
5084
4969
5052
4973
4933
5013
4914
4923
4902
4946
3404
4890
5060
5163
2037
4916
5161
5066
5100
1485
4889
5076
4983
4967
4995
5135
4927
5061
5026
4899
5092
4979
5029
4910
5036
4903
5153
4897
5089
5011
5000
5159
4896
3307
5157
5056
5152
1455
5087
4912
5016
5071
5093
5140
5059
4964
5027
5086
5005
5010
5003
5112
4957
5021
4898
4943
5131
2387
5130
5144
4908
5062
4942
5120
5057
5017
5158
5108
5104
4990
5155
5098
4895
223
5042
5138
4921
4972
68
4919
5051
4993
5001
2827
4963
4984
5099
5091
5002
5063
5107
2447
2176
5134
2069
3912
5050
5037
5075
4925
4888
670
4928
4956
653
5081
4951
4941
4965
4929
4959
5160
5106
5118
5032
5034
4961
304
5041
5068
4980
5121
5094
5073
5015
5095
5102
4981
5083
4982
4998
5078
5064
5164
5105
975
4505
965
494
4781
4648
2532
4798
306
783
['ABCF1', 'AC087393.2', 'AKAP6', 'AKAP8L', 'ADAMTS16', 'AJAP1', 'AKTIP', 'AL020996.1', 'AL035078.1', 'AIMP2', 'AC246785.3', 'AL021707.9', 'AJUBA', 'AL034349.1', 'AL024474.2', 'AC023787.2', 'AL031600.3', 'AL035252.5', 'AL035071.1', 'AL033530.1', 'AC096675.1', 'AK2', 'AKAP11', 'AL031985.4', 'AIFM3', 'AIFM1', 'AL022318.1', 'AL023574.1', 'AL034405.1', 'AL031705.1', 'AL031710.2', 'AL034417.3', 'AL008628.1', 'AL021328.1', 'AL023653.1', 'AL022323.1', 'AL035411.3', 'AL034351.3', 'AL031432.3', 'AL031121.3', 'AL008633.1', 'AL031772.1', 'AL022162.1', 'AHSG', 'AKT3-IT1', 'AKR1B1', 'AL031666.1', 'AL022069.1', 'AL008582.1', 'AL031293.1', 'AC004951.1', 'AK8', 'AKAP5', 'AL020995.1', 'AKR7A3', 'AKIRIN1', 'AJ003147.2', 'ADAM23', 'AL008727.1', 'AKAP14', 'AL021368.3', 'AC012368.1', 'AKNAD1', 'AL031259.1', 'AL021393.1', 'AL035106.1', 'AL024495.1', 'AL034376.2', 'AL031775.1', 'AL021707.5', 'AF001548.2', 'AC009053.3', 'AL023583.1', 'AL031289.1', 'AL023803.1', 'AC012213.1', 'AKAP10', 'AL022097.1', 'AL031599.1', 'AL033527.3', 'AL008729.2', 'AL031778.1', 'AL031432.5', 'AKR1C3', 'AL035252.3', 'AKT2', 'AC007938.3', 'AKAIN1', 'AC024267.4', 'AIRE', 'AL031731.1', 'AL024497.1', 'AL020997.4', 'AL035401.1', 'AL021978.1', 'AC007255.1', 'AK3', 'AL023806.4', 'AKAP8', 'AC004947.3', 'AL031595.2', 'AKR1E2', 'AL034550.3', 'AHNAK2', 'AC008972.2', 'AIMP1', 'AJ009632.2', 'AIF1L', 'AC023043.1', 'AIRN', 'AC069234.1', 'AC055788.1', 'AL035416.1', 'AL031595.3', 'AKR1A1', 'AL021154.1', 'AK1', 'AKR1C1', 'AL008730.1', 'AL034427.1', 'AL031275.1', 'AL031055.1', 'AL032819.1', 'AL031716.1', 'AL020997.3', 'AKR1C8P', 'AIPL1', 'AC093510.2', 'AL031667.3', 'AC005845.1', 'AL021707.7', 'AL023806.1', 'AL033543.1', 'AL033504.1', 'AKR7A2', 'AL022326.1', 'AL031668.2', 'AL033523.1', 'AL022068.1', 'AF127936.1', 'AL031666.2', 'AC067930.3', 'AL034351.4', 'AL022316.1', 'AIFM2', 'AL024498.1', 'AL021878.2', 'AL031651.2', 'AL031121.2', 'AL022311.1', 'AL021918.5', 'AC084024.3', 'AL022345.4', 'AK7', 'AL022098.1', 'AL021807.1', 'AC099506.1', 'AL031775.2', 'AL022157.1', 'AL031770.1', 'AL023581.2', 'ADAM8', 'AL021707.3', 'AL031670.1', 'AHI1', 'AL034422.1', 'AL022310.1', 'AL022151.1', 'AL031728.1', 'AL022341.2', 'AL031710.1', 'AL031663.3', 'AL022397.1', 'AL031658.1', 'AKAP9', 'AJ239328.1', 'AIF1', 'AC234775.3', 'AL033527.4', 'AL034550.1', 'AKIP1', 'AL034550.2', 'AL021707.2', 'AC007336.1', 'AL023584.2', 'AL022315.1', 'AKT3', 'AL024508.2', 'AL021707.4', 'AL031280.1', 'AKIRIN2', 'AL021396.1', 'AL034347.1', 'AL031186.1', 'AL031291.1', 'AC004466.1', 'AL022476.1', 'AL031963.1', 'AL023882.1', 'AL031587.3', 'AL031709.1', 'AL031768.2', 'AK9', 'AL031668.1', 'AK6', 'AL031428.1', 'AL022328.3', 'AL031673.1', 'AKNA', 'AL031587.1', 'AL033397.2', 'AL024497.2', 'AL021408.1', 'AIDA', 'AL009176.1', 'AL021155.5', 'AL031666.3', 'AL021707.8', 'AHR', 'AL024507.2', 'AC012370.2', 'AL023803.3', 'AL022323.3', 'AL034345.2', 'AL031727.2', 'AL033519.5', 'AHSA1', 'AL008718.2', 'AC027045.2', 'AL031602.2', 'AL022322.2', 'AC005911.1', 'AL022329.1', 'AL035409.1', 'AL031587.4', 'AL022313.2', 'AJM1', 'AL022328.2', 'AJ011931.2', 'AL022318.5', 'AL031846.2', 'AHRR', 'AL008721.2', 'AIG1', 'AL009179.1', 'AL022328.1', 'AC124290.1', 'AL022341.1', 'AC026124.2', 'AC091057.2', 'AL021368.5', 'AL022322.1', 'AL021707.6', 'AHNAK', 'AC087588.2', 'AKAP3', 'AKR1C2', 'AL020997.2', 'AL022328.4', 'AL031963.3', 'AC079382.2', 'AL031587.2', 'AFDN-DT', 'AC110058.1', 'AL034348.1', 'AL021918.3', 'AK4', 'AL009177.1', 'AL031768.1', 'AKAP1']
270
OLIGO1, Number of SnCs: 342
OLIGO1
OLIGO1_RBFOX1+, Number of SnCs: 192
OLIGO1_RBFOX1+
OLIGO2_LRRC7+, Number of SnCs: 338
OLIGO2_LRRC7+
OLIGO1_SVEP1+, Number of SnCs: 294
OLIGO1_SVEP1+
Processing file: /dfs3b/ruic20_lab/junw42/HCA_ON/data/5_refine_major/scvi/Oligodendrocyte/clean/deepsas/subsamples//subsample_0.h5ad with experiment name: Data_0_
{'input_data_count': '/dfs3b/ruic20_lab/junw42/HCA_ON/data/5_refine_major/scvi/Oligodendrocyte/clean/deepsas/subsamples//subsample_1.h5ad', 'output_dir': '/dfs3b/ruic20_lab/junw42/software/deepsas/outputs/', 'exp_name': 'Data_1_', 'device_index': 0, 'retrain': True, 'timestamp': '', 'seed': 40, 'n_genes': 'full', 'ccc': 'type1', 'gene_set': 'full', 'emb_size': 12, 'gat_epoch': 30, 'sencell_num': 600, 'sengene_num': 200, 'sencell_epoch': 40, 'cell_optim_epoch': 50, 'learning_rate': 0.01, 'batch_id': 0}
Outputs dir: ./outputs/Data_1_
load_data1 ...
Number of cells: 30000
Number of genes: 25513
The number of cell types 4
celltype names: ['OLIGO2_LRRC7+', 'OLIGO1', 'OLIGO1_SVEP1+', 'OLIGO1_RBFOX1+']
--------------  ----
OLIGO2_LRRC7+   9113
OLIGO1          8111
OLIGO1_SVEP1+   7617
OLIGO1_RBFOX1+  5159
--------------  ----
The number of genes in marker list：
  SenMayo    FRIDMAN    CellAge    Cell Cycle Markers
---------  ---------  ---------  --------------------
      125         77        144                    11
Total marker genes:  320
use all genes!
After genes dropped duplicated sengenes:  25239
Total gene num: 25513
Number of SnCs: 2958
Number of SnGs: 266
4901
4066
4989
4992
5134
4972
4970
4905
4947
5069
5043
5096
5091
4966
5088
5154
4965
5085
5003
4948
5049
4936
5102
4939
5119
5139
4997
911
4934
4911
2754
4988
5093
5148
5150
5070
5158
5146
5066
5071
5061
5125
5054
5012
4958
5006
4927
1466
5039
5056
5042
5015
851
5014
5130
5031
979
5050
4932
5126
5133
5028
4979
5010
4973
5104
5077
5073
5136
135
5060
4887
4991
5141
5107
5051
4929
4981
5008
5007
5081
5002
4944
5079
4990
4986
5044
5048
4993
5110
3633
4995
182
4890
5143
5086
4996
5027
5100
4935
4771
4962
5001
5019
4938
4928
5057
4885
4985
4969
4949
4924
4899
5089
5065
4930
4974
4913
1406
5153
545
284
4077
5076
2608
4906
1399
4954
4891
973
4952
5018
5022
4955
4998
4889
5026
5023
5059
5108
4903
5099
4916
5145
4994
5000
5034
5138
4922
4898
4942
5020
5144
5021
5032
4959
1090
5033
5122
5101
4925
5098
824
5124
5127
4912
5117
5080
5046
4999
5005
5151
4920
845
4909
4953
5129
5037
4956
4907
5025
5082
4950
1399
5113
4921
4888
5055
4946
5084
4908
5017
4960
4980
2975
4919
5016
5036
4937
5109
4957
4941
4963
5132
39
5123
5114
4945
4893
1470
4910
5115
4917
4987
5157
5149
5040
5004
4964
5038
5147
5152
4902
5156
5074
5137
4977
4933
5035
5131
4918
4968
2979
4943
4923
5142
5118
5078
2741
4892
4940
5097
5068
5075
5140
5087
611
5063
5112
5030
4982
5103
5029
5128
4961
5064
851
3871
31
845
5082
4292
144
494
1315
1262
['AL031055.1', 'AJAP1', 'AL031651.2', 'AL035425.3', 'AL035701.1', 'AL031668.1', 'AL031293.1', 'AL035706.1', 'AL022316.1', 'AL022341.2', 'AL031428.1', 'AL035634.1', 'AL031728.1', 'AL023584.2', 'AC008474.1', 'AL022315.1', 'AL022069.3', 'AL024497.1', 'AL021393.1', 'AC011595.2', 'AL031710.1', 'AC012313.6', 'AL031673.1', 'AK3', 'AKR1C3', 'AL024507.2', 'AL035106.1', 'AL035071.1', 'AL034417.2', 'AKAP9', 'AKR7A2', 'AL034550.2', 'AC005909.2', 'AKIRIN1', 'AKNAD1', 'AL031587.2', 'AKAP12', 'AL022322.2', 'AKT3-IT1', 'AL031599.1', 'AL031666.3', 'AL022328.1', 'ABCA8', 'AL021707.9', 'AL031666.1', 'AL035446.2', 'AL022068.1', 'AL023806.1', 'AL031056.1', 'AL022151.1', 'AK4', 'AL034405.1', 'AL021918.5', 'AL031709.1', 'AL021308.1', 'AL021368.2', 'AKTIP', 'AL033527.3', 'AL035409.1', 'AC120114.1', 'AC012306.3', 'AL035458.2', 'AL024497.2', 'AL035587.2', 'AL022323.1', 'AL022098.1', 'AL032819.1', 'AL031670.1', 'AL031663.3', 'AL021918.4', 'AL031717.1', 'AL022329.1', 'AL031587.3', 'AC006148.2', 'AJ009632.2', 'AL031280.1', 'AL020993.1', 'AC008264.2', 'AL034349.1', 'AL022397.1', 'AL035416.1', 'AC090517.5', 'AL033397.2', 'AC009054.2', 'AKAIN1', 'AL022318.1', 'AC010997.3', 'AC108734.4', 'AC073569.2', 'AL023581.2', 'AL023806.4', 'AKR1C2', 'AL034550.3', 'AL034427.1', 'AL022323.4', 'AC007014.1', 'AL035401.1', 'AL035427.1', 'AL022238.2', 'AJ003147.2', 'AF106564.1', 'AKAP3', 'AL031775.1', 'AL022313.2', 'AL031432.3', 'AL022328.3', 'AJ239328.1', 'AJ011931.1', 'AL022324.3', 'AL022476.1', 'AK6', 'AL035443.1', 'AL031846.2', 'AL031731.1', 'AL022162.1', 'AL008628.1', 'AKR1E2', 'AJ011931.2', 'AL031963.1', 'AKAP10', 'AL033527.4', 'AKAP11', 'AL021707.2', 'AC011751.1', 'AL023653.1', 'AL023882.1', 'AL024474.2', 'AL024495.1', 'AL031667.3', 'AL009179.1', 'AL035588.1', 'AL034348.1', 'AL049557.1', 'AL021707.6', 'AL031275.1', 'AL031587.1', 'AKT3', 'AL021707.4', 'ABCA12', 'AL008730.1', 'AL008729.2', 'AC010624.5', 'AL035252.3', 'AL022310.1', 'AL034550.1', 'AL035658.1', 'AL021878.2', 'AL022322.1', 'AL008729.1', 'AL021918.3', 'AL031710.2', 'AC002094.2', 'AL008725.1', 'AL035071.2', 'AL021368.3', 'AC008736.1', 'AC079684.1', 'AKT2', 'AL031770.1', 'AL008582.1', 'AL022097.1', 'AL033530.1', 'AL033384.2', 'AC002378.1', 'AL031600.3', 'AL023553.1', 'AL021408.1', 'AKR1B15', 'AKT1S1', 'AL023803.1', 'AL035420.1', 'AKIP1', 'AL024508.2', 'AL023574.1', 'AC118758.3', 'AL031186.1', 'AL031985.3', 'AL031768.1', 'AC079790.2', 'AC104170.1', 'AL009177.1', 'AJ006995.1', 'AK8', 'AKAP7', 'AL031595.3', 'AL022318.5', 'AL021328.1', 'AL035461.2', 'AKAP8', 'AKR1A1', 'AL021707.1', 'AL024498.1', 'AL031727.2', 'AKR7A3', 'AC008443.9', 'AL023803.2', 'AC004875.1', 'AL035693.1', 'AC137894.3', 'AL035587.1', 'AC009495.3', 'AL035670.1', 'AL021155.5', 'AL033523.1', 'AK7', 'AKR1C1', 'AC090515.4', 'AL035427.2', 'AL031985.4', 'AL031432.4', 'AL031963.3', 'AL020997.2', 'AKNA', 'AL022069.1', 'AL031658.1', 'AL031705.1', 'AL008721.2', 'AL035411.3', 'AL035530.2', 'AL023495.1', 'AL049552.1', 'AL021368.5', 'AL022326.1', 'AKAP8L', 'AL049552.2', 'AL031848.2', 'AL020995.1', 'AL020997.4', 'AL034347.1', 'AL020996.1', 'AKAP17A', 'AL031716.1', 'AL022311.1', 'AL022345.4', 'AL023755.1', 'AL021368.1', 'AC009041.1', 'AL023581.1', 'AL008727.1', 'AL022157.1', 'AL023284.4', 'AL008633.1', 'AL022323.3', 'AKAP1', 'AL031121.2', 'AKIRIN2', 'AL023803.3', 'AIRE', 'AL031590.1', 'AL031259.1', 'AKAP14', 'AL035448.1', 'AC003666.1', 'AL031668.2', 'AL034351.4', 'AL034345.2', 'AKAP13', 'AL031073.2', 'AL009176.1', 'AL021707.5', 'AL035681.1', 'AL020997.3']
262
OLIGO1_SVEP1+, Number of SnCs: 760
OLIGO1_SVEP1+
OLIGO1, Number of SnCs: 814
OLIGO1
OLIGO2_LRRC7+, Number of SnCs: 871
OLIGO2_LRRC7+
OLIGO1_RBFOX1+, Number of SnCs: 513
OLIGO1_RBFOX1+
Processing file: /dfs3b/ruic20_lab/junw42/HCA_ON/data/5_refine_major/scvi/Oligodendrocyte/clean/deepsas/subsamples//subsample_1.h5ad with experiment name: Data_1_
{'input_data_count': '/dfs3b/ruic20_lab/junw42/HCA_ON/data/5_refine_major/scvi/Oligodendrocyte/clean/deepsas/subsamples//subsample_2.h5ad', 'output_dir': '/dfs3b/ruic20_lab/junw42/software/deepsas/outputs/', 'exp_name': 'Data_2_', 'device_index': 0, 'retrain': True, 'timestamp': '', 'seed': 40, 'n_genes': 'full', 'ccc': 'type1', 'gene_set': 'full', 'emb_size': 12, 'gat_epoch': 30, 'sencell_num': 600, 'sengene_num': 200, 'sencell_epoch': 40, 'cell_optim_epoch': 50, 'learning_rate': 0.01, 'batch_id': 0}
Outputs dir: ./outputs/Data_2_
load_data1 ...
Number of cells: 30000
Number of genes: 25637
The number of cell types 4
celltype names: ['OLIGO2_LRRC7+', 'OLIGO1', 'OLIGO1_SVEP1+', 'OLIGO1_RBFOX1+']
--------------  ----
OLIGO2_LRRC7+   9113
OLIGO1          8111
OLIGO1_SVEP1+   7617
OLIGO1_RBFOX1+  5159
--------------  ----
The number of genes in marker list：
  SenMayo    FRIDMAN    CellAge    Cell Cycle Markers
---------  ---------  ---------  --------------------
      125         77        144                    11
Total marker genes:  320
use all genes!
After genes dropped duplicated sengenes:  25358
Total gene num: 25637
Number of SnCs: 4397
Number of SnGs: 261
5064
5038
5160
5151
4996
5045
5144
5126
5106
4905
4999
5070
5037
5013
661
5119
5168
5000
5077
5156
5049
4971
4919
5016
5109
5042
661
5039
4942
4969
5114
4952
5149
5086
5133
5056
4995
4998
5036
5130
4923
3318
4936
964
5018
4994
5140
5120
4968
4945
4891
5150
5124
5118
5108
5068
5112
4984
4925
5137
3334
4944
5035
4975
2918
4986
5023
4892
5110
5155
4940
4982
4967
5047
4906
5031
4897
4961
4954
4957
5145
5046
5146
4929
4941
4951
4922
4895
5053
4964
5005
5159
5057
5003
4962
5010
5090
5128
5022
4926
4970
4933
4932
5050
4980
4934
4965
5123
5059
5079
4916
5091
5034
4990
4974
5082
1368
5127
5063
5154
4935
172
785
5088
5084
5061
4946
5105
5078
5021
5087
5029
5041
4917
4950
5008
4918
4949
269
4912
4893
4931
5092
5152
5109
5026
4930
5017
4993
4904
5069
4920
5107
5166
5099
4966
5002
5131
5095
5066
5163
5162
4992
964
4896
4890
4914
5001
5098
5158
4991
5083
5043
5164
5121
223
5153
5117
5115
5136
4937
5157
1748
5075
5040
5012
5089
5025
2606
4959
4963
5111
4910
5048
5142
428
4939
5161
4973
4924
54
4898
5019
5030
5058
5072
5067
5044
4894
5024
5081
5006
5094
5148
4903
5071
4987
5014
4907
4928
5051
4911
5080
5073
5125
4899
5076
5147
4956
5009
5132
4958
5055
5060
5141
4989
5011
4927
5074
4976
658
4953
4977
5104
5134
5033
5027
5165
5093
4955
5143
2407
2900
1029
4620
908
658
574
341
4865
54
['AJUBA', 'AL008730.1', 'AL021937.4', 'AL021707.9', 'AKAP8', 'AL021707.7', 'AGBL2', 'AJ239328.1', 'AL022323.3', 'AL031073.2', 'AL031602.2', 'AL022334.2', 'AL031768.2', 'AL031663.3', 'AHSA1', 'AKR1C3', 'AK1', 'AL021396.1', 'AL031727.2', 'AGTRAP', 'AHI1', 'AJ009632.2', 'AL031055.1', 'AL022238.2', 'AL023581.1', 'AKR1A1', 'AL009176.1', 'AL021368.2', 'AL022069.3', 'AL022397.1', 'AL022311.1', 'AGER', 'AGBL5', 'AC003044.1', 'AL033523.1', 'AL031291.1', 'AL031717.1', 'AIDA', 'AKAP7', 'AL021707.6', 'AL031985.4', 'AL023495.1', 'AKAP17A', 'AL023584.2', 'AKAIN1', 'AGO1', 'AL031121.2', 'AL008723.2', 'AL031293.1', 'AKAP14', 'AL021918.3', 'AKAP5', 'AL023284.4', 'AL031432.4', 'AF274853.1', 'AL031259.1', 'AL031770.1', 'AHCYL2', 'AC008969.1', 'AL022318.5', 'AC009145.3', 'AL020996.1', 'AL021155.5', 'AL033384.2', 'AL031848.2', 'AL022097.1', 'AGBL1-AS1', 'AL023803.3', 'AL031731.1', 'AGMO', 'AL021707.5', 'AL008628.1', 'AL031710.1', 'AL031600.3', 'AL022345.4', 'AL031432.5', 'AC087473.1', 'AL031658.1', 'AK4', 'AGBL1', 'AL023803.1', 'AGPAT2', 'AL031705.1', 'AL031768.1', 'AKT3-IT1', 'AIF1', 'AL022157.1', 'AC005100.2', 'AL031587.4', 'AL031709.1', 'AKAP12', 'AL022341.1', 'AGT', 'AHNAK', 'AL021368.1', 'AL022068.1', 'AL022476.1', 'AL023882.1', 'AL031963.1', 'AL023574.1', 'AIRN', 'AL023755.1', 'AIG1', 'AL022313.2', 'AIFM2', 'AKAP1', 'AK5', 'AC073332.1', 'AC006372.3', 'AL031587.1', 'AC004832.4', 'AL022328.4', 'AL008725.1', 'AL031186.1', 'AL021878.2', 'AGTR1', 'AL031432.3', 'AGBL4', 'AIPL1', 'AL031280.1', 'AL021918.4', 'AGXT2', 'AL021368.5', 'AL023553.1', 'AKAP13', 'AL031668.2', 'AL021707.8', 'AGPAT4', 'AIMP2', 'AHRR', 'AL022318.1', 'AIFM1', 'AC093326.1', 'AC093510.2', 'AL021707.2', 'AL020993.1', 'AKR1C1', 'AL009178.3', 'AL021978.1', 'AL022323.1', 'AL023803.2', 'AKT1S1', 'AL021707.3', 'AL022322.1', 'AGAP9', 'AKAP6', 'AL023806.1', 'AK8', 'AL031275.1', 'AKR7A3', 'AL020997.3', 'AL031121.3', 'AKAP11', 'AL023653.1', 'AKR7A2', 'AL022341.2', 'AL021807.1', 'AC007991.3', 'AJAP1', 'AL024498.1', 'AL031599.1', 'AL022328.2', 'AL022328.1', 'AKNA', 'AL021368.3', 'AL022324.3', 'AL031985.3', 'AIMP1', 'AKR1B15', 'AL008729.1', 'AL020997.2', 'AL031714.1', 'AL022329.1', 'AL031728.1', 'AHR', 'AC060834.2', 'AKR1D1', 'AKIRIN1', 'AL031775.1', 'AGMAT', 'AL022151.1', 'AKTIP', 'AL021707.1', 'AGTPBP1', 'AC011466.3', 'AJM1', 'AL031710.2', 'AL031778.1', 'AIM2', 'AL008582.1', 'AK7', 'AL031587.2', 'AL031666.1', 'AGFG2', 'AL022328.3', 'AL031716.1', 'AL009177.1', 'AGFG1', 'AC007292.1', 'AGO3', 'AL031595.3', 'AK2', 'AL022098.1', 'ACSBG2', 'AL024474.2', 'AC018682.1', 'AL023806.4', 'AL023581.2', 'AL031118.1', 'AHDC1', 'AL021393.1', 'AL031668.1', 'AHCY', 'AKR1E2', 'AL031666.3', 'AL024497.2', 'AL032819.1', 'AJ011931.2', 'AK9', 'AL031775.2', 'AC007279.2', 'AL008633.1', 'AL033397.2', 'AKAP8L', 'AL031666.2', 'AK3', 'AKT2', 'AHNAK2', 'AC004477.1', 'AL021918.5', 'AC005609.5', 'AC087620.1', 'AKR1C8P', 'ABCC12', 'AL031590.1', 'AIF1L', 'AL022316.1', 'AL031772.1', 'AC008735.2', 'AGO2', 'AL022326.1', 'AGBL3', 'AHCYL1', 'AL008729.2', 'AL031846.2', 'AIRE', 'AL022069.1', 'AGPAT3', 'AL022315.1', 'AL033504.1', 'AICDA', 'AL008718.3', 'AKAP10', 'AGPS', 'AL021328.1', 'AL031963.3']
256
OLIGO1_SVEP1+, Number of SnCs: 1158
OLIGO1_SVEP1+
OLIGO1_RBFOX1+, Number of SnCs: 790
OLIGO1_RBFOX1+
OLIGO2_LRRC7+, Number of SnCs: 1315
OLIGO2_LRRC7+
OLIGO1, Number of SnCs: 1134
OLIGO1
Processing file: /dfs3b/ruic20_lab/junw42/HCA_ON/data/5_refine_major/scvi/Oligodendrocyte/clean/deepsas/subsamples//subsample_2.h5ad with experiment name: Data_2_
{'input_data_count': '/dfs3b/ruic20_lab/junw42/HCA_ON/data/5_refine_major/scvi/Oligodendrocyte/clean/deepsas/subsamples//subsample_3.h5ad', 'output_dir': '/dfs3b/ruic20_lab/junw42/software/deepsas/outputs/', 'exp_name': 'Data_3_', 'device_index': 0, 'retrain': True, 'timestamp': '', 'seed': 40, 'n_genes': 'full', 'ccc': 'type1', 'gene_set': 'full', 'emb_size': 12, 'gat_epoch': 30, 'sencell_num': 600, 'sengene_num': 200, 'sencell_epoch': 40, 'cell_optim_epoch': 50, 'learning_rate': 0.01, 'batch_id': 0}
Outputs dir: ./outputs/Data_3_
load_data1 ...
Number of cells: 30000
Number of genes: 25514
The number of cell types 4
celltype names: ['OLIGO2_LRRC7+', 'OLIGO1', 'OLIGO1_SVEP1+', 'OLIGO1_RBFOX1+']
--------------  ----
OLIGO2_LRRC7+   9113
OLIGO1          8111
OLIGO1_SVEP1+   7617
OLIGO1_RBFOX1+  5159
--------------  ----
The number of genes in marker list：
  SenMayo    FRIDMAN    CellAge    Cell Cycle Markers
---------  ---------  ---------  --------------------
      125         77        144                    11
Total marker genes:  320
use all genes!
After genes dropped duplicated sengenes:  25237
Total gene num: 25514
Number of SnCs: 1504
Number of SnGs: 256
4953
5079
5091
5147
3044
4992
4920
5099
5159
5135
5030
5136
5039
5122
4975
4890
4997
5050
4949
5015
350
5089
261
4942
4900
5126
5158
5004
4993
5041
4994
4961
4926
5123
4968
4925
5105
5102
1238
4958
5145
5106
5027
5119
4950
5100
4976
4965
5072
5144
5116
5101
4995
5005
3057
5082
4888
4959
5104
4924
5035
5008
5016
5129
4913
5146
5142
5065
5044
5078
5121
1238
5155
2989
4945
5111
5139
5053
4971
5071
4938
5031
5029
4985
4898
5128
5010
4974
4982
4977
4944
5137
5032
4935
5066
5049
5061
5081
4940
4931
5034
4911
5012
5019
4972
4915
5087
5125
5042
4937
5113
4889
4893
4895
5152
29
5057
5118
5109
5067
4933
4990
2999
5110
5043
4987
4941
5076
5007
4087
2899
5073
4922
5140
4954
5054
4955
5003
4963
4980
4892
5037
5120
4951
5127
4948
5133
5148
261
5062
5083
4998
5028
4946
5002
5094
4603
5086
4983
4989
4979
5077
4996
5070
5074
5150
5132
4966
5036
5093
5046
5141
5084
5124
5056
5063
4887
5048
5021
5040
5064
5025
1093
4919
4930
4914
1765
4896
4957
4988
5060
5023
5014
5038
4891
5051
5011
5154
4986
5075
5138
5157
4934
282
5143
337
4918
5090
5001
4991
5080
4981
5055
5013
5000
4929
4909
4956
5153
5115
4902
337
5114
4970
4967
5117
5107
5047
5156
5026
4939
5058
5092
4906
4973
4901
5161
4943
5112
5163
5033
5149
1319
5006
5018
5059
1238
3057
29
1080
282
2899
844
3044
197
1561
['AL035693.1', 'AL020995.1', 'AL031432.5', 'AL035587.1', 'AKR1A1', 'AL049536.1', 'AL023882.1', 'AL021393.1', 'AL034417.3', 'AL049629.1', 'AC004801.4', 'AL031728.1', 'AL033523.1', 'AL021368.2', 'AL031666.3', 'AL031291.1', 'AL035425.3', 'AKR1C3', 'AL031775.1', 'AL033543.1', 'AL021707.7', 'AL021155.5', 'AKAP8L', 'AL031651.2', 'AKR7A3', 'AKAP5', 'AC009403.2', 'AL031259.1', 'AL035588.1', 'AL020997.3', 'AL035458.2', 'AL035448.1', 'AL031275.1', 'AL008718.3', 'AL020997.2', 'AC091167.5', 'AL024498.1', 'AL022476.1', 'AL022238.2', 'AL035587.2', 'AL049552.2', 'AKAP11', 'AL049539.1', 'AC018946.1', 'AL031770.1', 'AL021937.4', 'AL035411.3', 'AL033397.2', 'AJUBA', 'AL022069.1', 'AL035106.1', 'AL031293.1', 'AL009179.1', 'AL021328.1', 'AL009177.1', 'AL031599.1', 'AL031673.1', 'AL024495.1', 'AL008582.1', 'AC011092.2', 'AL022328.3', 'AL022097.1', 'AL008725.1', 'AKAP17A', 'AK5', 'AL031600.3', 'AKT3-IT1', 'AL033519.5', 'AL031587.4', 'AKR1C2', 'AL031595.3', 'AL031714.1', 'AL031768.2', 'AL024497.1', 'AL022323.1', 'AL008721.2', 'AL033530.1', 'AL031602.2', 'AL023653.1', 'AL031118.1', 'AL023583.1', 'AL022151.1', 'AC008456.1', 'AL021707.3', 'AL022324.3', 'AL033527.3', 'AL021918.3', 'AL021368.5', 'AL031705.1', 'AL023755.1', 'AL031709.1', 'AJ011931.2', 'AL022311.1', 'AKTIP', 'AL031073.2', 'AL031600.1', 'AL022310.1', 'AL022322.1', 'AL022313.2', 'AL021707.4', 'AL022329.1', 'AL031731.1', 'AL020993.1', 'AL008633.1', 'AL035706.1', 'AL023806.4', 'AC005082.1', 'AL031587.3', 'AL008729.2', 'AL022162.1', 'AC004877.1', 'AL022322.2', 'AL022315.1', 'AL021707.6', 'AKIRIN1', 'AL031775.2', 'AC087588.2', 'AL022098.1', 'AL024474.2', 'AL023581.1', 'AL035658.1', 'AL022341.2', 'AL034550.1', 'AL024497.2', 'AL031668.1', 'AC091059.1', 'AKAP13', 'AL034397.3', 'AL035420.1', 'AJM1', 'AJ003147.2', 'AL034351.4', 'AL022157.1', 'AL022397.1', 'AL032819.1', 'AKNA', 'AKAIN1', 'AL023495.1', 'AC015522.1', 'AL021707.8', 'AL008730.1', 'AL031666.2', 'AL021707.9', 'AC122688.2', 'AL009176.1', 'AL035530.2', 'AL031710.1', 'AL021918.5', 'AL031432.4', 'AL021918.4', 'AL035427.1', 'ACTRT3', 'AL034550.2', 'AKR1D1', 'AL024508.2', 'AL022323.4', 'AL031710.2', 'AL022316.1', 'AL021396.1', 'AL023803.1', 'AL031985.4', 'AL034349.1', 'AL049552.1', 'AL035461.2', 'AL031432.3', 'AL022069.3', 'AL035446.2', 'AKT1S1', 'AL035427.2', 'AL031670.1', 'AJ011931.1', 'AL023803.3', 'AC010530.1', 'AIRN', 'AKAP3', 'AC004069.1', 'AL031717.1', 'AKAP9', 'AL031587.2', 'AL035252.3', 'AL031666.1', 'AKAP8', 'AL021707.5', 'AL034348.1', 'AL031846.2', 'AL031668.2', 'AL049557.1', 'AL021878.2', 'AK4', 'AL031772.1', 'AKNAD1', 'AC090617.10', 'AL021408.1', 'AL022334.2', 'AKR7A2', 'AC090578.1', 'AL031121.3', 'AL031595.2', 'AL008727.1', 'AL022068.1', 'AL034550.3', 'AL035634.1', 'AL031587.1', 'AL031590.1', 'AK2', 'AL022345.4', 'AL024507.2', 'AK6', 'AL022328.1', 'AL033527.4', 'AL031005.2', 'AL035701.1', 'AL035071.1', 'AL022341.1', 'AL008628.1', 'ABCA1', 'AL031716.1', 'AL021707.2', 'AL034417.4', 'AL031055.1', 'AL034347.1', 'AL020996.1', 'AC005208.1', 'AL035425.1', 'AL022328.2', 'AJ009632.2', 'AL034351.3', 'AL033384.2', 'AKT3', 'AL034427.1', 'AJ239328.1', 'AL034376.2', 'AL035071.2', 'AL022323.3', 'AL049594.1', 'AC009509.4', 'AL023553.1', 'AL023806.1', 'AL034405.1', 'AL031667.3', 'AJ006995.1', 'AL031289.1', 'AL035409.1', 'AL035670.1', 'AL034417.2', 'AL031280.1', 'AL031121.2']
247
OLIGO1_SVEP1+, Number of SnCs: 376
OLIGO1_SVEP1+
OLIGO1_RBFOX1+, Number of SnCs: 264
OLIGO1_RBFOX1+
OLIGO1, Number of SnCs: 417
OLIGO1
OLIGO2_LRRC7+, Number of SnCs: 447
OLIGO2_LRRC7+
Processing file: /dfs3b/ruic20_lab/junw42/HCA_ON/data/5_refine_major/scvi/Oligodendrocyte/clean/deepsas/subsamples//subsample_3.h5ad with experiment name: Data_3_
{'input_data_count': '/dfs3b/ruic20_lab/junw42/HCA_ON/data/5_refine_major/scvi/Oligodendrocyte/clean/deepsas/subsamples//subsample_4.h5ad', 'output_dir': '/dfs3b/ruic20_lab/junw42/software/deepsas/outputs/', 'exp_name': 'Data_4_', 'device_index': 0, 'retrain': True, 'timestamp': '', 'seed': 40, 'n_genes': 'full', 'ccc': 'type1', 'gene_set': 'full', 'emb_size': 12, 'gat_epoch': 30, 'sencell_num': 600, 'sengene_num': 200, 'sencell_epoch': 40, 'cell_optim_epoch': 50, 'learning_rate': 0.01, 'batch_id': 0}
Outputs dir: ./outputs/Data_4_
load_data1 ...
Number of cells: 30000
Number of genes: 25616
The number of cell types 4
celltype names: ['OLIGO2_LRRC7+', 'OLIGO1', 'OLIGO1_SVEP1+', 'OLIGO1_RBFOX1+']
--------------  ----
OLIGO2_LRRC7+   9113
OLIGO1          8111
OLIGO1_SVEP1+   7617
OLIGO1_RBFOX1+  5159
--------------  ----
The number of genes in marker list：
  SenMayo    FRIDMAN    CellAge    Cell Cycle Markers
---------  ---------  ---------  --------------------
      125         77        144                    11
Total marker genes:  320
use all genes!
After genes dropped duplicated sengenes:  25342
Total gene num: 25616
Number of SnCs: 2194
Number of SnGs: 252
5077
4906
5124
5035
4947
4938
5055
4994
4950
5015
4908
5142
4900
839
5047
4993
4961
5019
4956
5134
5139
5108
5102
5143
4935
289
4901
5027
4968
4894
4973
4992
5060
5070
4
5107
4975
4897
5156
5137
5150
5083
4962
4918
5043
5127
5113
5106
5037
4941
5059
4902
5159
5049
5122
4937
5064
5100
5006
5096
4944
4988
4916
1639
5125
5132
4923
5065
5045
5151
4920
5090
5084
5080
5026
5030
5082
5004
4887
4965
5114
4907
4904
5085
5066
4981
5097
5072
4951
5001
4910
5155
5048
5098
5032
5145
5076
5067
4957
5008
5063
5115
5087
5057
4921
2343
4987
5041
5010
5140
4899
4928
5011
5092
4954
4964
5130
4925
4926
5056
5158
5091
4949
4893
5094
4940
4991
5074
5000
5128
4996
4929
4942
5135
5036
4989
581
4914
1295
5013
5133
4970
4903
1295
4972
5152
5154
4936
5061
5017
5131
4959
4999
5023
4927
4889
5029
5104
1639
5141
5033
5075
4945
4934
5073
5101
5078
4948
5028
4932
5038
4886
5118
5147
4888
5121
4922
5052
4979
5005
5123
4984
5007
5062
5129
5117
4955
4933
5111
4997
4986
5109
4930
5050
5079
5051
4966
5088
4931
4924
5144
4952
4895
4943
616
5069
1041
5020
5149
5112
5012
5157
5022
4963
5009
4905
4915
4919
4911
5093
4967
1639
4982
5024
4939
839
5046
4960
5071
5053
4912
5018
4985
5126
1070
4974
5103
4890
4913
4892
5116
5086
2343
4
436
839
4935
598
1041
2950
2248
5003
['AL023553.1', 'AKAP5', 'AK5', 'AL031666.3', 'AL031668.2', 'AKAP17A', 'AL034347.1', 'AHI1', 'AC008434.1', 'AIF1', 'AIFM3', 'AL022157.1', 'AKAP8', 'AKAP12', 'AL031587.1', 'AL031056.1', 'AGXT2', 'AL023284.4', 'AL031587.2', 'AC006460.2', 'AIMP1', 'AL020996.1', 'AL031432.5', 'AL023495.1', 'AL021368.5', 'AL031005.2', 'AIRE', 'AIFM2', 'AK1', 'AHSA1', 'AL021368.2', 'AKT2', 'AL024498.1', 'AL022162.1', 'AKT3-IT1', 'AL021937.4', 'AL022318.5', 'AL031666.1', 'AHR', 'AL021978.1', 'AL033504.1', 'AL022341.2', 'AC005692.3', 'AC016405.1', 'AKIRIN1', 'AL033523.1', 'AC009159.3', 'AL032819.1', 'AGO1', 'AL022322.2', 'AL031008.1', 'AL008725.1', 'AK6', 'AJ003147.2', 'AL023583.1', 'AL031602.2', 'A2ML1', 'AL009177.1', 'AHCY', 'AL022310.1', 'AKNAD1', 'AIRN', 'AL021308.1', 'AKAP8L', 'AL008633.1', 'AC040168.1', 'AL031727.2', 'AL031651.2', 'AL021408.1', 'AL031772.1', 'AL022238.2', 'AL031778.1', 'AL031658.1', 'AL023806.1', 'AL024497.2', 'AL021155.5', 'AL031670.1', 'AGPAT3', 'AL031666.2', 'AK9', 'AKAP11', 'AKR1D1', 'AL031280.1', 'AIG1', 'AGPAT5', 'AL021918.3', 'AIP', 'AC010789.2', 'AL020993.1', 'AKIP1', 'AL022097.1', 'AL031731.1', 'AKAP3', 'AJ011931.1', 'AL031710.2', 'AL021328.1', 'AL031673.1', 'AL031599.1', 'AL031275.1', 'AL023574.1', 'AHCYL1', 'AL024495.1', 'AL021393.1', 'AIMP2', 'AL022098.1', 'AL031121.3', 'AC004917.1', 'AL021918.5', 'AL021878.2', 'AL008730.1', 'AL031848.2', 'AL022397.1', 'AL022328.2', 'AL033530.1', 'AKAP9', 'AL022323.3', 'AL021707.8', 'AL021368.3', 'AL031768.2', 'AICDA', 'AL021707.5', 'AKNA', 'AGO3', 'AKR1A1', 'AL031963.1', 'AL022323.4', 'AJ239322.2', 'AL031714.1', 'AL034349.1', 'AL022069.1', 'AK7', 'AL031775.2', 'AL024508.2', 'AKR1C3', 'AC007038.2', 'AIFM1', 'AK4', 'AL023803.3', 'AKAP7', 'AJ006995.1', 'AL023755.1', 'AHRR', 'AL008727.1', 'AL021707.1', 'AL031186.1', 'AJUBA', 'AL021707.3', 'AGPAT4', 'AL022315.1', 'AGPS', 'AL031728.1', 'AL020997.2', 'AL022068.1', 'AL031709.1', 'AHCYL2', 'AL023581.1', 'AL031663.3', 'AL034348.1', 'AL023803.1', 'AL024474.2', 'AKAP10', 'AKR1C2', 'AL031846.2', 'AL021707.6', 'AL021707.7', 'AL031768.1', 'AL031716.1', 'AL008628.1', 'AL033397.2', 'AKR1E2', 'AL033519.5', 'AL031963.3', 'AL031428.1', 'AL031705.1', 'AL022328.1', 'AL031587.3', 'AL008718.3', 'AJ239328.1', 'AKAP14', 'AC006581.2', 'AK3', 'AHCTF1', 'AL009179.1', 'AL031595.3', 'AL020997.3', 'AC026979.1', 'AJ009632.2', 'AGT', 'AL031432.4', 'AL031717.1', 'AJ011931.2', 'AL022323.1', 'AK2', 'AKIRIN2', 'AKAP1', 'AC090015.1', 'AGO2', 'AGTR1', 'AKAIN1', 'AL009176.1', 'AL031595.2', 'AL021807.1', 'AL008729.2', 'AL021396.1', 'AHNAK', 'AL022324.3', 'AL008721.2', 'AL031073.2', 'AGPAT1', 'AL023581.2', 'AL024497.1', 'AL031600.3', 'AKTIP', 'AL023806.4', 'AIDA', 'AL022328.3', 'AJAP1', 'AGO4', 'AL033527.4', 'AHSG', 'AL031291.1', 'AL022329.1', 'AIM2', 'AL022326.1', 'AL031710.1', 'AL031055.1', 'AGTRAP', 'AL031293.1', 'AL033543.1', 'AL031118.1', 'AC009292.2', 'AL031590.1', 'AL023653.1', 'AIPL1', 'AL021368.1', 'AJM1', 'AL022476.1', 'AKR1B15', 'AL022341.1', 'AHDC1', 'AL023882.1', 'AL031985.3', 'AL031259.1']
243
OLIGO1_RBFOX1+, Number of SnCs: 373
OLIGO1_RBFOX1+
OLIGO2_LRRC7+, Number of SnCs: 712
OLIGO2_LRRC7+
OLIGO1, Number of SnCs: 573
OLIGO1
OLIGO1_SVEP1+, Number of SnCs: 536
OLIGO1_SVEP1+
Processing file: /dfs3b/ruic20_lab/junw42/HCA_ON/data/5_refine_major/scvi/Oligodendrocyte/clean/deepsas/subsamples//subsample_4.h5ad with experiment name: Data_4_
{'input_data_count': '/dfs3b/ruic20_lab/junw42/HCA_ON/data/5_refine_major/scvi/Oligodendrocyte/clean/deepsas/subsamples//subsample_5.h5ad', 'output_dir': '/dfs3b/ruic20_lab/junw42/software/deepsas/outputs/', 'exp_name': 'Data_5_', 'device_index': 0, 'retrain': True, 'timestamp': '', 'seed': 40, 'n_genes': 'full', 'ccc': 'type1', 'gene_set': 'full', 'emb_size': 12, 'gat_epoch': 30, 'sencell_num': 600, 'sengene_num': 200, 'sencell_epoch': 40, 'cell_optim_epoch': 50, 'learning_rate': 0.01, 'batch_id': 0}
Outputs dir: ./outputs/Data_5_
load_data1 ...
Number of cells: 30000
Number of genes: 25544
The number of cell types 4
celltype names: ['OLIGO2_LRRC7+', 'OLIGO1', 'OLIGO1_SVEP1+', 'OLIGO1_RBFOX1+']
--------------  ----
OLIGO2_LRRC7+   9113
OLIGO1          8111
OLIGO1_SVEP1+   7617
OLIGO1_RBFOX1+  5159
--------------  ----
The number of genes in marker list：
  SenMayo    FRIDMAN    CellAge    Cell Cycle Markers
---------  ---------  ---------  --------------------
      125         77        144                    11
Total marker genes:  320
use all genes!
After genes dropped duplicated sengenes:  25267
Total gene num: 25544
Number of SnCs: 776
Number of SnGs: 263
5153
298
4792
1808
5076
4952
5029
5034
5074
5050
5094
5162
5090
853
463
5134
5102
5099
5080
5024
5010
5060
4981
5146
1363
4931
5056
5053
4887
5011
4927
5154
5136
5093
5049
4917
4886
4913
4955
3507
5008
4895
3259
5122
4962
4943
5147
5160
4915
4980
5062
4944
5137
4920
4947
5037
4891
5044
4999
5013
5018
5043
5105
5065
5129
4889
4986
5048
5031
5125
5084
5051
5058
5135
5151
5144
5149
5009
4969
5038
5072
5130
5063
5081
4982
5052
4971
5109
5001
4926
4960
5041
4983
4973
4996
5120
5138
5030
4998
2901
5145
5088
943
5087
5047
4893
5142
5118
5159
298
5066
5035
5054
4934
4942
5104
5005
5097
5055
4937
4928
5089
5140
4924
4972
4967
5040
4966
4970
4956
5121
4946
5114
4897
5067
4990
5069
4905
5082
4914
4975
5061
5070
4888
5124
4974
4894
5092
4919
4985
4807
5036
4993
5042
5158
5100
5023
5073
5059
5119
5108
4976
5095
4916
4995
4922
4939
2093
5075
5012
5026
5027
5022
5091
231
4826
5046
5016
4949
4912
5015
4959
5127
5003
4987
5064
4978
5007
5071
5000
4988
4948
4930
4936
5148
4991
4932
4902
1686
5079
5068
4953
4961
4896
4904
5017
5156
5133
4997
5157
2983
4909
4923
5112
4984
5077
4950
1044
5014
4929
4979
5141
5017
5139
5110
4989
4899
4963
5025
4940
4903
5020
5132
5131
1911
5096
4951
4994
4945
5143
4918
4921
5123
4992
4906
5155
4925
3259
4964
4933
1258
5028
5004
670
3259
463
4826
2093
2901
1686
3743
298
175
['AC020687.1', 'AL023806.4', 'AK6', 'AL035587.2', 'AL008725.1', 'AL021707.8', 'AL031005.2', 'AKAP6', 'AL022069.3', 'AKNAD1', 'AKTIP', 'AL034376.2', 'AL022328.4', 'AL009176.1', 'AKR1B10', 'AL035425.3', 'AC099518.1', 'AL023653.1', 'AL021393.1', 'AL022323.1', 'AKAP12', 'AC011451.1', 'AL035706.1', 'AL031772.1', 'AL031775.1', 'AL031291.1', 'AL021978.1', 'AL034397.2', 'AL035461.2', 'AL031668.1', 'AL031663.3', 'AKAP14', 'AL033523.1', 'AKAP17A', 'AL021408.1', 'AKT3-IT1', 'AL022328.1', 'AIPL1', 'AIRE', 'AL034348.1', 'AKR7A3', 'AL021707.2', 'AC003086.1', 'AL022323.3', 'AIP', 'AL023806.1', 'AF241728.1', 'AL021920.3', 'AL021368.1', 'AL031778.1', 'AL024507.2', 'AL022318.5', 'AL031118.1', 'AL031710.2', 'AL031666.3', 'AKR1B15', 'AL035634.1', 'AL035448.1', 'AKAP11', 'AL021707.3', 'AL033397.2', 'AL023882.1', 'AC090519.2', 'AL023584.2', 'AC004930.1', 'AL021807.1', 'AL031667.3', 'AL023755.1', 'AL049539.1', 'AKAP8L', 'AL033527.4', 'AJ011931.2', 'AC005753.1', 'AL031432.4', 'AL031768.1', 'AKT3', 'AL008628.1', 'AL008633.1', 'AL023284.4', 'AKR1B1', 'AL021368.3', 'AL035446.2', 'AL031595.3', 'AL020993.1', 'AL022322.2', 'AL008718.3', 'AL035701.1', 'AKIRIN1', 'AKAP13', 'AL021878.2', 'AL023583.1', 'AKAP3', 'AL035427.1', 'AC004492.1', 'AJ239322.1', 'AL023581.1', 'AL049552.2', 'AL023495.1', 'AL031275.1', 'AL022162.1', 'AKR1D1', 'AL008729.2', 'AL034417.2', 'AL031963.1', 'AL021918.5', 'AL022311.1', 'AL035530.2', 'AL031590.1', 'AL035693.1', 'AL024508.2', 'AL009177.1', 'AL031428.1', 'AC016957.2', 'AKAP9', 'AL031587.1', 'AL035458.2', 'AJUBA', 'AL021707.6', 'AL035681.1', 'AL031770.1', 'AFTPH', 'AL035409.1', 'AL022097.1', 'AKNA', 'AL022310.1', 'AL035420.1', 'AL035670.1', 'AL022316.1', 'AL022328.2', 'AC008456.1', 'AL022068.1', 'AL020997.2', 'AJ009632.2', 'AL021707.1', 'AL031963.3', 'AL031289.1', 'AL034417.4', 'AL024474.2', 'AL022323.4', 'AL021937.4', 'AL022151.1', 'AL034397.3', 'AL022098.1', 'AL033384.2', 'AL022238.2', 'AC087612.1', 'AKAP5', 'AC010624.1', 'AL035416.1', 'AL031658.1', 'AL033543.1', 'AL031587.4', 'AL031985.4', 'AL031846.2', 'AL008582.1', 'AL020997.3', 'AKR1E2', 'AC008875.1', 'AL031121.3', 'AL031602.2', 'AL031673.1', 'AL035425.1', 'AL024497.2', 'AL023553.1', 'AF131215.2', 'AL031293.1', 'AL021918.4', 'AL021918.3', 'AL021707.9', 'AKIP1', 'AL021328.1', 'AL008721.2', 'AL031587.3', 'AL031073.2', 'AC022137.4', 'AL020995.1', 'AKAP8', 'AL035252.3', 'AL035078.1', 'AKIRIN2', 'AL031670.1', 'AL022341.2', 'AL021368.5', 'AC105914.2', 'AL031768.2', 'AL031280.1', 'AL035658.1', 'AC009163.7', 'AKR1C1', 'AL034405.1', 'AKR1A1', 'AL035411.3', 'AL022324.3', 'AL035071.1', 'AL031595.2', 'AL031717.1', 'AL021396.1', 'AJAP1', 'AL031432.5', 'AJ239328.1', 'AL022315.1', 'AL021707.5', 'AL035443.1', 'AL031600.3', 'AL035252.5', 'AL022341.1', 'AL008729.1', 'AL024498.1', 'AK3', 'AL022397.1', 'AC007325.4', 'AL031259.1', 'AL022157.1', 'AL008727.1', 'AL034550.2', 'AL031599.1', 'AL031731.1', 'AKAP7', 'AJ003147.2', 'AL020996.1', 'AL035427.2', 'AK7', 'AKT1S1', 'AKR1C2', 'AL035071.2', 'AL034417.3', 'AC024996.1', 'AK5', 'AL033527.3', 'AKAIN1', 'AK4', 'AL021707.7', 'AL031651.2', 'AC092924.2', 'AL022328.3', 'AL035106.1', 'AL031705.1', 'AL023574.1', 'AL035401.1', 'AL031121.2', 'AL022069.1', 'AL022329.1', 'AL024495.1', 'AL034427.1', 'AL031709.1', 'AL031587.2', 'AIMP2', 'AL031775.2', 'AL023581.2', 'AL031666.2', 'AL021155.5', 'AL031666.1', 'AL031727.2']
253
OLIGO1, Number of SnCs: 236
OLIGO1
OLIGO2_LRRC7+, Number of SnCs: 215
OLIGO2_LRRC7+
OLIGO1_SVEP1+, Number of SnCs: 198
OLIGO1_SVEP1+
OLIGO1_RBFOX1+, Number of SnCs: 127
OLIGO1_RBFOX1+
Processing file: /dfs3b/ruic20_lab/junw42/HCA_ON/data/5_refine_major/scvi/Oligodendrocyte/clean/deepsas/subsamples//subsample_5.h5ad with experiment name: Data_5_
{'input_data_count': '/dfs3b/ruic20_lab/junw42/HCA_ON/data/5_refine_major/scvi/Oligodendrocyte/clean/deepsas/subsamples//subsample_6.h5ad', 'output_dir': '/dfs3b/ruic20_lab/junw42/software/deepsas/outputs/', 'exp_name': 'Data_6_', 'device_index': 0, 'retrain': True, 'timestamp': '', 'seed': 40, 'n_genes': 'full', 'ccc': 'type1', 'gene_set': 'full', 'emb_size': 12, 'gat_epoch': 30, 'sencell_num': 600, 'sengene_num': 200, 'sencell_epoch': 40, 'cell_optim_epoch': 50, 'learning_rate': 0.01, 'batch_id': 0}
Outputs dir: ./outputs/Data_6_
load_data1 ...
Number of cells: 29999
Number of genes: 25544
The number of cell types 4
celltype names: ['OLIGO2_LRRC7+', 'OLIGO1', 'OLIGO1_SVEP1+', 'OLIGO1_RBFOX1+']
--------------  ----
OLIGO2_LRRC7+   9112
OLIGO1          8111
OLIGO1_SVEP1+   7617
OLIGO1_RBFOX1+  5159
--------------  ----
The number of genes in marker list：
  SenMayo    FRIDMAN    CellAge    Cell Cycle Markers
---------  ---------  ---------  --------------------
      125         77        144                    11
Total marker genes:  320
use all genes!
After genes dropped duplicated sengenes:  25268
Total gene num: 25544
Number of SnCs: 2860
Number of SnGs: 257
4920
5080
5049
5030
5064
4978
5032
4990
4958
4955
5138
4988
5158
5116
5065
5098
5167
5123
4946
5084
4900
5161
5086
5106
5150
4910
4982
385
5125
5094
5092
5146
4901
4905
4936
4966
1321
5163
5112
4916
4933
4953
5164
5135
1509
5101
5069
5005
5057
5114
4931
4998
5013
5073
4950
5027
1136
5152
4952
362
5140
4947
5104
5097
4989
5015
5111
4973
5143
4969
4499
4948
4932
5078
4987
4945
4918
5134
5041
4941
4943
5040
4903
4922
4935
5154
5132
4937
5145
5055
5129
5039
4965
5060
4929
5051
4971
701
4930
5044
5083
4898
5047
5037
4928
5120
5139
5006
5100
1359
5045
5020
5119
4896
5142
4895
5099
5091
5157
5128
5049
4997
5127
5009
5067
4926
5131
5056
5082
5050
5113
915
5169
5093
4992
4897
5137
5076
4329
5025
5092
5121
5061
4923
4964
51
5033
5153
5151
4917
4944
5072
5007
4909
4942
5059
5147
4995
4902
5014
5063
5110
4996
5018
4899
5096
5035
5008
4908
5108
5068
5002
5085
4938
5010
4962
5107
5141
5017
3536
5034
4907
5089
5122
5062
5042
4974
5004
5001
5058
5043
5149
4949
5036
5012
5126
1136
5011
4985
4967
4934
5118
5095
5077
5019
5075
5071
51
4957
5090
5162
4975
5074
4921
69
4961
5048
4983
5102
5021
5031
5088
5124
5000
4912
5148
5130
4940
5136
5156
5070
4999
4972
5155
5046
4956
4959
5133
4979
4963
4915
5016
5165
5144
5103
5168
4960
362
2785
5049
4102
5092
3536
4329
1509
69
1340
['AL031846.2', 'AL034397.2', 'AL034550.3', 'AKAIN1', 'AL031275.1', 'AL022097.1', 'AJ011931.1', 'AL034349.1', 'AL031963.1', 'AL023806.1', 'AL022328.3', 'AL031985.4', 'AKR1C1', 'AL023755.1', 'AL031705.1', 'AL021978.1', 'AL024508.2', 'AKAP8L', 'AL032819.1', 'AIRN', 'AL021937.4', 'AC005237.1', 'AL031602.2', 'AL031283.2', 'AL020996.1', 'AL035401.1', 'AL031714.1', 'AL033527.3', 'AL008721.2', 'AL035458.2', 'AL034427.1', 'AL023882.1', 'AL033384.2', 'AL031673.1', 'AL035427.1', 'AL031118.1', 'AL023581.2', 'AL031775.1', 'AL031709.1', 'AL031428.1', 'AL021918.5', 'AL034550.2', 'AL031710.1', 'AL033519.5', 'AL021707.6', 'AL022341.2', 'AL008729.2', 'AL023806.4', 'AL031595.3', 'AL035252.3', 'AKT2', 'AC009878.2', 'AKAP5', 'AL031731.1', 'AL031005.2', 'AL031073.2', 'AKAP17A', 'AL023581.1', 'AL034417.4', 'AL020993.1', 'AKAP9', 'AL033543.1', 'AL022157.1', 'AL031666.2', 'AL031717.1', 'AKAP8', 'AL031432.3', 'AL021328.1', 'AL034417.3', 'AL031432.4', 'AK5', 'AL031668.1', 'AIM2', 'AKR7A3', 'AK6', 'AL031259.1', 'AJUBA', 'AL022328.1', 'AL031666.1', 'AL033504.1', 'AL034397.3', 'AL031778.1', 'AL008628.1', 'AL022313.2', 'AL031768.2', 'AL031768.1', 'AL031186.1', 'AC123768.2', 'AC012494.1', 'AL024507.2', 'AKTIP', 'AL022315.1', 'AL021918.4', 'AL033397.2', 'AL034417.2', 'AKR1E2', 'AKAP1', 'AL008633.1', 'AL022098.1', 'AL033527.4', 'AC008735.2', 'AL031667.3', 'AIRE', 'AL022334.2', 'AC011043.1', 'AL031848.2', 'AIPL1', 'AKAP12', 'AL031055.1', 'AC100793.2', 'AL022310.1', 'ABCC1', 'AL023803.3', 'AKT3', 'AL035071.2', 'AL009176.1', 'AL021368.3', 'AL021308.1', 'AL031587.1', 'AL022322.1', 'AL022151.1', 'AL022322.2', 'AL034422.1', 'AC005332.4', 'AKAP3', 'AL035252.5', 'AL031670.1', 'AC007390.2', 'AKAP14', 'AL031985.3', 'AL031590.1', 'AL023803.1', 'AC245884.8', 'AL034376.2', 'AL022345.4', 'AL035427.2', 'AL023881.1', 'AL022069.3', 'AL023653.1', 'AL035409.1', 'AL021707.9', 'AL022341.1', 'AL008727.1', 'AJ006995.1', 'AL035425.3', 'AL023584.2', 'AIMP1', 'AL021396.1', 'AL031430.1', 'AL022323.1', 'AL020997.2', 'AKAP7', 'AKR1A1', 'AL031728.1', 'AL008725.1', 'AL031963.3', 'AC080038.2', 'AL031289.1', 'AJ011931.2', 'AC138512.1', 'AL021707.1', 'AKR7A2', 'AL021707.4', 'AJ239328.1', 'AL022476.1', 'AL031291.1', 'AL031056.1', 'AL031716.1', 'AL009178.3', 'AL021707.3', 'AL034347.1', 'AKAP6', 'AL022323.3', 'AKR1D1', 'AL021807.1', 'AL035106.1', 'AL031121.2', 'AL022316.1', 'AKIP1', 'AL022069.1', 'AL021878.2', 'AL008582.1', 'AL034351.3', 'AL021707.2', 'AL034550.1', 'AKIRIN1', 'AK8', 'AL022311.1', 'AL008723.2', 'AL035446.2', 'AL022162.1', 'AKNAD1', 'AL031008.1', 'AIMP2', 'AL021918.3', 'AC011363.1', 'AL031587.4', 'AL034405.1', 'AL031668.2', 'AK3', 'AL024497.2', 'AL031770.1', 'AL031587.3', 'AK9', 'AL008730.1', 'ABCF3', 'AL021368.5', 'AL023495.1', 'AL033530.1', 'AL033523.1', 'AL031658.1', 'AJAP1', 'AIFM3', 'AL031663.3', 'AL031595.2', 'AKR1C2', 'AL008729.1', 'AL022318.5', 'AL035425.1', 'AKR1C3', 'AL031651.2', 'AL022238.2', 'AL035071.1', 'AIP', 'AKR1B1', 'AL020997.3', 'AKNA', 'AL008718.3', 'AL023583.1', 'AL031280.1', 'AC011445.2', 'AIG1', 'AL022397.1', 'AL020995.1', 'AL023574.1', 'AL024498.1', 'AL035420.1', 'AK4', 'AL035448.1', 'AL031666.3', 'AL023284.4', 'AL031600.3', 'AL031293.1', 'AL031600.1', 'AL034351.4', 'AL034348.1']
246
OLIGO2_LRRC7+, Number of SnCs: 855
OLIGO2_LRRC7+
OLIGO1, Number of SnCs: 792
OLIGO1
OLIGO1_RBFOX1+, Number of SnCs: 506
OLIGO1_RBFOX1+
OLIGO1_SVEP1+, Number of SnCs: 707
OLIGO1_SVEP1+
Processing file: /dfs3b/ruic20_lab/junw42/HCA_ON/data/5_refine_major/scvi/Oligodendrocyte/clean/deepsas/subsamples//subsample_6.h5ad with experiment name: Data_6_
{'input_data_count': '/dfs3b/ruic20_lab/junw42/HCA_ON/data/5_refine_major/scvi/Oligodendrocyte/clean/deepsas/subsamples//subsample_7.h5ad', 'output_dir': '/dfs3b/ruic20_lab/junw42/software/deepsas/outputs/', 'exp_name': 'Data_7_', 'device_index': 0, 'retrain': True, 'timestamp': '', 'seed': 40, 'n_genes': 'full', 'ccc': 'type1', 'gene_set': 'full', 'emb_size': 12, 'gat_epoch': 30, 'sencell_num': 600, 'sengene_num': 200, 'sencell_epoch': 40, 'cell_optim_epoch': 50, 'learning_rate': 0.01, 'batch_id': 0}
Outputs dir: ./outputs/Data_7_
load_data1 ...
Number of cells: 30001
Number of genes: 25546
The number of cell types 4
celltype names: ['OLIGO2_LRRC7+', 'OLIGO1', 'OLIGO1_SVEP1+', 'OLIGO1_RBFOX1+']
--------------  ----
OLIGO2_LRRC7+   9113
OLIGO1          8112
OLIGO1_SVEP1+   7618
OLIGO1_RBFOX1+  5158
--------------  ----
The number of genes in marker list：
  SenMayo    FRIDMAN    CellAge    Cell Cycle Markers
---------  ---------  ---------  --------------------
      125         77        144                    11
Total marker genes:  320
use all genes!
After genes dropped duplicated sengenes:  25267
Total gene num: 25546
Number of SnCs: 1881
Number of SnGs: 260
4975
4899
5043
5044
5175
2992
5040
5154
5089
5037
4925
5065
5029
4907
5016
5042
5030
5023
4994
4932
527
5032
5005
5073
5007
4985
5142
4940
5130
5024
5091
2938
5106
5122
5092
4958
5011
5172
5104
5114
5164
5060
5173
4901
4960
4971
4954
4972
5144
4995
5050
5125
5136
5139
5160
4984
4955
5059
5119
4927
1547
4949
4948
5116
5076
5018
4935
48
5148
5126
5049
5113
5168
5021
4970
4956
5062
4917
4707
4964
5131
5067
5014
5157
4923
5025
5137
4937
5034
4973
5159
5001
5095
5084
5080
4986
5012
4906
4969
5019
5048
4982
5123
5167
1540
4944
4904
5071
5170
5117
5031
5134
5039
5075
4902
4936
5057
5022
5156
5013
4976
4952
4911
4968
5124
5052
5150
5162
5166
5152
4930
4926
5107
4947
4961
4967
5033
5078
5098
4953
5008
5058
5135
4974
4957
5026
5063
4942
5169
5155
5074
5072
5082
5047
5103
1540
5163
5133
430
5053
5077
5051
5038
4963
4897
5109
4950
5064
5066
527
5115
4980
5017
5129
4941
5153
5138
208
5035
5010
4997
5009
4978
5127
5079
4933
5046
5085
2766
5105
66
5087
5108
5165
5061
4981
5099
426
5056
4914
5030
5102
4922
5118
5027
4992
5132
5041
5101
5097
4915
4966
5004
4898
4979
5128
4959
4988
5070
4928
4938
4977
4943
5069
5151
4965
5100
4905
4939
5015
956
4945
4913
5081
5146
5055
4931
5006
5094
4934
5147
4921
4951
5158
4919
5093
4924
4903
72
4920
2198
426
1039
1491
2833
1323
527
2766
636
5173
['AL022311.1', 'AL023755.1', 'AL035461.2', 'AL020997.3', 'AL022328.2', 'AIMP1', 'AL021408.1', 'AL023583.1', 'AKAP5', 'AL035420.1', 'AKAP10', 'AL022162.1', 'AL035425.3', 'AJ239322.2', 'AL031121.3', 'AL021707.1', 'AKR1C2', 'AL009179.1', 'AKAIN1', 'AJ009632.2', 'AL023574.1', 'AK3', 'AC026369.3', 'AL033527.3', 'AJ011931.2', 'AL031289.1', 'AL031775.2', 'AIRE', 'AC005616.1', 'AKR7A2', 'ADD1', 'AL009177.1', 'AL031186.1', 'AL035071.2', 'AL034550.2', 'AL033543.1', 'AC012404.1', 'AKR1C1', 'AL021308.1', 'AK1', 'AL022322.2', 'AKAP12', 'AL034348.1', 'AKAP17A', 'AL022316.1', 'AL031772.1', 'AL035587.1', 'AL024508.2', 'AL032819.1', 'AL035106.1', 'AK5', 'AJ239328.1', 'AKIP1', 'AL021920.3', 'AL031716.1', 'AL009178.3', 'AL035401.1', 'AKAP9', 'AL035252.5', 'AL031714.1', 'AL031667.3', 'AKT1S1', 'AL021368.1', 'AIPL1', 'AC009163.1', 'AL022334.2', 'AL031985.3', 'AL021807.1', 'AK9', 'AL031768.1', 'AL033527.4', 'AL023803.3', 'AL035078.1', 'AL034351.3', 'AL022098.1', 'AL034550.1', 'ABCE1', 'AL022068.1', 'AL031432.3', 'AL024507.2', 'AL031587.4', 'AC006064.4', 'AL035411.3', 'AL022323.1', 'AL022151.1', 'AL033523.1', 'AL031846.2', 'AL021978.1', 'AKAP8L', 'AL031768.2', 'AKAP13', 'AC005599.1', 'AL031005.2', 'AL022329.1', 'AL009176.1', 'AL008633.1', 'AL021155.5', 'AL031673.1', 'AL021707.3', 'AKR1B1', 'AL031600.3', 'AL023584.2', 'AL033519.5', 'AL031283.2', 'AL008727.1', 'AK2', 'AL034347.1', 'AL031963.3', 'AL024495.1', 'AL008729.2', 'AJM1', 'AL031599.1', 'AL022318.1', 'AL031709.1', 'AIFM1', 'AKR1E2', 'AL021707.7', 'AK6', 'AC007126.1', 'AL034405.1', 'AL031710.1', 'AK8', 'AIM2', 'AKR7A3', 'AIP', 'AL021154.1', 'AL021918.4', 'AL008729.1', 'AL022323.4', 'AL031666.3', 'AL020995.1', 'AL035416.1', 'AC079807.1', 'AL024497.1', 'AL033504.1', 'AKAP6', 'AKAP11', 'AK7', 'AL020993.1', 'AL035252.3', 'AL024497.2', 'AKT2', 'AL031055.1', 'AL035670.1', 'AL035448.1', 'AL022324.3', 'AL020997.2', 'AL031705.1', 'AL031770.1', 'AL033384.2', 'AKAP7', 'AC090015.1', 'AL034349.1', 'AK4', 'AKAP8', 'AC004231.3', 'AL021918.3', 'AL031775.1', 'AL033530.1', 'AL023803.1', 'AC008937.3', 'AL021918.5', 'AKIRIN2', 'AL022341.1', 'AC011008.1', 'AL022315.1', 'AL023806.1', 'AL033397.2', 'AL022097.1', 'AL022397.1', 'AIF1L', 'AL031121.2', 'AL022328.1', 'AL022313.2', 'AKR1C8P', 'AL031602.2', 'AKR1A1', 'AL008725.1', 'AL023581.1', 'AL022323.3', 'AL035446.2', 'AL031651.2', 'AKR1C3', 'AL031587.2', 'AL031587.1', 'AL031432.4', 'AC090527.1', 'AKAP3', 'AL031663.3', 'AL034345.2', 'AL020996.1', 'AKNAD1', 'AC013269.1', 'AL031428.1', 'AL022318.5', 'AC012668.3', 'AL031668.1', 'AL021878.2', 'AKAP14', 'AL034427.1', 'AL023581.2', 'AL031275.1', 'AL031670.1', 'AL022069.1', 'AL024498.1', 'AL021937.4', 'AL035458.2', 'AL031668.2', 'AIFM2', 'AL008721.2', 'AL035427.1', 'AL031985.4', 'AKR1B15', 'AL008628.1', 'AL035427.2', 'AL035409.1', 'AL035071.1', 'AL035530.2', 'AIG1', 'AL031259.1', 'AL023553.1', 'AL034417.3', 'AL008582.1', 'AL023882.1', 'AL031291.1', 'AL022310.1', 'AL021393.1', 'AL022345.4', 'ABCG4', 'AIMP2', 'AKIRIN1', 'AL023653.1', 'AL031280.1', 'AL031595.2', 'AL031666.2', 'AL008730.1', 'AL008718.3', 'AL022157.1', 'AKR1D1', 'AC084125.4', 'AL031710.2', 'AKT3', 'AKTIP', 'AL031293.1', 'AL031118.1', 'AL022328.4', 'AL022476.1', 'AL022069.3', 'AL035588.1', 'ABCB8', 'AL022341.2', 'AL023495.1', 'AL035634.1']
253
OLIGO2_LRRC7+, Number of SnCs: 583
OLIGO2_LRRC7+
OLIGO1_SVEP1+, Number of SnCs: 460
OLIGO1_SVEP1+
OLIGO1, Number of SnCs: 521
OLIGO1
OLIGO1_RBFOX1+, Number of SnCs: 317
OLIGO1_RBFOX1+
Processing file: /dfs3b/ruic20_lab/junw42/HCA_ON/data/5_refine_major/scvi/Oligodendrocyte/clean/deepsas/subsamples//subsample_7.h5ad with experiment name: Data_7_
{'input_data_count': '/dfs3b/ruic20_lab/junw42/HCA_ON/data/5_refine_major/scvi/Oligodendrocyte/clean/deepsas/subsamples//subsample_8.h5ad', 'output_dir': '/dfs3b/ruic20_lab/junw42/software/deepsas/outputs/', 'exp_name': 'Data_8_', 'device_index': 0, 'retrain': True, 'timestamp': '', 'seed': 40, 'n_genes': 'full', 'ccc': 'type1', 'gene_set': 'full', 'emb_size': 12, 'gat_epoch': 30, 'sencell_num': 600, 'sengene_num': 200, 'sencell_epoch': 40, 'cell_optim_epoch': 50, 'learning_rate': 0.01, 'batch_id': 0}
Outputs dir: ./outputs/Data_8_
load_data1 ...
Number of cells: 29999
Number of genes: 25499
The number of cell types 4
celltype names: ['OLIGO2_LRRC7+', 'OLIGO1', 'OLIGO1_SVEP1+', 'OLIGO1_RBFOX1+']
--------------  ----
OLIGO2_LRRC7+   9112
OLIGO1          8111
OLIGO1_SVEP1+   7617
OLIGO1_RBFOX1+  5159
--------------  ----
The number of genes in marker list：
  SenMayo    FRIDMAN    CellAge    Cell Cycle Markers
---------  ---------  ---------  --------------------
      125         77        144                    11
Total marker genes:  320
use all genes!
After genes dropped duplicated sengenes:  25218
Total gene num: 25499
Number of SnCs: 3388
Number of SnGs: 267
4947
5147
5113
3776
4945
5161
4940
5129
5015
4960
5044
5079
5016
5045
4908
5050
5074
5102
5117
5058
4919
5100
5062
5090
5156
4961
5132
5033
5087
5061
5005
4924
4938
4927
5080
4915
5027
5089
4958
4976
5121
5032
5021
5128
5059
4910
5131
5019
4959
5049
5125
4887
2150
5029
237
4895
5047
5022
4956
5039
5095
5071
4942
4967
4886
5077
5144
4899
4918
5093
5081
5097
4888
4954
5066
5106
5148
5069
5146
4932
1264
4885
5011
4999
4900
5086
2952
5108
5054
5036
5017
5043
4931
5151
4987
5028
5094
4897
5101
2683
2150
4926
5155
4993
4992
5134
3958
399
4963
4943
4986
4937
5037
4970
4925
496
5078
4911
5085
5104
4891
5065
4922
4939
5004
5105
5119
5153
5091
4905
5140
4971
5076
4909
5060
4978
5023
4973
5136
4906
5123
5040
4941
4907
5160
5003
5088
4996
5111
4889
4995
5055
4901
5159
2887
4985
4912
4955
4935
5092
4957
4948
4988
5098
4933
4994
5008
5041
5020
5141
4890
5114
5007
5149
5042
1758
5124
4989
4965
5099
5112
5009
4979
4984
4884
5034
5145
5046
4936
5052
5010
4893
5075
5051
5053
4972
5025
5150
5115
4916
5030
2959
4641
1264
4980
5006
5118
5109
5130
5110
5035
4981
5064
5157
5001
5048
5116
5063
4962
4882
5142
4969
4898
5103
4343
4928
4950
4929
4951
4964
3921
4952
4946
5038
4944
4983
4974
5133
1021
4904
4998
701
2399
4923
5138
4883
4990
4913
4966
5158
4949
4934
4881
5154
4991
5127
5120
116
701
3776
3015
565
4641
2887
3425
399
911
['AL034397.2', 'AL034349.1', 'AL020997.4', 'AKR1D1', 'AJ239322.2', 'AL021408.1', 'AL031666.3', 'AKAP11', 'AC005909.2', 'AKAP3', 'AL035681.1', 'AL031768.1', 'AC112236.3', 'AL031670.1', 'AKAP6', 'AL031432.4', 'AL009177.1', 'AKT1S1', 'AKIRIN2', 'AL021707.3', 'AL021918.4', 'AC000068.2', 'AL031602.2', 'AL022334.2', 'AL023574.1', 'AL031772.1', 'AL022328.4', 'AL031985.4', 'AL031775.1', 'AL034397.3', 'AL034427.1', 'AL023553.1', 'AL008729.2', 'AL031778.1', 'AL022068.1', 'AL024507.2', 'AC007494.2', 'AL035071.2', 'AKAP8', 'AL021308.1', 'AL023803.2', 'AL023803.1', 'AJUBA', 'AJ239328.1', 'AL031673.1', 'AL031599.1', 'AL033527.4', 'AC090517.2', 'AL035587.2', 'AL031432.3', 'AL031731.1', 'AL022310.1', 'AC087623.2', 'AL022324.3', 'AKT3', 'AC097518.2', 'AL035670.1', 'AL020994.2', 'AL021368.1', 'AL034550.2', 'AC006305.1', 'AL035401.1', 'AL031590.1', 'AL031846.2', 'AL034376.2', 'AL035588.1', 'AKAP9', 'AKR7A2', 'AL049539.1', 'AL034347.1', 'AL021393.1', 'AL049597.2', 'AK2', 'AL009178.3', 'AL033519.5', 'AL022322.2', 'AL021368.5', 'AL035530.2', 'AL022238.2', 'AL021368.3', 'AL031668.2', 'AL022069.3', 'AKT3-IT1', 'AL033397.2', 'AL033543.1', 'AC078929.1', 'AL022151.1', 'AK6', 'AC004554.2', 'AL031770.1', 'AL031121.3', 'AL035409.1', 'AL031428.1', 'AL021155.5', 'AL021918.3', 'AC063919.2', 'AL031587.2', 'AKAP14', 'AJ011931.2', 'AL020997.3', 'AL034405.1', 'AKAP7', 'AKR1E2', 'AK4', 'AKAP17A', 'AL022162.1', 'AL022098.1', 'AL021154.1', 'AC025627.1', 'AKR1C1', 'AL024498.1', 'AL024497.1', 'AKAP5', 'AL008725.1', 'AL031587.3', 'AC140912.1', 'AL034550.1', 'AL021878.2', 'AL022069.1', 'AKR1B15', 'AL035446.2', 'AL021707.7', 'AL031186.1', 'AL033527.3', 'AL031073.2', 'AC090510.2', 'AL023284.4', 'AL024474.2', 'AL035078.1', 'AK7', 'AKT2', 'AC090987.1', 'AC005487.1', 'AL031963.1', 'AL021396.1', 'AL035701.1', 'AC107071.1', 'AL031710.1', 'AL008628.1', 'AL031005.2', 'AL035411.3', 'AL022311.1', 'AL031985.3', 'AL008638.3', 'AL023653.1', 'AL035634.1', 'AL023806.1', 'AL021707.5', 'AL034550.3', 'AL035706.1', 'AL049557.1', 'AL008730.1', 'AL022323.4', 'AL049552.1', 'AL031768.2', 'AKAP13', 'AJ003147.2', 'AL049552.2', 'AL031280.1', 'AL031118.1', 'AC009152.6', 'AL049629.1', 'AL032819.1', 'AJ006995.1', 'AL024495.1', 'AL022097.1', 'AKNA', 'AL023581.2', 'AK8', 'ADAMTS20', 'AL021328.1', 'AL035587.1', 'AL022476.1', 'AJ009632.2', 'AL031587.4', 'AL033523.1', 'AL034417.3', 'AL031289.1', 'AL035425.1', 'AL035106.1', 'AL022328.3', 'AL023583.1', 'AL008582.1', 'AL021368.2', 'AL008729.1', 'AL022397.1', 'AJAP1', 'AC019064.1', 'AL031705.1', 'AL034348.1', 'AL023882.1', 'AL034351.3', 'AC008759.2', 'AL008727.1', 'AL035252.3', 'AL049569.1', 'AKAP12', 'AL031666.1', 'AC114341.2', 'AL022315.1', 'AL033384.2', 'AL009176.1', 'AL022157.1', 'AL008721.2', 'AL023581.1', 'AJ011931.1', 'AL031710.2', 'AK9', 'AKR1C3', 'AL035448.1', 'AL031600.3', 'AL021707.4', 'AL022318.1', 'AL024508.2', 'AL021707.9', 'AL035427.1', 'AL020995.1', 'AL031709.1', 'AKAIN1', 'AJM1', 'AL009179.1', 'AL033504.1', 'AL031121.2', 'AL022318.5', 'AL022313.2', 'AL021707.6', 'AL031714.1', 'AL020993.1', 'AL034417.4', 'AL031293.1', 'AL031595.3', 'AL031651.2', 'AL031775.2', 'AKIP1', 'AL024497.2', 'AL034351.4', 'AL021707.2', 'AL020997.2', 'AL022329.1', 'AL031291.1', 'AL008633.1', 'AL035458.2', 'AKTIP', 'AL031259.1', 'AL035416.1', 'AL034417.2', 'AL023803.3', 'AL021918.5', 'AL022328.1', 'AL031848.2', 'AC010761.2', 'AKR1B1', 'AL031275.1', 'AKR1C2', 'AL022323.3', 'AL021978.1', 'AL035658.1', 'AL031055.1', 'AIRN', 'AL022328.2']
260
OLIGO2_LRRC7+, Number of SnCs: 1019
OLIGO2_LRRC7+
OLIGO1_SVEP1+, Number of SnCs: 868
OLIGO1_SVEP1+
OLIGO1, Number of SnCs: 910
OLIGO1
OLIGO1_RBFOX1+, Number of SnCs: 591
OLIGO1_RBFOX1+
Processing file: /dfs3b/ruic20_lab/junw42/HCA_ON/data/5_refine_major/scvi/Oligodendrocyte/clean/deepsas/subsamples//subsample_8.h5ad with experiment name: Data_8_
{'input_data_count': '/dfs3b/ruic20_lab/junw42/HCA_ON/data/5_refine_major/scvi/Oligodendrocyte/clean/deepsas/subsamples//subsample_9.h5ad', 'output_dir': '/dfs3b/ruic20_lab/junw42/software/deepsas/outputs/', 'exp_name': 'Data_9_', 'device_index': 0, 'retrain': True, 'timestamp': '', 'seed': 40, 'n_genes': 'full', 'ccc': 'type1', 'gene_set': 'full', 'emb_size': 12, 'gat_epoch': 30, 'sencell_num': 600, 'sengene_num': 200, 'sencell_epoch': 40, 'cell_optim_epoch': 50, 'learning_rate': 0.01, 'batch_id': 0}
Outputs dir: ./outputs/Data_9_
load_data1 ...
Number of cells: 8510
Number of genes: 21019
The number of cell types 4
celltype names: ['OLIGO2_LRRC7+', 'OLIGO1', 'OLIGO1_SVEP1+', 'OLIGO1_RBFOX1+']
--------------  ----
OLIGO2_LRRC7+   2585
OLIGO1          2301
OLIGO1_SVEP1+   2161
OLIGO1_RBFOX1+  1463
--------------  ----
The number of genes in marker list：
  SenMayo    FRIDMAN    CellAge    Cell Cycle Markers
---------  ---------  ---------  --------------------
      125         77        144                    11
Total marker genes:  320
use all genes!
After genes dropped duplicated sengenes:  20776
Total gene num: 21019
Number of SnCs: 921
Number of SnGs: 225
5128
3616
5076
4968
5130
5028
4958
5098
5121
5095
4970
5040
5107
4999
5104
4118
5089
4995
220
4941
4967
5033
4939
5023
5025
3319
4949
5084
5110
5135
4898
5080
5021
4935
5017
4969
413
4975
5120
4902
5074
5073
5069
4953
5053
5088
5061
5094
5077
4989
4920
4945
5024
4908
4998
4991
4974
1854
5032
5001
5054
4903
4927
5014
1461
2267
4896
4985
4961
5132
4984
4972
4907
5011
5013
5096
5079
375
5009
4962
4900
4986
5134
4897
5020
4952
5018
5115
4978
5004
3599
5123
5012
5051
5119
5062
5070
4957
5127
4954
2899
4936
4997
3616
5003
5030
4947
5126
5060
4956
4951
5102
5078
4990
5131
5059
5034
5006
4955
5092
4938
5071
5064
5106
5042
5137
508
5055
4925
5138
5049
5044
5048
5029
4933
4959
5124
4950
5075
5112
4976
5038
5081
5005
4914
4996
4911
5041
4966
5022
5026
5086
5111
5052
4931
5050
4973
5015
4940
5002
4994
5035
5046
5093
5057
4926
5056
5045
4924
4930
5083
5058
5114
5125
4982
5027
4918
5097
5037
5129
5113
5101
5068
4965
5122
5065
4960
4928
4942
4932
375
4971
4987
4921
4964
4963
4946
5039
5031
1172
4919
4993
4901
3304
4905
4915
5103
4948
4929
4937
4992
4944
5116
5100
5087
1999
2480
3616
3882
4973
4118
375
220
2673
3599
['AP2B1', 'AP002813.1', 'AF241728.2', 'AP005671.1', 'APOBEC2', 'AC006348.1', 'AP002433.2', 'AP005901.5', 'AP001160.1', 'APCDD1L-DT', 'AP1G1', 'AP001496.2', 'AP001437.2', 'AL078581.4', 'APLN', 'APAF1', 'AC112196.1', 'AQP4-AS1', 'AP4B1', 'AP003066.1', 'AP001781.1', 'AP002812.2', 'AP005136.4', 'AP003108.1', 'APOOL', 'AQP6', 'AP002807.1', 'AP003049.2', 'AP003717.4', 'AP005203.1', 'AP002008.3', 'AL139099.2', 'AP005329.1', 'AP5Z1', 'APCDD1', 'AP006565.1', 'AP001267.1', 'AP001178.2', 'AQP4', 'AR', 'APBA2', 'AP001462.1', 'AP002768.1', 'AC087645.2', 'APPL1', 'AFG3L2', 'AP002336.2', 'APBA3', 'AP004147.1', 'AP005131.3', 'AP002498.1', 'APOE', 'APC2', 'AP001267.3', 'APOC2', 'AL354949.1', 'AP4E1', 'AP002992.1', 'AC137770.1', 'AP001453.1', 'AP001816.1', 'AP003100.3', 'AP003390.1', 'AP006248.6', 'AP001922.5', 'AP001269.4', 'AC007493.1', 'AP001627.1', 'APOL2', 'AP002989.1', 'AQP1', 'APOBEC3H', 'AP001469.1', 'APMAP', 'ARAP1', 'AP005717.2', 'AP003071.2', 'AP001429.1', 'AP002961.1', 'AP003392.5', 'AP1B1', 'AP003110.1', 'AP001885.2', 'AP001783.1', 'APTX', 'APRT', 'AP005242.1', 'APP', 'AC093567.1', 'AP002490.1', 'AP5B1', 'AP005230.1', 'AP001767.3', 'APIP', 'AP001178.3', 'AP002360.1', 'AP006295.1', 'AP001831.1', 'APOL6', 'AP003464.1', 'AP002840.2', 'AP003469.4', 'AP002026.1', 'AC004862.1', 'APBB2', 'AP2A2', 'AP003557.2', 'APBB3', 'AP003557.1', 'AP001978.1', 'AP003393.1', 'AC078785.1', 'AP001505.1', 'AP005262.2', 'AP003352.1', 'AP1AR', 'AQR', 'AP003025.1', 'AP002008.1', 'APPL2', 'AP001830.1', 'AP005329.2', 'AP002495.1', 'AP001432.1', 'AP002748.6', 'AP002449.1', 'AP001469.3', 'AC016876.1', 'AP003100.2', 'APOA1', 'AP001977.1', 'AP001628.1', 'AP5S1', 'APH1B', 'AP005482.3', 'AP001341.1', 'APCDD1L', 'AP006621.3', 'AP3M2', 'AQP11', 'AP001468.1', 'APTR', 'AP002907.1', 'AP001160.2', 'APOA1-AS', 'APEX2', 'AP3B1', 'AP003117.1', 'AP004608.1', 'AP1S3', 'AP3B2', 'AP1S2', 'APBB1', 'AP006333.2', 'AP001970.1', 'APOO', 'AL049838.1', 'AP5M1', 'AP4M1', 'APH1A', 'AP002370.2', 'AP003086.1', 'AP003168.2', 'AP001636.3', 'AP2M1', 'AP1M1', 'AP005120.1', 'AP001992.2', 'AP001604.1', 'APLF', 'AP1G2', 'AC025038.1', 'AC006041.2', 'AP001178.1', 'APOL3', 'AP006259.1', 'AP005901.6', 'AP006261.1', 'AP001631.2', 'AP002518.2', 'AP003392.1', 'AP001360.3', 'AP005242.5', 'AP002748.4', 'APOL1', 'ARAP1-AS2', 'API5', 'AP003170.3', 'AP2S1', 'AP3M1', 'AP002381.2', 'APLP2', 'APPBP2', 'AP002762.2', 'AP001180.4', 'AP005136.3', 'AP005432.1', 'AP005899.1', 'AP002433.1', 'AP002387.2', 'APLP1', 'APOD', 'AP001437.1', 'AP002784.1', 'AP005329.3', 'AP002833.1', 'AP001994.3', 'AP001469.2', 'AP001528.1', 'AP1S1', 'AP001160.3', 'AP005717.1', 'AP2A1', 'AP4B1-AS1', 'AC104383.2', 'APBA1', 'AP001372.2']
217
Processing file: /dfs3b/ruic20_lab/junw42/HCA_ON/data/5_refine_major/scvi/Oligodendrocyte/clean/deepsas/subsamples//subsample_9.h5ad with experiment name: Data_9_
