250
Computing scores for 8 modules...
Top results for Module 1:
                   C          Z           Pval            FDR  Module
Gene                                                                 
OR4N2       0.522790  41.358822   0.000000e+00   0.000000e+00     1.0
GABPB1-AS1  0.537245  36.156803  1.454356e-286  8.959909e-284     1.0
SERHL2      0.500161  33.762913  3.455467e-250  1.114667e-247     1.0
ACSBG1      0.510854  33.012524  2.685152e-239  6.712880e-237     1.0
AC244131.2  0.541409  31.454634  1.813904e-217  3.298006e-215     1.0
LINC01583   0.228636  30.575691  1.288252e-205  2.044845e-203     1.0
COL9A2      0.506656  29.528196  6.257124e-192  8.690450e-190     1.0
C2CD6       0.459583  28.655016  6.941037e-181  7.798918e-179     1.0
JPX         0.498849  28.651321  7.717110e-181  8.574567e-179     1.0
LINC01252   0.475497  28.524454  2.914111e-179  3.133452e-177     1.0
AC108519.1  0.502978  28.411522  7.285526e-178  7.668974e-176     1.0
LINC00467   0.432915  28.359272  3.216440e-177  3.350458e-175     1.0
CABCOCO1    0.479485  28.113409  3.358437e-174  3.462306e-172     1.0
UBE2E3      0.401516  28.075750  9.687321e-174  9.885021e-172     1.0
ZKSCAN1     0.460380  27.648691  1.446885e-168  1.364986e-166     1.0
AL392086.3  0.456614  27.243185  1.000720e-163  8.701913e-162     1.0
LUC7L2      0.365627  27.176699  6.124190e-163  5.279475e-161     1.0
MAGEC3      0.415191  27.119267  2.918118e-162  2.472982e-160     1.0
AC025180.1  0.435542  26.893093  1.322621e-159  1.075302e-157     1.0
GRIK2       0.422674  26.892153  1.356541e-159  1.093985e-157     1.0
----------------------------------------
Top results for Module 2:
                   C          Z           Pval            FDR  Module
Gene                                                                 
EFR3B       0.465175  44.274685   0.000000e+00   0.000000e+00     2.0
PDE6B       0.456963  44.013916   0.000000e+00   0.000000e+00     2.0
AACS        0.451866  43.159824   0.000000e+00   0.000000e+00     2.0
CHSY3       0.400141  41.582943   0.000000e+00   0.000000e+00     2.0
LINC00200   0.419688  39.512840   0.000000e+00   0.000000e+00     2.0
FP236383.3  0.338671  38.484200   0.000000e+00   0.000000e+00     2.0
RAPGEF3     0.369277  37.989082   0.000000e+00   0.000000e+00     2.0
NKD1        0.474091  36.926300  8.745424e-299  6.727249e-296     2.0
MICALL2     0.432216  36.677616  8.306125e-295  5.932946e-292     2.0
AC005532.1  0.273321  36.155525  1.523185e-286  8.959909e-284     2.0
NELL2       0.228230  35.202175  9.260205e-272  3.858419e-269     2.0
BRD9        0.575296  34.787273  1.894281e-265  7.285696e-263     2.0
FDPS        0.307828  34.655121  1.870048e-263  6.678742e-261     2.0
DYSF        0.260027  33.842239  2.360222e-251  7.867407e-249     2.0
CDK11A      0.490823  33.570122  2.289927e-247  7.156022e-245     2.0
CD22        0.425550  33.480289  4.665785e-246  1.372290e-243     2.0
PLEKHA7     0.390349  33.296211  2.190334e-243  5.919821e-241     2.0
MCM3AP-AS1  0.409267  32.177052  1.848432e-227  3.932833e-225     2.0
MACROD1     0.425263  32.048737  1.143073e-225  2.332803e-223     2.0
MT-CO1      0.344775  31.785545  5.126928e-222  1.025386e-219     2.0
----------------------------------------
Top results for Module 3:
                   C          Z           Pval            FDR  Module
Gene                                                                 
SPOCK1      0.598519  41.866932   0.000000e+00   0.000000e+00     3.0
PTPN11      0.556503  39.850800   0.000000e+00   0.000000e+00     3.0
SPP1        0.546606  39.813061   0.000000e+00   0.000000e+00     3.0
LRRC1       0.543225  39.259113   0.000000e+00   0.000000e+00     3.0
CNTNAP2     0.589222  36.458908  2.485310e-291  1.656874e-288     3.0
CRTC3       0.554919  35.977283  9.479256e-284  5.266253e-281     3.0
CAV1        0.527424  35.675663  4.714225e-279  2.357112e-276     3.0
AFDN        0.540403  35.592377  9.190388e-278  4.376375e-275     3.0
VAPA        0.488581  35.524284  1.036811e-276  4.712779e-274     3.0
FSTL5       0.502966  34.962864  4.128180e-268  1.651272e-265     3.0
GRB10       0.521124  34.754646  5.895869e-265  2.183655e-262     3.0
CPOX        0.500580  34.324455  1.694175e-258  5.841983e-256     3.0
CTSD        0.446294  33.563129  2.896309e-247  8.776694e-245     3.0
HINT3       0.461306  33.453545  1.142863e-245  3.265322e-243     3.0
MMP16       0.443876  33.399040  7.078371e-245  1.966214e-242     3.0
COX10-AS1   0.480122  33.247967  1.092109e-242  2.873971e-240     3.0
SORT1       0.507097  33.178608  1.095537e-241  2.809069e-239     3.0
ZDHHC20     0.402347  32.865124  3.463270e-237  8.447000e-235     3.0
MTMR10      0.484704  32.529858  2.017548e-232  4.803686e-230     3.0
AL157886.1  0.451180  32.468895  1.465826e-231  3.408899e-229     3.0
----------------------------------------
Top results for Module 4:
                   C          Z          Pval           FDR  Module
Gene                                                               
FCHSD2      0.338166  21.121075  2.546163e-99  6.286821e-98     4.0
AQP4        0.277360  20.638248  6.224640e-95  1.417914e-93     4.0
SPATA22     0.303638  17.747746  8.970659e-71  1.191323e-69     4.0
AL139317.5  0.285172  17.218363  9.669072e-67  1.196667e-65     4.0
AP000892.1  0.260929  17.180252  1.866428e-66  2.281697e-65     4.0
AL023882.1  0.274574  16.714441  5.143981e-63  5.818983e-62     4.0
PDIA2       0.156898  16.556892  7.139028e-62  7.862366e-61     4.0
TEX52       0.286497  16.169992  4.105421e-59  4.294373e-58     4.0
BRCA1       0.321350  16.057035  2.551839e-58  2.630762e-57     4.0
DDX5        0.285964  15.988885  7.637027e-58  7.824822e-57     4.0
ID4         0.194372  15.698981  7.684513e-56  7.600903e-55     4.0
KIAA0556    0.260747  15.592969  4.063359e-55  3.952684e-54     4.0
AL450998.2  0.246899  14.937369  9.413087e-51  8.206702e-50     4.0
MTERF4      0.223098  14.757406  1.378404e-49  1.174109e-48     4.0
EMC10       0.182331  14.542518  3.257583e-48  2.685559e-47     4.0
AC099489.1  0.245028  14.538338  3.462700e-48  2.849959e-47     4.0
LRRC9       0.250193  14.453266  1.195373e-47  9.655678e-47     4.0
CPEB1-AS1   0.242173  14.352136  5.165314e-47  4.105973e-46     4.0
ZNF506      0.254912  14.188084  5.429283e-46  4.225123e-45     4.0
PRMT2       0.238705  14.172058  6.822115e-46  5.288461e-45     4.0
----------------------------------------
Top results for Module 5:
                   C          Z           Pval            FDR  Module
Gene                                                                 
SLC27A6     0.380110  35.307968  2.215716e-273  9.633548e-271     5.0
FAM102A     0.448872  27.532171  3.617832e-167  3.381152e-165     5.0
TBC1D3D     0.264307  25.369099  2.766219e-142  1.646559e-140     5.0
AATF        0.342792  24.040913  5.195192e-128  2.192064e-126     5.0
TMOD1       0.379662  22.468643  4.206104e-112  1.310313e-110     5.0
SOX10       0.376446  21.078978   6.201699e-99   1.520024e-97     5.0
NEGR1       0.327056  20.421225   5.415741e-93   1.164675e-91     5.0
LDLRAD4     0.293949  18.296867   4.382287e-75   6.463550e-74     5.0
AC006460.2  0.275764  18.204418   2.380423e-74   3.449889e-73     5.0
TNS3        0.161707  17.211960   1.079983e-66   1.331606e-65     5.0
DISC1       0.232318  17.115429   5.693690e-66   6.901443e-65     5.0
LGSN        0.177521  16.985573   5.251164e-65   6.214395e-64     5.0
CCDC158     0.207338  16.450005   4.193095e-61   4.518421e-60     5.0
GNAI3       0.267681  16.193203   2.815954e-59   2.961046e-58     5.0
AK3         0.258783  16.122904   8.806734e-59   9.154609e-58     5.0
TET3        0.292819  15.659800   1.423966e-55   1.401542e-54     5.0
GALNT18     0.259018  15.271194   5.948771e-53   5.503026e-52     5.0
FBXO28      0.239649  14.976950   5.193814e-51   4.551984e-50     5.0
DEPTOR      0.245241  14.761037   1.306167e-49   1.113527e-48     5.0
OAF         0.277931  14.753937   1.451146e-49   1.235018e-48     5.0
----------------------------------------
Top results for Module 6:
                   C          Z           Pval            FDR  Module
Gene                                                                 
ITFG2       0.408442  27.455786  2.963000e-166  2.718348e-164     6.0
UTY         0.343672  22.083521  2.276029e-108  6.540313e-107     6.0
TTTY10      0.360605  21.545450  2.920650e-103  7.665749e-102     6.0
CCZ1B       0.376735  21.228985  2.578217e-100   6.543698e-99     6.0
USP9Y       0.338474  21.174250  8.249419e-100   2.067524e-98     6.0
NLGN4Y      0.322070  20.998981   3.350334e-98   8.053688e-97     6.0
EIF1AY      0.356708  20.995829   3.580173e-98   8.585547e-97     6.0
ALDH8A1     0.352776  20.976757   5.347117e-98   1.279215e-96     6.0
KDM5D       0.311177  20.787975   2.780404e-96   6.496270e-95     6.0
TTTY14      0.290227  20.482660   1.537012e-93   3.363266e-92     6.0
NAPG        0.326549  20.322731   4.047281e-92   8.538567e-91     6.0
ZFY         0.307000  19.748459   4.135166e-87   7.772869e-86     6.0
RPS4Y1      0.293686  19.747524   4.212394e-87   7.903178e-86     6.0
TMSB4Y      0.299926  19.355911   9.087589e-84   1.602749e-82     6.0
DDX3Y       0.307078  18.817038   2.738102e-79   4.387983e-78     6.0
NIPAL3      0.329398  18.165394   4.850422e-74   6.979024e-73     6.0
SLC35E2B    0.240346  18.066784   2.910478e-73   4.099265e-72     6.0
AL117335.1  0.297706  18.041079   4.635828e-73   6.501863e-72     6.0
NINL        0.269453  17.600481   1.221205e-69   1.581871e-68     6.0
AC098829.1  0.319971  17.571146   2.049049e-69   2.647350e-68     6.0
----------------------------------------
Top results for Module 7:
                   C          Z           Pval            FDR  Module
Gene                                                                 
ILDR2       0.395359  31.121046  6.252729e-213  1.008505e-210     7.0
SAXO2       0.247993  25.583130  1.175381e-144  7.210926e-143     7.0
LINC01949   0.315944  25.213083  1.439449e-140  8.225424e-139     7.0
AL591115.1  0.444501  23.779547  2.718798e-125  1.074624e-123     7.0
PHYHIPL     0.253700  21.416874  4.651310e-102  1.192644e-100     7.0
FAM126A     0.383936  20.752329   5.839741e-96   1.354928e-94     7.0
KIAA0930    0.263727  20.595087   1.518706e-94   3.428230e-93     7.0
MIR181A1HG  0.420399  20.249401   1.797925e-91   3.714721e-90     7.0
AC097467.3  0.438102  19.096264   1.356069e-81   2.279108e-80     7.0
KLKB1       0.290754  19.082518   1.764230e-81   2.955159e-80     7.0
ARHGDIG     0.269359  18.613230   1.255099e-77   1.951942e-76     7.0
NPY2R       0.441666  18.396580   6.996132e-76   1.044272e-74     7.0
TRIM5       0.207768  18.396576   6.996624e-76   1.044272e-74     7.0
SLC9A3-AS1  0.289977  18.256512   9.182817e-75   1.344483e-73     7.0
AC112206.2  0.333705  18.144110   7.146614e-74   1.020945e-72     7.0
PTN         0.279618  17.946356   2.562226e-72   3.534105e-71     7.0
PKD2        0.286811  17.022594   2.792028e-65   3.331776e-64     7.0
AC004540.2  0.160236  16.733271   3.750203e-63   4.261595e-62     7.0
NRXN3       0.237299  16.466202   3.208767e-61   3.472692e-60     7.0
KCNN2       0.225453  16.409191   8.219043e-61   8.818715e-60     7.0
----------------------------------------
Top results for Module 8:
                   C          Z           Pval            FDR  Module
Gene                                                                 
ZNF630      0.452603  25.532375  4.309166e-144  2.580339e-142     8.0
LRRC39      0.442285  24.312935  7.153591e-131  3.251632e-129     8.0
ADCY7       0.422398  23.113716  1.685187e-118  5.954724e-117     8.0
Z84485.1    0.375692  23.044409  8.368014e-118  2.936145e-116     8.0
LINC00334   0.428763  22.884562  3.310141e-116  1.099715e-114     8.0
AC245123.1  0.381897  21.914497  9.448433e-107  2.661530e-105     8.0
AC002460.2  0.342900  21.413822  4.966152e-102  1.270116e-100     8.0
AC027117.2  0.361950  21.192211  5.633979e-100   1.419138e-98     8.0
MFSD4A      0.355143  20.906616   2.330713e-97   5.523016e-96     8.0
AC008969.1  0.377818  20.570890   2.501942e-94   5.609736e-93     8.0
GANC        0.329707  20.098820   3.778477e-90   7.572099e-89     8.0
AC245187.2  0.342306  20.047592   1.059267e-89   2.105898e-88     8.0
LINC00906   0.368205  19.540865   2.466951e-85   4.485366e-84     8.0
PRSS41      0.348292  17.986635   1.239823e-72   1.724371e-71     8.0
SERPINB9    0.307064  17.970617   1.655055e-72   2.295499e-71     8.0
CCDC82      0.292612  17.833632   1.937097e-71   2.628354e-70     8.0
AC004834.1  0.313405  17.831505   2.012210e-71   2.726571e-70     8.0
GCLC        0.303618  17.575180   1.908384e-69   2.468802e-68     8.0
C9orf139    0.295918  17.304626   2.170436e-67   2.702910e-66     8.0
CPB1        0.287463  17.152935   2.987832e-66   3.643697e-65     8.0
----------------------------------------
300
Computing scores for 4 modules...
Top results for Module 1:
                   C          Z           Pval            FDR  Module
Gene                                                                 
OR4N2       0.522790  41.358822   0.000000e+00   0.000000e+00     1.0
GABPB1-AS1  0.537245  36.156803  1.454356e-286  8.959909e-284     1.0
SERHL2      0.500161  33.762913  3.455467e-250  1.114667e-247     1.0
ACSBG1      0.510854  33.012524  2.685152e-239  6.712880e-237     1.0
AC244131.2  0.541409  31.454634  1.813904e-217  3.298006e-215     1.0
LINC01583   0.228636  30.575691  1.288252e-205  2.044845e-203     1.0
COL9A2      0.506656  29.528196  6.257124e-192  8.690450e-190     1.0
C2CD6       0.459583  28.655016  6.941037e-181  7.798918e-179     1.0
JPX         0.498849  28.651321  7.717110e-181  8.574567e-179     1.0
LINC01252   0.475497  28.524454  2.914111e-179  3.133452e-177     1.0
AC108519.1  0.502978  28.411522  7.285526e-178  7.668974e-176     1.0
LINC00467   0.432915  28.359272  3.216440e-177  3.350458e-175     1.0
CABCOCO1    0.479485  28.113409  3.358437e-174  3.462306e-172     1.0
UBE2E3      0.401516  28.075750  9.687321e-174  9.885021e-172     1.0
ZKSCAN1     0.460380  27.648691  1.446885e-168  1.364986e-166     1.0
AL392086.3  0.456614  27.243185  1.000720e-163  8.701913e-162     1.0
LUC7L2      0.365627  27.176699  6.124190e-163  5.279475e-161     1.0
MAGEC3      0.415191  27.119267  2.918118e-162  2.472982e-160     1.0
AC025180.1  0.435542  26.893093  1.322621e-159  1.075302e-157     1.0
GRIK2       0.422674  26.892153  1.356541e-159  1.093985e-157     1.0
----------------------------------------
Top results for Module 2:
                   C          Z           Pval            FDR  Module
Gene                                                                 
EFR3B       0.465175  44.274685   0.000000e+00   0.000000e+00     2.0
PDE6B       0.456963  44.013916   0.000000e+00   0.000000e+00     2.0
AACS        0.451866  43.159824   0.000000e+00   0.000000e+00     2.0
CHSY3       0.400141  41.582943   0.000000e+00   0.000000e+00     2.0
LINC00200   0.419688  39.512840   0.000000e+00   0.000000e+00     2.0
FP236383.3  0.338671  38.484200   0.000000e+00   0.000000e+00     2.0
RAPGEF3     0.369277  37.989082   0.000000e+00   0.000000e+00     2.0
NKD1        0.474091  36.926300  8.745424e-299  6.727249e-296     2.0
MICALL2     0.432216  36.677616  8.306125e-295  5.932946e-292     2.0
AC005532.1  0.273321  36.155525  1.523185e-286  8.959909e-284     2.0
SLC27A6     0.380110  35.307968  2.215716e-273  9.633548e-271     2.0
NELL2       0.228230  35.202175  9.260205e-272  3.858419e-269     2.0
BRD9        0.575296  34.787273  1.894281e-265  7.285696e-263     2.0
FDPS        0.307828  34.655121  1.870048e-263  6.678742e-261     2.0
DYSF        0.260027  33.842239  2.360222e-251  7.867407e-249     2.0
CDK11A      0.490823  33.570122  2.289927e-247  7.156022e-245     2.0
CD22        0.425550  33.480289  4.665785e-246  1.372290e-243     2.0
PLEKHA7     0.390349  33.296211  2.190334e-243  5.919821e-241     2.0
MCM3AP-AS1  0.409267  32.177052  1.848432e-227  3.932833e-225     2.0
MACROD1     0.425263  32.048737  1.143073e-225  2.332803e-223     2.0
----------------------------------------
Top results for Module 3:
                   C          Z           Pval            FDR  Module
Gene                                                                 
SPOCK1      0.598519  41.866932   0.000000e+00   0.000000e+00     3.0
PTPN11      0.556503  39.850800   0.000000e+00   0.000000e+00     3.0
SPP1        0.546606  39.813061   0.000000e+00   0.000000e+00     3.0
LRRC1       0.543225  39.259113   0.000000e+00   0.000000e+00     3.0
CNTNAP2     0.589222  36.458908  2.485310e-291  1.656874e-288     3.0
CRTC3       0.554919  35.977283  9.479256e-284  5.266253e-281     3.0
CAV1        0.527424  35.675663  4.714225e-279  2.357112e-276     3.0
AFDN        0.540403  35.592377  9.190388e-278  4.376375e-275     3.0
VAPA        0.488581  35.524284  1.036811e-276  4.712779e-274     3.0
FSTL5       0.502966  34.962864  4.128180e-268  1.651272e-265     3.0
GRB10       0.521124  34.754646  5.895869e-265  2.183655e-262     3.0
CPOX        0.500580  34.324455  1.694175e-258  5.841983e-256     3.0
CTSD        0.446294  33.563129  2.896309e-247  8.776694e-245     3.0
HINT3       0.461306  33.453545  1.142863e-245  3.265322e-243     3.0
MMP16       0.443876  33.399040  7.078371e-245  1.966214e-242     3.0
COX10-AS1   0.480122  33.247967  1.092109e-242  2.873971e-240     3.0
SORT1       0.507097  33.178608  1.095537e-241  2.809069e-239     3.0
ZDHHC20     0.402347  32.865124  3.463270e-237  8.447000e-235     3.0
MTMR10      0.484704  32.529858  2.017548e-232  4.803686e-230     3.0
AL157886.1  0.451180  32.468895  1.465826e-231  3.408899e-229     3.0
----------------------------------------
Top results for Module 4:
                   C          Z           Pval            FDR  Module
Gene                                                                 
ITFG2       0.408442  27.455786  2.963000e-166  2.718348e-164     4.0
UTY         0.343672  22.083521  2.276029e-108  6.540313e-107     4.0
TTTY10      0.360605  21.545450  2.920650e-103  7.665749e-102     4.0
CCZ1B       0.376735  21.228985  2.578217e-100   6.543698e-99     4.0
USP9Y       0.338474  21.174250  8.249419e-100   2.067524e-98     4.0
FCHSD2      0.338166  21.121075   2.546163e-99   6.286821e-98     4.0
NLGN4Y      0.322070  20.998981   3.350334e-98   8.053688e-97     4.0
EIF1AY      0.356708  20.995829   3.580173e-98   8.585547e-97     4.0
ALDH8A1     0.352776  20.976757   5.347117e-98   1.279215e-96     4.0
KDM5D       0.311177  20.787975   2.780404e-96   6.496270e-95     4.0
AQP4        0.277360  20.638248   6.224640e-95   1.417914e-93     4.0
TTTY14      0.290227  20.482660   1.537012e-93   3.363266e-92     4.0
NAPG        0.326549  20.322731   4.047281e-92   8.538567e-91     4.0
ZFY         0.307000  19.748459   4.135166e-87   7.772869e-86     4.0
RPS4Y1      0.293686  19.747524   4.212394e-87   7.903178e-86     4.0
TMSB4Y      0.299926  19.355911   9.087589e-84   1.602749e-82     4.0
DDX3Y       0.307078  18.817038   2.738102e-79   4.387983e-78     4.0
NIPAL3      0.329398  18.165394   4.850422e-74   6.979024e-73     4.0
SLC35E2B    0.240346  18.066784   2.910478e-73   4.099265e-72     4.0
AL117335.1  0.297706  18.041079   4.635828e-73   6.501863e-72     4.0
----------------------------------------
350
Computing scores for 4 modules...
Top results for Module 1:
                   C          Z           Pval            FDR  Module
Gene                                                                 
OR4N2       0.522790  41.358822   0.000000e+00   0.000000e+00     1.0
GABPB1-AS1  0.537245  36.156803  1.454356e-286  8.959909e-284     1.0
SERHL2      0.500161  33.762913  3.455467e-250  1.114667e-247     1.0
ACSBG1      0.510854  33.012524  2.685152e-239  6.712880e-237     1.0
AC244131.2  0.541409  31.454634  1.813904e-217  3.298006e-215     1.0
LINC01583   0.228636  30.575691  1.288252e-205  2.044845e-203     1.0
COL9A2      0.506656  29.528196  6.257124e-192  8.690450e-190     1.0
C2CD6       0.459583  28.655016  6.941037e-181  7.798918e-179     1.0
JPX         0.498849  28.651321  7.717110e-181  8.574567e-179     1.0
LINC01252   0.475497  28.524454  2.914111e-179  3.133452e-177     1.0
AC108519.1  0.502978  28.411522  7.285526e-178  7.668974e-176     1.0
LINC00467   0.432915  28.359272  3.216440e-177  3.350458e-175     1.0
CABCOCO1    0.479485  28.113409  3.358437e-174  3.462306e-172     1.0
UBE2E3      0.401516  28.075750  9.687321e-174  9.885021e-172     1.0
ZKSCAN1     0.460380  27.648691  1.446885e-168  1.364986e-166     1.0
AL392086.3  0.456614  27.243185  1.000720e-163  8.701913e-162     1.0
LUC7L2      0.365627  27.176699  6.124190e-163  5.279475e-161     1.0
MAGEC3      0.415191  27.119267  2.918118e-162  2.472982e-160     1.0
AC025180.1  0.435542  26.893093  1.322621e-159  1.075302e-157     1.0
GRIK2       0.422674  26.892153  1.356541e-159  1.093985e-157     1.0
----------------------------------------
Top results for Module 2:
                   C          Z           Pval            FDR  Module
Gene                                                                 
EFR3B       0.465175  44.274685   0.000000e+00   0.000000e+00     2.0
PDE6B       0.456963  44.013916   0.000000e+00   0.000000e+00     2.0
AACS        0.451866  43.159824   0.000000e+00   0.000000e+00     2.0
CHSY3       0.400141  41.582943   0.000000e+00   0.000000e+00     2.0
LINC00200   0.419688  39.512840   0.000000e+00   0.000000e+00     2.0
FP236383.3  0.338671  38.484200   0.000000e+00   0.000000e+00     2.0
RAPGEF3     0.369277  37.989082   0.000000e+00   0.000000e+00     2.0
NKD1        0.474091  36.926300  8.745424e-299  6.727249e-296     2.0
MICALL2     0.432216  36.677616  8.306125e-295  5.932946e-292     2.0
AC005532.1  0.273321  36.155525  1.523185e-286  8.959909e-284     2.0
SLC27A6     0.380110  35.307968  2.215716e-273  9.633548e-271     2.0
NELL2       0.228230  35.202175  9.260205e-272  3.858419e-269     2.0
BRD9        0.575296  34.787273  1.894281e-265  7.285696e-263     2.0
FDPS        0.307828  34.655121  1.870048e-263  6.678742e-261     2.0
DYSF        0.260027  33.842239  2.360222e-251  7.867407e-249     2.0
CDK11A      0.490823  33.570122  2.289927e-247  7.156022e-245     2.0
CD22        0.425550  33.480289  4.665785e-246  1.372290e-243     2.0
PLEKHA7     0.390349  33.296211  2.190334e-243  5.919821e-241     2.0
MCM3AP-AS1  0.409267  32.177052  1.848432e-227  3.932833e-225     2.0
MACROD1     0.425263  32.048737  1.143073e-225  2.332803e-223     2.0
----------------------------------------
Top results for Module 3:
                   C          Z           Pval            FDR  Module
Gene                                                                 
SPOCK1      0.598519  41.866932   0.000000e+00   0.000000e+00     3.0
PTPN11      0.556503  39.850800   0.000000e+00   0.000000e+00     3.0
SPP1        0.546606  39.813061   0.000000e+00   0.000000e+00     3.0
LRRC1       0.543225  39.259113   0.000000e+00   0.000000e+00     3.0
CNTNAP2     0.589222  36.458908  2.485310e-291  1.656874e-288     3.0
CRTC3       0.554919  35.977283  9.479256e-284  5.266253e-281     3.0
CAV1        0.527424  35.675663  4.714225e-279  2.357112e-276     3.0
AFDN        0.540403  35.592377  9.190388e-278  4.376375e-275     3.0
VAPA        0.488581  35.524284  1.036811e-276  4.712779e-274     3.0
FSTL5       0.502966  34.962864  4.128180e-268  1.651272e-265     3.0
GRB10       0.521124  34.754646  5.895869e-265  2.183655e-262     3.0
CPOX        0.500580  34.324455  1.694175e-258  5.841983e-256     3.0
CTSD        0.446294  33.563129  2.896309e-247  8.776694e-245     3.0
HINT3       0.461306  33.453545  1.142863e-245  3.265322e-243     3.0
MMP16       0.443876  33.399040  7.078371e-245  1.966214e-242     3.0
COX10-AS1   0.480122  33.247967  1.092109e-242  2.873971e-240     3.0
SORT1       0.507097  33.178608  1.095537e-241  2.809069e-239     3.0
ZDHHC20     0.402347  32.865124  3.463270e-237  8.447000e-235     3.0
MTMR10      0.484704  32.529858  2.017548e-232  4.803686e-230     3.0
AL157886.1  0.451180  32.468895  1.465826e-231  3.408899e-229     3.0
----------------------------------------
Top results for Module 4:
                   C          Z           Pval            FDR  Module
Gene                                                                 
ITFG2       0.408442  27.455786  2.963000e-166  2.718348e-164     4.0
UTY         0.343672  22.083521  2.276029e-108  6.540313e-107     4.0
TTTY10      0.360605  21.545450  2.920650e-103  7.665749e-102     4.0
CCZ1B       0.376735  21.228985  2.578217e-100   6.543698e-99     4.0
USP9Y       0.338474  21.174250  8.249419e-100   2.067524e-98     4.0
FCHSD2      0.338166  21.121075   2.546163e-99   6.286821e-98     4.0
NLGN4Y      0.322070  20.998981   3.350334e-98   8.053688e-97     4.0
EIF1AY      0.356708  20.995829   3.580173e-98   8.585547e-97     4.0
ALDH8A1     0.352776  20.976757   5.347117e-98   1.279215e-96     4.0
KDM5D       0.311177  20.787975   2.780404e-96   6.496270e-95     4.0
AQP4        0.277360  20.638248   6.224640e-95   1.417914e-93     4.0
TTTY14      0.290227  20.482660   1.537012e-93   3.363266e-92     4.0
NAPG        0.326549  20.322731   4.047281e-92   8.538567e-91     4.0
ZFY         0.307000  19.748459   4.135166e-87   7.772869e-86     4.0
RPS4Y1      0.293686  19.747524   4.212394e-87   7.903178e-86     4.0
TMSB4Y      0.299926  19.355911   9.087589e-84   1.602749e-82     4.0
DDX3Y       0.307078  18.817038   2.738102e-79   4.387983e-78     4.0
NIPAL3      0.329398  18.165394   4.850422e-74   6.979024e-73     4.0
SLC35E2B    0.240346  18.066784   2.910478e-73   4.099265e-72     4.0
AL117335.1  0.297706  18.041079   4.635828e-73   6.501863e-72     4.0
----------------------------------------
