100
Computing scores for 14 modules...
Top results for Module 1:
                   C           Z  Pval  FDR  Module
Gene                                               
KLRC3       0.673163  133.748383   0.0  0.0     1.0
TSBP1       0.568895  119.014931   0.0  0.0     1.0
LINC01572   0.610946  116.174248   0.0  0.0     1.0
RNF217-AS1  0.540214  109.628784   0.0  0.0     1.0
KLRC2       0.610641  109.019196   0.0  0.0     1.0
AC093535.1  0.552359  107.635880   0.0  0.0     1.0
PRSS51      0.550330  102.317261   0.0  0.0     1.0
GLRA2       0.612148   97.726608   0.0  0.0     1.0
AC068481.1  0.518188   97.391350   0.0  0.0     1.0
AC008771.1  0.452561   96.285965   0.0  0.0     1.0
AC098588.3  0.523273   95.530815   0.0  0.0     1.0
AC107031.1  0.542380   95.417625   0.0  0.0     1.0
AC021054.1  0.494722   92.702507   0.0  0.0     1.0
SLC7A14     0.548008   91.762535   0.0  0.0     1.0
AC109492.1  0.550467   91.630760   0.0  0.0     1.0
AC092058.1  0.533243   91.463394   0.0  0.0     1.0
BCL2L14     0.543946   91.341606   0.0  0.0     1.0
AC119673.2  0.573021   90.917038   0.0  0.0     1.0
AC016493.1  0.581640   89.094849   0.0  0.0     1.0
LANCL1-AS1  0.477429   87.642159   0.0  0.0     1.0
----------------------------------------
Top results for Module 2:
                   C           Z  Pval  FDR  Module
Gene                                               
HMGCS1      0.517506  113.077896   0.0  0.0     2.0
MMD2        0.365515  112.119370   0.0  0.0     2.0
CTSD        0.468301  108.134781   0.0  0.0     2.0
B2M         0.636934  107.831657   0.0  0.0     2.0
TTTY10      0.556221  102.313858   0.0  0.0     2.0
MSMO1       0.528487  102.003075   0.0  0.0     2.0
SPP1        0.458312  101.436546   0.0  0.0     2.0
PLD5        0.625908   98.836571   0.0  0.0     2.0
JUND        0.426369   97.173698   0.0  0.0     2.0
FABP3       0.445322   96.147568   0.0  0.0     2.0
PGRMC1      0.410891   95.207466   0.0  0.0     2.0
MAG         0.546568   94.308517   0.0  0.0     2.0
SCD         0.449818   93.793213   0.0  0.0     2.0
GRIA4       0.592581   93.145737   0.0  0.0     2.0
AL591115.1  0.726714   92.482185   0.0  0.0     2.0
HSD17B7     0.412261   92.063538   0.0  0.0     2.0
UTY         0.544863   92.038368   0.0  0.0     2.0
CD63        0.475477   90.812515   0.0  0.0     2.0
TUBB4A      0.470644   90.736015   0.0  0.0     2.0
LIFR        0.613085   90.638443   0.0  0.0     2.0
----------------------------------------
Top results for Module 3:
                   C           Z  Pval  FDR  Module
Gene                                               
PDE6A       0.154499  149.078400   0.0  0.0     3.0
HCN1        0.186851  147.145828   0.0  0.0     3.0
USH2A       0.143220  144.981186   0.0  0.0     3.0
AC044810.2  0.149143  136.720383   0.0  0.0     3.0
PCDH15      0.161735  133.036224   0.0  0.0     3.0
ABCA4       0.155030  131.561737   0.0  0.0     3.0
PPEF2       0.128625  130.671173   0.0  0.0     3.0
AC130415.1  0.126091  127.786613   0.0  0.0     3.0
RP1         0.173233  127.531998   0.0  0.0     3.0
ZNF385B     0.157318  121.382904   0.0  0.0     3.0
OTX2-AS1    0.157678  121.209145   0.0  0.0     3.0
RIMS2       0.165737  118.868965   0.0  0.0     3.0
ZPBP        0.137959  115.575089   0.0  0.0     3.0
KCNB2       0.155994  102.061562   0.0  0.0     3.0
AL161757.4  0.146275  101.934464   0.0  0.0     3.0
EYS         0.205114  101.262215   0.0  0.0     3.0
SYT1        0.202218   98.503922   0.0  0.0     3.0
SORBS2      0.187698   96.046883   0.0  0.0     3.0
RHO         0.270198   94.026466   0.0  0.0     3.0
CNGA1       0.221168   93.027588   0.0  0.0     3.0
----------------------------------------
Top results for Module 4:
                   C           Z  Pval  FDR  Module
Gene                                               
ZDHHC20     0.693852  119.613632   0.0  0.0     4.0
LRRC63      0.617059  111.716461   0.0  0.0     4.0
ABCA6       0.640979  111.551903   0.0  0.0     4.0
BCL2        0.545239  107.228111   0.0  0.0     4.0
ADIPOR2     0.549034  106.846489   0.0  0.0     4.0
AC008571.2  0.546128  105.808754   0.0  0.0     4.0
LRRC1       0.579603  105.546661   0.0  0.0     4.0
PDK4        0.606397  104.317162   0.0  0.0     4.0
IKZF2       0.518742  102.022697   0.0  0.0     4.0
HMGCLL1     0.596091  101.449203   0.0  0.0     4.0
SHC2        0.327904  100.095390   0.0  0.0     4.0
MGAT5       0.516554   98.801788   0.0  0.0     4.0
TMEM178A    0.598985   98.519180   0.0  0.0     4.0
TBC1D12     0.519027   97.632599   0.0  0.0     4.0
RASGRF1     0.412652   97.378105   0.0  0.0     4.0
PDE1C       0.562686   96.853798   0.0  0.0     4.0
FSTL5       0.662746   95.968292   0.0  0.0     4.0
LRP1B       0.569124   94.859520   0.0  0.0     4.0
LRP2        0.607657   94.279663   0.0  0.0     4.0
SGK3        0.564019   92.880264   0.0  0.0     4.0
----------------------------------------
Top results for Module 5:
                   C          Z  Pval  FDR  Module
Gene                                              
CTNNA2      0.412057  97.871597   0.0  0.0     5.0
BNC2        0.346116  89.006088   0.0  0.0     5.0
ADGRV1      0.325048  76.174713   0.0  0.0     5.0
DPP6        0.457192  74.418770   0.0  0.0     5.0
L1CAM       0.270111  70.812088   0.0  0.0     5.0
PRKG1       0.296980  70.483986   0.0  0.0     5.0
AC093817.2  0.224609  69.211128   0.0  0.0     5.0
BMPR1B      0.276625  68.032875   0.0  0.0     5.0
AC092957.1  0.186971  66.117119   0.0  0.0     5.0
PAM         0.294715  65.905800   0.0  0.0     5.0
ACACB       0.445589  63.089008   0.0  0.0     5.0
DNAH7       0.246330  58.714657   0.0  0.0     5.0
PCED1B      0.200150  58.231613   0.0  0.0     5.0
FLRT2       0.238578  57.238770   0.0  0.0     5.0
SYNPO2      0.256099  55.962498   0.0  0.0     5.0
RORA        0.364722  55.213432   0.0  0.0     5.0
ZEB1        0.246092  54.610073   0.0  0.0     5.0
ARHGAP42    0.212423  54.312878   0.0  0.0     5.0
ACSS3       0.256977  54.185154   0.0  0.0     5.0
MROH7       0.281201  51.386826   0.0  0.0     5.0
----------------------------------------
Top results for Module 6:
                   C           Z  Pval  FDR  Module
Gene                                               
AC068759.1  0.424864  324.206512   0.0  0.0     6.0
CCDC144A    0.356123  220.137573   0.0  0.0     6.0
ANKRD18A    0.441147  198.528122   0.0  0.0     6.0
SSC4D       0.656041  188.918457   0.0  0.0     6.0
ANXA1       0.422813  179.982758   0.0  0.0     6.0
IGFBP6      0.411887  165.720810   0.0  0.0     6.0
C1QTNF4     0.308749  158.248062   0.0  0.0     6.0
AC004540.1  0.559810  152.131958   0.0  0.0     6.0
AEBP1       0.310960  147.761749   0.0  0.0     6.0
PRPH        0.242412  147.148575   0.0  0.0     6.0
ZP3         0.572258  141.808105   0.0  0.0     6.0
NBL1        0.362512  136.458878   0.0  0.0     6.0
RANBP17     0.623570  134.436371   0.0  0.0     6.0
MICALL2     0.543563  132.716843   0.0  0.0     6.0
NFATC4      0.264538  129.792419   0.0  0.0     6.0
RNF212      0.648723  127.717384   0.0  0.0     6.0
LCNL1       0.336697  125.171188   0.0  0.0     6.0
ANKRD18B    0.372776  124.001457   0.0  0.0     6.0
AC051619.5  0.539253  121.109047   0.0  0.0     6.0
SAT1        0.465431  120.993813   0.0  0.0     6.0
----------------------------------------
Top results for Module 7:
                   C           Z  Pval  FDR  Module
Gene                                               
SH3BP5      0.849662  270.240448   0.0  0.0     7.0
FGFBP2      0.519581  170.989517   0.0  0.0     7.0
AC114485.1  0.627170  133.912277   0.0  0.0     7.0
MSR1        0.558342  131.608292   0.0  0.0     7.0
OLFM3       0.606004  131.335678   0.0  0.0     7.0
ZNF630      0.665624  117.172295   0.0  0.0     7.0
NEGR1       0.550729  114.519234   0.0  0.0     7.0
GPD1        0.596640  113.632912   0.0  0.0     7.0
LINC01949   0.549052  112.819710   0.0  0.0     7.0
AC138627.1  0.578504  111.976814   0.0  0.0     7.0
VSTM2B      0.489539  110.855148   0.0  0.0     7.0
KCTD8       0.552390  110.506065   0.0  0.0     7.0
TRG-AS1     0.461803  109.742928   0.0  0.0     7.0
ADCY7       0.592125  109.574425   0.0  0.0     7.0
RMRP        0.544705  108.141289   0.0  0.0     7.0
SLC27A6     0.529538  105.139015   0.0  0.0     7.0
AL391840.1  0.527197  104.788467   0.0  0.0     7.0
GOLGA8B     0.512870  103.512527   0.0  0.0     7.0
THSD7B      0.384469  103.486992   0.0  0.0     7.0
AC002460.2  0.552030  103.383232   0.0  0.0     7.0
----------------------------------------
Top results for Module 8:
                   C           Z  Pval  FDR  Module
Gene                                               
DDX5        0.543255  124.888199   0.0  0.0     8.0
PDCD7       0.496861  101.335640   0.0  0.0     8.0
TAF1D       0.394367   87.153465   0.0  0.0     8.0
FN3K        0.523270   78.389015   0.0  0.0     8.0
BRD9        0.505956   71.628227   0.0  0.0     8.0
GPAT2       0.316407   66.375923   0.0  0.0     8.0
FAM118A     0.557501   62.972275   0.0  0.0     8.0
AL133538.1  0.790887   59.052280   0.0  0.0     8.0
LINC00326   0.797212   58.748180   0.0  0.0     8.0
TMEM40      0.567183   57.096870   0.0  0.0     8.0
PGP         0.367580   56.611782   0.0  0.0     8.0
AC026341.1  0.329320   52.117649   0.0  0.0     8.0
MTRNR2L1    0.628538   51.920380   0.0  0.0     8.0
LINC01322   0.389952   50.949604   0.0  0.0     8.0
PDE8B       0.462274   50.732822   0.0  0.0     8.0
FAM182A     0.394013   50.444504   0.0  0.0     8.0
LINC00486   0.565910   50.311218   0.0  0.0     8.0
AL021368.2  0.381882   50.290302   0.0  0.0     8.0
DNAJA3      0.473446   49.986969   0.0  0.0     8.0
HOOK2       0.439693   49.985317   0.0  0.0     8.0
----------------------------------------
Top results for Module 9:
                   C           Z  Pval  FDR  Module
Gene                                               
EMC10       0.604760  110.210884   0.0  0.0     9.0
PTN         0.698772  102.653938   0.0  0.0     9.0
CSMD3       0.676648  100.318939   0.0  0.0     9.0
ADAM19      0.505439   98.641197   0.0  0.0     9.0
KCNAB1      0.565168   98.043999   0.0  0.0     9.0
ARPP21      0.616201   95.980194   0.0  0.0     9.0
QDPR        0.550521   94.579453   0.0  0.0     9.0
ERBB4       0.629191   93.247406   0.0  0.0     9.0
DISC1       0.507419   93.062035   0.0  0.0     9.0
FCHSD2      0.625532   92.851639   0.0  0.0     9.0
MDGA2       0.601524   92.188171   0.0  0.0     9.0
CD9         0.519803   90.740379   0.0  0.0     9.0
CTNND2      0.560438   90.525322   0.0  0.0     9.0
KCNK10      0.607403   88.777916   0.0  0.0     9.0
FAM126A     0.625276   88.596176   0.0  0.0     9.0
FADS2       0.507823   88.203903   0.0  0.0     9.0
FUT9        0.601844   87.999947   0.0  0.0     9.0
SGCZ        0.622333   87.453484   0.0  0.0     9.0
PACRG       0.664544   86.970032   0.0  0.0     9.0
AL034405.1  0.654837   83.788742   0.0  0.0     9.0
----------------------------------------
Top results for Module 10:
                   C           Z  Pval  FDR  Module
Gene                                               
CASC9       0.688718  201.727371   0.0  0.0    10.0
LINC02645   0.663943  193.804749   0.0  0.0    10.0
AL713851.1  0.526745  137.690613   0.0  0.0    10.0
TIMP1       0.519141  119.955208   0.0  0.0    10.0
AQP4        0.585907  109.133415   0.0  0.0    10.0
CLDN5       0.425783  102.797844   0.0  0.0    10.0
MRPL41      0.463445  102.467766   0.0  0.0    10.0
APOE        0.467896   99.441528   0.0  0.0    10.0
MYRIP       0.491583   97.722275   0.0  0.0    10.0
HLA-E       0.540423   97.200989   0.0  0.0    10.0
AQP1        0.478204   92.408562   0.0  0.0    10.0
ITM2C       0.470058   87.396095   0.0  0.0    10.0
VIM         0.573610   84.293266   0.0  0.0    10.0
SH2D6       0.574731   82.796516   0.0  0.0    10.0
MDGA1       0.417651   80.744865   0.0  0.0    10.0
MFGE8       0.389036   77.139786   0.0  0.0    10.0
ADIRF       0.334877   75.201042   0.0  0.0    10.0
SPARCL1     0.508988   74.486183   0.0  0.0    10.0
LINC01583   0.385137   74.234840   0.0  0.0    10.0
AZGP1       0.535190   73.396141   0.0  0.0    10.0
----------------------------------------
Top results for Module 11:
                   C           Z  Pval  FDR  Module
Gene                                               
TDRD12      0.568935  111.755424   0.0  0.0    11.0
NDRG2       0.581441  110.257652   0.0  0.0    11.0
LINC01060   0.624524  106.755890   0.0  0.0    11.0
AC005532.1  0.605618  106.389908   0.0  0.0    11.0
EPCAM-DT    0.511787  102.848495   0.0  0.0    11.0
NELL2       0.498909   95.841255   0.0  0.0    11.0
CDH20       0.433399   94.031815   0.0  0.0    11.0
SORCS2      0.513119   93.821129   0.0  0.0    11.0
TACC1       0.530395   93.066338   0.0  0.0    11.0
LGSN        0.453503   88.898117   0.0  0.0    11.0
LINC01446   0.393314   88.585304   0.0  0.0    11.0
ADARB2      0.534004   88.482910   0.0  0.0    11.0
TBCD        0.534590   82.533882   0.0  0.0    11.0
PDE6B       0.542181   78.498352   0.0  0.0    11.0
ARMC9       0.252554   77.883919   0.0  0.0    11.0
CFAP61      0.510957   77.654610   0.0  0.0    11.0
LINC00539   0.528036   75.175461   0.0  0.0    11.0
AC116362.1  0.449111   74.995346   0.0  0.0    11.0
ATAD3C      0.383617   68.832001   0.0  0.0    11.0
PPM1K-DT    0.497276   68.682716   0.0  0.0    11.0
----------------------------------------
Top results for Module 12:
                   C           Z  Pval  FDR  Module
Gene                                               
LRRC7       0.500613  110.022682   0.0  0.0    12.0
NECTIN3     0.558221  107.414635   0.0  0.0    12.0
LINC02470   0.545076  106.712654   0.0  0.0    12.0
DYSF        0.516081  105.237083   0.0  0.0    12.0
AL392086.3  0.683247  104.222923   0.0  0.0    12.0
PLXDC2      0.566227  102.739288   0.0  0.0    12.0
AL158077.2  0.525223  102.317207   0.0  0.0    12.0
AC008945.2  0.606474  101.576523   0.0  0.0    12.0
TMEM232     0.619980  100.495796   0.0  0.0    12.0
SNAP91      0.553148   99.203972   0.0  0.0    12.0
NRXN1       0.677989   98.788078   0.0  0.0    12.0
AC006148.1  0.533638   98.520088   0.0  0.0    12.0
JPX         0.614272   96.271507   0.0  0.0    12.0
VLDLR-AS1   0.577146   95.717407   0.0  0.0    12.0
GIPR        0.553079   95.486389   0.0  0.0    12.0
XIST        0.576104   95.264114   0.0  0.0    12.0
RORB        0.567243   95.153801   0.0  0.0    12.0
KCNQ1OT1    0.516361   94.446526   0.0  0.0    12.0
CLEC2A      0.513379   93.649513   0.0  0.0    12.0
AC108519.1  0.569309   93.382370   0.0  0.0    12.0
----------------------------------------
Top results for Module 13:
                  C           Z  Pval  FDR  Module
Gene                                              
PTPRN2     0.537246  215.986130   0.0  0.0    13.0
COL5A3     0.481677  183.140457   0.0  0.0    13.0
RYR3       0.551243  172.751724   0.0  0.0    13.0
LINC01297  0.379257  155.193481   0.0  0.0    13.0
GFAP       0.359736  139.787277   0.0  0.0    13.0
COL1A2     0.435814  133.688644   0.0  0.0    13.0
MEG3       0.346934  132.642181   0.0  0.0    13.0
SLC26A3    0.345415  131.310272   0.0  0.0    13.0
SLC4A11    0.345863  130.469635   0.0  0.0    13.0
FGFR3      0.385567  128.483688   0.0  0.0    13.0
SLC24A4    0.397715  124.425102   0.0  0.0    13.0
COL6A2     0.357514  123.048599   0.0  0.0    13.0
POTEM      0.310967  108.410591   0.0  0.0    13.0
APLNR      0.334480  107.056252   0.0  0.0    13.0
FLNA       0.398357  103.781448   0.0  0.0    13.0
ADAM33     0.276695  102.187363   0.0  0.0    13.0
COL1A1     0.341245   99.768280   0.0  0.0    13.0
GREM1      0.515571   96.427025   0.0  0.0    13.0
NPIPB2     0.437696   91.565796   0.0  0.0    13.0
PDLIM7     0.282893   90.735870   0.0  0.0    13.0
----------------------------------------
Top results for Module 14:
                   C          Z           Pval            FDR  Module
Gene                                                                 
AC007106.1  0.340969  75.957253   0.000000e+00   0.000000e+00    14.0
AL160272.1  0.397572  54.430023   0.000000e+00   0.000000e+00    14.0
TLR4        0.252709  36.485741  9.333420e-292  1.517136e-291    14.0
AC104002.3  0.154998  36.169548  9.169660e-287  1.480888e-286    14.0
RHPN2       0.223647  33.549671  4.551460e-247  6.987196e-247    14.0
GIMAP5      0.174813  31.831226  1.197259e-222  1.778987e-222    14.0
CNTN5       0.151994  29.964481  1.424940e-197  2.048505e-197    14.0
RARB        0.185313  29.190710  1.272109e-187  1.802365e-187    14.0
DNAH3       0.233356  27.309757  1.624201e-164  2.237809e-164    14.0
LINC01320   0.170100  25.761505  1.197851e-146  1.622225e-146    14.0
AC097480.1  0.163954  24.796846  4.847691e-136  6.484337e-136    14.0
ANK1        0.151404  24.619122  3.942143e-134  5.264613e-134    14.0
AL138720.1  0.182036  23.298849  2.276980e-120  2.984247e-120    14.0
LINC02364   0.121003  21.332581  2.829891e-101  3.625276e-101    14.0
LINC02755   0.125073  17.707647   1.830283e-70   2.245745e-70    14.0
LINC01090   0.132430  16.849606   5.280837e-64   6.418130e-64    14.0
LINC02006   0.104285  16.630051   2.111186e-62   2.556534e-62    14.0
LINC00871   0.090453  15.833167   9.186776e-57   1.102325e-56    14.0
CCDC178     0.118352  15.741047   3.956185e-56   4.742490e-56    14.0
ASIC2       0.114453  15.639745   1.951446e-55   2.337061e-55    14.0
----------------------------------------
160
Computing scores for 10 modules...
Top results for Module 1:
                   C           Z  Pval  FDR  Module
Gene                                               
LINC02506   0.772314  275.767822   0.0  0.0     1.0
AC097654.1  0.668671  222.460342   0.0  0.0     1.0
KLRC3       0.673163  133.748383   0.0  0.0     1.0
DDX5        0.543255  124.888199   0.0  0.0     1.0
TSBP1       0.568895  119.014931   0.0  0.0     1.0
LINC01572   0.610946  116.174248   0.0  0.0     1.0
TSIX        0.554298  110.352097   0.0  0.0     1.0
EMC10       0.604760  110.210884   0.0  0.0     1.0
RNF217-AS1  0.540214  109.628784   0.0  0.0     1.0
KLRC2       0.610641  109.019196   0.0  0.0     1.0
AVEN        0.646745  108.503693   0.0  0.0     1.0
AC093535.1  0.552359  107.635880   0.0  0.0     1.0
PTN         0.698772  102.653938   0.0  0.0     1.0
PRSS51      0.550330  102.317261   0.0  0.0     1.0
PDCD7       0.496861  101.335640   0.0  0.0     1.0
AC100801.1  0.611421  101.140091   0.0  0.0     1.0
CSMD3       0.676648  100.318939   0.0  0.0     1.0
ADAM19      0.505439   98.641197   0.0  0.0     1.0
KCNAB1      0.565168   98.043999   0.0  0.0     1.0
GLRA2       0.612148   97.726608   0.0  0.0     1.0
----------------------------------------
Top results for Module 2:
                   C           Z  Pval  FDR  Module
Gene                                               
HMGCS1      0.517506  113.077896   0.0  0.0     2.0
MMD2        0.365515  112.119370   0.0  0.0     2.0
CTSD        0.468301  108.134781   0.0  0.0     2.0
B2M         0.636934  107.831657   0.0  0.0     2.0
TTTY10      0.556221  102.313858   0.0  0.0     2.0
MSMO1       0.528487  102.003075   0.0  0.0     2.0
SPP1        0.458312  101.436546   0.0  0.0     2.0
PLD5        0.625908   98.836571   0.0  0.0     2.0
JUND        0.426369   97.173698   0.0  0.0     2.0
FABP3       0.445322   96.147568   0.0  0.0     2.0
PGRMC1      0.410891   95.207466   0.0  0.0     2.0
MAG         0.546568   94.308517   0.0  0.0     2.0
SCD         0.449818   93.793213   0.0  0.0     2.0
GRIA4       0.592581   93.145737   0.0  0.0     2.0
AL591115.1  0.726714   92.482185   0.0  0.0     2.0
HSD17B7     0.412261   92.063538   0.0  0.0     2.0
UTY         0.544863   92.038368   0.0  0.0     2.0
CD63        0.475477   90.812515   0.0  0.0     2.0
TUBB4A      0.470644   90.736015   0.0  0.0     2.0
LIFR        0.613085   90.638443   0.0  0.0     2.0
----------------------------------------
Top results for Module 3:
                   C           Z  Pval  FDR  Module
Gene                                               
AC068759.1  0.424864  324.206512   0.0  0.0     3.0
CCDC144A    0.356123  220.137573   0.0  0.0     3.0
ANKRD18A    0.441147  198.528122   0.0  0.0     3.0
SSC4D       0.656041  188.918457   0.0  0.0     3.0
ANXA1       0.422813  179.982758   0.0  0.0     3.0
IGFBP6      0.411887  165.720810   0.0  0.0     3.0
C1QTNF4     0.308749  158.248062   0.0  0.0     3.0
AC004540.1  0.559810  152.131958   0.0  0.0     3.0
AEBP1       0.310960  147.761749   0.0  0.0     3.0
PRPH        0.242412  147.148575   0.0  0.0     3.0
ZP3         0.572258  141.808105   0.0  0.0     3.0
NBL1        0.362512  136.458878   0.0  0.0     3.0
RANBP17     0.623570  134.436371   0.0  0.0     3.0
MICALL2     0.543563  132.716843   0.0  0.0     3.0
NFATC4      0.264538  129.792419   0.0  0.0     3.0
RNF212      0.648723  127.717384   0.0  0.0     3.0
LCNL1       0.336697  125.171188   0.0  0.0     3.0
ANKRD18B    0.372776  124.001457   0.0  0.0     3.0
AC051619.5  0.539253  121.109047   0.0  0.0     3.0
SAT1        0.465431  120.993813   0.0  0.0     3.0
----------------------------------------
Top results for Module 4:
                   C          Z  Pval  FDR  Module
Gene                                              
CTNNA2      0.412057  97.871597   0.0  0.0     4.0
BNC2        0.346116  89.006088   0.0  0.0     4.0
ADGRV1      0.325048  76.174713   0.0  0.0     4.0
DPP6        0.457192  74.418770   0.0  0.0     4.0
L1CAM       0.270111  70.812088   0.0  0.0     4.0
PRKG1       0.296980  70.483986   0.0  0.0     4.0
AC093817.2  0.224609  69.211128   0.0  0.0     4.0
BMPR1B      0.276625  68.032875   0.0  0.0     4.0
AC092957.1  0.186971  66.117119   0.0  0.0     4.0
PAM         0.294715  65.905800   0.0  0.0     4.0
ACACB       0.445589  63.089008   0.0  0.0     4.0
DNAH7       0.246330  58.714657   0.0  0.0     4.0
PCED1B      0.200150  58.231613   0.0  0.0     4.0
FLRT2       0.238578  57.238770   0.0  0.0     4.0
SYNPO2      0.256099  55.962498   0.0  0.0     4.0
RORA        0.364722  55.213432   0.0  0.0     4.0
ZEB1        0.246092  54.610073   0.0  0.0     4.0
ARHGAP42    0.212423  54.312878   0.0  0.0     4.0
ACSS3       0.256977  54.185154   0.0  0.0     4.0
MROH7       0.281201  51.386826   0.0  0.0     4.0
----------------------------------------
Top results for Module 5:
                   C           Z  Pval  FDR  Module
Gene                                               
ZDHHC20     0.693852  119.613632   0.0  0.0     5.0
LRRC63      0.617059  111.716461   0.0  0.0     5.0
ABCA6       0.640979  111.551903   0.0  0.0     5.0
BCL2        0.545239  107.228111   0.0  0.0     5.0
ADIPOR2     0.549034  106.846489   0.0  0.0     5.0
AC008571.2  0.546128  105.808754   0.0  0.0     5.0
LRRC1       0.579603  105.546661   0.0  0.0     5.0
PDK4        0.606397  104.317162   0.0  0.0     5.0
IKZF2       0.518742  102.022697   0.0  0.0     5.0
HMGCLL1     0.596091  101.449203   0.0  0.0     5.0
SHC2        0.327904  100.095390   0.0  0.0     5.0
MGAT5       0.516554   98.801788   0.0  0.0     5.0
TMEM178A    0.598985   98.519180   0.0  0.0     5.0
TBC1D12     0.519027   97.632599   0.0  0.0     5.0
RASGRF1     0.412652   97.378105   0.0  0.0     5.0
PDE1C       0.562686   96.853798   0.0  0.0     5.0
FSTL5       0.662746   95.968292   0.0  0.0     5.0
LRP1B       0.569124   94.859520   0.0  0.0     5.0
LRP2        0.607657   94.279663   0.0  0.0     5.0
SGK3        0.564019   92.880264   0.0  0.0     5.0
----------------------------------------
Top results for Module 6:
                   C           Z  Pval  FDR  Module
Gene                                               
PDE6A       0.154499  149.078400   0.0  0.0     6.0
HCN1        0.186851  147.145828   0.0  0.0     6.0
USH2A       0.143220  144.981186   0.0  0.0     6.0
AC044810.2  0.149143  136.720383   0.0  0.0     6.0
PCDH15      0.161735  133.036224   0.0  0.0     6.0
ABCA4       0.155030  131.561737   0.0  0.0     6.0
PPEF2       0.128625  130.671173   0.0  0.0     6.0
AC130415.1  0.126091  127.786613   0.0  0.0     6.0
RP1         0.173233  127.531998   0.0  0.0     6.0
ZNF385B     0.157318  121.382904   0.0  0.0     6.0
OTX2-AS1    0.157678  121.209145   0.0  0.0     6.0
RIMS2       0.165737  118.868965   0.0  0.0     6.0
ZPBP        0.137959  115.575089   0.0  0.0     6.0
KCNB2       0.155994  102.061562   0.0  0.0     6.0
AL161757.4  0.146275  101.934464   0.0  0.0     6.0
EYS         0.205114  101.262215   0.0  0.0     6.0
SYT1        0.202218   98.503922   0.0  0.0     6.0
SORBS2      0.187698   96.046883   0.0  0.0     6.0
RHO         0.270198   94.026466   0.0  0.0     6.0
CNGA1       0.221168   93.027588   0.0  0.0     6.0
----------------------------------------
Top results for Module 7:
                   C           Z  Pval  FDR  Module
Gene                                               
SH3BP5      0.849662  270.240448   0.0  0.0     7.0
FGFBP2      0.519581  170.989517   0.0  0.0     7.0
AC114485.1  0.627170  133.912277   0.0  0.0     7.0
MSR1        0.558342  131.608292   0.0  0.0     7.0
OLFM3       0.606004  131.335678   0.0  0.0     7.0
ZNF630      0.665624  117.172295   0.0  0.0     7.0
NEGR1       0.550729  114.519234   0.0  0.0     7.0
GPD1        0.596640  113.632912   0.0  0.0     7.0
LINC01949   0.549052  112.819710   0.0  0.0     7.0
AC138627.1  0.578504  111.976814   0.0  0.0     7.0
VSTM2B      0.489539  110.855148   0.0  0.0     7.0
KCTD8       0.552390  110.506065   0.0  0.0     7.0
TRG-AS1     0.461803  109.742928   0.0  0.0     7.0
ADCY7       0.592125  109.574425   0.0  0.0     7.0
RMRP        0.544705  108.141289   0.0  0.0     7.0
SLC27A6     0.529538  105.139015   0.0  0.0     7.0
AL391840.1  0.527197  104.788467   0.0  0.0     7.0
GOLGA8B     0.512870  103.512527   0.0  0.0     7.0
THSD7B      0.384469  103.486992   0.0  0.0     7.0
AC002460.2  0.552030  103.383232   0.0  0.0     7.0
----------------------------------------
Top results for Module 8:
                   C           Z  Pval  FDR  Module
Gene                                               
TDRD12      0.568935  111.755424   0.0  0.0     8.0
NDRG2       0.581441  110.257652   0.0  0.0     8.0
LINC01060   0.624524  106.755890   0.0  0.0     8.0
AC005532.1  0.605618  106.389908   0.0  0.0     8.0
EPCAM-DT    0.511787  102.848495   0.0  0.0     8.0
NELL2       0.498909   95.841255   0.0  0.0     8.0
CDH20       0.433399   94.031815   0.0  0.0     8.0
SORCS2      0.513119   93.821129   0.0  0.0     8.0
TACC1       0.530395   93.066338   0.0  0.0     8.0
LGSN        0.453503   88.898117   0.0  0.0     8.0
LINC01446   0.393314   88.585304   0.0  0.0     8.0
ADARB2      0.534004   88.482910   0.0  0.0     8.0
TBCD        0.534590   82.533882   0.0  0.0     8.0
PDE6B       0.542181   78.498352   0.0  0.0     8.0
ARMC9       0.252554   77.883919   0.0  0.0     8.0
CFAP61      0.510957   77.654610   0.0  0.0     8.0
LINC00539   0.528036   75.175461   0.0  0.0     8.0
AC116362.1  0.449111   74.995346   0.0  0.0     8.0
ATAD3C      0.383617   68.832001   0.0  0.0     8.0
PPM1K-DT    0.497276   68.682716   0.0  0.0     8.0
----------------------------------------
Top results for Module 9:
                   C           Z  Pval  FDR  Module
Gene                                               
LRRC7       0.500613  110.022682   0.0  0.0     9.0
NECTIN3     0.558221  107.414635   0.0  0.0     9.0
LINC02470   0.545076  106.712654   0.0  0.0     9.0
DYSF        0.516081  105.237083   0.0  0.0     9.0
AL392086.3  0.683247  104.222923   0.0  0.0     9.0
PLXDC2      0.566227  102.739288   0.0  0.0     9.0
AL158077.2  0.525223  102.317207   0.0  0.0     9.0
AC008945.2  0.606474  101.576523   0.0  0.0     9.0
TMEM232     0.619980  100.495796   0.0  0.0     9.0
SNAP91      0.553148   99.203972   0.0  0.0     9.0
NRXN1       0.677989   98.788078   0.0  0.0     9.0
AC006148.1  0.533638   98.520088   0.0  0.0     9.0
JPX         0.614272   96.271507   0.0  0.0     9.0
VLDLR-AS1   0.577146   95.717407   0.0  0.0     9.0
GIPR        0.553079   95.486389   0.0  0.0     9.0
XIST        0.576104   95.264114   0.0  0.0     9.0
RORB        0.567243   95.153801   0.0  0.0     9.0
KCNQ1OT1    0.516361   94.446526   0.0  0.0     9.0
CLEC2A      0.513379   93.649513   0.0  0.0     9.0
AC108519.1  0.569309   93.382370   0.0  0.0     9.0
----------------------------------------
Top results for Module 10:
                   C           Z  Pval  FDR  Module
Gene                                               
CASC9       0.688718  201.727371   0.0  0.0    10.0
LINC02645   0.663943  193.804749   0.0  0.0    10.0
AL713851.1  0.526745  137.690613   0.0  0.0    10.0
TIMP1       0.519141  119.955208   0.0  0.0    10.0
AQP4        0.585907  109.133415   0.0  0.0    10.0
CLDN5       0.425783  102.797844   0.0  0.0    10.0
MRPL41      0.463445  102.467766   0.0  0.0    10.0
APOE        0.467896   99.441528   0.0  0.0    10.0
MYRIP       0.491583   97.722275   0.0  0.0    10.0
HLA-E       0.540423   97.200989   0.0  0.0    10.0
AQP1        0.478204   92.408562   0.0  0.0    10.0
ITM2C       0.470058   87.396095   0.0  0.0    10.0
VIM         0.573610   84.293266   0.0  0.0    10.0
SH2D6       0.574731   82.796516   0.0  0.0    10.0
MDGA1       0.417651   80.744865   0.0  0.0    10.0
MFGE8       0.389036   77.139786   0.0  0.0    10.0
ADIRF       0.334877   75.201042   0.0  0.0    10.0
SPARCL1     0.508988   74.486183   0.0  0.0    10.0
LINC01583   0.385137   74.234840   0.0  0.0    10.0
AZGP1       0.535190   73.396141   0.0  0.0    10.0
----------------------------------------
200
Computing scores for 8 modules...
Top results for Module 1:
                   C           Z  Pval  FDR  Module
Gene                                               
LINC02506   0.772314  275.767822   0.0  0.0     1.0
AC097654.1  0.668671  222.460342   0.0  0.0     1.0
KLRC3       0.673163  133.748383   0.0  0.0     1.0
DDX5        0.543255  124.888199   0.0  0.0     1.0
TSBP1       0.568895  119.014931   0.0  0.0     1.0
LINC01572   0.610946  116.174248   0.0  0.0     1.0
TSIX        0.554298  110.352097   0.0  0.0     1.0
EMC10       0.604760  110.210884   0.0  0.0     1.0
RNF217-AS1  0.540214  109.628784   0.0  0.0     1.0
KLRC2       0.610641  109.019196   0.0  0.0     1.0
AVEN        0.646745  108.503693   0.0  0.0     1.0
AC093535.1  0.552359  107.635880   0.0  0.0     1.0
PTN         0.698772  102.653938   0.0  0.0     1.0
PRSS51      0.550330  102.317261   0.0  0.0     1.0
PDCD7       0.496861  101.335640   0.0  0.0     1.0
AC100801.1  0.611421  101.140091   0.0  0.0     1.0
CSMD3       0.676648  100.318939   0.0  0.0     1.0
ADAM19      0.505439   98.641197   0.0  0.0     1.0
KCNAB1      0.565168   98.043999   0.0  0.0     1.0
GLRA2       0.612148   97.726608   0.0  0.0     1.0
----------------------------------------
Top results for Module 2:
                   C           Z  Pval  FDR  Module
Gene                                               
HMGCS1      0.517506  113.077896   0.0  0.0     2.0
MMD2        0.365515  112.119370   0.0  0.0     2.0
CTSD        0.468301  108.134781   0.0  0.0     2.0
B2M         0.636934  107.831657   0.0  0.0     2.0
TTTY10      0.556221  102.313858   0.0  0.0     2.0
MSMO1       0.528487  102.003075   0.0  0.0     2.0
SPP1        0.458312  101.436546   0.0  0.0     2.0
PLD5        0.625908   98.836571   0.0  0.0     2.0
JUND        0.426369   97.173698   0.0  0.0     2.0
FABP3       0.445322   96.147568   0.0  0.0     2.0
PGRMC1      0.410891   95.207466   0.0  0.0     2.0
MAG         0.546568   94.308517   0.0  0.0     2.0
SCD         0.449818   93.793213   0.0  0.0     2.0
GRIA4       0.592581   93.145737   0.0  0.0     2.0
AL591115.1  0.726714   92.482185   0.0  0.0     2.0
HSD17B7     0.412261   92.063538   0.0  0.0     2.0
UTY         0.544863   92.038368   0.0  0.0     2.0
CD63        0.475477   90.812515   0.0  0.0     2.0
TUBB4A      0.470644   90.736015   0.0  0.0     2.0
LIFR        0.613085   90.638443   0.0  0.0     2.0
----------------------------------------
Top results for Module 3:
                   C           Z  Pval  FDR  Module
Gene                                               
AC068759.1  0.424864  324.206512   0.0  0.0     3.0
CCDC144A    0.356123  220.137573   0.0  0.0     3.0
ANKRD18A    0.441147  198.528122   0.0  0.0     3.0
SSC4D       0.656041  188.918457   0.0  0.0     3.0
ANXA1       0.422813  179.982758   0.0  0.0     3.0
IGFBP6      0.411887  165.720810   0.0  0.0     3.0
C1QTNF4     0.308749  158.248062   0.0  0.0     3.0
AC004540.1  0.559810  152.131958   0.0  0.0     3.0
AEBP1       0.310960  147.761749   0.0  0.0     3.0
PRPH        0.242412  147.148575   0.0  0.0     3.0
ZP3         0.572258  141.808105   0.0  0.0     3.0
NBL1        0.362512  136.458878   0.0  0.0     3.0
RANBP17     0.623570  134.436371   0.0  0.0     3.0
MICALL2     0.543563  132.716843   0.0  0.0     3.0
NFATC4      0.264538  129.792419   0.0  0.0     3.0
RNF212      0.648723  127.717384   0.0  0.0     3.0
LCNL1       0.336697  125.171188   0.0  0.0     3.0
ANKRD18B    0.372776  124.001457   0.0  0.0     3.0
AC051619.5  0.539253  121.109047   0.0  0.0     3.0
SAT1        0.465431  120.993813   0.0  0.0     3.0
----------------------------------------
Top results for Module 4:
                   C           Z  Pval  FDR  Module
Gene                                               
ZDHHC20     0.693852  119.613632   0.0  0.0     4.0
LRRC63      0.617059  111.716461   0.0  0.0     4.0
ABCA6       0.640979  111.551903   0.0  0.0     4.0
BCL2        0.545239  107.228111   0.0  0.0     4.0
ADIPOR2     0.549034  106.846489   0.0  0.0     4.0
AC008571.2  0.546128  105.808754   0.0  0.0     4.0
LRRC1       0.579603  105.546661   0.0  0.0     4.0
PDK4        0.606397  104.317162   0.0  0.0     4.0
IKZF2       0.518742  102.022697   0.0  0.0     4.0
HMGCLL1     0.596091  101.449203   0.0  0.0     4.0
SHC2        0.327904  100.095390   0.0  0.0     4.0
MGAT5       0.516554   98.801788   0.0  0.0     4.0
TMEM178A    0.598985   98.519180   0.0  0.0     4.0
TBC1D12     0.519027   97.632599   0.0  0.0     4.0
RASGRF1     0.412652   97.378105   0.0  0.0     4.0
PDE1C       0.562686   96.853798   0.0  0.0     4.0
FSTL5       0.662746   95.968292   0.0  0.0     4.0
LRP1B       0.569124   94.859520   0.0  0.0     4.0
LRP2        0.607657   94.279663   0.0  0.0     4.0
SGK3        0.564019   92.880264   0.0  0.0     4.0
----------------------------------------
Top results for Module 5:
                   C           Z  Pval  FDR  Module
Gene                                               
PDE6A       0.154499  149.078400   0.0  0.0     5.0
HCN1        0.186851  147.145828   0.0  0.0     5.0
USH2A       0.143220  144.981186   0.0  0.0     5.0
AC044810.2  0.149143  136.720383   0.0  0.0     5.0
PCDH15      0.161735  133.036224   0.0  0.0     5.0
ABCA4       0.155030  131.561737   0.0  0.0     5.0
PPEF2       0.128625  130.671173   0.0  0.0     5.0
AC130415.1  0.126091  127.786613   0.0  0.0     5.0
RP1         0.173233  127.531998   0.0  0.0     5.0
ZNF385B     0.157318  121.382904   0.0  0.0     5.0
OTX2-AS1    0.157678  121.209145   0.0  0.0     5.0
RIMS2       0.165737  118.868965   0.0  0.0     5.0
ZPBP        0.137959  115.575089   0.0  0.0     5.0
KCNB2       0.155994  102.061562   0.0  0.0     5.0
AL161757.4  0.146275  101.934464   0.0  0.0     5.0
EYS         0.205114  101.262215   0.0  0.0     5.0
SYT1        0.202218   98.503922   0.0  0.0     5.0
CTNNA2      0.412057   97.871597   0.0  0.0     5.0
SORBS2      0.187698   96.046883   0.0  0.0     5.0
RHO         0.270198   94.026466   0.0  0.0     5.0
----------------------------------------
Top results for Module 6:
                   C           Z  Pval  FDR  Module
Gene                                               
SH3BP5      0.849662  270.240448   0.0  0.0     6.0
FGFBP2      0.519581  170.989517   0.0  0.0     6.0
AC114485.1  0.627170  133.912277   0.0  0.0     6.0
MSR1        0.558342  131.608292   0.0  0.0     6.0
OLFM3       0.606004  131.335678   0.0  0.0     6.0
ZNF630      0.665624  117.172295   0.0  0.0     6.0
NEGR1       0.550729  114.519234   0.0  0.0     6.0
GPD1        0.596640  113.632912   0.0  0.0     6.0
LINC01949   0.549052  112.819710   0.0  0.0     6.0
AC138627.1  0.578504  111.976814   0.0  0.0     6.0
VSTM2B      0.489539  110.855148   0.0  0.0     6.0
KCTD8       0.552390  110.506065   0.0  0.0     6.0
TRG-AS1     0.461803  109.742928   0.0  0.0     6.0
ADCY7       0.592125  109.574425   0.0  0.0     6.0
RMRP        0.544705  108.141289   0.0  0.0     6.0
SLC27A6     0.529538  105.139015   0.0  0.0     6.0
AL391840.1  0.527197  104.788467   0.0  0.0     6.0
GOLGA8B     0.512870  103.512527   0.0  0.0     6.0
THSD7B      0.384469  103.486992   0.0  0.0     6.0
AC002460.2  0.552030  103.383232   0.0  0.0     6.0
----------------------------------------
Top results for Module 7:
                   C           Z  Pval  FDR  Module
Gene                                               
TDRD12      0.568935  111.755424   0.0  0.0     7.0
NDRG2       0.581441  110.257652   0.0  0.0     7.0
LINC01060   0.624524  106.755890   0.0  0.0     7.0
AC005532.1  0.605618  106.389908   0.0  0.0     7.0
EPCAM-DT    0.511787  102.848495   0.0  0.0     7.0
NELL2       0.498909   95.841255   0.0  0.0     7.0
CDH20       0.433399   94.031815   0.0  0.0     7.0
SORCS2      0.513119   93.821129   0.0  0.0     7.0
TACC1       0.530395   93.066338   0.0  0.0     7.0
LGSN        0.453503   88.898117   0.0  0.0     7.0
LINC01446   0.393314   88.585304   0.0  0.0     7.0
ADARB2      0.534004   88.482910   0.0  0.0     7.0
TBCD        0.534590   82.533882   0.0  0.0     7.0
PDE6B       0.542181   78.498352   0.0  0.0     7.0
ARMC9       0.252554   77.883919   0.0  0.0     7.0
CFAP61      0.510957   77.654610   0.0  0.0     7.0
LINC00539   0.528036   75.175461   0.0  0.0     7.0
AC116362.1  0.449111   74.995346   0.0  0.0     7.0
ATAD3C      0.383617   68.832001   0.0  0.0     7.0
PPM1K-DT    0.497276   68.682716   0.0  0.0     7.0
----------------------------------------
Top results for Module 8:
                   C           Z  Pval  FDR  Module
Gene                                               
LRRC7       0.500613  110.022682   0.0  0.0     8.0
NECTIN3     0.558221  107.414635   0.0  0.0     8.0
LINC02470   0.545076  106.712654   0.0  0.0     8.0
DYSF        0.516081  105.237083   0.0  0.0     8.0
AL392086.3  0.683247  104.222923   0.0  0.0     8.0
PLXDC2      0.566227  102.739288   0.0  0.0     8.0
AL158077.2  0.525223  102.317207   0.0  0.0     8.0
AC008945.2  0.606474  101.576523   0.0  0.0     8.0
TMEM232     0.619980  100.495796   0.0  0.0     8.0
SNAP91      0.553148   99.203972   0.0  0.0     8.0
NRXN1       0.677989   98.788078   0.0  0.0     8.0
AC006148.1  0.533638   98.520088   0.0  0.0     8.0
JPX         0.614272   96.271507   0.0  0.0     8.0
VLDLR-AS1   0.577146   95.717407   0.0  0.0     8.0
GIPR        0.553079   95.486389   0.0  0.0     8.0
XIST        0.576104   95.264114   0.0  0.0     8.0
RORB        0.567243   95.153801   0.0  0.0     8.0
KCNQ1OT1    0.516361   94.446526   0.0  0.0     8.0
CLEC2A      0.513379   93.649513   0.0  0.0     8.0
AC108519.1  0.569309   93.382370   0.0  0.0     8.0
----------------------------------------
250
Computing scores for 6 modules...
Top results for Module 1:
                   C           Z  Pval  FDR  Module
Gene                                               
LINC02506   0.772314  275.767822   0.0  0.0     1.0
AC097654.1  0.668671  222.460342   0.0  0.0     1.0
KLRC3       0.673163  133.748383   0.0  0.0     1.0
DDX5        0.543255  124.888199   0.0  0.0     1.0
TSBP1       0.568895  119.014931   0.0  0.0     1.0
LINC01572   0.610946  116.174248   0.0  0.0     1.0
TSIX        0.554298  110.352097   0.0  0.0     1.0
EMC10       0.604760  110.210884   0.0  0.0     1.0
RNF217-AS1  0.540214  109.628784   0.0  0.0     1.0
KLRC2       0.610641  109.019196   0.0  0.0     1.0
AVEN        0.646745  108.503693   0.0  0.0     1.0
AC093535.1  0.552359  107.635880   0.0  0.0     1.0
PTN         0.698772  102.653938   0.0  0.0     1.0
PRSS51      0.550330  102.317261   0.0  0.0     1.0
PDCD7       0.496861  101.335640   0.0  0.0     1.0
AC100801.1  0.611421  101.140091   0.0  0.0     1.0
CSMD3       0.676648  100.318939   0.0  0.0     1.0
ADAM19      0.505439   98.641197   0.0  0.0     1.0
KCNAB1      0.565168   98.043999   0.0  0.0     1.0
GLRA2       0.612148   97.726608   0.0  0.0     1.0
----------------------------------------
Top results for Module 2:
                   C           Z  Pval  FDR  Module
Gene                                               
HMGCS1      0.517506  113.077896   0.0  0.0     2.0
MMD2        0.365515  112.119370   0.0  0.0     2.0
CTSD        0.468301  108.134781   0.0  0.0     2.0
B2M         0.636934  107.831657   0.0  0.0     2.0
TTTY10      0.556221  102.313858   0.0  0.0     2.0
MSMO1       0.528487  102.003075   0.0  0.0     2.0
SPP1        0.458312  101.436546   0.0  0.0     2.0
PLD5        0.625908   98.836571   0.0  0.0     2.0
JUND        0.426369   97.173698   0.0  0.0     2.0
FABP3       0.445322   96.147568   0.0  0.0     2.0
PGRMC1      0.410891   95.207466   0.0  0.0     2.0
MAG         0.546568   94.308517   0.0  0.0     2.0
SCD         0.449818   93.793213   0.0  0.0     2.0
GRIA4       0.592581   93.145737   0.0  0.0     2.0
AL591115.1  0.726714   92.482185   0.0  0.0     2.0
HSD17B7     0.412261   92.063538   0.0  0.0     2.0
UTY         0.544863   92.038368   0.0  0.0     2.0
CD63        0.475477   90.812515   0.0  0.0     2.0
TUBB4A      0.470644   90.736015   0.0  0.0     2.0
LIFR        0.613085   90.638443   0.0  0.0     2.0
----------------------------------------
Top results for Module 3:
                   C           Z  Pval  FDR  Module
Gene                                               
AC068759.1  0.424864  324.206512   0.0  0.0     3.0
CCDC144A    0.356123  220.137573   0.0  0.0     3.0
ANKRD18A    0.441147  198.528122   0.0  0.0     3.0
SSC4D       0.656041  188.918457   0.0  0.0     3.0
ANXA1       0.422813  179.982758   0.0  0.0     3.0
IGFBP6      0.411887  165.720810   0.0  0.0     3.0
C1QTNF4     0.308749  158.248062   0.0  0.0     3.0
AC004540.1  0.559810  152.131958   0.0  0.0     3.0
AEBP1       0.310960  147.761749   0.0  0.0     3.0
PRPH        0.242412  147.148575   0.0  0.0     3.0
ZP3         0.572258  141.808105   0.0  0.0     3.0
NBL1        0.362512  136.458878   0.0  0.0     3.0
RANBP17     0.623570  134.436371   0.0  0.0     3.0
MICALL2     0.543563  132.716843   0.0  0.0     3.0
NFATC4      0.264538  129.792419   0.0  0.0     3.0
RNF212      0.648723  127.717384   0.0  0.0     3.0
LCNL1       0.336697  125.171188   0.0  0.0     3.0
ANKRD18B    0.372776  124.001457   0.0  0.0     3.0
AC051619.5  0.539253  121.109047   0.0  0.0     3.0
SAT1        0.465431  120.993813   0.0  0.0     3.0
----------------------------------------
Top results for Module 4:
                   C           Z  Pval  FDR  Module
Gene                                               
PDE6A       0.154499  149.078400   0.0  0.0     4.0
HCN1        0.186851  147.145828   0.0  0.0     4.0
USH2A       0.143220  144.981186   0.0  0.0     4.0
AC044810.2  0.149143  136.720383   0.0  0.0     4.0
PCDH15      0.161735  133.036224   0.0  0.0     4.0
ABCA4       0.155030  131.561737   0.0  0.0     4.0
PPEF2       0.128625  130.671173   0.0  0.0     4.0
AC130415.1  0.126091  127.786613   0.0  0.0     4.0
RP1         0.173233  127.531998   0.0  0.0     4.0
ZNF385B     0.157318  121.382904   0.0  0.0     4.0
OTX2-AS1    0.157678  121.209145   0.0  0.0     4.0
RIMS2       0.165737  118.868965   0.0  0.0     4.0
ZPBP        0.137959  115.575089   0.0  0.0     4.0
KCNB2       0.155994  102.061562   0.0  0.0     4.0
AL161757.4  0.146275  101.934464   0.0  0.0     4.0
EYS         0.205114  101.262215   0.0  0.0     4.0
SYT1        0.202218   98.503922   0.0  0.0     4.0
CTNNA2      0.412057   97.871597   0.0  0.0     4.0
SORBS2      0.187698   96.046883   0.0  0.0     4.0
RHO         0.270198   94.026466   0.0  0.0     4.0
----------------------------------------
Top results for Module 5:
                   C           Z  Pval  FDR  Module
Gene                                               
ZDHHC20     0.693852  119.613632   0.0  0.0     5.0
LRRC63      0.617059  111.716461   0.0  0.0     5.0
ABCA6       0.640979  111.551903   0.0  0.0     5.0
BCL2        0.545239  107.228111   0.0  0.0     5.0
ADIPOR2     0.549034  106.846489   0.0  0.0     5.0
AC008571.2  0.546128  105.808754   0.0  0.0     5.0
LRRC1       0.579603  105.546661   0.0  0.0     5.0
PDK4        0.606397  104.317162   0.0  0.0     5.0
IKZF2       0.518742  102.022697   0.0  0.0     5.0
HMGCLL1     0.596091  101.449203   0.0  0.0     5.0
SHC2        0.327904  100.095390   0.0  0.0     5.0
MGAT5       0.516554   98.801788   0.0  0.0     5.0
TMEM178A    0.598985   98.519180   0.0  0.0     5.0
TBC1D12     0.519027   97.632599   0.0  0.0     5.0
RASGRF1     0.412652   97.378105   0.0  0.0     5.0
PDE1C       0.562686   96.853798   0.0  0.0     5.0
FSTL5       0.662746   95.968292   0.0  0.0     5.0
LRP1B       0.569124   94.859520   0.0  0.0     5.0
LRP2        0.607657   94.279663   0.0  0.0     5.0
SGK3        0.564019   92.880264   0.0  0.0     5.0
----------------------------------------
Top results for Module 6:
                   C           Z  Pval  FDR  Module
Gene                                               
SH3BP5      0.849662  270.240448   0.0  0.0     6.0
FGFBP2      0.519581  170.989517   0.0  0.0     6.0
AC114485.1  0.627170  133.912277   0.0  0.0     6.0
MSR1        0.558342  131.608292   0.0  0.0     6.0
OLFM3       0.606004  131.335678   0.0  0.0     6.0
ZNF630      0.665624  117.172295   0.0  0.0     6.0
NEGR1       0.550729  114.519234   0.0  0.0     6.0
GPD1        0.596640  113.632912   0.0  0.0     6.0
LINC01949   0.549052  112.819710   0.0  0.0     6.0
AC138627.1  0.578504  111.976814   0.0  0.0     6.0
VSTM2B      0.489539  110.855148   0.0  0.0     6.0
KCTD8       0.552390  110.506065   0.0  0.0     6.0
TRG-AS1     0.461803  109.742928   0.0  0.0     6.0
ADCY7       0.592125  109.574425   0.0  0.0     6.0
RMRP        0.544705  108.141289   0.0  0.0     6.0
SLC27A6     0.529538  105.139015   0.0  0.0     6.0
AL391840.1  0.527197  104.788467   0.0  0.0     6.0
GOLGA8B     0.512870  103.512527   0.0  0.0     6.0
THSD7B      0.384469  103.486992   0.0  0.0     6.0
AC002460.2  0.552030  103.383232   0.0  0.0     6.0
----------------------------------------
