200
Computing scores for 8 modules...
Top results for Module 1:
                   C           Z  Pval  FDR  Module
Gene                                               
AC068759.1  0.653648  334.780884   0.0  0.0     1.0
IGFBP6      0.599641  192.594223   0.0  0.0     1.0
IFI16       0.381696  191.710770   0.0  0.0     1.0
CNDP1       0.509628  181.344376   0.0  0.0     1.0
SAT1        0.590014  170.604340   0.0  0.0     1.0
RAB40B      0.598441  169.689362   0.0  0.0     1.0
ANXA1       0.584435  165.393616   0.0  0.0     1.0
MEG3        0.475051  157.847153   0.0  0.0     1.0
SEMA4B      0.485543  152.873734   0.0  0.0     1.0
CD55        0.583013  148.223648   0.0  0.0     1.0
MT2A        0.569518  143.603043   0.0  0.0     1.0
DICER1      0.531910  139.656662   0.0  0.0     1.0
C1QTNF4     0.439561  137.371063   0.0  0.0     1.0
NBL1        0.450725  134.929886   0.0  0.0     1.0
FAM20C      0.499648  129.862671   0.0  0.0     1.0
KIAA0586    0.362815  128.743591   0.0  0.0     1.0
ZFP36       0.480590  125.208633   0.0  0.0     1.0
ITPRID2     0.392522  121.814186   0.0  0.0     1.0
ARHGAP39    0.381140  120.654762   0.0  0.0     1.0
SLC22A23    0.496882  120.533638   0.0  0.0     1.0
----------------------------------------
Top results for Module 2:
                    C           Z  Pval  FDR  Module
Gene                                                
RIMS2        0.291300  153.097275   0.0  0.0     2.0
USH2A        0.275068  149.786407   0.0  0.0     2.0
PPEF2        0.269917  149.237061   0.0  0.0     2.0
PCDH15       0.281051  139.822052   0.0  0.0     2.0
OTX2-AS1     0.287504  136.702637   0.0  0.0     2.0
AC130415.1   0.242051  133.052658   0.0  0.0     2.0
EYS          0.296386  129.772339   0.0  0.0     2.0
PDE6A        0.263098  129.410782   0.0  0.0     2.0
HCN1         0.287472  127.506691   0.0  0.0     2.0
RP1          0.273185  127.066719   0.0  0.0     2.0
AC044810.2   0.258910  119.677635   0.0  0.0     2.0
PALM2-AKAP2  0.665476  117.184349   0.0  0.0     2.0
ABCA4        0.257670  114.874474   0.0  0.0     2.0
SYT1         0.284628  110.067337   0.0  0.0     2.0
ZNF385B      0.255568  105.777458   0.0  0.0     2.0
KCNMB4       0.529541  105.056190   0.0  0.0     2.0
ZPBP         0.246631  103.334694   0.0  0.0     2.0
RHO          0.310220  101.486343   0.0  0.0     2.0
AL161757.4   0.216251  101.026505   0.0  0.0     2.0
MPP4         0.236325   98.116066   0.0  0.0     2.0
----------------------------------------
Top results for Module 3:
                   C          Z           Pval            FDR  Module
Gene                                                                 
B2M         0.501868  77.484612   0.000000e+00   0.000000e+00     3.0
HLA-C       0.319370  60.324192   0.000000e+00   0.000000e+00     3.0
PTCSC3      0.368854  57.007832   0.000000e+00   0.000000e+00     3.0
AC104041.1  0.242424  52.451206   0.000000e+00   0.000000e+00     3.0
HLA-A       0.302241  52.352802   0.000000e+00   0.000000e+00     3.0
KLRC2       0.306937  51.002777   0.000000e+00   0.000000e+00     3.0
KLRC3       0.305542  49.849606   0.000000e+00   0.000000e+00     3.0
LANCL1-AS1  0.380579  49.083118   0.000000e+00   0.000000e+00     3.0
AC109492.1  0.326248  48.524696   0.000000e+00   0.000000e+00     3.0
LRRTM3      0.384279  47.956387   0.000000e+00   0.000000e+00     3.0
ANKUB1      0.382707  47.680199   0.000000e+00   0.000000e+00     3.0
AC008771.1  0.299876  45.439392   0.000000e+00   0.000000e+00     3.0
LINC01470   0.311762  43.679920   0.000000e+00   0.000000e+00     3.0
HLA-B       0.275545  42.608955   0.000000e+00   0.000000e+00     3.0
AL139294.1  0.360680  41.802319   0.000000e+00   0.000000e+00     3.0
DPYD-AS1    0.334395  40.824135   0.000000e+00   0.000000e+00     3.0
LINC02645   0.220663  38.704224   0.000000e+00   0.000000e+00     3.0
AP003086.1  0.297944  38.314831   0.000000e+00   0.000000e+00     3.0
CASC9       0.197240  37.680450   0.000000e+00   0.000000e+00     3.0
AL355835.1  0.269637  37.360306  8.624024e-306  5.242568e-305     3.0
----------------------------------------
Top results for Module 4:
                 C           Z  Pval  FDR  Module
Gene                                             
PDIA2     0.499093  415.706787   0.0  0.0     4.0
MAP1LC3A  0.479909  399.811859   0.0  0.0     4.0
MVD       0.563292  394.317657   0.0  0.0     4.0
DDX24     0.477088  206.623306   0.0  0.0     4.0
LDLR      0.587060  191.213364   0.0  0.0     4.0
FDPS      0.497884  162.486679   0.0  0.0     4.0
L1CAM     0.446259  160.297516   0.0  0.0     4.0
FABP3     0.463328  153.441635   0.0  0.0     4.0
HMGCR     0.477606  149.350388   0.0  0.0     4.0
HMGCS1    0.536878  134.837692   0.0  0.0     4.0
HSD17B7   0.466037  134.658524   0.0  0.0     4.0
PLA2G4C   0.423324  132.768082   0.0  0.0     4.0
KIAA0930  0.436380  122.323189   0.0  0.0     4.0
PNPLA3    0.529830  115.868065   0.0  0.0     4.0
ACSS2     0.440714  114.295792   0.0  0.0     4.0
FADS2     0.488255  112.727921   0.0  0.0     4.0
PER1      0.392331  107.149208   0.0  0.0     4.0
FDFT1     0.507165  106.023254   0.0  0.0     4.0
DUSP16    0.493721  105.780052   0.0  0.0     4.0
HSPD1     0.320299   99.158287   0.0  0.0     4.0
----------------------------------------
Top results for Module 5:
                   C           Z  Pval  FDR  Module
Gene                                               
SORCS2      0.612179  117.535255   0.0  0.0     5.0
ZDHHC20     0.647424  113.649788   0.0  0.0     5.0
CALN1       0.627366  110.021530   0.0  0.0     5.0
ABCA6       0.578816  107.101967   0.0  0.0     5.0
LINC01060   0.652229  105.267998   0.0  0.0     5.0
DIP2B       0.546545  104.189262   0.0  0.0     5.0
ADARB2      0.549630  103.195992   0.0  0.0     5.0
AC023787.2  0.524077   99.733566   0.0  0.0     5.0
LINC00609   0.587381   93.215149   0.0  0.0     5.0
ATP8A1      0.466908   89.687492   0.0  0.0     5.0
CDH20       0.558493   88.331436   0.0  0.0     5.0
DLG1        0.465788   85.842239   0.0  0.0     5.0
SORT1       0.516353   85.596977   0.0  0.0     5.0
AC005532.1  0.568508   85.517342   0.0  0.0     5.0
FBXO32      0.504639   84.314590   0.0  0.0     5.0
LRRC1       0.452623   79.881516   0.0  0.0     5.0
CDH8        0.464225   75.991364   0.0  0.0     5.0
TMEM144     0.378212   75.699890   0.0  0.0     5.0
AFF3        0.532647   74.693336   0.0  0.0     5.0
LRP2        0.431946   74.389801   0.0  0.0     5.0
----------------------------------------
Top results for Module 6:
                   C           Z  Pval  FDR  Module
Gene                                               
THSD7B      0.533172  195.013214   0.0  0.0     6.0
MT-ND3      0.660969  155.653534   0.0  0.0     6.0
MSR1        0.547863  153.355484   0.0  0.0     6.0
PLEKHG1     0.587305  150.100952   0.0  0.0     6.0
FAR1        0.605099  142.472580   0.0  0.0     6.0
GPD1        0.544940  138.977783   0.0  0.0     6.0
RMRP        0.582787  129.263351   0.0  0.0     6.0
AC114485.1  0.596478  128.311340   0.0  0.0     6.0
MT-ATP8     0.659797  121.181679   0.0  0.0     6.0
LINC01949   0.574604  115.792992   0.0  0.0     6.0
LINC01515   0.773435  108.839485   0.0  0.0     6.0
RBFOX1      0.530619  102.696457   0.0  0.0     6.0
MOBP        0.574775  102.437294   0.0  0.0     6.0
VSTM2B      0.451460  101.917107   0.0  0.0     6.0
TMEFF2      0.417831  100.077339   0.0  0.0     6.0
MT-ATP6     0.684810   99.852303   0.0  0.0     6.0
MT-CO3      0.635219   97.272026   0.0  0.0     6.0
SH3BP5      0.506575   96.549637   0.0  0.0     6.0
MT-ND4      0.615867   96.258041   0.0  0.0     6.0
SOX2-OT     0.492416   95.707619   0.0  0.0     6.0
----------------------------------------
Top results for Module 7:
                  C           Z  Pval  FDR  Module
Gene                                              
CCDC144A   0.566570  247.838211   0.0  0.0     7.0
ANKRD18A   0.761941  233.520874   0.0  0.0     7.0
NKTR       0.603688  211.644821   0.0  0.0     7.0
RNPC3      0.586578  186.686066   0.0  0.0     7.0
AKAP9      0.573444  168.203629   0.0  0.0     7.0
PRPF4B     0.533979  165.698944   0.0  0.0     7.0
CCDC88A    0.672059  159.385529   0.0  0.0     7.0
CEP290     0.561584  153.693619   0.0  0.0     7.0
HNRNPDL    0.519300  147.785614   0.0  0.0     7.0
ZFYVE16    0.525362  135.964981   0.0  0.0     7.0
BOD1L1     0.557374  134.817169   0.0  0.0     7.0
PNN        0.499453  134.243271   0.0  0.0     7.0
LINC00342  0.622799  133.859863   0.0  0.0     7.0
SON        0.582658  133.247192   0.0  0.0     7.0
GOLGB1     0.519817  130.100906   0.0  0.0     7.0
MAP1A      0.488494  128.279251   0.0  0.0     7.0
TAF1D      0.439650  127.511810   0.0  0.0     7.0
KNOP1      0.388537  125.873802   0.0  0.0     7.0
GCC2       0.482171  123.968414   0.0  0.0     7.0
ANKRD18B   0.500884  123.829391   0.0  0.0     7.0
----------------------------------------
Top results for Module 8:
                   C           Z  Pval  FDR  Module
Gene                                               
GFAP        0.454935  109.175896   0.0  0.0     8.0
PDE4B       0.402957   99.957069   0.0  0.0     8.0
PEX5L       0.576937   99.831528   0.0  0.0     8.0
FTH1        0.461477   95.599747   0.0  0.0     8.0
GRINA       0.388098   94.175507   0.0  0.0     8.0
ABTB2       0.484792   92.586929   0.0  0.0     8.0
AQP4        0.516165   88.066513   0.0  0.0     8.0
CHKA        0.458962   85.734985   0.0  0.0     8.0
APLNR       0.366412   85.534386   0.0  0.0     8.0
UBC         0.439588   83.453156   0.0  0.0     8.0
LDLRAD3     0.474029   82.012260   0.0  0.0     8.0
QDPR        0.539328   81.958977   0.0  0.0     8.0
AQP1        0.413339   78.890717   0.0  0.0     8.0
NUTM2B-AS1  0.477251   77.681000   0.0  0.0     8.0
GRIA4       0.489504   76.366875   0.0  0.0     8.0
PLD5        0.512801   74.637833   0.0  0.0     8.0
IGF1R       0.474479   72.288414   0.0  0.0     8.0
NDRG2       0.379174   70.422836   0.0  0.0     8.0
MTURN       0.362863   69.647423   0.0  0.0     8.0
RPS27       0.348110   69.193062   0.0  0.0     8.0
----------------------------------------
