200
Computing scores for 9 modules...
Top results for Module 1:
                C           Z  Pval  FDR  Module
Gene                                            
MT-ND3   0.387185  139.490952   0.0  0.0     1.0
CD63     0.457662  134.428055   0.0  0.0     1.0
B2M      0.547713  130.978500   0.0  0.0     1.0
CYP51A1  0.427951  124.960121   0.0  0.0     1.0
SCD      0.517661  123.728127   0.0  0.0     1.0
MT-CO3   0.579254  123.101120   0.0  0.0     1.0
SELENOP  0.406560  122.780502   0.0  0.0     1.0
PLP1     0.466643  121.861168   0.0  0.0     1.0
SPP1     0.423143  121.553566   0.0  0.0     1.0
PSAP     0.581827  120.792969   0.0  0.0     1.0
MT-ATP6  0.604683  119.301025   0.0  0.0     1.0
HLA-B    0.465402  118.473808   0.0  0.0     1.0
MT-CO2   0.603222  117.001190   0.0  0.0     1.0
CD9      0.487158  114.258240   0.0  0.0     1.0
PTMA     0.674334  112.598076   0.0  0.0     1.0
DHCR24   0.450702  111.078041   0.0  0.0     1.0
DNAJB1   0.560578  110.528885   0.0  0.0     1.0
TUBA1A   0.547009  106.967949   0.0  0.0     1.0
CRYAB    0.481720  106.759117   0.0  0.0     1.0
FTH1     0.493007  106.414795   0.0  0.0     1.0
----------------------------------------
Top results for Module 2:
                   C          Z  Pval  FDR  Module
Gene                                              
TMEM40      0.781992  98.638916   0.0  0.0     2.0
FN3K        0.507639  82.998695   0.0  0.0     2.0
SLC7A14     0.433868  81.879974   0.0  0.0     2.0
GSTK1       0.388133  76.538414   0.0  0.0     2.0
DDX5        0.458402  75.678223   0.0  0.0     2.0
AL139294.1  0.409711  73.780426   0.0  0.0     2.0
DPYD-AS1    0.377760  71.239128   0.0  0.0     2.0
AP002370.2  0.402381  70.963120   0.0  0.0     2.0
WSB1        0.426181  70.241676   0.0  0.0     2.0
ELMO1-AS1   0.390611  70.035202   0.0  0.0     2.0
AC026746.1  0.347335  69.601646   0.0  0.0     2.0
AP003086.1  0.381587  69.576530   0.0  0.0     2.0
INSYN2A     0.421749  69.542595   0.0  0.0     2.0
AC098617.1  0.404203  68.809715   0.0  0.0     2.0
FAM118A     0.493867  68.442596   0.0  0.0     2.0
MARCH10     0.316817  68.096848   0.0  0.0     2.0
AC093879.1  0.388290  68.035484   0.0  0.0     2.0
LRRTM3      0.406331  67.202034   0.0  0.0     2.0
PCDH9-AS2   0.425801  67.141525   0.0  0.0     2.0
ANKUB1      0.340321  66.592232   0.0  0.0     2.0
----------------------------------------
Top results for Module 3:
                   C           Z  Pval  FDR  Module
Gene                                               
PDE1A       0.648455  118.030930   0.0  0.0     3.0
TMEM232     0.684243  117.791199   0.0  0.0     3.0
JPX         0.658651  117.586830   0.0  0.0     3.0
AC108519.1  0.639623  112.927216   0.0  0.0     3.0
LRP1B       0.629848  111.746017   0.0  0.0     3.0
RORB        0.618829  111.297394   0.0  0.0     3.0
PPFIA2      0.611493  110.862633   0.0  0.0     3.0
HDAC9       0.618143  110.401207   0.0  0.0     3.0
TMEFF2      0.572843  108.290550   0.0  0.0     3.0
KCNQ1OT1    0.610339  105.850098   0.0  0.0     3.0
LUZP2       0.611876  104.605598   0.0  0.0     3.0
XIST        0.622663  104.275322   0.0  0.0     3.0
GPHN        0.571018  103.763771   0.0  0.0     3.0
DMD         0.570251  102.665451   0.0  0.0     3.0
MAGEC3      0.571107  101.799683   0.0  0.0     3.0
ASPA        0.537828  101.421143   0.0  0.0     3.0
LINC00342   0.556864  101.013962   0.0  0.0     3.0
AP005901.5  0.522603   98.957283   0.0  0.0     3.0
AL512308.1  0.560531   98.765289   0.0  0.0     3.0
CCNH        0.539362   98.414108   0.0  0.0     3.0
----------------------------------------
Top results for Module 4:
                   C           Z  Pval  FDR  Module
Gene                                               
AL445255.1  0.699644  225.047150   0.0  0.0     4.0
RANBP17     0.826853  198.946945   0.0  0.0     4.0
SSC4D       0.677953  170.683517   0.0  0.0     4.0
AC004540.1  0.652549  167.300995   0.0  0.0     4.0
RNF212      0.652950  149.883331   0.0  0.0     4.0
CR1         0.617903  123.539482   0.0  0.0     4.0
CIRBP       0.484322  121.935539   0.0  0.0     4.0
RAB40B      0.606320  120.920830   0.0  0.0     4.0
AC092535.4  0.565207  120.889008   0.0  0.0     4.0
NXPH1       0.490648  116.183418   0.0  0.0     4.0
GFAP        0.466605  109.209831   0.0  0.0     4.0
DICER1      0.662343  108.658226   0.0  0.0     4.0
AC051619.5  0.475884  103.714317   0.0  0.0     4.0
KLHL32      0.563841  102.823006   0.0  0.0     4.0
MATN2       0.487563   97.056747   0.0  0.0     4.0
ZP3         0.454865   97.015251   0.0  0.0     4.0
LINC02073   0.466209   94.942703   0.0  0.0     4.0
AIF1L       0.458335   92.554565   0.0  0.0     4.0
MICALL2     0.448436   91.711624   0.0  0.0     4.0
STAB1       0.392747   89.348801   0.0  0.0     4.0
----------------------------------------
Top results for Module 5:
               C           Z  Pval  FDR  Module
Gene                                           
LAMA2   0.595832  113.109138   0.0  0.0     5.0
MT2A    0.715277  104.094948   0.0  0.0     5.0
FUT9    0.620179   99.439629   0.0  0.0     5.0
VIM     0.588751   97.246338   0.0  0.0     5.0
NRXN3   0.497837   93.581207   0.0  0.0     5.0
ERBB4   0.574094   91.975365   0.0  0.0     5.0
FCHSD2  0.576630   91.308327   0.0  0.0     5.0
VGF     0.543420   91.053963   0.0  0.0     5.0
CSMD3   0.544134   90.039986   0.0  0.0     5.0
ANO4    0.507765   89.195885   0.0  0.0     5.0
PTN     0.508939   88.153458   0.0  0.0     5.0
S100A6  0.649006   82.369377   0.0  0.0     5.0
CLU     0.471564   78.371773   0.0  0.0     5.0
BAALC   0.621567   77.339775   0.0  0.0     5.0
GRIK2   0.495394   75.670631   0.0  0.0     5.0
NRP2    0.441963   74.242844   0.0  0.0     5.0
TMSB10  0.494457   73.964592   0.0  0.0     5.0
FRY     0.547234   73.013031   0.0  0.0     5.0
DNER    0.482835   72.720055   0.0  0.0     5.0
MDGA2   0.514339   72.052536   0.0  0.0     5.0
----------------------------------------
Top results for Module 6:
                   C           Z  Pval  FDR  Module
Gene                                               
PWRN1       0.748754  135.520096   0.0  0.0     6.0
AC008571.2  0.678330  117.563950   0.0  0.0     6.0
FSTL5       0.519356  101.793114   0.0  0.0     6.0
LIFR        0.576263   99.574341   0.0  0.0     6.0
ARL17A      0.554372   93.570663   0.0  0.0     6.0
CERCAM      0.480287   91.278732   0.0  0.0     6.0
HHATL       0.507711   90.644341   0.0  0.0     6.0
LINC01310   0.452750   90.240776   0.0  0.0     6.0
HCN1        0.377771   89.489365   0.0  0.0     6.0
CNTNAP2     0.557920   88.689125   0.0  0.0     6.0
WIF1        0.509282   86.874107   0.0  0.0     6.0
PDE6A       0.329502   85.492691   0.0  0.0     6.0
RHO         0.369581   84.482719   0.0  0.0     6.0
SAG         0.350975   83.513832   0.0  0.0     6.0
PLD5        0.516276   83.425629   0.0  0.0     6.0
AC025508.1  0.494993   81.897690   0.0  0.0     6.0
COL11A1     0.530332   81.494751   0.0  0.0     6.0
SLC6A15     0.443623   80.606636   0.0  0.0     6.0
AC246817.1  0.476764   79.352478   0.0  0.0     6.0
RASGRF1     0.502983   78.483681   0.0  0.0     6.0
----------------------------------------
Top results for Module 7:
                   C           Z  Pval  FDR  Module
Gene                                               
TIAM1       0.613755  120.148041   0.0  0.0     7.0
MIR181A1HG  0.674486  110.363739   0.0  0.0     7.0
PSD3        0.593241  110.130928   0.0  0.0     7.0
PHYHIPL     0.608583  101.308876   0.0  0.0     7.0
ANK3        0.684269  100.816841   0.0  0.0     7.0
EMC10       0.575286   98.278717   0.0  0.0     7.0
TP53TG5     0.566369   95.321945   0.0  0.0     7.0
GREM1       0.584296   92.748650   0.0  0.0     7.0
KIAA0930    0.492306   91.474762   0.0  0.0     7.0
TXNIP       0.508485   90.940514   0.0  0.0     7.0
AC020909.2  0.540490   90.715736   0.0  0.0     7.0
AC079352.1  0.462694   88.553139   0.0  0.0     7.0
OPALIN      0.679116   87.357094   0.0  0.0     7.0
RFX3-AS1    0.470127   86.789955   0.0  0.0     7.0
PLPPR1      0.512040   84.552872   0.0  0.0     7.0
PPP2R2B     0.534565   83.207596   0.0  0.0     7.0
HHIP        0.537952   82.973976   0.0  0.0     7.0
AZIN1-AS1   0.423737   81.348343   0.0  0.0     7.0
SLC4A8      0.435125   80.218834   0.0  0.0     7.0
HS3ST5      0.452320   78.976250   0.0  0.0     7.0
----------------------------------------
Top results for Module 8:
                 C           Z  Pval  FDR  Module
Gene                                             
ABCA6     0.732322  146.247498   0.0  0.0     8.0
ZBTB16    0.565677  117.742012   0.0  0.0     8.0
ADIPOR2   0.580716  112.428238   0.0  0.0     8.0
BCL2      0.530261  106.812752   0.0  0.0     8.0
MAN2A1    0.641377  106.549309   0.0  0.0     8.0
LRP2      0.603124  106.193260   0.0  0.0     8.0
KANSL1    0.621175  102.231514   0.0  0.0     8.0
ATXN1     0.500722   97.217300   0.0  0.0     8.0
KIRREL3   0.511395   96.788857   0.0  0.0     8.0
ABCA9     0.476475   94.817467   0.0  0.0     8.0
ARL17B    0.590301   94.125580   0.0  0.0     8.0
ANLN      0.544740   94.080551   0.0  0.0     8.0
LRRC1     0.545039   93.395050   0.0  0.0     8.0
PDK4      0.489662   92.273659   0.0  0.0     8.0
SNX19     0.438946   90.413376   0.0  0.0     8.0
MAT2A     0.462294   90.350563   0.0  0.0     8.0
EPCAM-DT  0.422423   89.404320   0.0  0.0     8.0
AGMO      0.491631   89.210724   0.0  0.0     8.0
CLMN      0.497695   88.324814   0.0  0.0     8.0
CDH20     0.448245   87.582581   0.0  0.0     8.0
----------------------------------------
Top results for Module 9:
                     C          Z           Pval            FDR  Module
Gene                                                                   
LINC01266     0.275016  29.557825  2.604908e-192  1.063662e-191     9.0
KCNQ3         0.270074  28.929770  2.521551e-184  1.002605e-183     9.0
AL110292.1    0.274450  25.654840  1.866816e-145  6.557134e-145     9.0
KCTD1         0.153451  21.842064  4.624095e-106  1.406783e-105     9.0
AL109910.1    0.132867  20.123241   2.309353e-90   6.553214e-90     9.0
KCTD4         0.130234  20.024658   1.679043e-89   4.748424e-89     9.0
AC007099.1    0.120936  17.327656   1.454741e-67   3.748367e-67     9.0
AL117329.1    0.125937  17.159533   2.667062e-66   6.822874e-66     9.0
AC106798.1    0.101308  15.076818   1.150478e-51   2.745117e-51     9.0
SLC25A21-AS1  0.101258  14.700371   3.205386e-49   7.536765e-49     9.0
CREG1         0.099738  14.675307   4.639712e-49   1.089390e-48     9.0
DNAH3         0.103040  14.490417   6.964681e-48   1.624226e-47     9.0
AC034268.2    0.094995  12.955547   1.092858e-38   2.409298e-38     9.0
CASC19        0.112936  12.437102   8.217944e-36   1.773785e-35     9.0
IDO1          0.082739  12.121306   4.072517e-34   8.679703e-34     9.0
FER1L6        0.090017  11.964293   2.733074e-33   5.785509e-33     9.0
LINC00395     0.120984  11.846597   1.120544e-32   2.363518e-32     9.0
AL157886.1    0.080971  11.835402   1.280574e-32   2.699356e-32     9.0
CATSPERD      0.075630  11.734123   4.260234e-32   8.961367e-32     9.0
AFDN-DT       0.074649  11.581146   2.567737e-31   5.374084e-31     9.0
----------------------------------------
