250
Computing scores for 5 modules...
Top results for Module 1:
                   C          Z  Pval  FDR  Module
Gene                                              
TMEM232     0.697172  67.581161   0.0  0.0     1.0
JPX         0.629935  60.608452   0.0  0.0     1.0
AC108519.1  0.594210  55.856785   0.0  0.0     1.0
FUT9        0.658804  54.751904   0.0  0.0     1.0
PLA2G2A     0.556459  53.608105   0.0  0.0     1.0
RORB        0.552214  52.536812   0.0  0.0     1.0
KCNQ1OT1    0.600646  50.960552   0.0  0.0     1.0
AC244131.2  0.547681  50.420540   0.0  0.0     1.0
ZNF334      0.532109  48.353683   0.0  0.0     1.0
KHDRBS2     0.547979  48.243114   0.0  0.0     1.0
ENTPD1-AS1  0.538050  47.378052   0.0  0.0     1.0
LRP1B       0.501143  47.004585   0.0  0.0     1.0
AC011346.1  0.542315  46.754932   0.0  0.0     1.0
CABCOCO1    0.531701  46.645164   0.0  0.0     1.0
NRXN1       0.491182  46.513371   0.0  0.0     1.0
LINC01445   0.520151  46.250717   0.0  0.0     1.0
FAM85B      0.503071  45.729454   0.0  0.0     1.0
UFL1-AS1    0.489951  45.689117   0.0  0.0     1.0
FGF13       0.463394  45.544449   0.0  0.0     1.0
MIR99AHG    0.540707  45.530727   0.0  0.0     1.0
----------------------------------------
Top results for Module 2:
                 C          Z  Pval  FDR  Module
Gene                                            
CD9       0.442617  60.583439   0.0  0.0     2.0
MT-ND3    0.292814  55.136108   0.0  0.0     2.0
CD63      0.313010  53.794003   0.0  0.0     2.0
SYT11     0.447392  52.502129   0.0  0.0     2.0
PMP22     0.406161  52.484741   0.0  0.0     2.0
PRNP      0.340966  50.175175   0.0  0.0     2.0
KLK6      0.247244  47.808964   0.0  0.0     2.0
CYP51A1   0.279334  46.374332   0.0  0.0     2.0
MAT2A     0.418157  46.192890   0.0  0.0     2.0
SPARC     0.282806  45.635303   0.0  0.0     2.0
RPS10     0.322170  44.798531   0.0  0.0     2.0
SPP1      0.264828  43.614861   0.0  0.0     2.0
TUBA1A    0.436073  43.485409   0.0  0.0     2.0
TUBA1B    0.326463  42.586716   0.0  0.0     2.0
SELENOP   0.247469  42.293610   0.0  0.0     2.0
RPS27     0.297292  41.803604   0.0  0.0     2.0
HSD17B12  0.294292  41.460758   0.0  0.0     2.0
CADM4     0.332704  41.316452   0.0  0.0     2.0
PGRMC1    0.275478  41.177204   0.0  0.0     2.0
DAD1      0.246354  40.805019   0.0  0.0     2.0
----------------------------------------
Top results for Module 3:
                   C          Z           Pval            FDR  Module
Gene                                                                 
AC009704.1  0.277218  40.913155   0.000000e+00   0.000000e+00     3.0
AC026746.1  0.344339  37.190617  4.838403e-303  3.998680e-301     3.0
MARCH10     0.304838  35.875980  3.619118e-282  2.445350e-280     3.0
AC087521.2  0.226545  33.918106  1.801696e-252  9.432965e-251     3.0
LINC00870   0.263665  33.492798  3.067983e-246  1.489312e-244     3.0
HEPN1       0.237066  31.068232  3.236120e-212  1.112069e-210     3.0
AL033523.1  0.339363  30.880394  1.095063e-209  3.638084e-208     3.0
LINC01572   0.348995  30.406008  2.287506e-203  7.082063e-202     3.0
LINC02345   0.252940  29.209438  7.357755e-188  1.926114e-186     3.0
AC116903.2  0.245321  28.773773  2.283862e-182  5.738347e-181     3.0
PDXDC1      0.352290  28.383850  1.600141e-177  3.800811e-176     3.0
OGN         0.294424  27.863222  3.724555e-171  8.369786e-170     3.0
AP000755.2  0.211726  27.124664  2.520209e-162  5.185614e-161     3.0
AC110285.3  0.261456  26.620432  1.969054e-156  3.808616e-155     3.0
FABP3       0.291009  26.595949  3.780711e-156  7.242741e-155     3.0
AC011853.2  0.208695  25.959324  7.134790e-149  1.294880e-147     3.0
STARD13-AS  0.273176  25.769529  9.738196e-147  1.711458e-145     3.0
AP002833.2  0.216360  25.131559  1.124175e-139  1.833891e-138     3.0
PKP4-AS1    0.212399  25.107571  2.055642e-139  3.337080e-138     3.0
DHCR7       0.210497  25.065886  5.859049e-139  9.442545e-138     3.0
----------------------------------------
Top results for Module 4:
                 C          Z           Pval            FDR  Module
Gene                                                               
LRP2      0.572619  50.602604   0.000000e+00   0.000000e+00     4.0
EPCAM-DT  0.387599  44.768078   0.000000e+00   0.000000e+00     4.0
KANSL1    0.534709  44.178818   0.000000e+00   0.000000e+00     4.0
SLC6A15   0.485353  43.327686   0.000000e+00   0.000000e+00     4.0
CDH20     0.390824  40.573631   0.000000e+00   0.000000e+00     4.0
ATXN1     0.379147  40.527859   0.000000e+00   0.000000e+00     4.0
ZBTB16    0.372289  40.022491   0.000000e+00   0.000000e+00     4.0
ADIPOR2   0.404176  38.784241   0.000000e+00   0.000000e+00     4.0
BCL2      0.359952  38.332897   0.000000e+00   0.000000e+00     4.0
CERS6     0.425713  38.234333   0.000000e+00   0.000000e+00     4.0
CNKSR3    0.456245  37.578972  2.370594e-309  2.155085e-307     4.0
DUXAP8    0.446195  37.313869  4.889085e-305  4.143292e-303     4.0
SNX19     0.335726  37.146225  2.522269e-302  2.050625e-300     4.0
ARL17B    0.438832  36.687847  5.705399e-295  4.388769e-293     4.0
TRA2A     0.368238  35.462482  9.313336e-276  6.008604e-274     4.0
ABCA6     0.353534  34.790852  1.672392e-265  9.556525e-264     4.0
WASHC1    0.310465  34.631065  4.306017e-263  2.405596e-261     4.0
LIFR      0.391942  33.854599  1.552766e-251  8.003947e-250     4.0
ECE1      0.328583  33.821407  4.778645e-251  2.438084e-249     4.0
TACC1     0.386754  33.798271  1.045488e-250  5.227442e-249     4.0
----------------------------------------
Top results for Module 5:
                   C          Z           Pval            FDR  Module
Gene                                                                 
NRIR        0.291933  32.383392  2.351342e-230  9.481218e-229     5.0
NEGR1       0.345303  31.319803  1.254267e-215  4.447756e-214     5.0
CTSO        0.336386  25.802633  4.141901e-147  7.317847e-146     5.0
OTUD6B-AS1  0.319527  25.572102  1.559086e-144  2.678841e-143     5.0
PARP8       0.319353  24.721212  3.163208e-135  4.900772e-134     5.0
DTNA        0.313650  24.472946  1.434069e-132  2.156494e-131     5.0
GOLGA8B     0.282535  24.442041  3.057594e-132  4.556772e-131     5.0
AC119673.2  0.313236  24.299780  9.854257e-131  1.449155e-129     5.0
SPARCL1     0.306399  24.273209  1.880865e-130  2.757867e-129     5.0
TDRD15      0.300115  23.914455  1.083255e-126  1.527863e-125     5.0
PAG1        0.269915  23.376368  3.717421e-121  4.904249e-120     5.0
PRKD1       0.286581  23.300993  2.165836e-120  2.823776e-119     5.0
GOLGA8A     0.266701  22.694443  2.541727e-114  3.069719e-113     5.0
LINC01122   0.249996  22.618801  1.415338e-113  1.690965e-112     5.0
SCN1A-AS1   0.287930  21.703316  9.544475e-105  1.027392e-103     5.0
NRP2        0.261516  21.490685  9.514268e-103  9.962584e-102     5.0
TIMP1       0.232076  21.413116  5.041935e-102  5.241097e-101     5.0
STAT1       0.307173  21.400600  6.594928e-102  6.834122e-101     5.0
MT2A        0.291374  21.337980  2.521318e-101  2.599297e-100     5.0
LYSMD2      0.272064  21.126650   2.262692e-99   2.271779e-98     5.0
----------------------------------------
300
Computing scores for 5 modules...
Top results for Module 1:
                   C          Z  Pval  FDR  Module
Gene                                              
TMEM232     0.697172  67.581161   0.0  0.0     1.0
JPX         0.629935  60.608452   0.0  0.0     1.0
AC108519.1  0.594210  55.856785   0.0  0.0     1.0
FUT9        0.658804  54.751904   0.0  0.0     1.0
PLA2G2A     0.556459  53.608105   0.0  0.0     1.0
RORB        0.552214  52.536812   0.0  0.0     1.0
KCNQ1OT1    0.600646  50.960552   0.0  0.0     1.0
AC244131.2  0.547681  50.420540   0.0  0.0     1.0
ZNF334      0.532109  48.353683   0.0  0.0     1.0
KHDRBS2     0.547979  48.243114   0.0  0.0     1.0
ENTPD1-AS1  0.538050  47.378052   0.0  0.0     1.0
LRP1B       0.501143  47.004585   0.0  0.0     1.0
AC011346.1  0.542315  46.754932   0.0  0.0     1.0
CABCOCO1    0.531701  46.645164   0.0  0.0     1.0
NRXN1       0.491182  46.513371   0.0  0.0     1.0
LINC01445   0.520151  46.250717   0.0  0.0     1.0
FAM85B      0.503071  45.729454   0.0  0.0     1.0
UFL1-AS1    0.489951  45.689117   0.0  0.0     1.0
FGF13       0.463394  45.544449   0.0  0.0     1.0
MIR99AHG    0.540707  45.530727   0.0  0.0     1.0
----------------------------------------
Top results for Module 2:
                 C          Z  Pval  FDR  Module
Gene                                            
CD9       0.442617  60.583439   0.0  0.0     2.0
MT-ND3    0.292814  55.136108   0.0  0.0     2.0
CD63      0.313010  53.794003   0.0  0.0     2.0
SYT11     0.447392  52.502129   0.0  0.0     2.0
PMP22     0.406161  52.484741   0.0  0.0     2.0
PRNP      0.340966  50.175175   0.0  0.0     2.0
KLK6      0.247244  47.808964   0.0  0.0     2.0
CYP51A1   0.279334  46.374332   0.0  0.0     2.0
MAT2A     0.418157  46.192890   0.0  0.0     2.0
SPARC     0.282806  45.635303   0.0  0.0     2.0
RPS10     0.322170  44.798531   0.0  0.0     2.0
SPP1      0.264828  43.614861   0.0  0.0     2.0
TUBA1A    0.436073  43.485409   0.0  0.0     2.0
TUBA1B    0.326463  42.586716   0.0  0.0     2.0
SELENOP   0.247469  42.293610   0.0  0.0     2.0
RPS27     0.297292  41.803604   0.0  0.0     2.0
HSD17B12  0.294292  41.460758   0.0  0.0     2.0
CADM4     0.332704  41.316452   0.0  0.0     2.0
PGRMC1    0.275478  41.177204   0.0  0.0     2.0
DAD1      0.246354  40.805019   0.0  0.0     2.0
----------------------------------------
Top results for Module 3:
                   C          Z           Pval            FDR  Module
Gene                                                                 
AC009704.1  0.277218  40.913155   0.000000e+00   0.000000e+00     3.0
AC026746.1  0.344339  37.190617  4.838403e-303  3.998680e-301     3.0
MARCH10     0.304838  35.875980  3.619118e-282  2.445350e-280     3.0
AC087521.2  0.226545  33.918106  1.801696e-252  9.432965e-251     3.0
LINC00870   0.263665  33.492798  3.067983e-246  1.489312e-244     3.0
HEPN1       0.237066  31.068232  3.236120e-212  1.112069e-210     3.0
AL033523.1  0.339363  30.880394  1.095063e-209  3.638084e-208     3.0
LINC01572   0.348995  30.406008  2.287506e-203  7.082063e-202     3.0
LINC02345   0.252940  29.209438  7.357755e-188  1.926114e-186     3.0
AC116903.2  0.245321  28.773773  2.283862e-182  5.738347e-181     3.0
PDXDC1      0.352290  28.383850  1.600141e-177  3.800811e-176     3.0
OGN         0.294424  27.863222  3.724555e-171  8.369786e-170     3.0
AP000755.2  0.211726  27.124664  2.520209e-162  5.185614e-161     3.0
AC110285.3  0.261456  26.620432  1.969054e-156  3.808616e-155     3.0
FABP3       0.291009  26.595949  3.780711e-156  7.242741e-155     3.0
AC011853.2  0.208695  25.959324  7.134790e-149  1.294880e-147     3.0
STARD13-AS  0.273176  25.769529  9.738196e-147  1.711458e-145     3.0
AP002833.2  0.216360  25.131559  1.124175e-139  1.833891e-138     3.0
PKP4-AS1    0.212399  25.107571  2.055642e-139  3.337080e-138     3.0
DHCR7       0.210497  25.065886  5.859049e-139  9.442545e-138     3.0
----------------------------------------
Top results for Module 4:
                 C          Z           Pval            FDR  Module
Gene                                                               
LRP2      0.572619  50.602604   0.000000e+00   0.000000e+00     4.0
EPCAM-DT  0.387599  44.768078   0.000000e+00   0.000000e+00     4.0
KANSL1    0.534709  44.178818   0.000000e+00   0.000000e+00     4.0
SLC6A15   0.485353  43.327686   0.000000e+00   0.000000e+00     4.0
CDH20     0.390824  40.573631   0.000000e+00   0.000000e+00     4.0
ATXN1     0.379147  40.527859   0.000000e+00   0.000000e+00     4.0
ZBTB16    0.372289  40.022491   0.000000e+00   0.000000e+00     4.0
ADIPOR2   0.404176  38.784241   0.000000e+00   0.000000e+00     4.0
BCL2      0.359952  38.332897   0.000000e+00   0.000000e+00     4.0
CERS6     0.425713  38.234333   0.000000e+00   0.000000e+00     4.0
CNKSR3    0.456245  37.578972  2.370594e-309  2.155085e-307     4.0
DUXAP8    0.446195  37.313869  4.889085e-305  4.143292e-303     4.0
SNX19     0.335726  37.146225  2.522269e-302  2.050625e-300     4.0
ARL17B    0.438832  36.687847  5.705399e-295  4.388769e-293     4.0
TRA2A     0.368238  35.462482  9.313336e-276  6.008604e-274     4.0
ABCA6     0.353534  34.790852  1.672392e-265  9.556525e-264     4.0
WASHC1    0.310465  34.631065  4.306017e-263  2.405596e-261     4.0
LIFR      0.391942  33.854599  1.552766e-251  8.003947e-250     4.0
ECE1      0.328583  33.821407  4.778645e-251  2.438084e-249     4.0
TACC1     0.386754  33.798271  1.045488e-250  5.227442e-249     4.0
----------------------------------------
Top results for Module 5:
                   C          Z           Pval            FDR  Module
Gene                                                                 
NRIR        0.291933  32.383392  2.351342e-230  9.481218e-229     5.0
NEGR1       0.345303  31.319803  1.254267e-215  4.447756e-214     5.0
CTSO        0.336386  25.802633  4.141901e-147  7.317847e-146     5.0
OTUD6B-AS1  0.319527  25.572102  1.559086e-144  2.678841e-143     5.0
PARP8       0.319353  24.721212  3.163208e-135  4.900772e-134     5.0
DTNA        0.313650  24.472946  1.434069e-132  2.156494e-131     5.0
GOLGA8B     0.282535  24.442041  3.057594e-132  4.556772e-131     5.0
AC119673.2  0.313236  24.299780  9.854257e-131  1.449155e-129     5.0
SPARCL1     0.306399  24.273209  1.880865e-130  2.757867e-129     5.0
TDRD15      0.300115  23.914455  1.083255e-126  1.527863e-125     5.0
PAG1        0.269915  23.376368  3.717421e-121  4.904249e-120     5.0
PRKD1       0.286581  23.300993  2.165836e-120  2.823776e-119     5.0
GOLGA8A     0.266701  22.694443  2.541727e-114  3.069719e-113     5.0
LINC01122   0.249996  22.618801  1.415338e-113  1.690965e-112     5.0
SCN1A-AS1   0.287930  21.703316  9.544475e-105  1.027392e-103     5.0
NRP2        0.261516  21.490685  9.514268e-103  9.962584e-102     5.0
TIMP1       0.232076  21.413116  5.041935e-102  5.241097e-101     5.0
STAT1       0.307173  21.400600  6.594928e-102  6.834122e-101     5.0
MT2A        0.291374  21.337980  2.521318e-101  2.599297e-100     5.0
LYSMD2      0.272064  21.126650   2.262692e-99   2.271779e-98     5.0
----------------------------------------
350
Computing scores for 5 modules...
Top results for Module 1:
                   C          Z  Pval  FDR  Module
Gene                                              
TMEM232     0.697172  67.581161   0.0  0.0     1.0
JPX         0.629935  60.608452   0.0  0.0     1.0
AC108519.1  0.594210  55.856785   0.0  0.0     1.0
FUT9        0.658804  54.751904   0.0  0.0     1.0
PLA2G2A     0.556459  53.608105   0.0  0.0     1.0
RORB        0.552214  52.536812   0.0  0.0     1.0
KCNQ1OT1    0.600646  50.960552   0.0  0.0     1.0
AC244131.2  0.547681  50.420540   0.0  0.0     1.0
ZNF334      0.532109  48.353683   0.0  0.0     1.0
KHDRBS2     0.547979  48.243114   0.0  0.0     1.0
ENTPD1-AS1  0.538050  47.378052   0.0  0.0     1.0
LRP1B       0.501143  47.004585   0.0  0.0     1.0
AC011346.1  0.542315  46.754932   0.0  0.0     1.0
CABCOCO1    0.531701  46.645164   0.0  0.0     1.0
NRXN1       0.491182  46.513371   0.0  0.0     1.0
LINC01445   0.520151  46.250717   0.0  0.0     1.0
FAM85B      0.503071  45.729454   0.0  0.0     1.0
UFL1-AS1    0.489951  45.689117   0.0  0.0     1.0
FGF13       0.463394  45.544449   0.0  0.0     1.0
MIR99AHG    0.540707  45.530727   0.0  0.0     1.0
----------------------------------------
Top results for Module 2:
                 C          Z  Pval  FDR  Module
Gene                                            
CD9       0.442617  60.583439   0.0  0.0     2.0
MT-ND3    0.292814  55.136108   0.0  0.0     2.0
CD63      0.313010  53.794003   0.0  0.0     2.0
SYT11     0.447392  52.502129   0.0  0.0     2.0
PMP22     0.406161  52.484741   0.0  0.0     2.0
PRNP      0.340966  50.175175   0.0  0.0     2.0
KLK6      0.247244  47.808964   0.0  0.0     2.0
CYP51A1   0.279334  46.374332   0.0  0.0     2.0
MAT2A     0.418157  46.192890   0.0  0.0     2.0
SPARC     0.282806  45.635303   0.0  0.0     2.0
RPS10     0.322170  44.798531   0.0  0.0     2.0
SPP1      0.264828  43.614861   0.0  0.0     2.0
TUBA1A    0.436073  43.485409   0.0  0.0     2.0
TUBA1B    0.326463  42.586716   0.0  0.0     2.0
SELENOP   0.247469  42.293610   0.0  0.0     2.0
RPS27     0.297292  41.803604   0.0  0.0     2.0
HSD17B12  0.294292  41.460758   0.0  0.0     2.0
CADM4     0.332704  41.316452   0.0  0.0     2.0
PGRMC1    0.275478  41.177204   0.0  0.0     2.0
DAD1      0.246354  40.805019   0.0  0.0     2.0
----------------------------------------
Top results for Module 3:
                   C          Z           Pval            FDR  Module
Gene                                                                 
AC009704.1  0.277218  40.913155   0.000000e+00   0.000000e+00     3.0
AC026746.1  0.344339  37.190617  4.838403e-303  3.998680e-301     3.0
MARCH10     0.304838  35.875980  3.619118e-282  2.445350e-280     3.0
AC087521.2  0.226545  33.918106  1.801696e-252  9.432965e-251     3.0
LINC00870   0.263665  33.492798  3.067983e-246  1.489312e-244     3.0
HEPN1       0.237066  31.068232  3.236120e-212  1.112069e-210     3.0
AL033523.1  0.339363  30.880394  1.095063e-209  3.638084e-208     3.0
LINC01572   0.348995  30.406008  2.287506e-203  7.082063e-202     3.0
LINC02345   0.252940  29.209438  7.357755e-188  1.926114e-186     3.0
AC116903.2  0.245321  28.773773  2.283862e-182  5.738347e-181     3.0
PDXDC1      0.352290  28.383850  1.600141e-177  3.800811e-176     3.0
OGN         0.294424  27.863222  3.724555e-171  8.369786e-170     3.0
AP000755.2  0.211726  27.124664  2.520209e-162  5.185614e-161     3.0
AC110285.3  0.261456  26.620432  1.969054e-156  3.808616e-155     3.0
FABP3       0.291009  26.595949  3.780711e-156  7.242741e-155     3.0
AC011853.2  0.208695  25.959324  7.134790e-149  1.294880e-147     3.0
STARD13-AS  0.273176  25.769529  9.738196e-147  1.711458e-145     3.0
AP002833.2  0.216360  25.131559  1.124175e-139  1.833891e-138     3.0
PKP4-AS1    0.212399  25.107571  2.055642e-139  3.337080e-138     3.0
DHCR7       0.210497  25.065886  5.859049e-139  9.442545e-138     3.0
----------------------------------------
Top results for Module 4:
                 C          Z           Pval            FDR  Module
Gene                                                               
LRP2      0.572619  50.602604   0.000000e+00   0.000000e+00     4.0
EPCAM-DT  0.387599  44.768078   0.000000e+00   0.000000e+00     4.0
KANSL1    0.534709  44.178818   0.000000e+00   0.000000e+00     4.0
SLC6A15   0.485353  43.327686   0.000000e+00   0.000000e+00     4.0
CDH20     0.390824  40.573631   0.000000e+00   0.000000e+00     4.0
ATXN1     0.379147  40.527859   0.000000e+00   0.000000e+00     4.0
ZBTB16    0.372289  40.022491   0.000000e+00   0.000000e+00     4.0
ADIPOR2   0.404176  38.784241   0.000000e+00   0.000000e+00     4.0
BCL2      0.359952  38.332897   0.000000e+00   0.000000e+00     4.0
CERS6     0.425713  38.234333   0.000000e+00   0.000000e+00     4.0
CNKSR3    0.456245  37.578972  2.370594e-309  2.155085e-307     4.0
DUXAP8    0.446195  37.313869  4.889085e-305  4.143292e-303     4.0
SNX19     0.335726  37.146225  2.522269e-302  2.050625e-300     4.0
ARL17B    0.438832  36.687847  5.705399e-295  4.388769e-293     4.0
TRA2A     0.368238  35.462482  9.313336e-276  6.008604e-274     4.0
ABCA6     0.353534  34.790852  1.672392e-265  9.556525e-264     4.0
WASHC1    0.310465  34.631065  4.306017e-263  2.405596e-261     4.0
LIFR      0.391942  33.854599  1.552766e-251  8.003947e-250     4.0
ECE1      0.328583  33.821407  4.778645e-251  2.438084e-249     4.0
TACC1     0.386754  33.798271  1.045488e-250  5.227442e-249     4.0
----------------------------------------
Top results for Module 5:
                   C          Z           Pval            FDR  Module
Gene                                                                 
NRIR        0.291933  32.383392  2.351342e-230  9.481218e-229     5.0
NEGR1       0.345303  31.319803  1.254267e-215  4.447756e-214     5.0
CTSO        0.336386  25.802633  4.141901e-147  7.317847e-146     5.0
OTUD6B-AS1  0.319527  25.572102  1.559086e-144  2.678841e-143     5.0
PARP8       0.319353  24.721212  3.163208e-135  4.900772e-134     5.0
DTNA        0.313650  24.472946  1.434069e-132  2.156494e-131     5.0
GOLGA8B     0.282535  24.442041  3.057594e-132  4.556772e-131     5.0
AC119673.2  0.313236  24.299780  9.854257e-131  1.449155e-129     5.0
SPARCL1     0.306399  24.273209  1.880865e-130  2.757867e-129     5.0
TDRD15      0.300115  23.914455  1.083255e-126  1.527863e-125     5.0
PAG1        0.269915  23.376368  3.717421e-121  4.904249e-120     5.0
PRKD1       0.286581  23.300993  2.165836e-120  2.823776e-119     5.0
GOLGA8A     0.266701  22.694443  2.541727e-114  3.069719e-113     5.0
LINC01122   0.249996  22.618801  1.415338e-113  1.690965e-112     5.0
SCN1A-AS1   0.287930  21.703316  9.544475e-105  1.027392e-103     5.0
NRP2        0.261516  21.490685  9.514268e-103  9.962584e-102     5.0
TIMP1       0.232076  21.413116  5.041935e-102  5.241097e-101     5.0
STAT1       0.307173  21.400600  6.594928e-102  6.834122e-101     5.0
MT2A        0.291374  21.337980  2.521318e-101  2.599297e-100     5.0
LYSMD2      0.272064  21.126650   2.262692e-99   2.271779e-98     5.0
----------------------------------------
