200
Computing scores for 13 modules...
Top results for Module 1:
                   C           Z  Pval  FDR  Module
Gene                                               
AC245123.1  0.767665  124.747490   0.0  0.0     1.0
AC245187.2  0.713853  112.421204   0.0  0.0     1.0
ZNF630      0.721668  108.862946   0.0  0.0     1.0
AC002460.2  0.671825  103.568298   0.0  0.0     1.0
ADCY7       0.661359  102.904648   0.0  0.0     1.0
FBXO7       0.650888   97.937607   0.0  0.0     1.0
LRRC39      0.655565   96.140137   0.0  0.0     1.0
FAR1        0.617828   95.127960   0.0  0.0     1.0
PI16        0.662296   94.547623   0.0  0.0     1.0
PLEKHH1     0.578487   92.131554   0.0  0.0     1.0
AC027117.2  0.611819   91.397499   0.0  0.0     1.0
PDE1A       0.604319   86.545845   0.0  0.0     1.0
RFX3-AS1    0.585539   85.129013   0.0  0.0     1.0
CCDC82      0.571787   83.198212   0.0  0.0     1.0
MFSD4A      0.563094   82.412720   0.0  0.0     1.0
LRRC8B      0.559830   80.278763   0.0  0.0     1.0
AC005237.1  0.538612   80.026970   0.0  0.0     1.0
RBM25       0.542921   75.951416   0.0  0.0     1.0
NOVA1       0.478307   74.097351   0.0  0.0     1.0
SLC1A3      0.473248   73.961334   0.0  0.0     1.0
----------------------------------------
Top results for Module 2:
                   C          Z  Pval  FDR  Module
Gene                                              
EMC10       0.309874  57.561169   0.0  0.0     2.0
IL3RA       0.421873  56.896107   0.0  0.0     2.0
DNAH17      0.494980  56.572594   0.0  0.0     2.0
LANCL1-AS1  0.382519  54.913170   0.0  0.0     2.0
SEMA4D      0.394479  51.967838   0.0  0.0     2.0
TAF1D       0.418661  50.305973   0.0  0.0     2.0
AL023882.1  0.318389  44.942947   0.0  0.0     2.0
TMEM9B-AS1  0.354142  44.675392   0.0  0.0     2.0
PGP         0.350726  44.108078   0.0  0.0     2.0
ARGLU1      0.327775  44.030113   0.0  0.0     2.0
LINC00862   0.473444  43.790691   0.0  0.0     2.0
SPINT2      0.336860  43.046616   0.0  0.0     2.0
KIAA0556    0.354783  42.039860   0.0  0.0     2.0
AL117335.1  0.327113  41.228973   0.0  0.0     2.0
LINC02240   0.311791  41.003078   0.0  0.0     2.0
AC023509.6  0.324232  40.837173   0.0  0.0     2.0
AC092058.1  0.325767  40.660160   0.0  0.0     2.0
CKMT2-AS1   0.310832  40.634373   0.0  0.0     2.0
AC012358.3  0.304988  40.415730   0.0  0.0     2.0
ATG4B       0.369802  40.401131   0.0  0.0     2.0
----------------------------------------
Top results for Module 3:
                   C           Z  Pval  FDR  Module
Gene                                               
XIST        0.765705  104.005241   0.0  0.0     3.0
CARNS1      0.496164   91.051361   0.0  0.0     3.0
COL4A5      0.598664   84.696686   0.0  0.0     3.0
TSIX        0.473857   75.069427   0.0  0.0     3.0
LUC7L2      0.531174   73.981453   0.0  0.0     3.0
RANBP17     0.478274   73.503860   0.0  0.0     3.0
INTU        0.505834   72.821198   0.0  0.0     3.0
LINC01252   0.563491   71.071472   0.0  0.0     3.0
PSD3        0.490937   70.870811   0.0  0.0     3.0
ERBB4       0.482879   69.637131   0.0  0.0     3.0
NFIB        0.460132   68.733810   0.0  0.0     3.0
GABPB1-AS1  0.558953   68.247192   0.0  0.0     3.0
JPX         0.616692   67.936180   0.0  0.0     3.0
TP53TG5     0.555990   67.617638   0.0  0.0     3.0
UBE2E3      0.490398   67.257126   0.0  0.0     3.0
GIPC1       0.423410   66.709618   0.0  0.0     3.0
ZKSCAN1     0.518857   66.427414   0.0  0.0     3.0
AL359091.1  0.415949   65.751831   0.0  0.0     3.0
SLC4A8      0.474930   64.628227   0.0  0.0     3.0
AC105383.1  0.475027   63.708275   0.0  0.0     3.0
----------------------------------------
Top results for Module 4:
                   C           Z  Pval  FDR  Module
Gene                                               
ZDHHC20     0.657063  100.434418   0.0  0.0     4.0
SPOCK1      0.666460   98.025810   0.0  0.0     4.0
TMEM144     0.521546   90.036011   0.0  0.0     4.0
ZBTB16      0.593468   84.716156   0.0  0.0     4.0
LRRC1       0.608832   82.399872   0.0  0.0     4.0
ADIPOR2     0.569105   81.281212   0.0  0.0     4.0
SORT1       0.619894   81.073654   0.0  0.0     4.0
ABCA6       0.544161   79.358482   0.0  0.0     4.0
RASGEF1B    0.600670   78.848228   0.0  0.0     4.0
FKBP5       0.567280   78.501816   0.0  0.0     4.0
BCL2        0.588790   78.227806   0.0  0.0     4.0
CALN1       0.600721   77.852493   0.0  0.0     4.0
SPP1        0.512803   77.579147   0.0  0.0     4.0
PDK4        0.563948   75.581253   0.0  0.0     4.0
SGK3        0.575888   74.470345   0.0  0.0     4.0
TACC1       0.546246   73.778450   0.0  0.0     4.0
ST6GALNAC3  0.556833   73.701698   0.0  0.0     4.0
ATXN1       0.562639   73.225296   0.0  0.0     4.0
TNKS        0.590154   73.083611   0.0  0.0     4.0
PDE1C       0.521591   72.796188   0.0  0.0     4.0
----------------------------------------
Top results for Module 5:
                   C           Z  Pval  FDR  Module
Gene                                               
NELL2       0.775610  200.373367   0.0  0.0     5.0
AC005532.1  0.755954  167.736969   0.0  0.0     5.0
TDRD12      0.725823  161.370148   0.0  0.0     5.0
LINC01060   0.754024  145.321930   0.0  0.0     5.0
LINC01446   0.539263  124.433495   0.0  0.0     5.0
PDE6B       0.713938  117.021133   0.0  0.0     5.0
MT-CO1      0.574724  113.403099   0.0  0.0     5.0
CFAP61      0.618547  110.758919   0.0  0.0     5.0
MT-CO3      0.557832  104.914833   0.0  0.0     5.0
MT-ATP6     0.597899  100.802505   0.0  0.0     5.0
MT-ND4      0.567921   96.520676   0.0  0.0     5.0
MT-ND4L     0.537820   92.342743   0.0  0.0     5.0
SORCS2      0.638742   91.498917   0.0  0.0     5.0
MT-CO2      0.544840   91.443855   0.0  0.0     5.0
ANKRD18A    0.487604   89.977333   0.0  0.0     5.0
MT-CYB      0.570712   89.361702   0.0  0.0     5.0
MT-ND3      0.404444   88.275612   0.0  0.0     5.0
MICALL2     0.539439   88.244713   0.0  0.0     5.0
MT-ND1      0.523842   86.049599   0.0  0.0     5.0
EPCAM-DT    0.575503   84.828972   0.0  0.0     5.0
----------------------------------------
Top results for Module 6:
                  C          Z  Pval  FDR  Module
Gene                                             
MSRA       0.658043  99.148239   0.0  0.0     6.0
RBFOX1     0.539295  79.214722   0.0  0.0     6.0
CNTNAP2    0.610213  78.073410   0.0  0.0     6.0
AJAP1      0.497435  76.530556   0.0  0.0     6.0
FSTL5      0.593404  75.447800   0.0  0.0     6.0
KIF25      0.500998  75.367874   0.0  0.0     6.0
CHRM5      0.581892  68.558372   0.0  0.0     6.0
CADM2      0.565401  67.808273   0.0  0.0     6.0
CNBD1      0.463310  66.656128   0.0  0.0     6.0
CAV1       0.529585  66.567169   0.0  0.0     6.0
GSE1       0.560795  66.186218   0.0  0.0     6.0
NTRK2      0.519823  65.341492   0.0  0.0     6.0
CD164      0.474588  64.031067   0.0  0.0     6.0
KDM6A      0.522922  63.799618   0.0  0.0     6.0
GPHN       0.525922  63.224483   0.0  0.0     6.0
ABCA9      0.423359  62.614204   0.0  0.0     6.0
CDH8       0.413130  62.476974   0.0  0.0     6.0
RPS6KA2    0.459575  61.145561   0.0  0.0     6.0
SFMBT2     0.458178  60.770805   0.0  0.0     6.0
COX10-AS1  0.453361  60.336670   0.0  0.0     6.0
----------------------------------------
Top results for Module 7:
                   C           Z  Pval  FDR  Module
Gene                                               
FDPS        0.670785  149.163666   0.0  0.0     7.0
ACSS2       0.698945  137.890991   0.0  0.0     7.0
DYSF        0.573359  134.553116   0.0  0.0     7.0
AC019197.1  0.497810  125.491852   0.0  0.0     7.0
MDGA2       0.674834  117.713547   0.0  0.0     7.0
MVD         0.556344  110.531548   0.0  0.0     7.0
AACS        0.621970  109.444984   0.0  0.0     7.0
PTPRN2      0.375838  108.708092   0.0  0.0     7.0
FADS2       0.584863  106.482765   0.0  0.0     7.0
LDLRAD3     0.506910  105.041267   0.0  0.0     7.0
GNG7        0.371382  104.262581   0.0  0.0     7.0
FP236383.3  0.500027  101.701492   0.0  0.0     7.0
EFR3B       0.588358  100.639648   0.0  0.0     7.0
RAPGEF3     0.481664  100.539482   0.0  0.0     7.0
HMGCS1      0.477845   98.152550   0.0  0.0     7.0
ACAT2       0.560316   95.882713   0.0  0.0     7.0
DSCAM       0.590831   95.600456   0.0  0.0     7.0
ACLY        0.530399   94.286179   0.0  0.0     7.0
UTY         0.694177   92.064751   0.0  0.0     7.0
HIP1        0.381514   90.900551   0.0  0.0     7.0
----------------------------------------
Top results for Module 8:
                   C          Z           Pval            FDR  Module
Gene                                                                 
MKRN3       0.316744  39.397274   0.000000e+00   0.000000e+00     8.0
ARHGAP12    0.363448  38.865494   0.000000e+00   0.000000e+00     8.0
PDE2A       0.421216  37.558544  5.109630e-309  4.010699e-308     8.0
ST8SIA1     0.337183  37.193371  4.366999e-303  3.377416e-302     8.0
HDAC2-AS2   0.314399  36.456043  2.759145e-291  2.048363e-290     8.0
UBL3        0.301853  36.453968  2.976145e-291  2.207823e-290     8.0
XXYLT1      0.383779  36.166756  1.014491e-286  7.405041e-286     8.0
FTCD        0.374412  35.833076  1.687316e-281  1.206087e-280     8.0
DTNB        0.249173  34.937046  1.018491e-267  6.937953e-267     8.0
ADARB2-AS1  0.462401  34.671406  1.062905e-263  7.152792e-263     8.0
PMP2        0.318311  33.862022  1.207407e-251  7.764674e-251     8.0
SLC7A11     0.399286  32.658783  3.006786e-234  1.821191e-233     8.0
PSAT1       0.379204  31.779753  6.164415e-222  3.575647e-221     8.0
AC068308.1  0.385228  31.612864  1.228832e-219  7.037983e-219     8.0
PPM1E       0.342131  31.050627  5.594236e-212  3.132271e-211     8.0
AC078785.1  0.252307  30.933531  2.115696e-210  1.177349e-209     8.0
PKP4        0.256367  30.881769  1.049486e-209  5.827239e-209     8.0
DDR2        0.288068  30.769478  3.356171e-208  1.851170e-207     8.0
AC087473.1  0.297694  30.611664  4.280905e-206  2.344417e-205     8.0
AC007376.2  0.248369  29.991848  6.267657e-198  3.337411e-197     8.0
----------------------------------------
Top results for Module 9:
                   C          Z           Pval            FDR  Module
Gene                                                                 
LINC00486   0.618888  46.154682   0.000000e+00   0.000000e+00     9.0
RSRP1       0.367815  40.704166   0.000000e+00   0.000000e+00     9.0
AL031651.2  0.350591  39.983425   0.000000e+00   0.000000e+00     9.0
PLCG2       0.616479  39.873955   0.000000e+00   0.000000e+00     9.0
ZSCAN31     0.335128  39.528755   0.000000e+00   0.000000e+00     9.0
MTRNR2L12   0.417686  38.935314   0.000000e+00   0.000000e+00     9.0
AC109322.2  0.452675  38.651756   0.000000e+00   0.000000e+00     9.0
AC003659.1  0.328540  37.757771   0.000000e+00   0.000000e+00     9.0
AC004797.1  0.391122  36.336769  2.125852e-289  1.561978e-288     9.0
AL355881.1  0.305794  30.117121  1.446028e-199  7.753504e-199     9.0
MAFIP       0.315552  29.621548  3.944420e-193  2.064061e-192     9.0
LINC00987   0.255084  29.165649  2.645228e-187  1.353750e-186     9.0
AL161457.2  0.252627  28.671555  4.318139e-181  2.156912e-180     9.0
CD27-AS1    0.229451  28.071243  1.099573e-173  5.348118e-173     9.0
AL021368.2  0.237170  27.437223  4.934974e-166  2.315802e-165     9.0
SRPRB       0.237361  27.385548  2.038364e-165  9.511733e-165     9.0
LINC02802   0.300960  26.516895  3.094677e-155  1.388993e-154     9.0
PAM16       0.202991  24.803873  4.071274e-136  1.674044e-135     9.0
AC040977.1  0.219012  24.724266  2.932832e-135  1.200013e-134     9.0
AC007099.1  0.242638  23.854311  4.567619e-126  1.801112e-125     9.0
----------------------------------------
Top results for Module 10:
                   C           Z  Pval  FDR  Module
Gene                                               
AC004540.1  0.592470  116.273727   0.0  0.0    10.0
SAXO2       0.640147  109.106400   0.0  0.0    10.0
SLC27A6     0.585065  108.903450   0.0  0.0    10.0
TIAM1       0.590111  103.931671   0.0  0.0    10.0
FAM66E      0.528865   93.855057   0.0  0.0    10.0
PHYHIPL     0.576155   88.771164   0.0  0.0    10.0
KIAA0930    0.524419   86.110283   0.0  0.0    10.0
LGSN        0.492921   83.571838   0.0  0.0    10.0
PDIA2       0.370367   83.275383   0.0  0.0    10.0
TBC1D3D     0.442737   79.460693   0.0  0.0    10.0
PPIE        0.500910   75.761566   0.0  0.0    10.0
AL591115.1  0.650553   75.747292   0.0  0.0    10.0
AC114485.1  0.604387   74.818626   0.0  0.0    10.0
VSTM2B      0.466231   73.135925   0.0  0.0    10.0
NRXN3       0.498622   72.477478   0.0  0.0    10.0
DEPTOR      0.537748   71.595596   0.0  0.0    10.0
LINC01949   0.435386   68.521637   0.0  0.0    10.0
S100B       0.526666   66.706276   0.0  0.0    10.0
LRRIQ3      0.433826   65.869156   0.0  0.0    10.0
POLR2J2     0.393746   65.388748   0.0  0.0    10.0
----------------------------------------
Top results for Module 11:
                   C          Z  Pval  FDR  Module
Gene                                              
SCD         0.434128  68.852112   0.0  0.0    11.0
SGK1        0.521487  68.362213   0.0  0.0    11.0
IKZF2       0.491778  68.051407   0.0  0.0    11.0
ERC1        0.692721  57.525497   0.0  0.0    11.0
NPTX2       0.440921  55.952156   0.0  0.0    11.0
LINC01445   0.448576  49.720467   0.0  0.0    11.0
AC097467.3  0.478170  48.412849   0.0  0.0    11.0
AC008571.2  0.371259  46.912125   0.0  0.0    11.0
FAM221A     0.414511  46.510403   0.0  0.0    11.0
MIR4527HG   0.385898  46.255959   0.0  0.0    11.0
JPH1        0.494494  45.698143   0.0  0.0    11.0
ARL17A      0.379835  44.866226   0.0  0.0    11.0
CPB2-AS1    0.354451  44.103973   0.0  0.0    11.0
PEBP1       0.369969  44.027157   0.0  0.0    11.0
DDIT4       0.412820  43.873775   0.0  0.0    11.0
ERMN        0.370804  42.986961   0.0  0.0    11.0
TMEM151A    0.245010  42.400909   0.0  0.0    11.0
HSP90B1     0.278612  41.848530   0.0  0.0    11.0
NPY2R       0.429849  41.569115   0.0  0.0    11.0
ITGB8       0.340272  41.235405   0.0  0.0    11.0
----------------------------------------
Top results for Module 12:
                    C          Z  Pval  FDR  Module
Gene                                               
FUT9         0.533813  78.665955   0.0  0.0    12.0
DPP6         0.513962  69.077942   0.0  0.0    12.0
PTN          0.479576  66.457611   0.0  0.0    12.0
POLR2F       0.459456  63.845524   0.0  0.0    12.0
AUTS2        0.426831  62.427876   0.0  0.0    12.0
L3MBTL4      0.486617  62.046955   0.0  0.0    12.0
CTNND2       0.420329  60.701733   0.0  0.0    12.0
PALM2-AKAP2  0.393166  57.865215   0.0  0.0    12.0
CERS6        0.487992  57.125057   0.0  0.0    12.0
CSMD3        0.392333  57.095398   0.0  0.0    12.0
ARRB1        0.480063  56.462410   0.0  0.0    12.0
KANK1        0.371162  56.177212   0.0  0.0    12.0
P4HA1        0.305737  56.053028   0.0  0.0    12.0
SIPA1L1      0.444053  55.985855   0.0  0.0    12.0
GREB1L       0.382847  55.875534   0.0  0.0    12.0
ERBIN        0.443214  54.403099   0.0  0.0    12.0
B4GALNT4     0.385701  53.959209   0.0  0.0    12.0
CREB5        0.400675  52.738884   0.0  0.0    12.0
NAV2         0.524933  49.593655   0.0  0.0    12.0
RGL1         0.358371  48.982548   0.0  0.0    12.0
----------------------------------------
Top results for Module 13:
                   C           Z  Pval  FDR  Module
Gene                                               
CASC9       0.273374  103.740768   0.0  0.0    13.0
VIM         0.331071   97.292984   0.0  0.0    13.0
B2M         0.328365   94.856255   0.0  0.0    13.0
S100A6      0.299631   92.921867   0.0  0.0    13.0
AQP4        0.417044   85.206581   0.0  0.0    13.0
HLA-A       0.369678   81.673988   0.0  0.0    13.0
CLU         0.398053   73.924568   0.0  0.0    13.0
LINC02645   0.212284   73.542458   0.0  0.0    13.0
SERHL2      0.469089   69.114288   0.0  0.0    13.0
TIMP1       0.288178   65.682800   0.0  0.0    13.0
AL034405.1  0.385029   59.148308   0.0  0.0    13.0
APOE        0.264172   58.678802   0.0  0.0    13.0
NLGN1       0.429255   57.945068   0.0  0.0    13.0
CST3        0.303077   57.512817   0.0  0.0    13.0
SPARCL1     0.400161   56.203850   0.0  0.0    13.0
MMD2        0.349458   55.751667   0.0  0.0    13.0
HLA-B       0.280661   52.828388   0.0  0.0    13.0
PARP14      0.255218   52.140484   0.0  0.0    13.0
ARPP21      0.290533   50.357815   0.0  0.0    13.0
KCNAB1      0.298325   50.047962   0.0  0.0    13.0
----------------------------------------
