250
Computing scores for 8 modules...
Top results for Module 1:
                   C          Z           Pval            FDR  Module
Gene                                                                 
AC109492.1  0.268054  29.910219  7.245668e-197  1.685039e-195     1.0
AC073349.4  0.405827  29.438126  8.933009e-191  2.002917e-189     1.0
GATAD1      0.352784  29.242750  2.776088e-188  6.114730e-187     1.0
ZNF565      0.331160  27.511278  6.434321e-167  1.134801e-165     1.0
LINC02823   0.239195  26.490698  6.202799e-155  9.722256e-154     1.0
AL139294.1  0.346659  25.846125  1.344925e-147  1.963394e-146     1.0
BTNL2       0.207662  25.573046  1.521838e-144  2.161701e-143     1.0
ADARB2      0.325476  25.260845  4.304208e-141  5.832261e-140     1.0
AC098617.1  0.310850  25.242975  6.763558e-141  9.127609e-140     1.0
AC011853.2  0.196405  25.159569  5.552298e-140  7.442758e-139     1.0
CPB2        0.295671  25.084135  3.704896e-139  4.913655e-138     1.0
AP001825.1  0.262898  24.992559  3.682596e-138  4.832804e-137     1.0
AC008957.2  0.244012  24.643944  2.136802e-134  2.704812e-133     1.0
AC011092.3  0.213277  24.606194  5.421869e-134  6.828550e-133     1.0
DDX4        0.252302  24.409786  6.731557e-132  8.331135e-131     1.0
AC139720.1  0.208288  24.263550  2.378648e-130  2.897257e-129     1.0
AC092155.1  0.229012  24.214996  7.732478e-130  9.372701e-129     1.0
AC073571.1  0.277261  24.014057  9.915674e-128  1.166550e-126     1.0
AC006116.8  0.264266  23.911293  1.168503e-126  1.352434e-125     1.0
RAPH1       0.296859  23.814970  1.168510e-125  1.332395e-124     1.0
----------------------------------------
Top results for Module 2:
                   C           Z  Pval  FDR  Module
Gene                                               
KLRC3       0.700177  119.829002   0.0  0.0     2.0
AQP4        0.370293   81.981903   0.0  0.0     2.0
KLRC2       0.544734   79.236282   0.0  0.0     2.0
CLDN5       0.363626   77.991325   0.0  0.0     2.0
GRIK2       0.668245   76.219582   0.0  0.0     2.0
TSBP1       0.480187   75.988571   0.0  0.0     2.0
TMEM178A    0.651055   75.656342   0.0  0.0     2.0
PRTG        0.692937   74.961464   0.0  0.0     2.0
EMC10       0.565986   74.424873   0.0  0.0     2.0
AQP1        0.363977   70.009949   0.0  0.0     2.0
KLRC4       0.583350   69.169441   0.0  0.0     2.0
SPARCL1     0.395928   68.934319   0.0  0.0     2.0
AVEN        0.496466   67.821815   0.0  0.0     2.0
TSIX        0.354834   67.050980   0.0  0.0     2.0
SLPI        0.351835   65.850388   0.0  0.0     2.0
SGCZ        0.607517   62.783924   0.0  0.0     2.0
RRAS2       0.628232   61.782249   0.0  0.0     2.0
FCHSD2      0.674703   61.769577   0.0  0.0     2.0
RNF217-AS1  0.441560   61.401623   0.0  0.0     2.0
AC022075.1  0.570860   60.967163   0.0  0.0     2.0
----------------------------------------
Top results for Module 3:
                    C          Z           Pval            FDR  Module
Gene                                                                  
FADS1        0.550554  42.680569   0.000000e+00   0.000000e+00     3.0
MIR29B2CHG   0.459954  41.511585   0.000000e+00   0.000000e+00     3.0
PDK4         0.380791  32.134670  7.231596e-227  2.165148e-225     3.0
SPIRE1       0.371800  31.126230  5.320150e-213  1.403733e-211     3.0
CNN3         0.340391  29.044786  8.953619e-186  1.905025e-184     3.0
C1orf198     0.305064  28.818321  6.322423e-183  1.300910e-181     3.0
ABCA8        0.390194  28.666008  5.063363e-181  1.018785e-179     3.0
KBTBD11      0.365092  28.007772  6.533031e-173  1.221127e-171     3.0
LITAF        0.399296  27.905672  1.138527e-171  2.092881e-170     3.0
PLAAT3       0.379838  27.717154  2.169058e-169  3.894179e-168     3.0
CA2          0.362052  27.338860  7.325330e-165  1.267358e-163     3.0
AGMO         0.362640  26.198050  1.398463e-151  2.122099e-150     3.0
ITPK1        0.269969  25.979099  4.265981e-149  6.310623e-148     3.0
MIRLET7BHG   0.251539  25.756155  1.375131e-146  1.987184e-145     3.0
IKZF2        0.313536  25.392467  1.527213e-142  2.115253e-141     3.0
PTMA         0.337439  25.336176  6.381828e-142  8.814679e-141     3.0
TOB2         0.345356  24.978323  5.258732e-138  6.892179e-137     3.0
CXXC5        0.284693  24.777365  7.863091e-136  1.009383e-134     3.0
OR7A5        0.326746  24.764139  1.091698e-135  1.399612e-134     3.0
ST3GAL5-AS1  0.311241  24.510445  5.715453e-133  7.126500e-132     3.0
----------------------------------------
Top results for Module 4:
                    C          Z  Pval  FDR  Module
Gene                                               
CASC9        0.286900  71.724518   0.0  0.0     4.0
LINC02645    0.283724  68.879860   0.0  0.0     4.0
PATL2        0.519609  60.373474   0.0  0.0     4.0
SNAP91       0.614725  57.580170   0.0  0.0     4.0
C8orf37-AS1  0.461059  55.186577   0.0  0.0     4.0
BTN3A1       0.549728  55.137245   0.0  0.0     4.0
TMEM132B     0.620675  54.112114   0.0  0.0     4.0
GOLGA8B      0.493096  53.816177   0.0  0.0     4.0
AL713851.1   0.231337  53.596191   0.0  0.0     4.0
TIMP1        0.425611  53.037609   0.0  0.0     4.0
BTN3A2       0.570286  52.610744   0.0  0.0     4.0
HLA-E        0.407896  50.141930   0.0  0.0     4.0
GIPR         0.357623  49.465477   0.0  0.0     4.0
CEP126       0.504077  48.688492   0.0  0.0     4.0
LINC00271    0.427581  47.414062   0.0  0.0     4.0
AL513166.1   0.367299  47.199192   0.0  0.0     4.0
OTUD6B-AS1   0.504572  47.129944   0.0  0.0     4.0
AC079142.1   0.432827  46.141052   0.0  0.0     4.0
WLS          0.278459  45.965080   0.0  0.0     4.0
COL1A2       0.252924  45.957966   0.0  0.0     4.0
----------------------------------------
Top results for Module 5:
                   C          Z           Pval            FDR  Module
Gene                                                                 
AL358232.2  0.413950  21.506380  6.784454e-103  5.798679e-102     5.0
GSDME       0.421591  19.452351   1.391864e-84   9.038076e-84     5.0
AL391832.4  0.333261  19.263489   5.439766e-83   3.425545e-82     5.0
TMEM132C    0.389048  18.862490   1.160161e-79   6.951233e-79     5.0
AC026341.1  0.284970  18.595459   1.748534e-77   1.014231e-76     5.0
SOX1-OT     0.467823  18.074928   2.511031e-73   1.372148e-72     5.0
AL133538.1  0.511415  17.969393   1.691992e-72   9.126171e-72     5.0
MTG1        0.317564  17.854385   1.336030e-71   7.102765e-71     5.0
XRRA1       0.209335  17.785313   4.592480e-71   2.418368e-70     5.0
CDC42SE1    0.229291  17.760536   7.143163e-71   3.749692e-70     5.0
C1orf56     0.195476  17.748611   8.833417e-71   4.624826e-70     5.0
FN3K        0.305758  17.514097   5.592309e-69   2.825826e-68     5.0
TMEM40      0.525427  17.462816   1.375126e-68   6.885961e-68     5.0
SRPRB       0.279496  17.245237   6.075634e-67   2.973879e-66     5.0
HAGHL       0.329880  17.243290   6.283833e-67   3.069777e-66     5.0
ZNF862      0.247437  16.539454   9.537245e-62   4.271046e-61     5.0
AC022469.1  0.251698  16.415094   7.457437e-61   3.276554e-60     5.0
LINC00326   0.444244  16.242229   1.267699e-59   5.443102e-59     5.0
PCAT7       0.341328  16.042276   3.236864e-58   1.356607e-57     5.0
TRIM73      0.286993  16.021893   4.493635e-58   1.876257e-57     5.0
----------------------------------------
Top results for Module 6:
                   C          Z           Pval            FDR  Module
Gene                                                                 
AC021723.2  0.372985  55.508247   0.000000e+00   0.000000e+00     6.0
KANSL1      0.531253  43.821182   0.000000e+00   0.000000e+00     6.0
LINC02759   0.295130  41.824524   0.000000e+00   0.000000e+00     6.0
CERS6       0.457215  41.575275   0.000000e+00   0.000000e+00     6.0
SPOCK1      0.432171  40.582516   0.000000e+00   0.000000e+00     6.0
IL1RAPL2    0.279128  39.651096   0.000000e+00   0.000000e+00     6.0
ARL17B      0.515533  39.224815   0.000000e+00   0.000000e+00     6.0
WHRN        0.425411  37.019470  2.783835e-300  1.364625e-298     6.0
AC113370.1  0.445628  35.289261  4.290682e-273  1.709435e-271     6.0
GLIPR1L2    0.372809  35.239876  2.451750e-272  9.652557e-271     6.0
SERPINB6    0.340993  32.677349  1.638506e-234  5.088529e-233     6.0
LINC02814   0.404407  32.346619  7.739219e-230  2.352346e-228     6.0
SNX19       0.372146  31.686642  1.186802e-220  3.352548e-219     6.0
PSD2        0.444854  31.590481  2.494536e-219  6.929267e-218     6.0
AC092924.2  0.358004  31.323418  1.119886e-215  3.068181e-214     6.0
DIP2C       0.382552  30.889729  8.205438e-210  2.114804e-208     6.0
AC007126.1  0.270552  30.623953  2.937327e-206  7.343319e-205     6.0
EFHD1       0.400510  30.495840  1.479386e-204  3.652804e-203     6.0
AGO2        0.384352  30.465895  3.689047e-204  9.063998e-203     6.0
IGSF9B      0.257518  29.833439  7.199070e-196  1.670318e-194     6.0
----------------------------------------
Top results for Module 7:
                   C          Z           Pval            FDR  Module
Gene                                                                 
NTM         0.549111  39.151978   0.000000e+00   0.000000e+00     7.0
AC104407.1  0.555434  38.025818   0.000000e+00   0.000000e+00     7.0
NPY2R       0.564153  37.286556  1.355189e-304  7.058274e-303     7.0
AC097467.3  0.524050  37.126534  5.243338e-302  2.621669e-300     7.0
LRP2        0.452199  36.152111  1.723457e-286  7.659810e-285     7.0
ATXN1       0.373387  34.518677  2.104147e-261  7.970254e-260     7.0
TTLL9       0.516302  34.047279  2.226539e-254  8.038047e-253     7.0
TRA2A       0.430025  33.422115  3.272001e-245  1.105406e-243     7.0
SGK1        0.380917  32.777073  6.247812e-236  1.952441e-234     7.0
EPCAM-DT    0.408518  32.427578  5.608893e-231  1.720519e-229     7.0
BCL2        0.372540  32.180885  1.633707e-227  4.920805e-226     7.0
MIR3936HG   0.405776  31.554129  7.869332e-219  2.173849e-217     7.0
MXI1        0.334709  31.187687  7.824930e-214  2.092227e-212     7.0
LINC02199   0.389168  30.812172  9.001722e-209  2.314067e-207     7.0
ZBTB16      0.317521  30.731031  1.096037e-207  2.767769e-206     7.0
DIPK2B      0.454860  30.661537  9.273631e-207  2.324218e-205     7.0
IGSF21      0.515075  29.666691  1.033090e-193  2.364050e-192     7.0
TACC1       0.386564  29.506294  1.195262e-191  2.685981e-190     7.0
MAP7        0.423409  29.112928  1.231497e-186  2.659820e-185     7.0
MIR100HG    0.386499  28.982685  5.437942e-185  1.152106e-183     7.0
----------------------------------------
Top results for Module 8:
                   C          Z           Pval            FDR  Module
Gene                                                                 
TMEM232     0.439937  57.038548   0.000000e+00   0.000000e+00     8.0
CLEC2A      0.408740  57.014732   0.000000e+00   0.000000e+00     8.0
AL158077.2  0.504281  55.215488   0.000000e+00   0.000000e+00     8.0
LINC02406   0.406620  45.257679   0.000000e+00   0.000000e+00     8.0
RORB        0.314424  43.844326   0.000000e+00   0.000000e+00     8.0
CENPP       0.496776  43.088509   0.000000e+00   0.000000e+00     8.0
TRPM1       0.357738  37.796532   0.000000e+00   0.000000e+00     8.0
CPEB1       0.405867  37.760117   0.000000e+00   0.000000e+00     8.0
LINC02470   0.299054  37.143562  2.784685e-302  1.406407e-300     8.0
COL16A1     0.349902  36.709026  2.621098e-295  1.260143e-293     8.0
C2CD6       0.434404  36.646778  2.574968e-294  1.220364e-292     8.0
AC096711.2  0.299427  36.126862  4.295350e-286  1.883926e-284     8.0
CARNS1      0.383321  36.112316  7.266760e-286  3.159461e-284     8.0
AC007513.1  0.297087  36.073448  2.958425e-285  1.280703e-283     8.0
CDH4        0.359814  35.742195  4.373301e-280  1.822209e-278     8.0
MMD2        0.271059  35.607876  5.290713e-278  2.177248e-276     8.0
FAM85B      0.358980  33.670284  7.871372e-249  2.733115e-247     8.0
RORB-AS1    0.261100  33.148239  3.002041e-241  9.940533e-240     8.0
AC108519.1  0.272265  32.965645  1.262457e-238  4.059347e-237     8.0
TENM3-AS1   0.216842  32.592400  2.627714e-233  8.110227e-232     8.0
----------------------------------------
300
Computing scores for 8 modules...
Top results for Module 1:
                   C           Z  Pval  FDR  Module
Gene                                               
KLRC3       0.700177  119.829002   0.0  0.0     1.0
AQP4        0.370293   81.981903   0.0  0.0     1.0
KLRC2       0.544734   79.236282   0.0  0.0     1.0
CLDN5       0.363626   77.991325   0.0  0.0     1.0
GRIK2       0.668245   76.219582   0.0  0.0     1.0
TSBP1       0.480187   75.988571   0.0  0.0     1.0
TMEM178A    0.651055   75.656342   0.0  0.0     1.0
PRTG        0.692937   74.961464   0.0  0.0     1.0
EMC10       0.565986   74.424873   0.0  0.0     1.0
AQP1        0.363977   70.009949   0.0  0.0     1.0
KLRC4       0.583350   69.169441   0.0  0.0     1.0
SPARCL1     0.395928   68.934319   0.0  0.0     1.0
AVEN        0.496466   67.821815   0.0  0.0     1.0
TSIX        0.354834   67.050980   0.0  0.0     1.0
SLPI        0.351835   65.850388   0.0  0.0     1.0
SGCZ        0.607517   62.783924   0.0  0.0     1.0
RRAS2       0.628232   61.782249   0.0  0.0     1.0
FCHSD2      0.674703   61.769577   0.0  0.0     1.0
RNF217-AS1  0.441560   61.401623   0.0  0.0     1.0
AC022075.1  0.570860   60.967163   0.0  0.0     1.0
----------------------------------------
Top results for Module 2:
                   C          Z           Pval            FDR  Module
Gene                                                                 
AC109492.1  0.268054  29.910219  7.245668e-197  1.685039e-195     2.0
AC073349.4  0.405827  29.438126  8.933009e-191  2.002917e-189     2.0
GATAD1      0.352784  29.242750  2.776088e-188  6.114730e-187     2.0
ZNF565      0.331160  27.511278  6.434321e-167  1.134801e-165     2.0
LINC02823   0.239195  26.490698  6.202799e-155  9.722256e-154     2.0
AL139294.1  0.346659  25.846125  1.344925e-147  1.963394e-146     2.0
BTNL2       0.207662  25.573046  1.521838e-144  2.161701e-143     2.0
ADARB2      0.325476  25.260845  4.304208e-141  5.832261e-140     2.0
AC098617.1  0.310850  25.242975  6.763558e-141  9.127609e-140     2.0
AC011853.2  0.196405  25.159569  5.552298e-140  7.442758e-139     2.0
CPB2        0.295671  25.084135  3.704896e-139  4.913655e-138     2.0
AP001825.1  0.262898  24.992559  3.682596e-138  4.832804e-137     2.0
AC008957.2  0.244012  24.643944  2.136802e-134  2.704812e-133     2.0
AC011092.3  0.213277  24.606194  5.421869e-134  6.828550e-133     2.0
DDX4        0.252302  24.409786  6.731557e-132  8.331135e-131     2.0
AC139720.1  0.208288  24.263550  2.378648e-130  2.897257e-129     2.0
AC092155.1  0.229012  24.214996  7.732478e-130  9.372701e-129     2.0
AC073571.1  0.277261  24.014057  9.915674e-128  1.166550e-126     2.0
AC006116.8  0.264266  23.911293  1.168503e-126  1.352434e-125     2.0
RAPH1       0.296859  23.814970  1.168510e-125  1.332395e-124     2.0
----------------------------------------
Top results for Module 3:
                    C          Z           Pval            FDR  Module
Gene                                                                  
FADS1        0.550554  42.680569   0.000000e+00   0.000000e+00     3.0
MIR29B2CHG   0.459954  41.511585   0.000000e+00   0.000000e+00     3.0
PDK4         0.380791  32.134670  7.231596e-227  2.165148e-225     3.0
SPIRE1       0.371800  31.126230  5.320150e-213  1.403733e-211     3.0
CNN3         0.340391  29.044786  8.953619e-186  1.905025e-184     3.0
C1orf198     0.305064  28.818321  6.322423e-183  1.300910e-181     3.0
ABCA8        0.390194  28.666008  5.063363e-181  1.018785e-179     3.0
KBTBD11      0.365092  28.007772  6.533031e-173  1.221127e-171     3.0
LITAF        0.399296  27.905672  1.138527e-171  2.092881e-170     3.0
PLAAT3       0.379838  27.717154  2.169058e-169  3.894179e-168     3.0
CA2          0.362052  27.338860  7.325330e-165  1.267358e-163     3.0
AGMO         0.362640  26.198050  1.398463e-151  2.122099e-150     3.0
ITPK1        0.269969  25.979099  4.265981e-149  6.310623e-148     3.0
MIRLET7BHG   0.251539  25.756155  1.375131e-146  1.987184e-145     3.0
IKZF2        0.313536  25.392467  1.527213e-142  2.115253e-141     3.0
PTMA         0.337439  25.336176  6.381828e-142  8.814679e-141     3.0
TOB2         0.345356  24.978323  5.258732e-138  6.892179e-137     3.0
CXXC5        0.284693  24.777365  7.863091e-136  1.009383e-134     3.0
OR7A5        0.326746  24.764139  1.091698e-135  1.399612e-134     3.0
ST3GAL5-AS1  0.311241  24.510445  5.715453e-133  7.126500e-132     3.0
----------------------------------------
Top results for Module 4:
                    C          Z  Pval  FDR  Module
Gene                                               
CASC9        0.286900  71.724518   0.0  0.0     4.0
LINC02645    0.283724  68.879860   0.0  0.0     4.0
PATL2        0.519609  60.373474   0.0  0.0     4.0
SNAP91       0.614725  57.580170   0.0  0.0     4.0
C8orf37-AS1  0.461059  55.186577   0.0  0.0     4.0
BTN3A1       0.549728  55.137245   0.0  0.0     4.0
TMEM132B     0.620675  54.112114   0.0  0.0     4.0
GOLGA8B      0.493096  53.816177   0.0  0.0     4.0
AL713851.1   0.231337  53.596191   0.0  0.0     4.0
TIMP1        0.425611  53.037609   0.0  0.0     4.0
BTN3A2       0.570286  52.610744   0.0  0.0     4.0
HLA-E        0.407896  50.141930   0.0  0.0     4.0
GIPR         0.357623  49.465477   0.0  0.0     4.0
CEP126       0.504077  48.688492   0.0  0.0     4.0
LINC00271    0.427581  47.414062   0.0  0.0     4.0
AL513166.1   0.367299  47.199192   0.0  0.0     4.0
OTUD6B-AS1   0.504572  47.129944   0.0  0.0     4.0
AC079142.1   0.432827  46.141052   0.0  0.0     4.0
WLS          0.278459  45.965080   0.0  0.0     4.0
COL1A2       0.252924  45.957966   0.0  0.0     4.0
----------------------------------------
Top results for Module 5:
                   C          Z           Pval            FDR  Module
Gene                                                                 
AC021723.2  0.372985  55.508247   0.000000e+00   0.000000e+00     5.0
KANSL1      0.531253  43.821182   0.000000e+00   0.000000e+00     5.0
LINC02759   0.295130  41.824524   0.000000e+00   0.000000e+00     5.0
CERS6       0.457215  41.575275   0.000000e+00   0.000000e+00     5.0
SPOCK1      0.432171  40.582516   0.000000e+00   0.000000e+00     5.0
IL1RAPL2    0.279128  39.651096   0.000000e+00   0.000000e+00     5.0
ARL17B      0.515533  39.224815   0.000000e+00   0.000000e+00     5.0
WHRN        0.425411  37.019470  2.783835e-300  1.364625e-298     5.0
AC113370.1  0.445628  35.289261  4.290682e-273  1.709435e-271     5.0
GLIPR1L2    0.372809  35.239876  2.451750e-272  9.652557e-271     5.0
SERPINB6    0.340993  32.677349  1.638506e-234  5.088529e-233     5.0
LINC02814   0.404407  32.346619  7.739219e-230  2.352346e-228     5.0
SNX19       0.372146  31.686642  1.186802e-220  3.352548e-219     5.0
PSD2        0.444854  31.590481  2.494536e-219  6.929267e-218     5.0
AC092924.2  0.358004  31.323418  1.119886e-215  3.068181e-214     5.0
DIP2C       0.382552  30.889729  8.205438e-210  2.114804e-208     5.0
AC007126.1  0.270552  30.623953  2.937327e-206  7.343319e-205     5.0
EFHD1       0.400510  30.495840  1.479386e-204  3.652804e-203     5.0
AGO2        0.384352  30.465895  3.689047e-204  9.063998e-203     5.0
IGSF9B      0.257518  29.833439  7.199070e-196  1.670318e-194     5.0
----------------------------------------
Top results for Module 6:
                   C          Z           Pval            FDR  Module
Gene                                                                 
AL358232.2  0.413950  21.506380  6.784454e-103  5.798679e-102     6.0
GSDME       0.421591  19.452351   1.391864e-84   9.038076e-84     6.0
AL391832.4  0.333261  19.263489   5.439766e-83   3.425545e-82     6.0
TMEM132C    0.389048  18.862490   1.160161e-79   6.951233e-79     6.0
AC026341.1  0.284970  18.595459   1.748534e-77   1.014231e-76     6.0
SOX1-OT     0.467823  18.074928   2.511031e-73   1.372148e-72     6.0
AL133538.1  0.511415  17.969393   1.691992e-72   9.126171e-72     6.0
MTG1        0.317564  17.854385   1.336030e-71   7.102765e-71     6.0
XRRA1       0.209335  17.785313   4.592480e-71   2.418368e-70     6.0
CDC42SE1    0.229291  17.760536   7.143163e-71   3.749692e-70     6.0
C1orf56     0.195476  17.748611   8.833417e-71   4.624826e-70     6.0
FN3K        0.305758  17.514097   5.592309e-69   2.825826e-68     6.0
TMEM40      0.525427  17.462816   1.375126e-68   6.885961e-68     6.0
SRPRB       0.279496  17.245237   6.075634e-67   2.973879e-66     6.0
HAGHL       0.329880  17.243290   6.283833e-67   3.069777e-66     6.0
ZNF862      0.247437  16.539454   9.537245e-62   4.271046e-61     6.0
AC022469.1  0.251698  16.415094   7.457437e-61   3.276554e-60     6.0
LINC00326   0.444244  16.242229   1.267699e-59   5.443102e-59     6.0
PCAT7       0.341328  16.042276   3.236864e-58   1.356607e-57     6.0
TRIM73      0.286993  16.021893   4.493635e-58   1.876257e-57     6.0
----------------------------------------
Top results for Module 7:
                   C          Z           Pval            FDR  Module
Gene                                                                 
NTM         0.549111  39.151978   0.000000e+00   0.000000e+00     7.0
AC104407.1  0.555434  38.025818   0.000000e+00   0.000000e+00     7.0
NPY2R       0.564153  37.286556  1.355189e-304  7.058274e-303     7.0
AC097467.3  0.524050  37.126534  5.243338e-302  2.621669e-300     7.0
LRP2        0.452199  36.152111  1.723457e-286  7.659810e-285     7.0
ATXN1       0.373387  34.518677  2.104147e-261  7.970254e-260     7.0
TTLL9       0.516302  34.047279  2.226539e-254  8.038047e-253     7.0
TRA2A       0.430025  33.422115  3.272001e-245  1.105406e-243     7.0
SGK1        0.380917  32.777073  6.247812e-236  1.952441e-234     7.0
EPCAM-DT    0.408518  32.427578  5.608893e-231  1.720519e-229     7.0
BCL2        0.372540  32.180885  1.633707e-227  4.920805e-226     7.0
MIR3936HG   0.405776  31.554129  7.869332e-219  2.173849e-217     7.0
MXI1        0.334709  31.187687  7.824930e-214  2.092227e-212     7.0
LINC02199   0.389168  30.812172  9.001722e-209  2.314067e-207     7.0
ZBTB16      0.317521  30.731031  1.096037e-207  2.767769e-206     7.0
DIPK2B      0.454860  30.661537  9.273631e-207  2.324218e-205     7.0
IGSF21      0.515075  29.666691  1.033090e-193  2.364050e-192     7.0
TACC1       0.386564  29.506294  1.195262e-191  2.685981e-190     7.0
MAP7        0.423409  29.112928  1.231497e-186  2.659820e-185     7.0
MIR100HG    0.386499  28.982685  5.437942e-185  1.152106e-183     7.0
----------------------------------------
Top results for Module 8:
                   C          Z           Pval            FDR  Module
Gene                                                                 
TMEM232     0.439937  57.038548   0.000000e+00   0.000000e+00     8.0
CLEC2A      0.408740  57.014732   0.000000e+00   0.000000e+00     8.0
AL158077.2  0.504281  55.215488   0.000000e+00   0.000000e+00     8.0
LINC02406   0.406620  45.257679   0.000000e+00   0.000000e+00     8.0
RORB        0.314424  43.844326   0.000000e+00   0.000000e+00     8.0
CENPP       0.496776  43.088509   0.000000e+00   0.000000e+00     8.0
TRPM1       0.357738  37.796532   0.000000e+00   0.000000e+00     8.0
CPEB1       0.405867  37.760117   0.000000e+00   0.000000e+00     8.0
LINC02470   0.299054  37.143562  2.784685e-302  1.406407e-300     8.0
COL16A1     0.349902  36.709026  2.621098e-295  1.260143e-293     8.0
C2CD6       0.434404  36.646778  2.574968e-294  1.220364e-292     8.0
AC096711.2  0.299427  36.126862  4.295350e-286  1.883926e-284     8.0
CARNS1      0.383321  36.112316  7.266760e-286  3.159461e-284     8.0
AC007513.1  0.297087  36.073448  2.958425e-285  1.280703e-283     8.0
CDH4        0.359814  35.742195  4.373301e-280  1.822209e-278     8.0
MMD2        0.271059  35.607876  5.290713e-278  2.177248e-276     8.0
FAM85B      0.358980  33.670284  7.871372e-249  2.733115e-247     8.0
RORB-AS1    0.261100  33.148239  3.002041e-241  9.940533e-240     8.0
AC108519.1  0.272265  32.965645  1.262457e-238  4.059347e-237     8.0
TENM3-AS1   0.216842  32.592400  2.627714e-233  8.110227e-232     8.0
----------------------------------------
350
Computing scores for 7 modules...
Top results for Module 1:
                   C           Z  Pval  FDR  Module
Gene                                               
KLRC3       0.700177  119.829002   0.0  0.0     1.0
AQP4        0.370293   81.981903   0.0  0.0     1.0
KLRC2       0.544734   79.236282   0.0  0.0     1.0
CLDN5       0.363626   77.991325   0.0  0.0     1.0
GRIK2       0.668245   76.219582   0.0  0.0     1.0
TSBP1       0.480187   75.988571   0.0  0.0     1.0
TMEM178A    0.651055   75.656342   0.0  0.0     1.0
PRTG        0.692937   74.961464   0.0  0.0     1.0
EMC10       0.565986   74.424873   0.0  0.0     1.0
AQP1        0.363977   70.009949   0.0  0.0     1.0
KLRC4       0.583350   69.169441   0.0  0.0     1.0
SPARCL1     0.395928   68.934319   0.0  0.0     1.0
AVEN        0.496466   67.821815   0.0  0.0     1.0
TSIX        0.354834   67.050980   0.0  0.0     1.0
SLPI        0.351835   65.850388   0.0  0.0     1.0
SGCZ        0.607517   62.783924   0.0  0.0     1.0
RRAS2       0.628232   61.782249   0.0  0.0     1.0
FCHSD2      0.674703   61.769577   0.0  0.0     1.0
RNF217-AS1  0.441560   61.401623   0.0  0.0     1.0
AC022075.1  0.570860   60.967163   0.0  0.0     1.0
----------------------------------------
Top results for Module 2:
                   C          Z           Pval            FDR  Module
Gene                                                                 
AC109492.1  0.268054  29.910219  7.245668e-197  1.685039e-195     2.0
AC073349.4  0.405827  29.438126  8.933009e-191  2.002917e-189     2.0
GATAD1      0.352784  29.242750  2.776088e-188  6.114730e-187     2.0
ZNF565      0.331160  27.511278  6.434321e-167  1.134801e-165     2.0
LINC02823   0.239195  26.490698  6.202799e-155  9.722256e-154     2.0
AL139294.1  0.346659  25.846125  1.344925e-147  1.963394e-146     2.0
BTNL2       0.207662  25.573046  1.521838e-144  2.161701e-143     2.0
ADARB2      0.325476  25.260845  4.304208e-141  5.832261e-140     2.0
AC098617.1  0.310850  25.242975  6.763558e-141  9.127609e-140     2.0
AC011853.2  0.196405  25.159569  5.552298e-140  7.442758e-139     2.0
CPB2        0.295671  25.084135  3.704896e-139  4.913655e-138     2.0
AP001825.1  0.262898  24.992559  3.682596e-138  4.832804e-137     2.0
AC008957.2  0.244012  24.643944  2.136802e-134  2.704812e-133     2.0
AC011092.3  0.213277  24.606194  5.421869e-134  6.828550e-133     2.0
DDX4        0.252302  24.409786  6.731557e-132  8.331135e-131     2.0
AC139720.1  0.208288  24.263550  2.378648e-130  2.897257e-129     2.0
AC092155.1  0.229012  24.214996  7.732478e-130  9.372701e-129     2.0
AC073571.1  0.277261  24.014057  9.915674e-128  1.166550e-126     2.0
AC006116.8  0.264266  23.911293  1.168503e-126  1.352434e-125     2.0
RAPH1       0.296859  23.814970  1.168510e-125  1.332395e-124     2.0
----------------------------------------
Top results for Module 3:
                    C          Z  Pval  FDR  Module
Gene                                               
CASC9        0.286900  71.724518   0.0  0.0     3.0
LINC02645    0.283724  68.879860   0.0  0.0     3.0
PATL2        0.519609  60.373474   0.0  0.0     3.0
SNAP91       0.614725  57.580170   0.0  0.0     3.0
C8orf37-AS1  0.461059  55.186577   0.0  0.0     3.0
BTN3A1       0.549728  55.137245   0.0  0.0     3.0
TMEM132B     0.620675  54.112114   0.0  0.0     3.0
GOLGA8B      0.493096  53.816177   0.0  0.0     3.0
AL713851.1   0.231337  53.596191   0.0  0.0     3.0
TIMP1        0.425611  53.037609   0.0  0.0     3.0
BTN3A2       0.570286  52.610744   0.0  0.0     3.0
HLA-E        0.407896  50.141930   0.0  0.0     3.0
GIPR         0.357623  49.465477   0.0  0.0     3.0
CEP126       0.504077  48.688492   0.0  0.0     3.0
LINC00271    0.427581  47.414062   0.0  0.0     3.0
AL513166.1   0.367299  47.199192   0.0  0.0     3.0
OTUD6B-AS1   0.504572  47.129944   0.0  0.0     3.0
AC079142.1   0.432827  46.141052   0.0  0.0     3.0
WLS          0.278459  45.965080   0.0  0.0     3.0
COL1A2       0.252924  45.957966   0.0  0.0     3.0
----------------------------------------
Top results for Module 4:
                    C          Z           Pval            FDR  Module
Gene                                                                  
FADS1        0.550554  42.680569   0.000000e+00   0.000000e+00     4.0
MIR29B2CHG   0.459954  41.511585   0.000000e+00   0.000000e+00     4.0
PDK4         0.380791  32.134670  7.231596e-227  2.165148e-225     4.0
SPIRE1       0.371800  31.126230  5.320150e-213  1.403733e-211     4.0
CNN3         0.340391  29.044786  8.953619e-186  1.905025e-184     4.0
C1orf198     0.305064  28.818321  6.322423e-183  1.300910e-181     4.0
ABCA8        0.390194  28.666008  5.063363e-181  1.018785e-179     4.0
KBTBD11      0.365092  28.007772  6.533031e-173  1.221127e-171     4.0
LITAF        0.399296  27.905672  1.138527e-171  2.092881e-170     4.0
PLAAT3       0.379838  27.717154  2.169058e-169  3.894179e-168     4.0
CA2          0.362052  27.338860  7.325330e-165  1.267358e-163     4.0
AGMO         0.362640  26.198050  1.398463e-151  2.122099e-150     4.0
ITPK1        0.269969  25.979099  4.265981e-149  6.310623e-148     4.0
MIRLET7BHG   0.251539  25.756155  1.375131e-146  1.987184e-145     4.0
IKZF2        0.313536  25.392467  1.527213e-142  2.115253e-141     4.0
PTMA         0.337439  25.336176  6.381828e-142  8.814679e-141     4.0
TOB2         0.345356  24.978323  5.258732e-138  6.892179e-137     4.0
CXXC5        0.284693  24.777365  7.863091e-136  1.009383e-134     4.0
OR7A5        0.326746  24.764139  1.091698e-135  1.399612e-134     4.0
ST3GAL5-AS1  0.311241  24.510445  5.715453e-133  7.126500e-132     4.0
----------------------------------------
Top results for Module 5:
                   C          Z           Pval            FDR  Module
Gene                                                                 
AC021723.2  0.372985  55.508247   0.000000e+00   0.000000e+00     5.0
KANSL1      0.531253  43.821182   0.000000e+00   0.000000e+00     5.0
LINC02759   0.295130  41.824524   0.000000e+00   0.000000e+00     5.0
CERS6       0.457215  41.575275   0.000000e+00   0.000000e+00     5.0
SPOCK1      0.432171  40.582516   0.000000e+00   0.000000e+00     5.0
IL1RAPL2    0.279128  39.651096   0.000000e+00   0.000000e+00     5.0
ARL17B      0.515533  39.224815   0.000000e+00   0.000000e+00     5.0
WHRN        0.425411  37.019470  2.783835e-300  1.364625e-298     5.0
AC113370.1  0.445628  35.289261  4.290682e-273  1.709435e-271     5.0
GLIPR1L2    0.372809  35.239876  2.451750e-272  9.652557e-271     5.0
SERPINB6    0.340993  32.677349  1.638506e-234  5.088529e-233     5.0
LINC02814   0.404407  32.346619  7.739219e-230  2.352346e-228     5.0
SNX19       0.372146  31.686642  1.186802e-220  3.352548e-219     5.0
PSD2        0.444854  31.590481  2.494536e-219  6.929267e-218     5.0
AC092924.2  0.358004  31.323418  1.119886e-215  3.068181e-214     5.0
DIP2C       0.382552  30.889729  8.205438e-210  2.114804e-208     5.0
AC007126.1  0.270552  30.623953  2.937327e-206  7.343319e-205     5.0
EFHD1       0.400510  30.495840  1.479386e-204  3.652804e-203     5.0
AGO2        0.384352  30.465895  3.689047e-204  9.063998e-203     5.0
IGSF9B      0.257518  29.833439  7.199070e-196  1.670318e-194     5.0
----------------------------------------
Top results for Module 6:
                   C          Z           Pval            FDR  Module
Gene                                                                 
AL358232.2  0.413950  21.506380  6.784454e-103  5.798679e-102     6.0
GSDME       0.421591  19.452351   1.391864e-84   9.038076e-84     6.0
AL391832.4  0.333261  19.263489   5.439766e-83   3.425545e-82     6.0
TMEM132C    0.389048  18.862490   1.160161e-79   6.951233e-79     6.0
AC026341.1  0.284970  18.595459   1.748534e-77   1.014231e-76     6.0
SOX1-OT     0.467823  18.074928   2.511031e-73   1.372148e-72     6.0
AL133538.1  0.511415  17.969393   1.691992e-72   9.126171e-72     6.0
MTG1        0.317564  17.854385   1.336030e-71   7.102765e-71     6.0
XRRA1       0.209335  17.785313   4.592480e-71   2.418368e-70     6.0
CDC42SE1    0.229291  17.760536   7.143163e-71   3.749692e-70     6.0
C1orf56     0.195476  17.748611   8.833417e-71   4.624826e-70     6.0
FN3K        0.305758  17.514097   5.592309e-69   2.825826e-68     6.0
TMEM40      0.525427  17.462816   1.375126e-68   6.885961e-68     6.0
SRPRB       0.279496  17.245237   6.075634e-67   2.973879e-66     6.0
HAGHL       0.329880  17.243290   6.283833e-67   3.069777e-66     6.0
ZNF862      0.247437  16.539454   9.537245e-62   4.271046e-61     6.0
AC022469.1  0.251698  16.415094   7.457437e-61   3.276554e-60     6.0
LINC00326   0.444244  16.242229   1.267699e-59   5.443102e-59     6.0
PCAT7       0.341328  16.042276   3.236864e-58   1.356607e-57     6.0
TRIM73      0.286993  16.021893   4.493635e-58   1.876257e-57     6.0
----------------------------------------
Top results for Module 7:
                   C          Z           Pval            FDR  Module
Gene                                                                 
NTM         0.549111  39.151978   0.000000e+00   0.000000e+00     7.0
AC104407.1  0.555434  38.025818   0.000000e+00   0.000000e+00     7.0
NPY2R       0.564153  37.286556  1.355189e-304  7.058274e-303     7.0
AC097467.3  0.524050  37.126534  5.243338e-302  2.621669e-300     7.0
LRP2        0.452199  36.152111  1.723457e-286  7.659810e-285     7.0
ATXN1       0.373387  34.518677  2.104147e-261  7.970254e-260     7.0
TTLL9       0.516302  34.047279  2.226539e-254  8.038047e-253     7.0
TRA2A       0.430025  33.422115  3.272001e-245  1.105406e-243     7.0
SGK1        0.380917  32.777073  6.247812e-236  1.952441e-234     7.0
EPCAM-DT    0.408518  32.427578  5.608893e-231  1.720519e-229     7.0
BCL2        0.372540  32.180885  1.633707e-227  4.920805e-226     7.0
MIR3936HG   0.405776  31.554129  7.869332e-219  2.173849e-217     7.0
MXI1        0.334709  31.187687  7.824930e-214  2.092227e-212     7.0
LINC02199   0.389168  30.812172  9.001722e-209  2.314067e-207     7.0
ZBTB16      0.317521  30.731031  1.096037e-207  2.767769e-206     7.0
DIPK2B      0.454860  30.661537  9.273631e-207  2.324218e-205     7.0
IGSF21      0.515075  29.666691  1.033090e-193  2.364050e-192     7.0
TACC1       0.386564  29.506294  1.195262e-191  2.685981e-190     7.0
MAP7        0.423409  29.112928  1.231497e-186  2.659820e-185     7.0
MIR100HG    0.386499  28.982685  5.437942e-185  1.152106e-183     7.0
----------------------------------------
