100
Computing scores for 15 modules...
Top results for Module 1:
                   C           Z  Pval  FDR  Module
Gene                                               
TSIX        0.680637  270.311096   0.0  0.0     1.0
KLRC2       0.735888  264.180695   0.0  0.0     1.0
KLRC3       0.660975  257.165436   0.0  0.0     1.0
AVEN        0.719651  242.337830   0.0  0.0     1.0
RYR2        0.579807  240.147598   0.0  0.0     1.0
AQP4        0.676051  237.480194   0.0  0.0     1.0
AC109492.1  0.656139  218.046677   0.0  0.0     1.0
AC100801.1  0.680226  213.032990   0.0  0.0     1.0
CHRM5       0.615961  211.996750   0.0  0.0     1.0
TSBP1       0.554423  209.532761   0.0  0.0     1.0
LINC00844   0.544592  207.349609   0.0  0.0     1.0
AC008771.1  0.501599  205.860916   0.0  0.0     1.0
LANCL1-AS1  0.562021  205.047913   0.0  0.0     1.0
AC093535.1  0.550831  202.702011   0.0  0.0     1.0
RNF217-AS1  0.518390  200.075104   0.0  0.0     1.0
PTCSC3      0.628668  198.370224   0.0  0.0     1.0
LINC01572   0.535203  197.770279   0.0  0.0     1.0
LINC01470   0.527915  195.601044   0.0  0.0     1.0
ATP6V0D2    0.604521  194.960892   0.0  0.0     1.0
AC021054.1  0.509259  186.276596   0.0  0.0     1.0
----------------------------------------
Top results for Module 2:
                C           Z  Pval  FDR  Module
Gene                                            
B2M      0.677649  253.590607   0.0  0.0     2.0
SCD      0.599684  250.585983   0.0  0.0     2.0
MAG      0.611817  228.928574   0.0  0.0     2.0
SPP1     0.502377  219.163162   0.0  0.0     2.0
PLP1     0.531243  214.876907   0.0  0.0     2.0
SELENOP  0.564565  210.126801   0.0  0.0     2.0
CNP      0.598413  207.288132   0.0  0.0     2.0
HLA-A    0.685051  202.517303   0.0  0.0     2.0
CD9      0.541533  201.741348   0.0  0.0     2.0
UTY      0.602154  199.534943   0.0  0.0     2.0
CYP51A1  0.476975  199.060059   0.0  0.0     2.0
TTTY10   0.546502  195.839539   0.0  0.0     2.0
CLDND1   0.435622  192.500793   0.0  0.0     2.0
GREM1    0.514818  191.457260   0.0  0.0     2.0
APLP1    0.539346  190.647156   0.0  0.0     2.0
JUND     0.433520  190.214050   0.0  0.0     2.0
DDR1     0.504741  189.928757   0.0  0.0     2.0
ATP1B1   0.527409  189.114807   0.0  0.0     2.0
PTMA     0.645095  188.125626   0.0  0.0     2.0
NLGN4Y   0.564756  185.374573   0.0  0.0     2.0
----------------------------------------
Top results for Module 3:
                   C           Z  Pval  FDR  Module
Gene                                               
AC068759.1  0.613388  968.534485   0.0  0.0     3.0
IGFBP6      0.568830  416.900848   0.0  0.0     3.0
SLC4A11     0.531735  381.066986   0.0  0.0     3.0
ANXA1       0.527361  355.546906   0.0  0.0     3.0
AEBP1       0.384581  281.558960   0.0  0.0     3.0
COL5A3      0.432281  274.366241   0.0  0.0     3.0
RYR3        0.485325  247.892059   0.0  0.0     3.0
ADAM19      0.611675  239.346924   0.0  0.0     3.0
MEG3        0.389922  234.056351   0.0  0.0     3.0
SAT1        0.527873  232.636581   0.0  0.0     3.0
COL1A2      0.427662  222.640366   0.0  0.0     3.0
FGFR3       0.349970  191.900681   0.0  0.0     3.0
CTNNA2      0.444843  191.304459   0.0  0.0     3.0
PHLDB2      0.321822  185.495636   0.0  0.0     3.0
DPP6        0.512790  167.483643   0.0  0.0     3.0
SLC14A1     0.337676  158.132751   0.0  0.0     3.0
BNC2        0.358316  155.472000   0.0  0.0     3.0
ALDH1L1     0.324659  145.989899   0.0  0.0     3.0
DUSP1       0.375135  143.533127   0.0  0.0     3.0
NFATC4      0.213028  143.415680   0.0  0.0     3.0
----------------------------------------
Top results for Module 4:
                  C           Z  Pval  FDR  Module
Gene                                              
ABCA6      0.676255  233.859406   0.0  0.0     4.0
ZDHHC20    0.673546  229.897903   0.0  0.0     4.0
RASGRF1    0.463170  208.004898   0.0  0.0     4.0
PDE1C      0.594891  205.375183   0.0  0.0     4.0
NTM        0.658890  202.835464   0.0  0.0     4.0
FSTL5      0.686853  198.866653   0.0  0.0     4.0
CDH20      0.473306  195.635925   0.0  0.0     4.0
LINC00609  0.600220  191.239014   0.0  0.0     4.0
SORT1      0.613763  190.326233   0.0  0.0     4.0
PIEZO2     0.574709  189.519012   0.0  0.0     4.0
LRRC1      0.535427  188.368546   0.0  0.0     4.0
MSRA       0.584681  186.211456   0.0  0.0     4.0
MGAT5      0.501519  181.074463   0.0  0.0     4.0
AFF3       0.595208  178.297073   0.0  0.0     4.0
RBFOX1     0.588481  177.539749   0.0  0.0     4.0
SGK3       0.556177  175.207764   0.0  0.0     4.0
LRRC63     0.509360  174.102707   0.0  0.0     4.0
CDH8       0.498565  164.793350   0.0  0.0     4.0
LINC01445  0.578393  164.305252   0.0  0.0     4.0
ABCA9      0.486943  163.754883   0.0  0.0     4.0
----------------------------------------
Top results for Module 5:
                   C           Z  Pval  FDR  Module
Gene                                               
PDE6A       0.215959  386.704071   0.0  0.0     5.0
HCN1        0.258651  367.289124   0.0  0.0     5.0
SAG         0.438745  306.311859   0.0  0.0     5.0
RHO         0.444121  304.362091   0.0  0.0     5.0
USH2A       0.180554  301.398682   0.0  0.0     5.0
RIMS2       0.224871  295.412079   0.0  0.0     5.0
RP1         0.236788  289.890381   0.0  0.0     5.0
AC130415.1  0.170834  273.062073   0.0  0.0     5.0
PPEF2       0.166850  268.784088   0.0  0.0     5.0
PCDH15      0.204986  267.070343   0.0  0.0     5.0
AC044810.2  0.174509  256.737183   0.0  0.0     5.0
ABCA4       0.189005  256.058167   0.0  0.0     5.0
FP671120.4  0.334982  235.527771   0.0  0.0     5.0
ZNF385B     0.190746  220.092697   0.0  0.0     5.0
GNAT1       0.377707  210.549011   0.0  0.0     5.0
AC019197.1  0.351704  208.770065   0.0  0.0     5.0
ZPBP        0.167998  205.821121   0.0  0.0     5.0
EYS         0.257769  197.562485   0.0  0.0     5.0
AIPL1       0.323614  196.069061   0.0  0.0     5.0
OTX2-AS1    0.177438  192.480530   0.0  0.0     5.0
----------------------------------------
Top results for Module 6:
                  C           Z  Pval  FDR  Module
Gene                                              
MICALL2    0.560120  261.890594   0.0  0.0     6.0
CNDP1      0.429399  232.910706   0.0  0.0     6.0
CR1        0.596280  214.779236   0.0  0.0     6.0
ARHGAP39   0.374334  212.122299   0.0  0.0     6.0
IFI16      0.280425  202.591370   0.0  0.0     6.0
HPN-AS1    0.536174  200.086853   0.0  0.0     6.0
NOS1       0.538909  191.604050   0.0  0.0     6.0
CDH23      0.426673  185.575638   0.0  0.0     6.0
PRPH       0.229194  185.210114   0.0  0.0     6.0
FAM20C     0.433089  184.583328   0.0  0.0     6.0
ST8SIA5    0.419797  184.430313   0.0  0.0     6.0
CD55       0.498235  183.433975   0.0  0.0     6.0
MIDN       0.429905  182.111679   0.0  0.0     6.0
DOCK1      0.495632  176.748123   0.0  0.0     6.0
LINC02073  0.517949  176.499237   0.0  0.0     6.0
ATP2B4     0.484765  176.429367   0.0  0.0     6.0
PCSK6      0.540759  175.304489   0.0  0.0     6.0
LRP4       0.402360  171.987701   0.0  0.0     6.0
SHMT1      0.422506  170.823593   0.0  0.0     6.0
CSMD2      0.446726  166.761093   0.0  0.0     6.0
----------------------------------------
Top results for Module 7:
                   C           Z  Pval  FDR  Module
Gene                                               
XIST        0.653120  218.881271   0.0  0.0     7.0
KCTD8       0.546978  203.200333   0.0  0.0     7.0
PI16        0.539917  201.107956   0.0  0.0     7.0
NRXN1       0.701968  200.049240   0.0  0.0     7.0
LRP1B       0.593521  194.494598   0.0  0.0     7.0
AC119673.2  0.616988  193.547699   0.0  0.0     7.0
TBC1D12     0.534601  192.892563   0.0  0.0     7.0
KCNQ1OT1    0.519169  192.489365   0.0  0.0     7.0
SGCD        0.545916  183.746902   0.0  0.0     7.0
JPX         0.585418  182.417984   0.0  0.0     7.0
PLEKHH2     0.528299  182.107300   0.0  0.0     7.0
AL392086.3  0.592101  178.089432   0.0  0.0     7.0
LINC02470   0.461045  172.261169   0.0  0.0     7.0
AC006148.1  0.497837  169.976425   0.0  0.0     7.0
TMEM232     0.542950  169.035034   0.0  0.0     7.0
AC108519.1  0.520938  168.763565   0.0  0.0     7.0
RORB        0.506281  167.517227   0.0  0.0     7.0
MAPRE2      0.517642  167.109406   0.0  0.0     7.0
AL158077.2  0.431168  166.413803   0.0  0.0     7.0
HDAC9       0.490384  163.507416   0.0  0.0     7.0
----------------------------------------
Top results for Module 8:
                   C           Z  Pval  FDR  Module
Gene                                               
GFAP        0.411962  310.606262   0.0  0.0     8.0
LINC01060   0.730442  262.988098   0.0  0.0     8.0
ZBTB16      0.596061  258.572083   0.0  0.0     8.0
SORCS2      0.648223  240.633194   0.0  0.0     8.0
AC005532.1  0.623135  229.857956   0.0  0.0     8.0
TDRD12      0.554050  217.195023   0.0  0.0     8.0
EPCAM-DT    0.529440  203.962875   0.0  0.0     8.0
ADIPOR2     0.544099  203.514252   0.0  0.0     8.0
KANSL1      0.621975  200.389450   0.0  0.0     8.0
BCL2        0.536734  198.411407   0.0  0.0     8.0
KLF9        0.532968  196.230530   0.0  0.0     8.0
SGK1        0.517569  195.920654   0.0  0.0     8.0
ARL17B      0.618638  195.283356   0.0  0.0     8.0
SPOCK1      0.564401  188.554459   0.0  0.0     8.0
LRP2        0.577424  182.230270   0.0  0.0     8.0
NDRG2       0.488472  181.132751   0.0  0.0     8.0
PDK4        0.550265  177.595535   0.0  0.0     8.0
ADARB2      0.534604  177.282440   0.0  0.0     8.0
NELL2       0.461897  176.332596   0.0  0.0     8.0
IKZF2       0.488809  176.309753   0.0  0.0     8.0
----------------------------------------
Top results for Module 9:
                   C           Z  Pval  FDR  Module
Gene                                               
CASC9       0.608911  317.496399   0.0  0.0     9.0
LINC02645   0.536381  283.873505   0.0  0.0     9.0
TIMP1       0.435575  195.795639   0.0  0.0     9.0
GOLGA8B     0.504325  192.836716   0.0  0.0     9.0
TMPRSS5     0.530319  182.809601   0.0  0.0     9.0
GRIK2       0.575788  178.023926   0.0  0.0     9.0
RFX3-AS1    0.526359  168.673309   0.0  0.0     9.0
AZIN1-AS1   0.435736  155.351761   0.0  0.0     9.0
GOLGA8A     0.341728  153.204239   0.0  0.0     9.0
MT2A        0.529178  153.112946   0.0  0.0     9.0
VIM         0.528927  152.307861   0.0  0.0     9.0
CLU         0.541528  150.700531   0.0  0.0     9.0
S100A6      0.751322  146.889832   0.0  0.0     9.0
COL9A2      0.440123  146.176468   0.0  0.0     9.0
LSAMP       0.522270  143.925278   0.0  0.0     9.0
PATL2       0.401167  142.483963   0.0  0.0     9.0
AP000477.3  0.503763  141.629074   0.0  0.0     9.0
AL713851.1  0.314950  141.322342   0.0  0.0     9.0
AC092691.1  0.438399  139.881912   0.0  0.0     9.0
HLA-E       0.395614  137.741470   0.0  0.0     9.0
----------------------------------------
Top results for Module 10:
                   C           Z  Pval  FDR  Module
Gene                                               
AL034405.1  0.777509  244.573135   0.0  0.0    10.0
PACRG-AS3   0.798926  232.397842   0.0  0.0    10.0
ARPP21      0.663042  220.264450   0.0  0.0    10.0
QDPR        0.608986  212.789322   0.0  0.0    10.0
HHIP        0.591626  212.008514   0.0  0.0    10.0
PACRG       0.687361  209.564850   0.0  0.0    10.0
ERBB4       0.676130  208.130829   0.0  0.0    10.0
CTNND2      0.627078  204.061722   0.0  0.0    10.0
SGCZ        0.653848  198.791595   0.0  0.0    10.0
FCHSD2      0.624217  197.169662   0.0  0.0    10.0
UTP14A      0.649251  196.681335   0.0  0.0    10.0
SERHL2      0.682666  196.439056   0.0  0.0    10.0
CSMD3       0.624318  195.015427   0.0  0.0    10.0
MDGA2       0.628551  191.308640   0.0  0.0    10.0
NALCN-AS1   0.876437  190.479004   0.0  0.0    10.0
PTN         0.601293  188.946503   0.0  0.0    10.0
SVEP1       0.614137  188.608032   0.0  0.0    10.0
KCNAB1      0.529034  187.493393   0.0  0.0    10.0
LIFR        0.618877  185.843933   0.0  0.0    10.0
NEGR1       0.487129  183.698334   0.0  0.0    10.0
----------------------------------------
Top results for Module 11:
                   C           Z  Pval  FDR  Module
Gene                                               
SH3BP5      0.740485  395.930664   0.0  0.0    11.0
AC114485.1  0.618359  254.053741   0.0  0.0    11.0
LINC01949   0.609665  240.538849   0.0  0.0    11.0
PDE1A       0.641201  237.406067   0.0  0.0    11.0
PLEKHG1     0.539375  213.631134   0.0  0.0    11.0
AC245187.2  0.579038  213.367706   0.0  0.0    11.0
AC245123.1  0.629272  203.750916   0.0  0.0    11.0
VSTM2B      0.467726  188.685577   0.0  0.0    11.0
EMC10       0.508341  181.343246   0.0  0.0    11.0
AL359091.1  0.272183  179.922363   0.0  0.0    11.0
GPD1        0.478588  175.247986   0.0  0.0    11.0
SAXO2       0.538954  170.665359   0.0  0.0    11.0
AC079352.1  0.470665  170.474945   0.0  0.0    11.0
ZNF630      0.534234  169.861313   0.0  0.0    11.0
AC005237.1  0.407258  168.945572   0.0  0.0    11.0
AC012494.1  0.474998  168.774216   0.0  0.0    11.0
OLFM3       0.426482  168.622269   0.0  0.0    11.0
MOBP        0.515938  167.008957   0.0  0.0    11.0
AL078590.2  0.506704  166.894455   0.0  0.0    11.0
TMEM144     0.447056  165.819672   0.0  0.0    11.0
----------------------------------------
Top results for Module 12:
                    C           Z  Pval  FDR  Module
Gene                                                
PTPRN2       0.714877  542.563232   0.0  0.0    12.0
SLC24A4      0.686859  413.816162   0.0  0.0    12.0
LINC01297    0.525525  367.355103   0.0  0.0    12.0
PALM2-AKAP2  0.682181  256.841339   0.0  0.0    12.0
DENND2A      0.568853  228.683243   0.0  0.0    12.0
KIF19        0.629396  221.889481   0.0  0.0    12.0
MIR181A1HG   0.666615  217.196838   0.0  0.0    12.0
POTEM        0.350789  202.953568   0.0  0.0    12.0
PHYHIPL      0.540155  199.637421   0.0  0.0    12.0
AC136489.1   0.437915  199.438828   0.0  0.0    12.0
LINC01505    0.586968  196.072617   0.0  0.0    12.0
GREB1L       0.601215  195.331619   0.0  0.0    12.0
CDH1         0.424186  194.232040   0.0  0.0    12.0
AC004784.1   0.472268  189.022552   0.0  0.0    12.0
OPALIN       0.643318  188.176392   0.0  0.0    12.0
NRXN3        0.588898  180.471008   0.0  0.0    12.0
RASAL1       0.473422  176.126205   0.0  0.0    12.0
AC110285.1   0.492317  174.730881   0.0  0.0    12.0
ADAMTS14     0.473562  172.471283   0.0  0.0    12.0
MCAM         0.457426  171.104614   0.0  0.0    12.0
----------------------------------------
Top results for Module 13:
                   C           Z  Pval  FDR  Module
Gene                                               
AC008571.2  0.565192  216.998123   0.0  0.0    13.0
LRRC7       0.505712  216.703308   0.0  0.0    13.0
CNTNAP2     0.643238  212.352509   0.0  0.0    13.0
DYSF        0.484693  193.131439   0.0  0.0    13.0
PLXDC2      0.500335  183.131989   0.0  0.0    13.0
AL354809.1  0.497457  178.136292   0.0  0.0    13.0
MYRIP       0.466444  177.033325   0.0  0.0    13.0
ANO4        0.604680  175.125534   0.0  0.0    13.0
LINC01608   0.549973  173.116867   0.0  0.0    13.0
AC025508.1  0.482346  169.568512   0.0  0.0    13.0
AC246817.1  0.462291  161.734100   0.0  0.0    13.0
LINC01792   0.482035  160.305557   0.0  0.0    13.0
CADM2       0.532978  150.800461   0.0  0.0    13.0
AL442636.1  0.308659  150.277420   0.0  0.0    13.0
TMEM132C    0.409684  148.977905   0.0  0.0    13.0
ARL17A      0.491985  146.517471   0.0  0.0    13.0
CENPP       0.411570  144.411560   0.0  0.0    13.0
DCC         0.365336  142.822357   0.0  0.0    13.0
CCNH        0.383183  134.698074   0.0  0.0    13.0
AC025810.1  0.341957  130.352142   0.0  0.0    13.0
----------------------------------------
Top results for Module 14:
                   C           Z           Pval            FDR  Module
Gene                                                                  
AL160272.1  0.399123  116.878891   0.000000e+00   0.000000e+00    14.0
LINC01266   0.367714  109.466057   0.000000e+00   0.000000e+00    14.0
KCNQ3       0.475084   91.361839   0.000000e+00   0.000000e+00    14.0
TLR4        0.214474   64.597458   0.000000e+00   0.000000e+00    14.0
PCAT1       0.144967   43.697498   0.000000e+00   0.000000e+00    14.0
RHPN2       0.137328   42.393700   0.000000e+00   0.000000e+00    14.0
AC104002.3  0.102218   38.468948   0.000000e+00   0.000000e+00    14.0
RARB        0.118168   37.180027  7.175315e-303  1.173588e-302    14.0
LINC01500   0.093807   28.719763  1.080886e-181  1.628331e-181    14.0
AC105094.2  0.099605   28.319992  9.804453e-177  1.470374e-176    14.0
AC036108.1  0.080458   27.736856  1.255183e-169  1.873407e-169    14.0
LINC01937   0.066161   26.046555  7.359330e-150  1.082891e-149    14.0
ANK1        0.080620   25.331783  7.134271e-142  1.043022e-141    14.0
DNAH3       0.086562   22.852192  6.949304e-116  9.941780e-116    14.0
CNTN5       0.059702   22.315323  1.311711e-110  1.866939e-110    14.0
LINC00645   0.085474   22.041920  5.709580e-108  8.098695e-108    14.0
CASC19      0.083520   21.625931  5.121513e-104  7.244007e-104    14.0
LINC01320   0.072507   21.185266  6.529241e-100  9.190937e-100    14.0
MIR4307HG   0.093757   20.322947   4.029549e-92   5.631008e-92    14.0
AL022068.1  0.061294   19.976749   4.387750e-89   6.114479e-89    14.0
----------------------------------------
Top results for Module 15:
                   C           Z  Pval  FDR  Module
Gene                                               
ANKRD18A    0.585246  553.515991   0.0  0.0    15.0
CCDC144A    0.405875  458.113312   0.0  0.0    15.0
AC004540.1  0.746168  416.458618   0.0  0.0    15.0
SSC4D       0.696238  403.064972   0.0  0.0    15.0
RANBP17     0.740970  351.245941   0.0  0.0    15.0
PDIA2       0.221755  350.355560   0.0  0.0    15.0
RNF212      0.760258  327.567535   0.0  0.0    15.0
LCNL1       0.417586  280.293884   0.0  0.0    15.0
AC092535.4  0.666484  271.694763   0.0  0.0    15.0
ASPA        0.610729  269.067017   0.0  0.0    15.0
DDX5        0.614009  266.052155   0.0  0.0    15.0
AL445255.1  0.399616  251.141724   0.0  0.0    15.0
MT-CO3      0.525432  251.129211   0.0  0.0    15.0
AC051619.5  0.555523  241.693680   0.0  0.0    15.0
MT-ATP6     0.542566  231.726730   0.0  0.0    15.0
MT-ND3      0.434718  226.732208   0.0  0.0    15.0
MT-CO2      0.523561  222.653091   0.0  0.0    15.0
MT-ND4      0.485930  217.584671   0.0  0.0    15.0
MT-CYB      0.528566  211.522293   0.0  0.0    15.0
MT-CO1      0.467330  210.912918   0.0  0.0    15.0
----------------------------------------
160
Computing scores for 9 modules...
Top results for Module 1:
                   C           Z  Pval  FDR  Module
Gene                                               
TSIX        0.680637  270.311096   0.0  0.0     1.0
KLRC2       0.735888  264.180695   0.0  0.0     1.0
KLRC3       0.660975  257.165436   0.0  0.0     1.0
AVEN        0.719651  242.337830   0.0  0.0     1.0
RYR2        0.579807  240.147598   0.0  0.0     1.0
AQP4        0.676051  237.480194   0.0  0.0     1.0
AC109492.1  0.656139  218.046677   0.0  0.0     1.0
AC100801.1  0.680226  213.032990   0.0  0.0     1.0
CHRM5       0.615961  211.996750   0.0  0.0     1.0
TSBP1       0.554423  209.532761   0.0  0.0     1.0
LINC00844   0.544592  207.349609   0.0  0.0     1.0
AC008771.1  0.501599  205.860916   0.0  0.0     1.0
LANCL1-AS1  0.562021  205.047913   0.0  0.0     1.0
AC093535.1  0.550831  202.702011   0.0  0.0     1.0
RNF217-AS1  0.518390  200.075104   0.0  0.0     1.0
PTCSC3      0.628668  198.370224   0.0  0.0     1.0
LINC01572   0.535203  197.770279   0.0  0.0     1.0
LINC01470   0.527915  195.601044   0.0  0.0     1.0
ATP6V0D2    0.604521  194.960892   0.0  0.0     1.0
AC021054.1  0.509259  186.276596   0.0  0.0     1.0
----------------------------------------
Top results for Module 2:
                C           Z  Pval  FDR  Module
Gene                                            
B2M      0.677649  253.590607   0.0  0.0     2.0
SCD      0.599684  250.585983   0.0  0.0     2.0
MAG      0.611817  228.928574   0.0  0.0     2.0
SPP1     0.502377  219.163162   0.0  0.0     2.0
PLP1     0.531243  214.876907   0.0  0.0     2.0
SELENOP  0.564565  210.126801   0.0  0.0     2.0
CNP      0.598413  207.288132   0.0  0.0     2.0
HLA-A    0.685051  202.517303   0.0  0.0     2.0
CD9      0.541533  201.741348   0.0  0.0     2.0
UTY      0.602154  199.534943   0.0  0.0     2.0
CYP51A1  0.476975  199.060059   0.0  0.0     2.0
TTTY10   0.546502  195.839539   0.0  0.0     2.0
CLDND1   0.435622  192.500793   0.0  0.0     2.0
GREM1    0.514818  191.457260   0.0  0.0     2.0
APLP1    0.539346  190.647156   0.0  0.0     2.0
JUND     0.433520  190.214050   0.0  0.0     2.0
DDR1     0.504741  189.928757   0.0  0.0     2.0
ATP1B1   0.527409  189.114807   0.0  0.0     2.0
PTMA     0.645095  188.125626   0.0  0.0     2.0
NLGN4Y   0.564756  185.374573   0.0  0.0     2.0
----------------------------------------
Top results for Module 3:
                   C           Z  Pval  FDR  Module
Gene                                               
AC068759.1  0.613388  968.534485   0.0  0.0     3.0
IGFBP6      0.568830  416.900848   0.0  0.0     3.0
SLC4A11     0.531735  381.066986   0.0  0.0     3.0
ANXA1       0.527361  355.546906   0.0  0.0     3.0
AEBP1       0.384581  281.558960   0.0  0.0     3.0
COL5A3      0.432281  274.366241   0.0  0.0     3.0
RYR3        0.485325  247.892059   0.0  0.0     3.0
ADAM19      0.611675  239.346924   0.0  0.0     3.0
MEG3        0.389922  234.056351   0.0  0.0     3.0
SAT1        0.527873  232.636581   0.0  0.0     3.0
COL1A2      0.427662  222.640366   0.0  0.0     3.0
FGFR3       0.349970  191.900681   0.0  0.0     3.0
CTNNA2      0.444843  191.304459   0.0  0.0     3.0
PHLDB2      0.321822  185.495636   0.0  0.0     3.0
DPP6        0.512790  167.483643   0.0  0.0     3.0
SLC14A1     0.337676  158.132751   0.0  0.0     3.0
BNC2        0.358316  155.472000   0.0  0.0     3.0
ALDH1L1     0.324659  145.989899   0.0  0.0     3.0
DUSP1       0.375135  143.533127   0.0  0.0     3.0
NFATC4      0.213028  143.415680   0.0  0.0     3.0
----------------------------------------
Top results for Module 4:
                  C           Z  Pval  FDR  Module
Gene                                              
MICALL2    0.560120  261.890594   0.0  0.0     4.0
CNDP1      0.429399  232.910706   0.0  0.0     4.0
CR1        0.596280  214.779236   0.0  0.0     4.0
ARHGAP39   0.374334  212.122299   0.0  0.0     4.0
IFI16      0.280425  202.591370   0.0  0.0     4.0
HPN-AS1    0.536174  200.086853   0.0  0.0     4.0
NOS1       0.538909  191.604050   0.0  0.0     4.0
CDH23      0.426673  185.575638   0.0  0.0     4.0
PRPH       0.229194  185.210114   0.0  0.0     4.0
FAM20C     0.433089  184.583328   0.0  0.0     4.0
ST8SIA5    0.419797  184.430313   0.0  0.0     4.0
CD55       0.498235  183.433975   0.0  0.0     4.0
MIDN       0.429905  182.111679   0.0  0.0     4.0
DOCK1      0.495632  176.748123   0.0  0.0     4.0
LINC02073  0.517949  176.499237   0.0  0.0     4.0
ATP2B4     0.484765  176.429367   0.0  0.0     4.0
PCSK6      0.540759  175.304489   0.0  0.0     4.0
LRP4       0.402360  171.987701   0.0  0.0     4.0
SHMT1      0.422506  170.823593   0.0  0.0     4.0
CSMD2      0.446726  166.761093   0.0  0.0     4.0
----------------------------------------
Top results for Module 5:
                   C           Z  Pval  FDR  Module
Gene                                               
ABCA6       0.676255  233.859406   0.0  0.0     5.0
ZDHHC20     0.673546  229.897903   0.0  0.0     5.0
XIST        0.653120  218.881271   0.0  0.0     5.0
RASGRF1     0.463170  208.004898   0.0  0.0     5.0
PDE1C       0.594891  205.375183   0.0  0.0     5.0
KCTD8       0.546978  203.200333   0.0  0.0     5.0
NTM         0.658890  202.835464   0.0  0.0     5.0
PI16        0.539917  201.107956   0.0  0.0     5.0
NRXN1       0.701968  200.049240   0.0  0.0     5.0
FSTL5       0.686853  198.866653   0.0  0.0     5.0
CDH20       0.473306  195.635925   0.0  0.0     5.0
LRP1B       0.593521  194.494598   0.0  0.0     5.0
AC119673.2  0.616988  193.547699   0.0  0.0     5.0
TBC1D12     0.534601  192.892563   0.0  0.0     5.0
KCNQ1OT1    0.519169  192.489365   0.0  0.0     5.0
LINC00609   0.600220  191.239014   0.0  0.0     5.0
SORT1       0.613763  190.326233   0.0  0.0     5.0
PIEZO2      0.574709  189.519012   0.0  0.0     5.0
LRRC1       0.535427  188.368546   0.0  0.0     5.0
MSRA        0.584681  186.211456   0.0  0.0     5.0
----------------------------------------
Top results for Module 6:
                   C           Z  Pval  FDR  Module
Gene                                               
CASC9       0.608911  317.496399   0.0  0.0     6.0
LINC02645   0.536381  283.873505   0.0  0.0     6.0
AL034405.1  0.777509  244.573135   0.0  0.0     6.0
PACRG-AS3   0.798926  232.397842   0.0  0.0     6.0
ARPP21      0.663042  220.264450   0.0  0.0     6.0
QDPR        0.608986  212.789322   0.0  0.0     6.0
HHIP        0.591626  212.008514   0.0  0.0     6.0
PACRG       0.687361  209.564850   0.0  0.0     6.0
ERBB4       0.676130  208.130829   0.0  0.0     6.0
CTNND2      0.627078  204.061722   0.0  0.0     6.0
SGCZ        0.653848  198.791595   0.0  0.0     6.0
FCHSD2      0.624217  197.169662   0.0  0.0     6.0
UTP14A      0.649251  196.681335   0.0  0.0     6.0
SERHL2      0.682666  196.439056   0.0  0.0     6.0
TIMP1       0.435575  195.795639   0.0  0.0     6.0
CSMD3       0.624318  195.015427   0.0  0.0     6.0
GOLGA8B     0.504325  192.836716   0.0  0.0     6.0
MDGA2       0.628551  191.308640   0.0  0.0     6.0
NALCN-AS1   0.876437  190.479004   0.0  0.0     6.0
PTN         0.601293  188.946503   0.0  0.0     6.0
----------------------------------------
Top results for Module 7:
                   C           Z  Pval  FDR  Module
Gene                                               
PDE6A       0.215959  386.704071   0.0  0.0     7.0
HCN1        0.258651  367.289124   0.0  0.0     7.0
SAG         0.438745  306.311859   0.0  0.0     7.0
RHO         0.444121  304.362091   0.0  0.0     7.0
USH2A       0.180554  301.398682   0.0  0.0     7.0
RIMS2       0.224871  295.412079   0.0  0.0     7.0
RP1         0.236788  289.890381   0.0  0.0     7.0
AC130415.1  0.170834  273.062073   0.0  0.0     7.0
PPEF2       0.166850  268.784088   0.0  0.0     7.0
PCDH15      0.204986  267.070343   0.0  0.0     7.0
AC044810.2  0.174509  256.737183   0.0  0.0     7.0
ABCA4       0.189005  256.058167   0.0  0.0     7.0
FP671120.4  0.334982  235.527771   0.0  0.0     7.0
ZNF385B     0.190746  220.092697   0.0  0.0     7.0
GNAT1       0.377707  210.549011   0.0  0.0     7.0
AC019197.1  0.351704  208.770065   0.0  0.0     7.0
ZPBP        0.167998  205.821121   0.0  0.0     7.0
EYS         0.257769  197.562485   0.0  0.0     7.0
AIPL1       0.323614  196.069061   0.0  0.0     7.0
OTX2-AS1    0.177438  192.480530   0.0  0.0     7.0
----------------------------------------
Top results for Module 8:
                   C           Z  Pval  FDR  Module
Gene                                               
GFAP        0.411962  310.606262   0.0  0.0     8.0
LINC01060   0.730442  262.988098   0.0  0.0     8.0
ZBTB16      0.596061  258.572083   0.0  0.0     8.0
SORCS2      0.648223  240.633194   0.0  0.0     8.0
AC005532.1  0.623135  229.857956   0.0  0.0     8.0
TDRD12      0.554050  217.195023   0.0  0.0     8.0
EPCAM-DT    0.529440  203.962875   0.0  0.0     8.0
ADIPOR2     0.544099  203.514252   0.0  0.0     8.0
KANSL1      0.621975  200.389450   0.0  0.0     8.0
BCL2        0.536734  198.411407   0.0  0.0     8.0
KLF9        0.532968  196.230530   0.0  0.0     8.0
SGK1        0.517569  195.920654   0.0  0.0     8.0
ARL17B      0.618638  195.283356   0.0  0.0     8.0
SPOCK1      0.564401  188.554459   0.0  0.0     8.0
LRP2        0.577424  182.230270   0.0  0.0     8.0
NDRG2       0.488472  181.132751   0.0  0.0     8.0
PDK4        0.550265  177.595535   0.0  0.0     8.0
ADARB2      0.534604  177.282440   0.0  0.0     8.0
NELL2       0.461897  176.332596   0.0  0.0     8.0
IKZF2       0.488809  176.309753   0.0  0.0     8.0
----------------------------------------
Top results for Module 9:
                   C           Z  Pval  FDR  Module
Gene                                               
SH3BP5      0.740485  395.930664   0.0  0.0     9.0
AC114485.1  0.618359  254.053741   0.0  0.0     9.0
LINC01949   0.609665  240.538849   0.0  0.0     9.0
PDE1A       0.641201  237.406067   0.0  0.0     9.0
PLEKHG1     0.539375  213.631134   0.0  0.0     9.0
AC245187.2  0.579038  213.367706   0.0  0.0     9.0
AC245123.1  0.629272  203.750916   0.0  0.0     9.0
VSTM2B      0.467726  188.685577   0.0  0.0     9.0
EMC10       0.508341  181.343246   0.0  0.0     9.0
AL359091.1  0.272183  179.922363   0.0  0.0     9.0
GPD1        0.478588  175.247986   0.0  0.0     9.0
SAXO2       0.538954  170.665359   0.0  0.0     9.0
AC079352.1  0.470665  170.474945   0.0  0.0     9.0
ZNF630      0.534234  169.861313   0.0  0.0     9.0
AC005237.1  0.407258  168.945572   0.0  0.0     9.0
AC012494.1  0.474998  168.774216   0.0  0.0     9.0
OLFM3       0.426482  168.622269   0.0  0.0     9.0
MOBP        0.515938  167.008957   0.0  0.0     9.0
AL078590.2  0.506704  166.894455   0.0  0.0     9.0
TMEM144     0.447056  165.819672   0.0  0.0     9.0
----------------------------------------
200
Computing scores for 7 modules...
Top results for Module 1:
                   C           Z  Pval  FDR  Module
Gene                                               
TSIX        0.680637  270.311096   0.0  0.0     1.0
KLRC2       0.735888  264.180695   0.0  0.0     1.0
KLRC3       0.660975  257.165436   0.0  0.0     1.0
AVEN        0.719651  242.337830   0.0  0.0     1.0
RYR2        0.579807  240.147598   0.0  0.0     1.0
AQP4        0.676051  237.480194   0.0  0.0     1.0
AC109492.1  0.656139  218.046677   0.0  0.0     1.0
AC100801.1  0.680226  213.032990   0.0  0.0     1.0
CHRM5       0.615961  211.996750   0.0  0.0     1.0
TSBP1       0.554423  209.532761   0.0  0.0     1.0
LINC00844   0.544592  207.349609   0.0  0.0     1.0
AC008771.1  0.501599  205.860916   0.0  0.0     1.0
LANCL1-AS1  0.562021  205.047913   0.0  0.0     1.0
AC093535.1  0.550831  202.702011   0.0  0.0     1.0
RNF217-AS1  0.518390  200.075104   0.0  0.0     1.0
PTCSC3      0.628668  198.370224   0.0  0.0     1.0
LINC01572   0.535203  197.770279   0.0  0.0     1.0
LINC01470   0.527915  195.601044   0.0  0.0     1.0
ATP6V0D2    0.604521  194.960892   0.0  0.0     1.0
AC021054.1  0.509259  186.276596   0.0  0.0     1.0
----------------------------------------
Top results for Module 2:
                C           Z  Pval  FDR  Module
Gene                                            
B2M      0.677649  253.590607   0.0  0.0     2.0
SCD      0.599684  250.585983   0.0  0.0     2.0
MAG      0.611817  228.928574   0.0  0.0     2.0
SPP1     0.502377  219.163162   0.0  0.0     2.0
PLP1     0.531243  214.876907   0.0  0.0     2.0
SELENOP  0.564565  210.126801   0.0  0.0     2.0
CNP      0.598413  207.288132   0.0  0.0     2.0
HLA-A    0.685051  202.517303   0.0  0.0     2.0
CD9      0.541533  201.741348   0.0  0.0     2.0
UTY      0.602154  199.534943   0.0  0.0     2.0
CYP51A1  0.476975  199.060059   0.0  0.0     2.0
TTTY10   0.546502  195.839539   0.0  0.0     2.0
CLDND1   0.435622  192.500793   0.0  0.0     2.0
GREM1    0.514818  191.457260   0.0  0.0     2.0
APLP1    0.539346  190.647156   0.0  0.0     2.0
JUND     0.433520  190.214050   0.0  0.0     2.0
DDR1     0.504741  189.928757   0.0  0.0     2.0
ATP1B1   0.527409  189.114807   0.0  0.0     2.0
PTMA     0.645095  188.125626   0.0  0.0     2.0
NLGN4Y   0.564756  185.374573   0.0  0.0     2.0
----------------------------------------
Top results for Module 3:
                   C           Z  Pval  FDR  Module
Gene                                               
AC068759.1  0.613388  968.534485   0.0  0.0     3.0
IGFBP6      0.568830  416.900848   0.0  0.0     3.0
SLC4A11     0.531735  381.066986   0.0  0.0     3.0
ANXA1       0.527361  355.546906   0.0  0.0     3.0
AEBP1       0.384581  281.558960   0.0  0.0     3.0
COL5A3      0.432281  274.366241   0.0  0.0     3.0
RYR3        0.485325  247.892059   0.0  0.0     3.0
ADAM19      0.611675  239.346924   0.0  0.0     3.0
MEG3        0.389922  234.056351   0.0  0.0     3.0
SAT1        0.527873  232.636581   0.0  0.0     3.0
COL1A2      0.427662  222.640366   0.0  0.0     3.0
FGFR3       0.349970  191.900681   0.0  0.0     3.0
CTNNA2      0.444843  191.304459   0.0  0.0     3.0
PHLDB2      0.321822  185.495636   0.0  0.0     3.0
DPP6        0.512790  167.483643   0.0  0.0     3.0
SLC14A1     0.337676  158.132751   0.0  0.0     3.0
BNC2        0.358316  155.472000   0.0  0.0     3.0
ALDH1L1     0.324659  145.989899   0.0  0.0     3.0
DUSP1       0.375135  143.533127   0.0  0.0     3.0
NFATC4      0.213028  143.415680   0.0  0.0     3.0
----------------------------------------
Top results for Module 4:
                  C           Z  Pval  FDR  Module
Gene                                              
MICALL2    0.560120  261.890594   0.0  0.0     4.0
CNDP1      0.429399  232.910706   0.0  0.0     4.0
CR1        0.596280  214.779236   0.0  0.0     4.0
ARHGAP39   0.374334  212.122299   0.0  0.0     4.0
IFI16      0.280425  202.591370   0.0  0.0     4.0
HPN-AS1    0.536174  200.086853   0.0  0.0     4.0
NOS1       0.538909  191.604050   0.0  0.0     4.0
CDH23      0.426673  185.575638   0.0  0.0     4.0
PRPH       0.229194  185.210114   0.0  0.0     4.0
FAM20C     0.433089  184.583328   0.0  0.0     4.0
ST8SIA5    0.419797  184.430313   0.0  0.0     4.0
CD55       0.498235  183.433975   0.0  0.0     4.0
MIDN       0.429905  182.111679   0.0  0.0     4.0
DOCK1      0.495632  176.748123   0.0  0.0     4.0
LINC02073  0.517949  176.499237   0.0  0.0     4.0
ATP2B4     0.484765  176.429367   0.0  0.0     4.0
PCSK6      0.540759  175.304489   0.0  0.0     4.0
LRP4       0.402360  171.987701   0.0  0.0     4.0
SHMT1      0.422506  170.823593   0.0  0.0     4.0
CSMD2      0.446726  166.761093   0.0  0.0     4.0
----------------------------------------
Top results for Module 5:
                   C           Z  Pval  FDR  Module
Gene                                               
SH3BP5      0.740485  395.930664   0.0  0.0     5.0
AC114485.1  0.618359  254.053741   0.0  0.0     5.0
LINC01949   0.609665  240.538849   0.0  0.0     5.0
PDE1A       0.641201  237.406067   0.0  0.0     5.0
ABCA6       0.676255  233.859406   0.0  0.0     5.0
ZDHHC20     0.673546  229.897903   0.0  0.0     5.0
XIST        0.653120  218.881271   0.0  0.0     5.0
PLEKHG1     0.539375  213.631134   0.0  0.0     5.0
AC245187.2  0.579038  213.367706   0.0  0.0     5.0
RASGRF1     0.463170  208.004898   0.0  0.0     5.0
PDE1C       0.594891  205.375183   0.0  0.0     5.0
AC245123.1  0.629272  203.750916   0.0  0.0     5.0
KCTD8       0.546978  203.200333   0.0  0.0     5.0
NTM         0.658890  202.835464   0.0  0.0     5.0
PI16        0.539917  201.107956   0.0  0.0     5.0
NRXN1       0.701968  200.049240   0.0  0.0     5.0
FSTL5       0.686853  198.866653   0.0  0.0     5.0
CDH20       0.473306  195.635925   0.0  0.0     5.0
LRP1B       0.593521  194.494598   0.0  0.0     5.0
AC119673.2  0.616988  193.547699   0.0  0.0     5.0
----------------------------------------
Top results for Module 6:
                   C           Z  Pval  FDR  Module
Gene                                               
GFAP        0.411962  310.606262   0.0  0.0     6.0
LINC01060   0.730442  262.988098   0.0  0.0     6.0
ZBTB16      0.596061  258.572083   0.0  0.0     6.0
SORCS2      0.648223  240.633194   0.0  0.0     6.0
AC005532.1  0.623135  229.857956   0.0  0.0     6.0
TDRD12      0.554050  217.195023   0.0  0.0     6.0
EPCAM-DT    0.529440  203.962875   0.0  0.0     6.0
ADIPOR2     0.544099  203.514252   0.0  0.0     6.0
KANSL1      0.621975  200.389450   0.0  0.0     6.0
BCL2        0.536734  198.411407   0.0  0.0     6.0
KLF9        0.532968  196.230530   0.0  0.0     6.0
SGK1        0.517569  195.920654   0.0  0.0     6.0
ARL17B      0.618638  195.283356   0.0  0.0     6.0
SPOCK1      0.564401  188.554459   0.0  0.0     6.0
LRP2        0.577424  182.230270   0.0  0.0     6.0
NDRG2       0.488472  181.132751   0.0  0.0     6.0
PDK4        0.550265  177.595535   0.0  0.0     6.0
ADARB2      0.534604  177.282440   0.0  0.0     6.0
NELL2       0.461897  176.332596   0.0  0.0     6.0
IKZF2       0.488809  176.309753   0.0  0.0     6.0
----------------------------------------
Top results for Module 7:
                   C           Z  Pval  FDR  Module
Gene                                               
CASC9       0.608911  317.496399   0.0  0.0     7.0
LINC02645   0.536381  283.873505   0.0  0.0     7.0
AL034405.1  0.777509  244.573135   0.0  0.0     7.0
PACRG-AS3   0.798926  232.397842   0.0  0.0     7.0
ARPP21      0.663042  220.264450   0.0  0.0     7.0
QDPR        0.608986  212.789322   0.0  0.0     7.0
HHIP        0.591626  212.008514   0.0  0.0     7.0
PACRG       0.687361  209.564850   0.0  0.0     7.0
ERBB4       0.676130  208.130829   0.0  0.0     7.0
CTNND2      0.627078  204.061722   0.0  0.0     7.0
SGCZ        0.653848  198.791595   0.0  0.0     7.0
FCHSD2      0.624217  197.169662   0.0  0.0     7.0
UTP14A      0.649251  196.681335   0.0  0.0     7.0
SERHL2      0.682666  196.439056   0.0  0.0     7.0
TIMP1       0.435575  195.795639   0.0  0.0     7.0
CSMD3       0.624318  195.015427   0.0  0.0     7.0
GOLGA8B     0.504325  192.836716   0.0  0.0     7.0
MDGA2       0.628551  191.308640   0.0  0.0     7.0
NALCN-AS1   0.876437  190.479004   0.0  0.0     7.0
PTN         0.601293  188.946503   0.0  0.0     7.0
----------------------------------------
250
Computing scores for 6 modules...
Top results for Module 1:
                   C           Z  Pval  FDR  Module
Gene                                               
TSIX        0.680637  270.311096   0.0  0.0     1.0
KLRC2       0.735888  264.180695   0.0  0.0     1.0
KLRC3       0.660975  257.165436   0.0  0.0     1.0
AVEN        0.719651  242.337830   0.0  0.0     1.0
RYR2        0.579807  240.147598   0.0  0.0     1.0
AQP4        0.676051  237.480194   0.0  0.0     1.0
AC109492.1  0.656139  218.046677   0.0  0.0     1.0
AC100801.1  0.680226  213.032990   0.0  0.0     1.0
CHRM5       0.615961  211.996750   0.0  0.0     1.0
TSBP1       0.554423  209.532761   0.0  0.0     1.0
LINC00844   0.544592  207.349609   0.0  0.0     1.0
AC008771.1  0.501599  205.860916   0.0  0.0     1.0
LANCL1-AS1  0.562021  205.047913   0.0  0.0     1.0
AC093535.1  0.550831  202.702011   0.0  0.0     1.0
RNF217-AS1  0.518390  200.075104   0.0  0.0     1.0
PTCSC3      0.628668  198.370224   0.0  0.0     1.0
LINC01572   0.535203  197.770279   0.0  0.0     1.0
LINC01470   0.527915  195.601044   0.0  0.0     1.0
ATP6V0D2    0.604521  194.960892   0.0  0.0     1.0
AC021054.1  0.509259  186.276596   0.0  0.0     1.0
----------------------------------------
Top results for Module 2:
                C           Z  Pval  FDR  Module
Gene                                            
B2M      0.677649  253.590607   0.0  0.0     2.0
SCD      0.599684  250.585983   0.0  0.0     2.0
MAG      0.611817  228.928574   0.0  0.0     2.0
SPP1     0.502377  219.163162   0.0  0.0     2.0
PLP1     0.531243  214.876907   0.0  0.0     2.0
SELENOP  0.564565  210.126801   0.0  0.0     2.0
CNP      0.598413  207.288132   0.0  0.0     2.0
HLA-A    0.685051  202.517303   0.0  0.0     2.0
CD9      0.541533  201.741348   0.0  0.0     2.0
UTY      0.602154  199.534943   0.0  0.0     2.0
CYP51A1  0.476975  199.060059   0.0  0.0     2.0
TTTY10   0.546502  195.839539   0.0  0.0     2.0
CLDND1   0.435622  192.500793   0.0  0.0     2.0
GREM1    0.514818  191.457260   0.0  0.0     2.0
APLP1    0.539346  190.647156   0.0  0.0     2.0
JUND     0.433520  190.214050   0.0  0.0     2.0
DDR1     0.504741  189.928757   0.0  0.0     2.0
ATP1B1   0.527409  189.114807   0.0  0.0     2.0
PTMA     0.645095  188.125626   0.0  0.0     2.0
NLGN4Y   0.564756  185.374573   0.0  0.0     2.0
----------------------------------------
Top results for Module 3:
                   C           Z  Pval  FDR  Module
Gene                                               
AC068759.1  0.613388  968.534485   0.0  0.0     3.0
ANKRD18A    0.585246  553.515991   0.0  0.0     3.0
PTPRN2      0.714877  542.563232   0.0  0.0     3.0
CCDC144A    0.405875  458.113312   0.0  0.0     3.0
IGFBP6      0.568830  416.900848   0.0  0.0     3.0
AC004540.1  0.746168  416.458618   0.0  0.0     3.0
SLC24A4     0.686859  413.816162   0.0  0.0     3.0
SSC4D       0.696238  403.064972   0.0  0.0     3.0
PDE6A       0.215959  386.704071   0.0  0.0     3.0
SLC4A11     0.531735  381.066986   0.0  0.0     3.0
LINC01297   0.525525  367.355103   0.0  0.0     3.0
HCN1        0.258651  367.289124   0.0  0.0     3.0
ANXA1       0.527361  355.546906   0.0  0.0     3.0
RANBP17     0.740970  351.245941   0.0  0.0     3.0
PDIA2       0.221755  350.355560   0.0  0.0     3.0
RNF212      0.760258  327.567535   0.0  0.0     3.0
SAG         0.438745  306.311859   0.0  0.0     3.0
RHO         0.444121  304.362091   0.0  0.0     3.0
USH2A       0.180554  301.398682   0.0  0.0     3.0
RIMS2       0.224871  295.412079   0.0  0.0     3.0
----------------------------------------
Top results for Module 4:
                   C           Z  Pval  FDR  Module
Gene                                               
SH3BP5      0.740485  395.930664   0.0  0.0     4.0
AC114485.1  0.618359  254.053741   0.0  0.0     4.0
LINC01949   0.609665  240.538849   0.0  0.0     4.0
PDE1A       0.641201  237.406067   0.0  0.0     4.0
ABCA6       0.676255  233.859406   0.0  0.0     4.0
ZDHHC20     0.673546  229.897903   0.0  0.0     4.0
XIST        0.653120  218.881271   0.0  0.0     4.0
PLEKHG1     0.539375  213.631134   0.0  0.0     4.0
AC245187.2  0.579038  213.367706   0.0  0.0     4.0
RASGRF1     0.463170  208.004898   0.0  0.0     4.0
PDE1C       0.594891  205.375183   0.0  0.0     4.0
AC245123.1  0.629272  203.750916   0.0  0.0     4.0
KCTD8       0.546978  203.200333   0.0  0.0     4.0
NTM         0.658890  202.835464   0.0  0.0     4.0
PI16        0.539917  201.107956   0.0  0.0     4.0
NRXN1       0.701968  200.049240   0.0  0.0     4.0
FSTL5       0.686853  198.866653   0.0  0.0     4.0
CDH20       0.473306  195.635925   0.0  0.0     4.0
LRP1B       0.593521  194.494598   0.0  0.0     4.0
AC119673.2  0.616988  193.547699   0.0  0.0     4.0
----------------------------------------
Top results for Module 5:
                   C           Z  Pval  FDR  Module
Gene                                               
CASC9       0.608911  317.496399   0.0  0.0     5.0
LINC02645   0.536381  283.873505   0.0  0.0     5.0
AL034405.1  0.777509  244.573135   0.0  0.0     5.0
PACRG-AS3   0.798926  232.397842   0.0  0.0     5.0
ARPP21      0.663042  220.264450   0.0  0.0     5.0
QDPR        0.608986  212.789322   0.0  0.0     5.0
HHIP        0.591626  212.008514   0.0  0.0     5.0
PACRG       0.687361  209.564850   0.0  0.0     5.0
ERBB4       0.676130  208.130829   0.0  0.0     5.0
CTNND2      0.627078  204.061722   0.0  0.0     5.0
SGCZ        0.653848  198.791595   0.0  0.0     5.0
FCHSD2      0.624217  197.169662   0.0  0.0     5.0
UTP14A      0.649251  196.681335   0.0  0.0     5.0
SERHL2      0.682666  196.439056   0.0  0.0     5.0
TIMP1       0.435575  195.795639   0.0  0.0     5.0
CSMD3       0.624318  195.015427   0.0  0.0     5.0
GOLGA8B     0.504325  192.836716   0.0  0.0     5.0
MDGA2       0.628551  191.308640   0.0  0.0     5.0
NALCN-AS1   0.876437  190.479004   0.0  0.0     5.0
PTN         0.601293  188.946503   0.0  0.0     5.0
----------------------------------------
Top results for Module 6:
                   C           Z  Pval  FDR  Module
Gene                                               
GFAP        0.411962  310.606262   0.0  0.0     6.0
LINC01060   0.730442  262.988098   0.0  0.0     6.0
ZBTB16      0.596061  258.572083   0.0  0.0     6.0
SORCS2      0.648223  240.633194   0.0  0.0     6.0
AC005532.1  0.623135  229.857956   0.0  0.0     6.0
TDRD12      0.554050  217.195023   0.0  0.0     6.0
EPCAM-DT    0.529440  203.962875   0.0  0.0     6.0
ADIPOR2     0.544099  203.514252   0.0  0.0     6.0
KANSL1      0.621975  200.389450   0.0  0.0     6.0
BCL2        0.536734  198.411407   0.0  0.0     6.0
KLF9        0.532968  196.230530   0.0  0.0     6.0
SGK1        0.517569  195.920654   0.0  0.0     6.0
ARL17B      0.618638  195.283356   0.0  0.0     6.0
SPOCK1      0.564401  188.554459   0.0  0.0     6.0
LRP2        0.577424  182.230270   0.0  0.0     6.0
NDRG2       0.488472  181.132751   0.0  0.0     6.0
PDK4        0.550265  177.595535   0.0  0.0     6.0
ADARB2      0.534604  177.282440   0.0  0.0     6.0
NELL2       0.461897  176.332596   0.0  0.0     6.0
IKZF2       0.488809  176.309753   0.0  0.0     6.0
----------------------------------------
