250
Computing scores for 5 modules...
Top results for Module 1:
                   C           Z  Pval  FDR  Module
Gene                                               
IFI16       0.321391  102.599464   0.0  0.0     1.0
PRPH        0.336385   89.047676   0.0  0.0     1.0
AC068759.1  0.385032   85.023727   0.0  0.0     1.0
SEMA4B      0.430445   77.382446   0.0  0.0     1.0
KIAA0586    0.306906   74.780190   0.0  0.0     1.0
AC109635.7  0.432282   72.367607   0.0  0.0     1.0
LINC02798   0.369190   71.995712   0.0  0.0     1.0
IL6R        0.390651   71.661926   0.0  0.0     1.0
ANXA1       0.405014   69.003853   0.0  0.0     1.0
CNDP1       0.350403   65.048813   0.0  0.0     1.0
ARHGAP39    0.343407   64.399002   0.0  0.0     1.0
BACE2       0.311126   64.249001   0.0  0.0     1.0
Z82195.3    0.266567   64.245285   0.0  0.0     1.0
SOCS3       0.380202   63.977642   0.0  0.0     1.0
RAB40B      0.411867   62.726509   0.0  0.0     1.0
ARID5A      0.306265   62.105503   0.0  0.0     1.0
ITPRID2     0.289276   61.935299   0.0  0.0     1.0
TPST1       0.330739   61.561577   0.0  0.0     1.0
AEBP1       0.354128   61.196011   0.0  0.0     1.0
FLOT1       0.273993   59.650719   0.0  0.0     1.0
----------------------------------------
Top results for Module 2:
                   C          Z           Pval            FDR  Module
Gene                                                                 
TMEM108     0.207269  29.336725  1.764596e-189  6.584312e-188     2.0
LINC01322   0.194524  28.355566  3.573328e-177  1.199103e-175     2.0
NRG3        0.168681  26.309887  7.389952e-153  1.960199e-151     2.0
PPEF2       0.107585  25.970552  5.328143e-149  1.362696e-147     2.0
USH2A       0.107112  25.730377  2.672869e-146  6.682174e-145     2.0
AL161757.4  0.108943  25.522202  5.589284e-144  1.380070e-142     2.0
TNS3        0.238008  25.445042  4.005217e-143  9.651126e-142     2.0
OTX2-AS1    0.116955  25.152533  6.629265e-140  1.541689e-138     2.0
ABCA4       0.119773  24.846931  1.395545e-136  3.186176e-135     2.0
ZPBP        0.106939  24.840744  1.627839e-136  3.708061e-135     2.0
RIMS2       0.103736  24.168694  2.374773e-129  5.063482e-128     2.0
LINC02211   0.233645  24.113710  8.975788e-129  1.889640e-127     2.0
AC044810.2  0.110912  23.921131  9.231381e-127  1.911259e-125     2.0
ZNF385D     0.120035  23.720303  1.113084e-124  2.262367e-123     2.0
EYS         0.115320  23.554213  5.682913e-123  1.141147e-121     2.0
RP1         0.115858  23.531942  9.609148e-123  1.914173e-121     2.0
HCN1        0.115983  23.317442  1.475048e-120  2.864172e-119     2.0
PCDH15      0.105098  23.087276  3.107400e-118  5.819101e-117     2.0
GLB1L2      0.190383  23.078772  3.782826e-118  7.057512e-117     2.0
PDE6A       0.102052  22.971153  4.528772e-117  8.371113e-116     2.0
----------------------------------------
Top results for Module 3:
                  C          Z           Pval            FDR  Module
Gene                                                                
SERHL2     0.416741  40.448925   0.000000e+00   0.000000e+00     3.0
MMD2       0.253140  33.755108  4.498182e-250  2.471528e-248     3.0
NFIB       0.327832  29.966722  1.332289e-197  5.265964e-196     3.0
SRGAP2B    0.357051  29.455406  5.367223e-191  2.025367e-189     3.0
AQP4       0.350376  29.360538  8.765389e-190  3.282917e-188     3.0
SGCZ       0.463919  29.333719  1.927464e-189  7.165292e-188     3.0
HLA-C      0.295336  29.285215  8.000298e-189  2.952139e-187     3.0
AQP1       0.296331  27.569725  1.283863e-167  3.987151e-166     3.0
COL20A1    0.241192  27.529297  3.916165e-167  1.208693e-165     3.0
IFI44L     0.298575  27.210003  2.472852e-163  7.337838e-162     3.0
MAST4      0.318567  26.426903  3.362758e-154  9.064037e-153     3.0
NALCN-AS1  0.251711  26.266888  2.292284e-152  6.048242e-151     3.0
NKAIN4     0.317988  26.247643  3.802293e-152  1.000603e-150     3.0
NCAN       0.264862  25.530760  4.490905e-144  1.114369e-142     3.0
ID3        0.318638  25.285166  2.325603e-141  5.537149e-140     3.0
CABYR      0.307343  24.895529  4.158885e-137  9.560655e-136     3.0
ITM2C      0.297434  24.122234  7.305287e-129  1.541200e-127     3.0
PCDH7      0.198518  23.968552  2.959910e-127  6.153658e-126     3.0
APOE       0.245631  23.886049  2.138423e-126  4.409120e-125     3.0
CSRNP3     0.282191  23.551317  6.084716e-123  1.219382e-121     3.0
----------------------------------------
Top results for Module 4:
                   C          Z           Pval            FDR  Module
Gene                                                                 
MSR1        0.364233  66.410431   0.000000e+00   0.000000e+00     4.0
THSD7B      0.302715  64.622711   0.000000e+00   0.000000e+00     4.0
PLEKHG1     0.373521  56.954037   0.000000e+00   0.000000e+00     4.0
PPP1R12B    0.457680  45.480755   0.000000e+00   0.000000e+00     4.0
GPD1        0.292004  44.385555   0.000000e+00   0.000000e+00     4.0
RNF13       0.348397  43.915386   0.000000e+00   0.000000e+00     4.0
FAR1        0.323381  43.144096   0.000000e+00   0.000000e+00     4.0
TMEFF2      0.279318  43.043262   0.000000e+00   0.000000e+00     4.0
PKP4        0.396382  38.755783   0.000000e+00   0.000000e+00     4.0
MARCKSL1    0.339088  38.321671   0.000000e+00   0.000000e+00     4.0
MEIS1       0.376481  37.544441  8.680580e-309  6.336190e-307     4.0
CPD         0.384462  37.400997  1.882112e-306  1.363849e-304     4.0
PLCXD1      0.339209  37.270081  2.505698e-304  1.802661e-302     4.0
AC022433.1  0.234604  37.125412  5.466431e-302  3.849600e-300     4.0
MTX2        0.324245  36.021671  1.915419e-284  1.285516e-282     4.0
MMP23B      0.238784  35.350254  4.968121e-274  3.085790e-272     4.0
RAD51B      0.412494  34.996231  1.283661e-268  7.827202e-267     4.0
RMRP        0.293808  34.665134  1.321283e-263  7.818245e-262     4.0
DTNB        0.325867  34.605827  1.032371e-262  6.037256e-261     4.0
CACNA2D1    0.263213  33.811668  6.644445e-251  3.670964e-249     4.0
----------------------------------------
Top results for Module 5:
                  C          Z  Pval  FDR  Module
Gene                                             
CCDC144A   0.323861  78.647057   0.0  0.0     5.0
NKTR       0.340042  69.688942   0.0  0.0     5.0
PRPF4B     0.320506  64.265388   0.0  0.0     5.0
AKAP9      0.369372  62.336643   0.0  0.0     5.0
RNPC3      0.323282  62.231731   0.0  0.0     5.0
ANKRD18A   0.401319  58.004654   0.0  0.0     5.0
GCC2       0.340847  56.503826   0.0  0.0     5.0
MAP1A      0.313280  56.490597   0.0  0.0     5.0
KNOP1      0.292954  55.012077   0.0  0.0     5.0
EXOSC10    0.369201  54.467262   0.0  0.0     5.0
NOL8       0.319497  51.989899   0.0  0.0     5.0
NPIPB5     0.322237  50.539253   0.0  0.0     5.0
PNN        0.306559  49.311310   0.0  0.0     5.0
GOLGB1     0.347686  49.054935   0.0  0.0     5.0
CEP290     0.310792  48.792873   0.0  0.0     5.0
BOD1L1     0.344222  46.679516   0.0  0.0     5.0
LINC00342  0.376442  44.250717   0.0  0.0     5.0
ANKRD18B   0.315801  43.211872   0.0  0.0     5.0
TAF1D      0.231192  42.981972   0.0  0.0     5.0
ZRANB2     0.303679  42.714218   0.0  0.0     5.0
----------------------------------------
300
Computing scores for 5 modules...
Top results for Module 1:
                   C           Z  Pval  FDR  Module
Gene                                               
IFI16       0.321391  102.599464   0.0  0.0     1.0
PRPH        0.336385   89.047676   0.0  0.0     1.0
AC068759.1  0.385032   85.023727   0.0  0.0     1.0
SEMA4B      0.430445   77.382446   0.0  0.0     1.0
KIAA0586    0.306906   74.780190   0.0  0.0     1.0
AC109635.7  0.432282   72.367607   0.0  0.0     1.0
LINC02798   0.369190   71.995712   0.0  0.0     1.0
IL6R        0.390651   71.661926   0.0  0.0     1.0
ANXA1       0.405014   69.003853   0.0  0.0     1.0
CNDP1       0.350403   65.048813   0.0  0.0     1.0
ARHGAP39    0.343407   64.399002   0.0  0.0     1.0
BACE2       0.311126   64.249001   0.0  0.0     1.0
Z82195.3    0.266567   64.245285   0.0  0.0     1.0
SOCS3       0.380202   63.977642   0.0  0.0     1.0
RAB40B      0.411867   62.726509   0.0  0.0     1.0
ARID5A      0.306265   62.105503   0.0  0.0     1.0
ITPRID2     0.289276   61.935299   0.0  0.0     1.0
TPST1       0.330739   61.561577   0.0  0.0     1.0
AEBP1       0.354128   61.196011   0.0  0.0     1.0
FLOT1       0.273993   59.650719   0.0  0.0     1.0
----------------------------------------
Top results for Module 2:
                  C          Z           Pval            FDR  Module
Gene                                                                
SERHL2     0.416741  40.448925   0.000000e+00   0.000000e+00     2.0
MMD2       0.253140  33.755108  4.498182e-250  2.471528e-248     2.0
NFIB       0.327832  29.966722  1.332289e-197  5.265964e-196     2.0
SRGAP2B    0.357051  29.455406  5.367223e-191  2.025367e-189     2.0
AQP4       0.350376  29.360538  8.765389e-190  3.282917e-188     2.0
SGCZ       0.463919  29.333719  1.927464e-189  7.165292e-188     2.0
HLA-C      0.295336  29.285215  8.000298e-189  2.952139e-187     2.0
AQP1       0.296331  27.569725  1.283863e-167  3.987151e-166     2.0
COL20A1    0.241192  27.529297  3.916165e-167  1.208693e-165     2.0
IFI44L     0.298575  27.210003  2.472852e-163  7.337838e-162     2.0
MAST4      0.318567  26.426903  3.362758e-154  9.064037e-153     2.0
NALCN-AS1  0.251711  26.266888  2.292284e-152  6.048242e-151     2.0
NKAIN4     0.317988  26.247643  3.802293e-152  1.000603e-150     2.0
NCAN       0.264862  25.530760  4.490905e-144  1.114369e-142     2.0
ID3        0.318638  25.285166  2.325603e-141  5.537149e-140     2.0
CABYR      0.307343  24.895529  4.158885e-137  9.560655e-136     2.0
ITM2C      0.297434  24.122234  7.305287e-129  1.541200e-127     2.0
PCDH7      0.198518  23.968552  2.959910e-127  6.153658e-126     2.0
APOE       0.245631  23.886049  2.138423e-126  4.409120e-125     2.0
CSRNP3     0.282191  23.551317  6.084716e-123  1.219382e-121     2.0
----------------------------------------
Top results for Module 3:
                   C          Z           Pval            FDR  Module
Gene                                                                 
TMEM108     0.207269  29.336725  1.764596e-189  6.584312e-188     3.0
LINC01322   0.194524  28.355566  3.573328e-177  1.199103e-175     3.0
NRG3        0.168681  26.309887  7.389952e-153  1.960199e-151     3.0
PPEF2       0.107585  25.970552  5.328143e-149  1.362696e-147     3.0
USH2A       0.107112  25.730377  2.672869e-146  6.682174e-145     3.0
AL161757.4  0.108943  25.522202  5.589284e-144  1.380070e-142     3.0
TNS3        0.238008  25.445042  4.005217e-143  9.651126e-142     3.0
OTX2-AS1    0.116955  25.152533  6.629265e-140  1.541689e-138     3.0
ABCA4       0.119773  24.846931  1.395545e-136  3.186176e-135     3.0
ZPBP        0.106939  24.840744  1.627839e-136  3.708061e-135     3.0
RIMS2       0.103736  24.168694  2.374773e-129  5.063482e-128     3.0
LINC02211   0.233645  24.113710  8.975788e-129  1.889640e-127     3.0
AC044810.2  0.110912  23.921131  9.231381e-127  1.911259e-125     3.0
ZNF385D     0.120035  23.720303  1.113084e-124  2.262367e-123     3.0
EYS         0.115320  23.554213  5.682913e-123  1.141147e-121     3.0
RP1         0.115858  23.531942  9.609148e-123  1.914173e-121     3.0
HCN1        0.115983  23.317442  1.475048e-120  2.864172e-119     3.0
PCDH15      0.105098  23.087276  3.107400e-118  5.819101e-117     3.0
GLB1L2      0.190383  23.078772  3.782826e-118  7.057512e-117     3.0
PDE6A       0.102052  22.971153  4.528772e-117  8.371113e-116     3.0
----------------------------------------
Top results for Module 4:
                   C          Z           Pval            FDR  Module
Gene                                                                 
MSR1        0.364233  66.410431   0.000000e+00   0.000000e+00     4.0
THSD7B      0.302715  64.622711   0.000000e+00   0.000000e+00     4.0
PLEKHG1     0.373521  56.954037   0.000000e+00   0.000000e+00     4.0
PPP1R12B    0.457680  45.480755   0.000000e+00   0.000000e+00     4.0
GPD1        0.292004  44.385555   0.000000e+00   0.000000e+00     4.0
RNF13       0.348397  43.915386   0.000000e+00   0.000000e+00     4.0
FAR1        0.323381  43.144096   0.000000e+00   0.000000e+00     4.0
TMEFF2      0.279318  43.043262   0.000000e+00   0.000000e+00     4.0
PKP4        0.396382  38.755783   0.000000e+00   0.000000e+00     4.0
MARCKSL1    0.339088  38.321671   0.000000e+00   0.000000e+00     4.0
MEIS1       0.376481  37.544441  8.680580e-309  6.336190e-307     4.0
CPD         0.384462  37.400997  1.882112e-306  1.363849e-304     4.0
PLCXD1      0.339209  37.270081  2.505698e-304  1.802661e-302     4.0
AC022433.1  0.234604  37.125412  5.466431e-302  3.849600e-300     4.0
MTX2        0.324245  36.021671  1.915419e-284  1.285516e-282     4.0
MMP23B      0.238784  35.350254  4.968121e-274  3.085790e-272     4.0
RAD51B      0.412494  34.996231  1.283661e-268  7.827202e-267     4.0
RMRP        0.293808  34.665134  1.321283e-263  7.818245e-262     4.0
DTNB        0.325867  34.605827  1.032371e-262  6.037256e-261     4.0
CACNA2D1    0.263213  33.811668  6.644445e-251  3.670964e-249     4.0
----------------------------------------
Top results for Module 5:
                  C          Z  Pval  FDR  Module
Gene                                             
CCDC144A   0.323861  78.647057   0.0  0.0     5.0
NKTR       0.340042  69.688942   0.0  0.0     5.0
PRPF4B     0.320506  64.265388   0.0  0.0     5.0
AKAP9      0.369372  62.336643   0.0  0.0     5.0
RNPC3      0.323282  62.231731   0.0  0.0     5.0
ANKRD18A   0.401319  58.004654   0.0  0.0     5.0
GCC2       0.340847  56.503826   0.0  0.0     5.0
MAP1A      0.313280  56.490597   0.0  0.0     5.0
KNOP1      0.292954  55.012077   0.0  0.0     5.0
EXOSC10    0.369201  54.467262   0.0  0.0     5.0
NOL8       0.319497  51.989899   0.0  0.0     5.0
NPIPB5     0.322237  50.539253   0.0  0.0     5.0
PNN        0.306559  49.311310   0.0  0.0     5.0
GOLGB1     0.347686  49.054935   0.0  0.0     5.0
CEP290     0.310792  48.792873   0.0  0.0     5.0
BOD1L1     0.344222  46.679516   0.0  0.0     5.0
LINC00342  0.376442  44.250717   0.0  0.0     5.0
ANKRD18B   0.315801  43.211872   0.0  0.0     5.0
TAF1D      0.231192  42.981972   0.0  0.0     5.0
ZRANB2     0.303679  42.714218   0.0  0.0     5.0
----------------------------------------
350
Computing scores for 5 modules...
Top results for Module 1:
                   C           Z  Pval  FDR  Module
Gene                                               
IFI16       0.321391  102.599464   0.0  0.0     1.0
PRPH        0.336385   89.047676   0.0  0.0     1.0
AC068759.1  0.385032   85.023727   0.0  0.0     1.0
SEMA4B      0.430445   77.382446   0.0  0.0     1.0
KIAA0586    0.306906   74.780190   0.0  0.0     1.0
AC109635.7  0.432282   72.367607   0.0  0.0     1.0
LINC02798   0.369190   71.995712   0.0  0.0     1.0
IL6R        0.390651   71.661926   0.0  0.0     1.0
ANXA1       0.405014   69.003853   0.0  0.0     1.0
CNDP1       0.350403   65.048813   0.0  0.0     1.0
ARHGAP39    0.343407   64.399002   0.0  0.0     1.0
BACE2       0.311126   64.249001   0.0  0.0     1.0
Z82195.3    0.266567   64.245285   0.0  0.0     1.0
SOCS3       0.380202   63.977642   0.0  0.0     1.0
RAB40B      0.411867   62.726509   0.0  0.0     1.0
ARID5A      0.306265   62.105503   0.0  0.0     1.0
ITPRID2     0.289276   61.935299   0.0  0.0     1.0
TPST1       0.330739   61.561577   0.0  0.0     1.0
AEBP1       0.354128   61.196011   0.0  0.0     1.0
FLOT1       0.273993   59.650719   0.0  0.0     1.0
----------------------------------------
Top results for Module 2:
                  C          Z           Pval            FDR  Module
Gene                                                                
SERHL2     0.416741  40.448925   0.000000e+00   0.000000e+00     2.0
MMD2       0.253140  33.755108  4.498182e-250  2.471528e-248     2.0
NFIB       0.327832  29.966722  1.332289e-197  5.265964e-196     2.0
SRGAP2B    0.357051  29.455406  5.367223e-191  2.025367e-189     2.0
AQP4       0.350376  29.360538  8.765389e-190  3.282917e-188     2.0
SGCZ       0.463919  29.333719  1.927464e-189  7.165292e-188     2.0
HLA-C      0.295336  29.285215  8.000298e-189  2.952139e-187     2.0
AQP1       0.296331  27.569725  1.283863e-167  3.987151e-166     2.0
COL20A1    0.241192  27.529297  3.916165e-167  1.208693e-165     2.0
IFI44L     0.298575  27.210003  2.472852e-163  7.337838e-162     2.0
MAST4      0.318567  26.426903  3.362758e-154  9.064037e-153     2.0
NALCN-AS1  0.251711  26.266888  2.292284e-152  6.048242e-151     2.0
NKAIN4     0.317988  26.247643  3.802293e-152  1.000603e-150     2.0
NCAN       0.264862  25.530760  4.490905e-144  1.114369e-142     2.0
ID3        0.318638  25.285166  2.325603e-141  5.537149e-140     2.0
CABYR      0.307343  24.895529  4.158885e-137  9.560655e-136     2.0
ITM2C      0.297434  24.122234  7.305287e-129  1.541200e-127     2.0
PCDH7      0.198518  23.968552  2.959910e-127  6.153658e-126     2.0
APOE       0.245631  23.886049  2.138423e-126  4.409120e-125     2.0
CSRNP3     0.282191  23.551317  6.084716e-123  1.219382e-121     2.0
----------------------------------------
Top results for Module 3:
                   C          Z           Pval            FDR  Module
Gene                                                                 
TMEM108     0.207269  29.336725  1.764596e-189  6.584312e-188     3.0
LINC01322   0.194524  28.355566  3.573328e-177  1.199103e-175     3.0
NRG3        0.168681  26.309887  7.389952e-153  1.960199e-151     3.0
PPEF2       0.107585  25.970552  5.328143e-149  1.362696e-147     3.0
USH2A       0.107112  25.730377  2.672869e-146  6.682174e-145     3.0
AL161757.4  0.108943  25.522202  5.589284e-144  1.380070e-142     3.0
TNS3        0.238008  25.445042  4.005217e-143  9.651126e-142     3.0
OTX2-AS1    0.116955  25.152533  6.629265e-140  1.541689e-138     3.0
ABCA4       0.119773  24.846931  1.395545e-136  3.186176e-135     3.0
ZPBP        0.106939  24.840744  1.627839e-136  3.708061e-135     3.0
RIMS2       0.103736  24.168694  2.374773e-129  5.063482e-128     3.0
LINC02211   0.233645  24.113710  8.975788e-129  1.889640e-127     3.0
AC044810.2  0.110912  23.921131  9.231381e-127  1.911259e-125     3.0
ZNF385D     0.120035  23.720303  1.113084e-124  2.262367e-123     3.0
EYS         0.115320  23.554213  5.682913e-123  1.141147e-121     3.0
RP1         0.115858  23.531942  9.609148e-123  1.914173e-121     3.0
HCN1        0.115983  23.317442  1.475048e-120  2.864172e-119     3.0
PCDH15      0.105098  23.087276  3.107400e-118  5.819101e-117     3.0
GLB1L2      0.190383  23.078772  3.782826e-118  7.057512e-117     3.0
PDE6A       0.102052  22.971153  4.528772e-117  8.371113e-116     3.0
----------------------------------------
Top results for Module 4:
                  C          Z  Pval  FDR  Module
Gene                                             
CCDC144A   0.323861  78.647057   0.0  0.0     4.0
NKTR       0.340042  69.688942   0.0  0.0     4.0
PRPF4B     0.320506  64.265388   0.0  0.0     4.0
AKAP9      0.369372  62.336643   0.0  0.0     4.0
RNPC3      0.323282  62.231731   0.0  0.0     4.0
ANKRD18A   0.401319  58.004654   0.0  0.0     4.0
GCC2       0.340847  56.503826   0.0  0.0     4.0
MAP1A      0.313280  56.490597   0.0  0.0     4.0
KNOP1      0.292954  55.012077   0.0  0.0     4.0
EXOSC10    0.369201  54.467262   0.0  0.0     4.0
NOL8       0.319497  51.989899   0.0  0.0     4.0
NPIPB5     0.322237  50.539253   0.0  0.0     4.0
PNN        0.306559  49.311310   0.0  0.0     4.0
GOLGB1     0.347686  49.054935   0.0  0.0     4.0
CEP290     0.310792  48.792873   0.0  0.0     4.0
BOD1L1     0.344222  46.679516   0.0  0.0     4.0
LINC00342  0.376442  44.250717   0.0  0.0     4.0
ANKRD18B   0.315801  43.211872   0.0  0.0     4.0
TAF1D      0.231192  42.981972   0.0  0.0     4.0
ZRANB2     0.303679  42.714218   0.0  0.0     4.0
----------------------------------------
Top results for Module 5:
                   C          Z           Pval            FDR  Module
Gene                                                                 
MSR1        0.364233  66.410431   0.000000e+00   0.000000e+00     5.0
THSD7B      0.302715  64.622711   0.000000e+00   0.000000e+00     5.0
PLEKHG1     0.373521  56.954037   0.000000e+00   0.000000e+00     5.0
PPP1R12B    0.457680  45.480755   0.000000e+00   0.000000e+00     5.0
GPD1        0.292004  44.385555   0.000000e+00   0.000000e+00     5.0
RNF13       0.348397  43.915386   0.000000e+00   0.000000e+00     5.0
FAR1        0.323381  43.144096   0.000000e+00   0.000000e+00     5.0
TMEFF2      0.279318  43.043262   0.000000e+00   0.000000e+00     5.0
PKP4        0.396382  38.755783   0.000000e+00   0.000000e+00     5.0
MARCKSL1    0.339088  38.321671   0.000000e+00   0.000000e+00     5.0
MEIS1       0.376481  37.544441  8.680580e-309  6.336190e-307     5.0
CPD         0.384462  37.400997  1.882112e-306  1.363849e-304     5.0
PLCXD1      0.339209  37.270081  2.505698e-304  1.802661e-302     5.0
AC022433.1  0.234604  37.125412  5.466431e-302  3.849600e-300     5.0
MTX2        0.324245  36.021671  1.915419e-284  1.285516e-282     5.0
MMP23B      0.238784  35.350254  4.968121e-274  3.085790e-272     5.0
RAD51B      0.412494  34.996231  1.283661e-268  7.827202e-267     5.0
RMRP        0.293808  34.665134  1.321283e-263  7.818245e-262     5.0
DTNB        0.325867  34.605827  1.032371e-262  6.037256e-261     5.0
CACNA2D1    0.263213  33.811668  6.644445e-251  3.670964e-249     5.0
----------------------------------------
