200
Computing scores for 11 modules...
Top results for Module 1:
                 C           Z  Pval  FDR  Module
Gene                                             
ACTB      0.705365  150.298935   0.0  0.0     1.0
CLDND1    0.610425  142.982437   0.0  0.0     1.0
ATP1B1    0.698300  138.361740   0.0  0.0     1.0
HSPA2     0.648717  126.125412   0.0  0.0     1.0
GPR37     0.631513  120.001472   0.0  0.0     1.0
MIF       0.635758  118.649345   0.0  0.0     1.0
ITM2B     0.566018  117.055473   0.0  0.0     1.0
ENPP4     0.635079  116.754669   0.0  0.0     1.0
APLP1     0.627025  115.081688   0.0  0.0     1.0
TMED7     0.591085  115.054955   0.0  0.0     1.0
MARCKSL1  0.794417  114.679291   0.0  0.0     1.0
SLC38A2   0.663619  113.502701   0.0  0.0     1.0
GPM6B     0.656185  110.872787   0.0  0.0     1.0
RHOB      0.583497  110.592049   0.0  0.0     1.0
SCD       0.572598  110.174011   0.0  0.0     1.0
TMBIM6    0.533693  108.683220   0.0  0.0     1.0
PTMA      0.725553  107.216850   0.0  0.0     1.0
PRNP      0.566477  107.132439   0.0  0.0     1.0
CAMK2N1   0.577935  106.759094   0.0  0.0     1.0
ELOB      0.568439  106.034233   0.0  0.0     1.0
----------------------------------------
Top results for Module 2:
                   C           Z  Pval  FDR  Module
Gene                                               
AQP4        0.847295  329.865875   0.0  0.0     2.0
TSIX        0.792630  270.452850   0.0  0.0     2.0
SPARCL1     0.796199  246.168503   0.0  0.0     2.0
AQP1        0.729709  237.805923   0.0  0.0     2.0
KLRC3       0.789172  234.404510   0.0  0.0     2.0
RYR2        0.793568  228.402222   0.0  0.0     2.0
KLRC2       0.836946  221.549438   0.0  0.0     2.0
AVEN        0.830812  210.726669   0.0  0.0     2.0
APOE        0.676035  200.369614   0.0  0.0     2.0
TSBP1       0.687556  193.599304   0.0  0.0     2.0
CLDN5       0.568430  186.769150   0.0  0.0     2.0
IFI6        0.686129  173.377747   0.0  0.0     2.0
RNF217-AS1  0.665870  170.330185   0.0  0.0     2.0
RASSF4      0.695536  169.198944   0.0  0.0     2.0
LINC02301   0.645058  168.523071   0.0  0.0     2.0
CST3        0.633641  158.429306   0.0  0.0     2.0
AC093535.1  0.612266  157.418030   0.0  0.0     2.0
CHRM5       0.678326  152.272736   0.0  0.0     2.0
WLS         0.562393  143.528381   0.0  0.0     2.0
AL355835.1  0.674753  143.051941   0.0  0.0     2.0
----------------------------------------
Top results for Module 3:
                   C           Z  Pval  FDR  Module
Gene                                               
SGCZ        0.930533  248.466187   0.0  0.0     3.0
FRY         0.935072  233.996582   0.0  0.0     3.0
CNTN1       0.907862  230.862152   0.0  0.0     3.0
AL034405.1  0.923134  220.314056   0.0  0.0     3.0
PACRG-AS3   0.876707  209.485703   0.0  0.0     3.0
RRAS2       0.848355  207.386856   0.0  0.0     3.0
GRIK2       0.800375  194.828461   0.0  0.0     3.0
UTP14A      0.834597  194.277679   0.0  0.0     3.0
FCHSD2      0.880756  185.432571   0.0  0.0     3.0
PACRG       0.775412  184.432983   0.0  0.0     3.0
PAK5        0.778929  179.095474   0.0  0.0     3.0
B2M         0.764411  176.655716   0.0  0.0     3.0
SLC35F1     0.827806  172.850327   0.0  0.0     3.0
SERHL2      0.851969  172.390488   0.0  0.0     3.0
HLA-A       0.855460  169.737427   0.0  0.0     3.0
MAG         0.735790  166.897842   0.0  0.0     3.0
NALCN-AS1   0.918651  163.647141   0.0  0.0     3.0
TMEM178A    0.672579  158.658752   0.0  0.0     3.0
AC116345.1  0.699398  155.686691   0.0  0.0     3.0
LRP4-AS1    0.712615  152.043076   0.0  0.0     3.0
----------------------------------------
Top results for Module 4:
                    C           Z  Pval  FDR  Module
Gene                                                
SPOCK1       0.640400  121.098152   0.0  0.0     4.0
PTPRJ        0.620727  107.410591   0.0  0.0     4.0
CLMN         0.635010   99.613747   0.0  0.0     4.0
CERS6        0.550042   97.448624   0.0  0.0     4.0
PIEZO2       0.569493   96.932198   0.0  0.0     4.0
LURAP1L-AS1  0.564596   96.512764   0.0  0.0     4.0
DIP2C        0.543938   91.652863   0.0  0.0     4.0
GNAO1        0.501997   89.647270   0.0  0.0     4.0
MATN2        0.549546   88.008789   0.0  0.0     4.0
MICALL2      0.500501   87.705856   0.0  0.0     4.0
NAV2         0.588218   85.381790   0.0  0.0     4.0
KLF9         0.509510   85.230431   0.0  0.0     4.0
PPM1H        0.541043   82.302086   0.0  0.0     4.0
ATP2B4       0.521961   81.973213   0.0  0.0     4.0
ZNF708       0.576675   81.183037   0.0  0.0     4.0
AC092924.2   0.468592   81.040398   0.0  0.0     4.0
ARHGEF10     0.563043   80.772148   0.0  0.0     4.0
FN3K         0.613727   80.505135   0.0  0.0     4.0
MCF2L        0.537864   80.241951   0.0  0.0     4.0
MARK3        0.579801   79.871094   0.0  0.0     4.0
----------------------------------------
Top results for Module 5:
                   C          Z  Pval  FDR  Module
Gene                                              
FAM118A     0.698113  71.636032   0.0  0.0     5.0
TMEM40      0.857857  71.324188   0.0  0.0     5.0
ADCY3       0.560747  71.249214   0.0  0.0     5.0
HAGHL       0.559018  70.486671   0.0  0.0     5.0
CR1         0.600285  69.348587   0.0  0.0     5.0
AL133538.1  0.780433  68.529640   0.0  0.0     5.0
LINC00326   0.763528  67.555412   0.0  0.0     5.0
LINC00486   0.637507  64.221207   0.0  0.0     5.0
ATE1        0.391783  59.259769   0.0  0.0     5.0
AP003025.1  0.449467  58.834538   0.0  0.0     5.0
BRD9        0.490393  58.558552   0.0  0.0     5.0
SOX1-OT     0.580547  58.289001   0.0  0.0     5.0
SF1         0.376270  58.119781   0.0  0.0     5.0
DNAH17      0.478560  57.943073   0.0  0.0     5.0
CD27-AS1    0.383304  57.909615   0.0  0.0     5.0
TAF1D       0.379730  57.813377   0.0  0.0     5.0
PRELID2     0.463878  57.203766   0.0  0.0     5.0
THSD7A      0.485546  56.799694   0.0  0.0     5.0
MTG1        0.429614  56.735306   0.0  0.0     5.0
LINC00685   0.411031  54.952679   0.0  0.0     5.0
----------------------------------------
Top results for Module 6:
                    C           Z  Pval  FDR  Module
Gene                                                
CASC9        0.692271  280.027344   0.0  0.0     6.0
LINC02645    0.660694  260.881805   0.0  0.0     6.0
MYRIP        0.750794  186.795898   0.0  0.0     6.0
MT-CO3       0.694151  172.540329   0.0  0.0     6.0
AL713851.1   0.500793  171.052277   0.0  0.0     6.0
MT-ND1       0.706925  162.158691   0.0  0.0     6.0
VIM          0.687329  157.432892   0.0  0.0     6.0
MT-CYB       0.701118  156.112106   0.0  0.0     6.0
EMC10        0.657122  152.357101   0.0  0.0     6.0
MT-CO2       0.650244  148.476013   0.0  0.0     6.0
MT-ATP6      0.671326  145.087280   0.0  0.0     6.0
GOLGA8B      0.705696  139.025101   0.0  0.0     6.0
GIPR         0.614919  138.987030   0.0  0.0     6.0
C8orf37-AS1  0.581646  126.448189   0.0  0.0     6.0
MFGE8        0.524732  126.287895   0.0  0.0     6.0
TIMP1        0.587739  126.008224   0.0  0.0     6.0
COL1A2       0.470893  124.986763   0.0  0.0     6.0
TMSB10       0.669546  122.697594   0.0  0.0     6.0
AL513166.1   0.544238  121.618805   0.0  0.0     6.0
HLA-E        0.589256  120.193085   0.0  0.0     6.0
----------------------------------------
Top results for Module 7:
                   C           Z  Pval  FDR  Module
Gene                                               
S100A6      0.834015  103.907326   0.0  0.0     7.0
TMPRSS5     0.797137   98.616386   0.0  0.0     7.0
SLC38A1     0.625495   88.485382   0.0  0.0     7.0
C1GALT1     0.636069   87.209946   0.0  0.0     7.0
FREM2       0.736008   84.512474   0.0  0.0     7.0
ARHGAP12    0.606454   81.295753   0.0  0.0     7.0
AC025627.1  0.626808   81.275185   0.0  0.0     7.0
AC006058.1  0.715893   79.757561   0.0  0.0     7.0
L3MBTL4     0.625994   75.535973   0.0  0.0     7.0
PARP8       0.549012   73.301765   0.0  0.0     7.0
SYT14       0.485282   72.232292   0.0  0.0     7.0
SAXO2       0.553173   70.988815   0.0  0.0     7.0
DGKG        0.678376   70.245964   0.0  0.0     7.0
GRIA3       0.507796   68.879837   0.0  0.0     7.0
ST8SIA1     0.615527   66.380310   0.0  0.0     7.0
CRB2        0.414634   66.121437   0.0  0.0     7.0
SPOCD1      0.448733   65.735817   0.0  0.0     7.0
ALDH1A2     0.506713   65.347427   0.0  0.0     7.0
NRG2        0.417087   65.118080   0.0  0.0     7.0
SPDYE2      0.462626   64.921463   0.0  0.0     7.0
----------------------------------------
Top results for Module 8:
                   C          Z  Pval  FDR  Module
Gene                                              
FAM157C     0.626602  93.163612   0.0  0.0     8.0
SORCS2      0.625168  87.882782   0.0  0.0     8.0
MT3         0.545260  81.754807   0.0  0.0     8.0
CPM         0.490517  80.863823   0.0  0.0     8.0
LINC01445   0.637422  79.518906   0.0  0.0     8.0
AL033523.1  0.495007  78.661911   0.0  0.0     8.0
NPY2R       0.603674  78.656853   0.0  0.0     8.0
HIVEP3      0.518792  77.360863   0.0  0.0     8.0
RGCC        0.568268  77.024910   0.0  0.0     8.0
PLEKHB1     0.585491  76.146706   0.0  0.0     8.0
PLD5        0.526627  76.036766   0.0  0.0     8.0
JPH1        0.657659  75.854347   0.0  0.0     8.0
PHLDA3      0.500160  75.812714   0.0  0.0     8.0
DDIT4       0.594248  73.571480   0.0  0.0     8.0
XKR6        0.565029  72.685951   0.0  0.0     8.0
TANC2       0.468009  72.569092   0.0  0.0     8.0
ZCCHC24     0.497660  72.337425   0.0  0.0     8.0
FAM135B     0.444217  72.115967   0.0  0.0     8.0
SEPTIN8     0.497958  70.972580   0.0  0.0     8.0
AC097467.3  0.501775  70.530472   0.0  0.0     8.0
----------------------------------------
Top results for Module 9:
                  C           Z  Pval  FDR  Module
Gene                                              
HMGCS1     0.765600  184.628113   0.0  0.0     9.0
ATP1A1     0.785897  180.779831   0.0  0.0     9.0
FDFT1      0.778927  174.099030   0.0  0.0     9.0
SQLE       0.819371  174.061707   0.0  0.0     9.0
GLUL       0.831679  172.941452   0.0  0.0     9.0
HMGCR      0.794692  169.320694   0.0  0.0     9.0
LINC02470  0.699858  166.602692   0.0  0.0     9.0
INSIG1     0.782392  165.103668   0.0  0.0     9.0
HIST1H2AC  0.690541  153.454422   0.0  0.0     9.0
MSMO1      0.745014  149.240387   0.0  0.0     9.0
LDLR       0.869333  149.167419   0.0  0.0     9.0
IDI1       0.756182  148.235413   0.0  0.0     9.0
PDE8A      0.705903  139.995117   0.0  0.0     9.0
SORT1      0.742663  139.450928   0.0  0.0     9.0
NUAK1      0.686238  137.591644   0.0  0.0     9.0
IQGAP1     0.691851  133.685150   0.0  0.0     9.0
PER1       0.662979  130.810837   0.0  0.0     9.0
SLAIN1     0.697432  130.631332   0.0  0.0     9.0
SLC25A33   0.615594  129.785431   0.0  0.0     9.0
XIST       0.688262  128.518356   0.0  0.0     9.0
----------------------------------------
Top results for Module 10:
                   C           Z  Pval  FDR  Module
Gene                                               
NTM         0.748264  111.532478   0.0  0.0    10.0
SASH1       0.583377  105.334938   0.0  0.0    10.0
CDH8        0.535011   95.657036   0.0  0.0    10.0
ANKRD18A    0.587100   93.556915   0.0  0.0    10.0
MAP7        0.649372   92.328232   0.0  0.0    10.0
RAI14       0.521746   90.256683   0.0  0.0    10.0
MIR100HG    0.590471   89.729820   0.0  0.0    10.0
AL392086.3  0.511273   87.376938   0.0  0.0    10.0
DPYSL5      0.546515   84.727921   0.0  0.0    10.0
ASAP2       0.488742   84.567459   0.0  0.0    10.0
SFMBT2      0.491724   82.966827   0.0  0.0    10.0
TOX3        0.459298   81.166771   0.0  0.0    10.0
RIN2        0.552677   80.680847   0.0  0.0    10.0
LINC00609   0.511599   80.477577   0.0  0.0    10.0
LGR4        0.450328   80.330910   0.0  0.0    10.0
FGD4        0.537805   79.931725   0.0  0.0    10.0
LRRC63      0.495145   78.895462   0.0  0.0    10.0
DSCAML1     0.478043   77.489227   0.0  0.0    10.0
TRIM59      0.591230   77.025330   0.0  0.0    10.0
YPEL2       0.463919   76.855103   0.0  0.0    10.0
----------------------------------------
Top results for Module 11:
                    C           Z  Pval  FDR  Module
Gene                                                
ADD1         0.711092  112.634232   0.0  0.0    11.0
KIF19        0.622828  104.616966   0.0  0.0    11.0
PALM2-AKAP2  0.508745   78.147919   0.0  0.0    11.0
DENND2A      0.515758   77.581703   0.0  0.0    11.0
WIF1         0.447374   73.751312   0.0  0.0    11.0
ENOX2        0.469529   73.250900   0.0  0.0    11.0
PRAME        0.387937   66.815109   0.0  0.0    11.0
MMAB         0.421014   64.104614   0.0  0.0    11.0
EVA1C        0.449237   57.463379   0.0  0.0    11.0
LINC01098    0.350370   56.291576   0.0  0.0    11.0
BTBD17       0.345183   55.413765   0.0  0.0    11.0
LINC01099    0.371265   53.750908   0.0  0.0    11.0
AP002518.2   0.345800   53.282333   0.0  0.0    11.0
CT69         0.309932   51.453449   0.0  0.0    11.0
KHDRBS3      0.381246   47.659573   0.0  0.0    11.0
FRZB         0.266620   42.977158   0.0  0.0    11.0
NPIPB2       0.257295   41.718079   0.0  0.0    11.0
AC114971.1   0.310531   39.729450   0.0  0.0    11.0
ABCG1        0.265561   38.917210   0.0  0.0    11.0
AC097480.1   0.245137   38.560471   0.0  0.0    11.0
----------------------------------------
