Welcome to enrichR
Checking connections ... 
Enrichr ... Connection is Live!
FlyEnrichr ... Connection is Live!
WormEnrichr ... Connection is Live!
YeastEnrichr ... Connection is Live!
FishEnrichr ... Connection is Live!
OxEnrichr ... Connection is Live!
Enrichr ... Connection is Live!
FlyEnrichr ... Connection is Live!
WormEnrichr ... Connection is Live!
YeastEnrichr ... Connection is Live!
FishEnrichr ... Connection is Live!
OxEnrichr ... Connection is Live!
Connection changed to https://maayanlab.cloud/Enrichr/
Connection is Live!
Output results in 'txt' format
Output results in 'txt' format
Output results in 'txt' format
Output results in 'txt' format
Output results in 'txt' format
Output results in 'txt' format
Output results in 'txt' format
Output results in 'txt' format
Output results in 'txt' format
Output results in 'txt' format
Output results in 'txt' format
Output results in 'txt' format
Error in if (m != -1) { : missing value where TRUE/FALSE needed
In addition: Warning messages:
1: In dir.create(dirIn, recursive = TRUE) :
  '/dfs3b/ruic20_lab/junw42/HCA_ON/data/20_hotspot/Astrocyte_hs_min_gene_100_hvg_5000_scvi_m_8_bg' already exists
2: In dir.create(dirIn, recursive = TRUE) :
  '/dfs3b/ruic20_lab/junw42/HCA_ON/data/20_hotspot/Astrocyte_hs_min_gene_100_hvg_5000_scvi_m_1_bg' already exists
3: In dir.create(dirIn, recursive = TRUE) :
  '/dfs3b/ruic20_lab/junw42/HCA_ON/data/20_hotspot/Astrocyte_hs_min_gene_100_hvg_5000_scvi_m_4_bg' already exists
4: In dir.create(dirIn, recursive = TRUE) :
  '/dfs3b/ruic20_lab/junw42/HCA_ON/data/20_hotspot/Astrocyte_hs_min_gene_100_hvg_5000_scvi_m_7_bg' already exists
5: In dir.create(dirIn, recursive = TRUE) :
  '/dfs3b/ruic20_lab/junw42/HCA_ON/data/20_hotspot/Astrocyte_hs_min_gene_100_hvg_5000_scvi_m_2_bg' already exists
6: In dir.create(dirIn, recursive = TRUE) :
  '/dfs3b/ruic20_lab/junw42/HCA_ON/data/20_hotspot/Astrocyte_hs_min_gene_100_hvg_5000_scvi_m_3_bg' already exists
7: In dir.create(dirIn, recursive = TRUE) :
  '/dfs3b/ruic20_lab/junw42/HCA_ON/data/20_hotspot/Astrocyte_hs_min_gene_100_hvg_5000_scvi_m_6_bg' already exists
8: In dir.create(dirIn, recursive = TRUE) :
  '/dfs3b/ruic20_lab/junw42/HCA_ON/data/20_hotspot/Astrocyte_hs_min_gene_100_hvg_5000_scvi_m_5_bg' already exists
9: In dir.create(dirIn, recursive = TRUE) :
  '/dfs3b/ruic20_lab/junw42/HCA_ON/data/20_hotspot/Astrocyte_hs_min_gene_100_hvg_5000_scvi_m_10_bg' already exists
10: In dir.create(dirIn, recursive = TRUE) :
  '/dfs3b/ruic20_lab/junw42/HCA_ON/data/20_hotspot/Astrocyte_hs_min_gene_100_hvg_5000_scvi_m_9_bg' already exists
Execution halted
