Uploading data to Speedrichr...
 - Your gene set... Done.
 - Your background... Done.
Getting enrichment results...
 - GO_Molecular_Function_2023... Done.
 - GO_Cellular_Component_2023... Done.
 - GO_Biological_Process_2023... Done.
 - MSigDB_Hallmark_2020... Done.
Parsing results... Done.
Uploading data to Speedrichr...
 - Your gene set... Done.
 - Your background... Done.
Getting enrichment results...
 - GO_Molecular_Function_2023... Done.
 - GO_Cellular_Component_2023... Done.
 - GO_Biological_Process_2023... Done.
 - MSigDB_Hallmark_2020... Done.
Parsing results... Done.
Uploading data to Speedrichr...
 - Your gene set... Done.
 - Your background... Done.
Getting enrichment results...
 - GO_Molecular_Function_2023... Done.
 - GO_Cellular_Component_2023... Done.
 - GO_Biological_Process_2023... Done.
 - MSigDB_Hallmark_2020... Done.
Parsing results... Done.
Uploading data to Speedrichr...
 - Your gene set... Done.
 - Your background... Done.
Getting enrichment results...
 - GO_Molecular_Function_2023... Done.
 - GO_Cellular_Component_2023... Done.
 - GO_Biological_Process_2023... Done.
 - MSigDB_Hallmark_2020... Done.
Parsing results... Done.
Uploading data to Speedrichr...
 - Your gene set... Done.
 - Your background... Done.
Getting enrichment results...
 - GO_Molecular_Function_2023... Done.
 - GO_Cellular_Component_2023... Done.
 - GO_Biological_Process_2023... Done.
 - MSigDB_Hallmark_2020... Done.
Parsing results... Done.
Uploading data to Speedrichr...
 - Your gene set... Done.
 - Your background... Done.
Getting enrichment results...
 - GO_Molecular_Function_2023... Done.
 - GO_Cellular_Component_2023... Done.
 - GO_Biological_Process_2023... Done.
 - MSigDB_Hallmark_2020... Done.
Parsing results... Done.
Uploading data to Speedrichr...
 - Your gene set... Done.
 - Your background... Done.
Getting enrichment results...
 - GO_Molecular_Function_2023... Done.
 - GO_Cellular_Component_2023... Done.
 - GO_Biological_Process_2023... Done.
 - MSigDB_Hallmark_2020... Done.
Parsing results... Done.
Uploading data to Speedrichr...
 - Your gene set... Done.
 - Your background... Done.
Getting enrichment results...
 - GO_Molecular_Function_2023... Done.
 - GO_Cellular_Component_2023... Done.
 - GO_Biological_Process_2023... Done.
 - MSigDB_Hallmark_2020... Done.
Parsing results... Done.
Uploading data to Speedrichr...
 - Your gene set... Done.
 - Your background... Done.
Getting enrichment results...
 - GO_Molecular_Function_2023... Done.
 - GO_Cellular_Component_2023... Done.
 - GO_Biological_Process_2023... Done.
 - MSigDB_Hallmark_2020... Done.
Parsing results... Done.
Uploading data to Speedrichr...
 - Your gene set... Done.
 - Your background... Done.
Getting enrichment results...
 - GO_Molecular_Function_2023... Done.
 - GO_Cellular_Component_2023... Done.
 - GO_Biological_Process_2023... Done.
 - MSigDB_Hallmark_2020... Done.
Parsing results... Done.
Uploading data to Speedrichr...
 - Your gene set... Done.
 - Your background... Done.
Getting enrichment results...
 - GO_Molecular_Function_2023... Done.
 - GO_Cellular_Component_2023... Done.
 - GO_Biological_Process_2023... Done.
 - MSigDB_Hallmark_2020... Done.
Parsing results... Done.
Uploading data to Speedrichr...
 - Your gene set... Done.
 - Your background... Done.
Getting enrichment results...
 - GO_Molecular_Function_2023... Done.
 - GO_Cellular_Component_2023... Done.
 - GO_Biological_Process_2023... Done.
 - MSigDB_Hallmark_2020... Done.
Parsing results... Done.
