Welcome to enrichR
Checking connections ... 
Enrichr ... Connection is Live!
FlyEnrichr ... Connection is Live!
WormEnrichr ... Connection is Live!
YeastEnrichr ... Connection is Live!
FishEnrichr ... Connection is Live!
OxEnrichr ... Connection is Live!
Enrichr ... Connection is Live!
FlyEnrichr ... Connection is Live!
WormEnrichr ... Connection is Live!
YeastEnrichr ... Connection is Live!
FishEnrichr ... Connection is Live!
OxEnrichr ... Connection is Live!
Connection changed to https://maayanlab.cloud/Enrichr/
Connection is Live!
Output results in 'txt' format
Output results in 'txt' format
Output results in 'txt' format
Error in if (m != -1) { : missing value where TRUE/FALSE needed
Execution halted
