Welcome to enrichR
Checking connections ... 
Enrichr ... Connection is Live!
FlyEnrichr ... Connection is Live!
WormEnrichr ... Connection is Live!
YeastEnrichr ... Connection is Live!
FishEnrichr ... Connection is Live!
OxEnrichr ... Connection is Live!
Enrichr ... Connection is Live!
FlyEnrichr ... Connection is Live!
WormEnrichr ... Connection is Live!
YeastEnrichr ... Connection is Live!
FishEnrichr ... Connection is Live!
OxEnrichr ... Connection is Live!
Connection changed to https://maayanlab.cloud/Enrichr/
Connection is Live!
Output results in 'txt' format
Output results in 'txt' format
Output results in 'txt' format
Output results in 'txt' format
Output results in 'txt' format
Output results in 'txt' format
Output results in 'txt' format
Output results in 'txt' format
Output results in 'txt' format
Output results in 'txt' format
Output results in 'txt' format
Error in if (m != -1) { : missing value where TRUE/FALSE needed
In addition: Warning message:
In dir.create(dirIn, recursive = TRUE) :
  '/dfs3b/ruic20_lab/junw42/HCA_ON/data/20_hotspot/OLIGO1_SVEP1+_permute_metacell_200_hs_min_gene_200_hvg_10000_age_m_1_bg' already exists
Execution halted
