mkdir: cannot create directory ‘/dfs3b/ruic20_lab/junw42/HCA_ON/data/5_refine_major/scvi/Microglia/clean/deepsas//outputs/’: File exists
# 2026-03-06 12:29:08.827 [INFO] [generate_3tables.py:44] ====== Part 1: load and process data ======
generate_3tables.py:68: FutureWarning: You are using `torch.load` with `weights_only=False` (the current default value), which uses the default pickle module implicitly. It is possible to construct malicious pickle data which will execute arbitrary code during unpickling (See https://github.com/pytorch/pytorch/blob/main/SECURITY.md#untrusted-models for more details). In a future release, the default value for `weights_only` will be flipped to `True`. This limits the functions that could be executed during unpickling. Arbitrary objects will no longer be allowed to be loaded via this mode unless they are explicitly allowlisted by the user via `torch.serialization.add_safe_globals`. We recommend you start setting `weights_only=True` for any use case where you don't have full control of the loaded file. Please open an issue on GitHub for any issues related to this experimental feature.
  loaded_data = torch.load(file_path)
Traceback (most recent call last):
  File "generate_3tables.py", line 98, in <module>
    ct=new_data.obs.iloc[i].clusters
  File "/dfs3b/ruic20_lab/junw42/software/deepsas/.venv/lib/python3.8/site-packages/pandas/core/indexing.py", line 1103, in __getitem__
    return self._getitem_axis(maybe_callable, axis=axis)
  File "/dfs3b/ruic20_lab/junw42/software/deepsas/.venv/lib/python3.8/site-packages/pandas/core/indexing.py", line 1656, in _getitem_axis
    self._validate_integer(key, axis)
  File "/dfs3b/ruic20_lab/junw42/software/deepsas/.venv/lib/python3.8/site-packages/pandas/core/indexing.py", line 1589, in _validate_integer
    raise IndexError("single positional indexer is out-of-bounds")
IndexError: single positional indexer is out-of-bounds
# 2026-03-06 12:31:58.118 [INFO] [generate_3tables.py:44] ====== Part 1: load and process data ======
generate_3tables.py:68: FutureWarning: You are using `torch.load` with `weights_only=False` (the current default value), which uses the default pickle module implicitly. It is possible to construct malicious pickle data which will execute arbitrary code during unpickling (See https://github.com/pytorch/pytorch/blob/main/SECURITY.md#untrusted-models for more details). In a future release, the default value for `weights_only` will be flipped to `True`. This limits the functions that could be executed during unpickling. Arbitrary objects will no longer be allowed to be loaded via this mode unless they are explicitly allowlisted by the user via `torch.serialization.add_safe_globals`. We recommend you start setting `weights_only=True` for any use case where you don't have full control of the loaded file. Please open an issue on GitHub for any issues related to this experimental feature.
  loaded_data = torch.load(file_path)
Traceback (most recent call last):
  File "generate_3tables.py", line 98, in <module>
    ct=new_data.obs.iloc[i].clusters
  File "/dfs3b/ruic20_lab/junw42/software/deepsas/.venv/lib/python3.8/site-packages/pandas/core/indexing.py", line 1103, in __getitem__
    return self._getitem_axis(maybe_callable, axis=axis)
  File "/dfs3b/ruic20_lab/junw42/software/deepsas/.venv/lib/python3.8/site-packages/pandas/core/indexing.py", line 1656, in _getitem_axis
    self._validate_integer(key, axis)
  File "/dfs3b/ruic20_lab/junw42/software/deepsas/.venv/lib/python3.8/site-packages/pandas/core/indexing.py", line 1589, in _validate_integer
    raise IndexError("single positional indexer is out-of-bounds")
IndexError: single positional indexer is out-of-bounds
