{'input_data_count': '/dfs3b/ruic20_lab/junw42/HCA_ON/data/5_refine_major/scvi/Mural_cell/clean/deepsas/subsamples//subsample_0.h5ad', 'output_dir': '/dfs3b/ruic20_lab/junw42/HCA_ON/data/5_refine_major/scvi/Mural_cell/clean/deepsas//outputs/', 'exp_name': 'subsample_0', 'device_index': 0, 'retrain': True, 'timestamp': '', 'seed': 40, 'n_genes': 'full', 'ccc': 'type1', 'gene_set': 'full', 'emb_size': 12, 'gat_epoch': 30, 'sencell_num': 600, 'sengene_num': 200, 'sencell_epoch': 40, 'cell_optim_epoch': 50, 'learning_rate': 0.01, 'batch_id': 0}
Outputs dir: /dfs3b/ruic20_lab/junw42/HCA_ON/data/5_refine_major/scvi/Mural_cell/clean/deepsas//outputs//outputs/subsample_0
load_data1 ...
Number of cells: 16937
Number of genes: 22723
The number of cell types 4
celltype names: ['vascularSMC_SORBS2+', 'Pericyte_PDE7B+', 'Pericyte_CFH+', 'vascularSMC_SLC7A2+']
-------------------  ----
vascularSMC_SORBS2+  7766
Pericyte_PDE7B+      4579
Pericyte_CFH+        2369
vascularSMC_SLC7A2+  2223
-------------------  ----
The number of genes in marker list：
  SenMayo    FRIDMAN    CellAge    Cell Cycle Markers
---------  ---------  ---------  --------------------
      125         77        144                    11
Total marker genes:  320
use all genes!
After genes dropped duplicated sengenes:  22442
Total gene num: 22723
Number of SnCs: 1020
Number of SnGs: 272
5072
4919
5101
5105
5066
4924
5025
4922
5047
4747
358
158
5179
5053
5130
4999
3519
5141
4916
4987
4963
4991
4927
244
4926
5023
5008
5165
391
870
5078
5024
4954
4958
4986
214
5076
5057
5144
5100
4988
5068
5045
4990
5140
5070
5166
4934
5164
5061
5139
5044
824
4920
5039
5090
5108
4974
5106
5119
4960
5103
4969
5172
4953
5178
5065
4998
5174
4981
4625
5048
5077
5007
5033
5151
5040
5124
4973
5142
4932
5028
5020
5019
5180
608
5036
5085
5155
4943
5083
5087
5049
4938
5168
4964
5161
4949
5156
5051
5006
5148
1488
2959
5152
5189
5042
5094
5092
5067
52
4944
5170
4970
5187
5016
5135
5173
4937
5056
5005
5003
4968
5117
5176
4989
4952
5002
519
4813
5058
4950
5118
5063
4942
5097
4993
4965
5126
5182
4939
5181
5169
5052
5034
4941
5107
850
5082
5089
4980
4921
5153
4961
5112
4994
5138
4914
5132
5157
4956
568
4992
4912
4996
5080
4909
5177
5136
5088
5095
4997
5075
5098
5017
5060
5099
5116
5147
5054
5185
5073
5133
849
4098
4959
5000
5013
4915
5150
5050
5128
4971
5012
4962
5160
5021
5134
4951
5110
5125
5122
4966
5109
5086
2963
4972
5158
4976
1543
4984
4957
5162
4355
4982
5030
4917
5175
5084
5069
4948
5149
5121
5043
4947
5143
5183
4978
4946
5167
4911
4975
5093
4955
5115
184
5145
5131
214
5015
519
4995
4979
4925
4918
1351
5009
5081
244
5113
5127
3204
5010
4626
4945
4910
5032
5137
4931
5055
5186
5018
52
1581
1543
2920
358
248
391
244
824
3863
['AL691403.1', 'AL590867.1', 'AL121929.2', 'AMT', 'ANKFY1', 'AMER1', 'AL590705.1', 'AMBP', 'AMACR', 'ALMS1-IT1', 'ALDH3B1', 'ANKLE2', 'AL731769.2', 'ALDH16A1', 'AL603839.3', 'ANKRA2', 'AL713851.1', 'AL731571.1', 'ALG2', 'AL606807.1', 'AL683807.1', 'ALG1L2', 'AL645940.1', 'AL645608.1', 'ANAPC7', 'AL627309.1', 'AL606491.1', 'AL590999.1', 'AL596330.2', 'ALDH3A2', 'ALDOA', 'AMFR', 'AMMECR1L', 'ALAD', 'AL596218.1', 'ABCC11', 'ALOX12-AS1', 'ANK3', 'AL645465.1', 'AL691447.2', 'AL929091.1', 'ALKBH3', 'AC024230.1', 'ANGPTL8', 'ANGPTL7', 'ANAPC15', 'AL604028.1', 'AL592430.1', 'AMPH', 'AL592402.1', 'AL670729.3', 'AC009486.1', 'AC003035.1', 'AL807757.2', 'AC007342.1', 'AL596202.1', 'AL357568.1', 'AL669970.1', 'AC007952.4', 'AL731577.1', 'ALOX12', 'AMIGO2', 'AC010168.1', 'ALG1L9P', 'AL592295.5', 'ANKHD1', 'AC009884.1', 'ALG11', 'AL590723.1', 'ALX1', 'ALG9-IT1', 'AL645608.6', 'AL603840.1', 'AL929472.2', 'AL357522.1', 'ALG3', 'AL591926.2', 'AC004704.1', 'AL645939.5', 'AL807757.1', 'AMH', 'ANKDD1B', 'AC007614.1', 'ALG1', 'ANAPC10', 'AMZ2', 'AL929236.1', 'AC004923.4', 'AL662797.1', 'AL731567.1', 'AL606534.1', 'AC137579.1', 'AL591848.2', 'AL590807.1', 'ALG6', 'ALDH1B1', 'ANAPC13', 'AL158151.4', 'AL591115.1', 'ALG10', 'ALDH7A1', 'AL606489.1', 'AL596244.1', 'ALMS1', 'AMIGO1', 'ALG13', 'AL645728.1', 'AMPD3', 'ANGEL1', 'AMPD2', 'AL731569.1', 'AL606923.2', 'AL450998.2', 'AL669970.3', 'AL627309.5', 'AL645568.1', 'ALDH1L2', 'ALG14', 'AMD1', 'AL662844.4', 'AL732323.1', 'AL591002.1', 'ADAMTSL1', 'AL596214.1', 'AL591242.1', 'ALG8', 'ALDH9A1', 'AMDHD2', 'AL592211.1', 'ALAS1', 'AL807742.1', 'AL592156.2', 'ANGPTL1', 'ANKRD11', 'ALCAM', 'AL590822.3', 'ALS2CL', 'ALX3', 'AL731559.1', 'ANKIB1', 'AMY2B', 'AC004951.1', 'ANK1', 'ALDH1A1', 'AL662884.5', 'ALKBH3-AS1', 'AL645504.1', 'AL672277.1', 'AMDHD1', 'AL590705.3', 'AL691432.2', 'AL596451.1', 'ALKBH1', 'AL592183.1', 'ALOX5AP', 'AL592295.3', 'AC113383.1', 'AL031280.1', 'AL606468.1', 'AMELX', 'AC005740.5', 'ALKBH4', 'ANGPTL5', 'AL596325.2', 'ALDH4A1', 'AL627171.2', 'AL592295.4', 'AC110751.1', 'ALKBH5', 'AL592043.1', 'AC009879.4', 'ANKLE1', 'AL592546.3', 'AL591069.1', 'ALPK2', 'AC004217.1', 'AL591767.1', 'AL591506.1', 'ANGPTL3', 'AC005921.2', 'AMOTL1', 'AL607028.1', 'AL645608.7', 'AMOT', 'AMOTL2', 'AL591519.1', 'ANKK1', 'AL731537.1', 'AL592166.1', 'ANGPT4', 'AL592429.2', 'AL662889.1', 'AL683813.1', 'AL645933.2', 'ALDH18A1', 'AL591721.1', 'AL627232.1', 'AL731566.2', 'ALG5', 'ALDH1L1', 'AL592148.3', 'ALPK3', 'AL627171.1', 'ANGPT2', 'AL591043.2', 'ANAPC1', 'AL645933.3', 'ALDH6A1', 'AL591518.1', 'ALX4', 'AC022898.2', 'ALDH5A1', 'ALB', 'AC113410.5', 'AL592424.1', 'ALG13-AS1', 'AL691420.1', 'ALKAL2', 'ANKRD1', 'ALG1L', 'AMN', 'AL646090.2', 'AL603824.1', 'ANKFN1', 'ALS2', 'ALKBH6', 'ANKH', 'AL928654.1', 'ALK', 'AL928970.1', 'AL596087.2', 'ANAPC4', 'AC020661.2', 'AL592528.1', 'AL606834.2', 'AL591895.1', 'AL591501.1', 'AL592435.1', 'AL606760.2', 'AC025164.2', 'AL391730.2', 'AL591368.1', 'AL807752.5', 'ANKDD1A', 'AL596247.1', 'AL592546.2', 'AL672291.1', 'AMN1', 'ANKMY1', 'ANAPC5', 'ALOX5', 'ANKEF1', 'AL732314.6', 'AL662907.3', 'AL645608.2', 'AL731553.1', 'ALG10B', 'ANAPC16', 'ANAPC11', 'ANKRD10', 'ALKBH8', 'AMMECR1', 'ANK2']
263
Processing file: /dfs3b/ruic20_lab/junw42/HCA_ON/data/5_refine_major/scvi/Mural_cell/clean/deepsas/subsamples//subsample_0.h5ad with experiment name: subsample_0
