{'input_data_count': '/dfs3b/ruic20_lab/junw42/HCA_ON/data/5_refine_major/scvi/Astrocyte/clean/deepsas/subsamples//subsample_3.h5ad', 'output_dir': '/dfs3b/ruic20_lab/junw42/HCA_ON/data/5_refine_major/scvi/Astrocyte/clean/deepsas//outputs', 'exp_name': 'subsample_3', 'device_index': 0, 'retrain': True, 'timestamp': '', 'seed': 40, 'n_genes': '5000', 'ccc': 'type1', 'gene_set': 'full', 'emb_size': 12, 'gat_epoch': 30, 'sencell_num': 600, 'sengene_num': 200, 'sencell_epoch': 40, 'cell_optim_epoch': 50, 'learning_rate': 0.01, 'batch_id': 0}
Outputs dir: /dfs3b/ruic20_lab/junw42/HCA_ON/data/5_refine_major/scvi/Astrocyte/clean/deepsas//outputs/outputs/subsample_3
load_data1 ...
Number of cells: 30000
Number of genes: 27647
The number of cell types 11
celltype names: ['Astro_ONHON1_SLC4A11+MARCH1+', 'Astro_ON1_WNK2+TSHZ2+', 'Astro_ON2_ACTN1+SERPINA3+', 'Astro_ON3_NR4A3+FOS+', 'Astro_ONH2_PAX5+GABBR2+', 'Astro_ONH1_GABBR2+SV2B+', 'Astro_ONHON2_CST3+APOE+', 'Astro_retina1_PAX5+ME1+', 'Astro_retina2_NLGN1+', 'Astro_ON4_AFF3+DMGDH+', 'Astro_ON5_DPP10+']
----------------------------  ----
Astro_ONHON1_SLC4A11+MARCH1+  6745
Astro_ON1_WNK2+TSHZ2+         6701
Astro_ON2_ACTN1+SERPINA3+     3654
Astro_ON3_NR4A3+FOS+          3411
Astro_ONH2_PAX5+GABBR2+       3111
Astro_ONH1_GABBR2+SV2B+       2638
Astro_ONHON2_CST3+APOE+       1543
Astro_retina1_PAX5+ME1+       1428
Astro_retina2_NLGN1+           394
Astro_ON4_AFF3+DMGDH+          297
Astro_ON5_DPP10+                78
----------------------------  ----
The number of genes in marker list：
  SenMayo    FRIDMAN    CellAge    Cell Cycle Markers
---------  ---------  ---------  --------------------
      125         77        144                    11
Total marker genes:  320
use 5000 highly genes!
Highly genes num:  5000
After genes dropped duplicated sengenes:  4897
Total gene num: 5181
cell num: 30000, gene num: 5181
Cell-gene graph, the number of edges: 11031876
add cell-cell edges with weights in 0 and 1...
CCC graph, the number of edges: 668193
device: cuda:0
Start remove batch effect, the default batch annotation in adata.obs["Sample"] ...
cell embedding generated!
Do not remove batch effect ...
gene embedding generated!
build graph pyg
edge index:  torch.Size([2, 11700069])
node feature:  torch.Size([35181, 12])
build graph pyg without edge weights ... 
Pyg graph: Data(x=[35181, 12], edge_index=[2, 22731945], y=[35181])
graph.is_directed(): False
graph nx and pyg saved!
Epoch 000, Loss: 32.7745
Epoch 001, Loss: 32.5558
Epoch 002, Loss: 32.6015
Epoch 003, Loss: 32.0856
Epoch 004, Loss: 30.5445
Epoch 005, Loss: 30.5495
Epoch 006, Loss: 28.9336
Epoch 007, Loss: 26.8773
Epoch 008, Loss: 26.6832
Epoch 009, Loss: 24.8133
Epoch 010, Loss: 22.7932
Epoch 011, Loss: 20.6744
Epoch 012, Loss: 18.8227
Epoch 013, Loss: 17.4114
Epoch 014, Loss: 16.4336
Epoch 015, Loss: 15.4785
Epoch 016, Loss: 14.9657
Epoch 017, Loss: 14.5323
Epoch 018, Loss: 14.0715
Epoch 019, Loss: 13.7033
Epoch 020, Loss: 13.3747
Epoch 021, Loss: 12.9301
Epoch 022, Loss: 12.5595
Epoch 023, Loss: 12.1439
Epoch 024, Loss: 11.6884
Epoch 025, Loss: 11.0877
Epoch 026, Loss: 10.7494
Epoch 027, Loss: 10.4736
Epoch 028, Loss: 10.2272
Epoch 029, Loss: 10.2407
GAT model saved! /dfs3b/ruic20_lab/junw42/HCA_ON/data/5_refine_major/scvi/Astrocyte/clean/deepsas//outputs/outputs/subsample_3/subsample_3_GAT.pt
2026-03-06 11:43:49.369844: Contrastive learning Epoch: 000
generate_ct_specific_scores ...
extract_cell_indexs ... 
snc in different cell types:  Counter({'Astro_ON1_WNK2+TSHZ2+': 400, 'Astro_ONHON1_SLC4A11+MARCH1+': 349, 'Astro_ON2_ACTN1+SERPINA3+': 179, 'Astro_ON3_NR4A3+FOS+': 167, 'Astro_ONH2_PAX5+GABBR2+': 135, 'Astro_ONH1_GABBR2+SV2B+': 102, 'Astro_ONHON2_CST3+APOE+': 99, 'Astro_retina1_PAX5+ME1+': 62, 'Astro_retina2_NLGN1+': 32, 'Astro_ON4_AFF3+DMGDH+': 26})
39.90082550048828
40.34870529174805
38.64308166503906
37.830745697021484
37.307838439941406
38.33869934082031
36.53269958496094
38.26410675048828
37.67323303222656
35.82991409301758
36.30364227294922
35.35634994506836
36.25143814086914
35.72156524658203
34.219581604003906
34.860107421875
34.30355453491211
33.81782913208008
32.803672790527344
33.87641906738281
32.53701400756836
33.8568000793457
34.663475036621094
34.91539001464844
32.06391906738281
33.62242126464844
34.17738342285156
31.90338134765625
33.712467193603516
32.686988830566406
31.971500396728516
33.05886459350586
32.5003662109375
31.35628890991211
31.1033992767334
32.766910552978516
31.340471267700195
30.822097778320312
30.98971176147461
30.955795288085938
30.32396697998047
31.407325744628906
30.289026260375977
30.714862823486328
30.885770797729492
29.908966064453125
30.468080520629883
30.730823516845703
30.320138931274414
29.261451721191406
current lr: 0.0085
identify_sengene_v1 ... 
sengene cover: 0.9647887323943662
2026-03-06 12:03:49.821987: Contrastive learning Epoch: 001
generate_ct_specific_scores ...
extract_cell_indexs ... 
snc in different cell types:  Counter({'Astro_ON1_WNK2+TSHZ2+': 399, 'Astro_ONHON1_SLC4A11+MARCH1+': 350, 'Astro_ON2_ACTN1+SERPINA3+': 179, 'Astro_ON3_NR4A3+FOS+': 168, 'Astro_ONH2_PAX5+GABBR2+': 136, 'Astro_ONH1_GABBR2+SV2B+': 101, 'Astro_ONHON2_CST3+APOE+': 99, 'Astro_retina1_PAX5+ME1+': 62, 'Astro_retina2_NLGN1+': 32, 'Astro_ON4_AFF3+DMGDH+': 26})
sencell cover: 0.9980670103092784
38.1490478515625
38.00912857055664
37.832027435302734
37.624046325683594
37.38678741455078
37.12555694580078
36.83649444580078
36.51638412475586
36.1578369140625
35.729286193847656
35.05921173095703
34.864620208740234
34.51944351196289
34.433467864990234
34.31583023071289
34.07592010498047
33.89680862426758
33.8041877746582
33.76701354980469
33.683837890625
33.57522201538086
33.47093200683594
33.374298095703125
33.276912689208984
33.16595458984375
33.02766418457031
32.878021240234375
32.8046989440918
32.717105865478516
32.62877655029297
32.54317855834961
32.44232940673828
32.32926559448242
32.23500061035156
32.1684455871582
32.08860778808594
31.99091339111328
31.878604888916016
31.77532196044922
31.691864013671875
31.60740852355957
31.51292610168457
31.409677505493164
31.305662155151367
31.22032928466797
31.132648468017578
31.032428741455078
30.92700958251953
30.842235565185547
30.758481979370117
current lr: 0.0072250000000000005
identify_sengene_v1 ... 
sengene cover: 0.9681978798586572
2026-03-06 12:23:54.010619: Contrastive learning Epoch: 002
generate_ct_specific_scores ...
extract_cell_indexs ... 
snc in different cell types:  Counter({'Astro_ON1_WNK2+TSHZ2+': 402, 'Astro_ONHON1_SLC4A11+MARCH1+': 364, 'Astro_ON2_ACTN1+SERPINA3+': 184, 'Astro_ON3_NR4A3+FOS+': 179, 'Astro_ONH2_PAX5+GABBR2+': 137, 'Astro_ONH1_GABBR2+SV2B+': 116, 'Astro_ONHON2_CST3+APOE+': 98, 'Astro_retina1_PAX5+ME1+': 52, 'Astro_ON4_AFF3+DMGDH+': 29, 'Astro_retina2_NLGN1+': 25})
sencell cover: 0.8612862547288777
30.6589298248291
30.566076278686523
30.498743057250977
30.401920318603516
30.272693634033203
30.12151336669922
29.949108123779297
29.788591384887695
29.651626586914062
29.448986053466797
29.24370574951172
28.909500122070312
29.38094139099121
29.28809356689453
29.263328552246094
28.800283432006836
28.630769729614258
28.643272399902344
28.237224578857422
28.409215927124023
28.004379272460938
28.74933433532715
27.791311264038086
27.989906311035156
27.707447052001953
27.741451263427734
27.68256378173828
27.425613403320312
27.3859806060791
27.03476333618164
26.958919525146484
27.61492156982422
27.298954010009766
26.57828140258789
27.46677589416504
26.49617576599121
26.853384017944336
26.661592483520508
26.290607452392578
26.726625442504883
26.143272399902344
26.449649810791016
26.02794647216797
26.104930877685547
25.68214225769043
25.76662826538086
25.365848541259766
25.774578094482422
29.140480041503906
27.873126983642578
current lr: 0.00614125
identify_sengene_v1 ... 
sengene cover: 0.9819494584837545
2026-03-06 12:43:43.059246: Contrastive learning Epoch: 003
generate_ct_specific_scores ...
extract_cell_indexs ... 
snc in different cell types:  Counter({'Astro_ON1_WNK2+TSHZ2+': 396, 'Astro_ONHON1_SLC4A11+MARCH1+': 361, 'Astro_ON2_ACTN1+SERPINA3+': 192, 'Astro_ON3_NR4A3+FOS+': 175, 'Astro_ONH2_PAX5+GABBR2+': 137, 'Astro_ONH1_GABBR2+SV2B+': 109, 'Astro_ONHON2_CST3+APOE+': 103, 'Astro_retina1_PAX5+ME1+': 56, 'Astro_ON4_AFF3+DMGDH+': 28, 'Astro_retina2_NLGN1+': 26})
sencell cover: 0.9229311433986103
28.011554718017578
27.913856506347656
27.781936645507812
27.614879608154297
27.385318756103516
27.232044219970703
27.128482818603516
26.958744049072266
26.688533782958984
26.338029861450195
26.26781463623047
26.255762100219727
26.206695556640625
26.133039474487305
26.071533203125
26.010372161865234
25.9440860748291
25.877681732177734
25.818782806396484
25.765609741210938
25.7078800201416
25.638500213623047
25.5667724609375
25.511775970458984
25.453651428222656
25.380369186401367
25.31546401977539
25.257801055908203
25.192651748657227
25.125099182128906
25.060182571411133
24.99808120727539
24.934370040893555
24.86858367919922
24.803913116455078
24.740633010864258
24.677263259887695
24.612319946289062
24.547025680541992
24.483470916748047
24.42031478881836
24.35563850402832
24.29041862487793
24.22614860534668
24.16246795654297
24.098268508911133
24.033353805541992
23.96851348876953
23.9040584564209
23.83973503112793
current lr: 0.0052200625
identify_sengene_v1 ... 
sengene cover: 0.9925650557620818
2026-03-06 13:03:30.761843: Contrastive learning Epoch: 004
generate_ct_specific_scores ...
extract_cell_indexs ... 
snc in different cell types:  Counter({'Astro_ON1_WNK2+TSHZ2+': 400, 'Astro_ONHON1_SLC4A11+MARCH1+': 354, 'Astro_ON2_ACTN1+SERPINA3+': 190, 'Astro_ON3_NR4A3+FOS+': 182, 'Astro_ONH2_PAX5+GABBR2+': 130, 'Astro_ONH1_GABBR2+SV2B+': 117, 'Astro_ONHON2_CST3+APOE+': 105, 'Astro_retina1_PAX5+ME1+': 62, 'Astro_ON4_AFF3+DMGDH+': 27, 'Astro_retina2_NLGN1+': 26})
sencell cover: 0.9460138104205901
23.851825714111328
23.781709671020508
23.696243286132812
23.67057228088379
23.640865325927734
23.59029197692871
23.52294921875
23.43888282775879
23.38656997680664
23.354639053344727
23.30386734008789
23.23538589477539
23.155513763427734
23.11764144897461
23.0700626373291
23.02401351928711
22.96554183959961
22.891759872436523
22.84794807434082
22.809307098388672
22.751985549926758
22.68614387512207
22.621076583862305
22.572877883911133
22.539270401000977
22.489023208618164
22.421586990356445
22.357973098754883
22.31369400024414
22.266395568847656
22.206668853759766
22.1494197845459
22.078277587890625
22.036029815673828
21.995479583740234
21.9409122467041
21.88666534423828
21.821514129638672
21.76551055908203
21.73089599609375
21.6829833984375
21.619766235351562
21.541555404663086
21.51398277282715
21.477550506591797
21.424848556518555
21.35635757446289
21.275861740112305
21.235498428344727
21.191268920898438
current lr: 0.004437053125
identify_sengene_v1 ... 
sengene cover: 0.9770992366412213
Processing file: /dfs3b/ruic20_lab/junw42/HCA_ON/data/5_refine_major/scvi/Astrocyte/clean/deepsas/subsamples//subsample_3.h5ad with experiment name: subsample_3
