{'input_data_count': '/dfs3b/ruic20_lab/junw42/HCA_ON/data/5_refine_major/scvi/Endothelial_cell/clean/deepsas/subsamples//subsample_0.h5ad', 'output_dir': '/dfs3b/ruic20_lab/junw42/HCA_ON/data/5_refine_major/scvi/Endothelial_cell/clean/deepsas//outputs', 'exp_name': 'subsample_0', 'device_index': 0, 'retrain': True, 'timestamp': '', 'seed': 40, 'n_genes': '5000', 'ccc': 'type1', 'gene_set': 'full', 'emb_size': 12, 'gat_epoch': 30, 'sencell_num': 600, 'sengene_num': 200, 'sencell_epoch': 40, 'cell_optim_epoch': 50, 'learning_rate': 0.01, 'batch_id': 0}
Outputs dir: /dfs3b/ruic20_lab/junw42/HCA_ON/data/5_refine_major/scvi/Endothelial_cell/clean/deepsas//outputs/outputs/subsample_0
load_data1 ...
Number of cells: 30001
Number of genes: 25382
The number of cell types 6
celltype names: ['Capillary_continuous', 'Venule', 'Arteriole', 'Venule_postcapillary', 'Capillary_fenestrated', 'Venule_dysfunction']
---------------------  ----
Capillary_continuous   9548
Venule                 8353
Arteriole              5853
Venule_postcapillary   4522
Capillary_fenestrated  1076
Venule_dysfunction      649
---------------------  ----
The number of genes in marker list：
  SenMayo    FRIDMAN    CellAge    Cell Cycle Markers
---------  ---------  ---------  --------------------
      125         77        144                    11
Total marker genes:  320
use 5000 highly genes!
Highly genes num:  5000
After genes dropped duplicated sengenes:  4890
Total gene num: 5182
cell num: 30001, gene num: 5182
Cell-gene graph, the number of edges: 6835140
add cell-cell edges with weights in 0 and 1...
CCC graph, the number of edges: 1712732
device: cuda:0
Start remove batch effect, the default batch annotation in adata.obs["Sample"] ...
cell embedding generated!
Do not remove batch effect ...
gene embedding generated!
build graph pyg
edge index:  torch.Size([2, 8547872])
node feature:  torch.Size([35183, 12])
build graph pyg without edge weights ... 
Pyg graph: Data(x=[35183, 12], edge_index=[2, 15383012], y=[35183])
graph.is_directed(): False
graph nx and pyg saved!
Epoch 000, Loss: 34.5213
Epoch 001, Loss: 34.5183
Epoch 002, Loss: 34.4963
Epoch 003, Loss: 34.4640
Epoch 004, Loss: 34.4536
Epoch 005, Loss: 34.4241
Epoch 006, Loss: 34.3946
Epoch 007, Loss: 34.3682
Epoch 008, Loss: 34.2646
Epoch 009, Loss: 34.1929
Epoch 010, Loss: 34.1221
Epoch 011, Loss: 34.0357
Epoch 012, Loss: 33.8776
Epoch 013, Loss: 33.7475
Epoch 014, Loss: 33.6431
Epoch 015, Loss: 33.4066
Epoch 016, Loss: 33.2281
Epoch 017, Loss: 32.8724
Epoch 018, Loss: 32.7458
Epoch 019, Loss: 31.8125
Epoch 020, Loss: 32.4192
Epoch 021, Loss: 31.9501
Epoch 022, Loss: 31.5234
Epoch 023, Loss: 31.2862
Epoch 024, Loss: 30.6990
Epoch 025, Loss: 29.9964
Epoch 026, Loss: 29.5407
Epoch 027, Loss: 29.0397
Epoch 028, Loss: 28.4125
Epoch 029, Loss: 27.9478
GAT model saved! /dfs3b/ruic20_lab/junw42/HCA_ON/data/5_refine_major/scvi/Endothelial_cell/clean/deepsas//outputs/outputs/subsample_0/subsample_0_GAT.pt
2026-03-05 19:39:16.190471: Contrastive learning Epoch: 000
generate_ct_specific_scores ...
extract_cell_indexs ... 
snc in different cell types:  Counter({'Capillary_continuous': 501, 'Venule': 440, 'Arteriole': 252, 'Venule_postcapillary': 219, 'Capillary_fenestrated': 59, 'Venule_dysfunction': 14})
24.045534133911133
23.96776008605957
24.03578758239746
23.936153411865234
23.754945755004883
23.76153564453125
23.62958526611328
23.54953384399414
23.468557357788086
23.40178108215332
23.296356201171875
23.17450714111328
23.017723083496094
22.66594886779785
22.218244552612305
23.159934997558594
22.962379455566406
22.457599639892578
21.930137634277344
21.706104278564453
21.520875930786133
21.270904541015625
21.346393585205078
22.179428100585938
22.19091796875
21.92849349975586
21.76718521118164
21.619159698486328
21.29203987121582
20.85988426208496
20.58553123474121
20.645977020263672
20.550472259521484
20.50141143798828
20.33448028564453
20.203134536743164
19.989240646362305
20.02070426940918
20.139558792114258
19.934410095214844
19.71729278564453
19.824237823486328
19.64645767211914
19.66623306274414
19.58746337890625
19.50545310974121
19.361766815185547
19.354307174682617
19.310657501220703
19.211626052856445
current lr: 0.0085
identify_sengene_v1 ... 
sengene cover: 0.9657534246575342
2026-03-05 19:55:03.718804: Contrastive learning Epoch: 001
generate_ct_specific_scores ...
extract_cell_indexs ... 
snc in different cell types:  Counter({'Capillary_continuous': 503, 'Venule': 439, 'Arteriole': 254, 'Venule_postcapillary': 219, 'Capillary_fenestrated': 59, 'Venule_dysfunction': 14})
sencell cover: 0.9973118279569892
21.27912712097168
20.36343765258789
19.777103424072266
19.510316848754883
21.62885856628418
19.889188766479492
21.441940307617188
21.469097137451172
21.3176326751709
21.06623077392578
20.718446731567383
20.185752868652344
19.495943069458008
19.025880813598633
19.259803771972656
19.88384437561035
18.947175979614258
19.179672241210938
18.97372817993164
18.845788955688477
18.830562591552734
18.842750549316406
18.806034088134766
18.720067977905273
18.609798431396484
18.516355514526367
18.455015182495117
18.413700103759766
18.36558723449707
18.294456481933594
18.2161922454834
18.151752471923828
18.104267120361328
18.057626724243164
18.000516891479492
17.940574645996094
17.882600784301758
17.831838607788086
17.78716468811035
17.7399959564209
17.688152313232422
17.636507034301758
17.589122772216797
17.54477310180664
17.499601364135742
17.451704025268555
17.402353286743164
17.354419708251953
17.30878257751465
17.263620376586914
current lr: 0.0072250000000000005
identify_sengene_v1 ... 
sengene cover: 0.9724137931034482
2026-03-05 20:10:43.588834: Contrastive learning Epoch: 002
generate_ct_specific_scores ...
extract_cell_indexs ... 
snc in different cell types:  Counter({'Capillary_continuous': 519, 'Venule': 448, 'Arteriole': 255, 'Venule_postcapillary': 216, 'Capillary_fenestrated': 59, 'Venule_dysfunction': 12})
sencell cover: 0.904572564612326
19.796632766723633
19.725887298583984
19.610515594482422
19.4538631439209
19.231124877929688
18.8629207611084
18.624591827392578
18.64438819885254
18.522804260253906
18.361616134643555
18.367639541625977
18.352231979370117
18.25718879699707
18.1208438873291
18.0478515625
18.005855560302734
17.956012725830078
17.90045738220215
17.844951629638672
17.792255401611328
17.73809051513672
17.681928634643555
17.624731063842773
17.56974220275879
17.51946258544922
17.474811553955078
17.43431282043457
17.393455505371094
17.348548889160156
17.297943115234375
17.242624282836914
17.186138153076172
17.133338928222656
17.08966636657715
17.05207633972168
17.01047706604004
16.96014976501465
16.908226013183594
16.86187744140625
16.818204879760742
16.77364730834961
16.72749137878418
16.680438995361328
16.63538932800293
16.592082977294922
16.54485321044922
16.495882034301758
16.451950073242188
16.410507202148438
16.36567497253418
current lr: 0.00614125
identify_sengene_v1 ... 
sengene cover: 0.9722222222222222
2026-03-05 20:26:25.518899: Contrastive learning Epoch: 003
generate_ct_specific_scores ...
extract_cell_indexs ... 
snc in different cell types:  Counter({'Capillary_continuous': 505, 'Venule': 449, 'Arteriole': 263, 'Venule_postcapillary': 222, 'Capillary_fenestrated': 62, 'Venule_dysfunction': 11})
sencell cover: 0.9722222222222222
16.017120361328125
15.823081970214844
15.663115501403809
15.559813499450684
15.500941276550293
15.278331756591797
15.114723205566406
14.998412132263184
14.965676307678223
14.950957298278809
14.912996292114258
14.916187286376953
14.921104431152344
14.82008171081543
14.891189575195312
14.77860164642334
14.766818046569824
14.666855812072754
14.679667472839355
14.622370719909668
14.554691314697266
14.528003692626953
14.501893997192383
14.461782455444336
14.418972969055176
14.38100814819336
14.348867416381836
14.318643569946289
14.28743839263916
14.254929542541504
14.220778465270996
14.184173583984375
14.146186828613281
14.109774589538574
14.074658393859863
14.040925979614258
14.006937026977539
13.973945617675781
13.938414573669434
13.902950286865234
13.867325782775879
13.836824417114258
13.801470756530762
13.763960838317871
13.72987174987793
13.69468879699707
13.65339469909668
13.631613731384277
13.602216720581055
13.567009925842285
current lr: 0.0052200625
identify_sengene_v1 ... 
sengene cover: 0.9822064056939501
2026-03-05 20:41:36.022450: Contrastive learning Epoch: 004
generate_ct_specific_scores ...
extract_cell_indexs ... 
snc in different cell types:  Counter({'Capillary_continuous': 504, 'Venule': 451, 'Arteriole': 268, 'Venule_postcapillary': 229, 'Capillary_fenestrated': 63, 'Venule_dysfunction': 10})
sencell cover: 0.9540983606557377
782.88037109375
61.96575927734375
29.67115020751953
19.001157760620117
15.056598663330078
14.299416542053223
14.242488861083984
14.182968139648438
14.12940788269043
14.079706192016602
14.029537200927734
13.979557037353516
13.931889533996582
13.88245964050293
13.830276489257812
13.781139373779297
13.73284912109375
13.685787200927734
13.640130043029785
13.595404624938965
13.551470756530762
13.508735656738281
13.466731071472168
13.425671577453613
13.385835647583008
13.346893310546875
13.308481216430664
13.270332336425781
13.233153343200684
13.196574211120605
13.1607027053833
13.125289916992188
13.090609550476074
13.05713939666748
13.025097846984863
12.993206024169922
12.960429191589355
12.927005767822266
12.8939208984375
12.862000465393066
12.831066131591797
12.800345420837402
12.769185066223145
12.73756217956543
12.705831527709961
12.674406051635742
12.643436431884766
12.612631797790527
12.58173942565918
12.550701141357422
current lr: 0.004437053125
identify_sengene_v1 ... 
sengene cover: 0.967741935483871
Processing file: /dfs3b/ruic20_lab/junw42/HCA_ON/data/5_refine_major/scvi/Endothelial_cell/clean/deepsas/subsamples//subsample_0.h5ad with experiment name: subsample_0
{'input_data_count': '/dfs3b/ruic20_lab/junw42/HCA_ON/data/5_refine_major/scvi/Endothelial_cell/clean/deepsas/subsamples//subsample_1.h5ad', 'output_dir': '/dfs3b/ruic20_lab/junw42/HCA_ON/data/5_refine_major/scvi/Endothelial_cell/clean/deepsas//outputs', 'exp_name': 'subsample_1', 'device_index': 0, 'retrain': True, 'timestamp': '', 'seed': 40, 'n_genes': '5000', 'ccc': 'type1', 'gene_set': 'full', 'emb_size': 12, 'gat_epoch': 30, 'sencell_num': 600, 'sengene_num': 200, 'sencell_epoch': 40, 'cell_optim_epoch': 50, 'learning_rate': 0.01, 'batch_id': 0}
Outputs dir: /dfs3b/ruic20_lab/junw42/HCA_ON/data/5_refine_major/scvi/Endothelial_cell/clean/deepsas//outputs/outputs/subsample_1
load_data1 ...
Number of cells: 3287
Number of genes: 17335
The number of cell types 6
celltype names: ['Capillary_continuous', 'Venule', 'Arteriole', 'Venule_postcapillary', 'Capillary_fenestrated', 'Venule_dysfunction']
---------------------  ----
Capillary_continuous   1046
Venule                  915
Arteriole               641
Venule_postcapillary    496
Capillary_fenestrated   118
Venule_dysfunction       71
---------------------  ----
The number of genes in marker list：
  SenMayo    FRIDMAN    CellAge    Cell Cycle Markers
---------  ---------  ---------  --------------------
      125         77        144                    11
Total marker genes:  320
use 5000 highly genes!
Highly genes num:  5000
After genes dropped duplicated sengenes:  4881
Total gene num: 5135
cell num: 3287, gene num: 5135
Cell-gene graph, the number of edges: 1153346
add cell-cell edges with weights in 0 and 1...
CCC graph, the number of edges: 18172
device: cuda:0
Start remove batch effect, the default batch annotation in adata.obs["Sample"] ...
cell embedding generated!
Do not remove batch effect ...
gene embedding generated!
build graph pyg
edge index:  torch.Size([2, 1171518])
node feature:  torch.Size([8422, 12])
build graph pyg without edge weights ... 
Pyg graph: Data(x=[8422, 12], edge_index=[2, 2324864], y=[8422])
graph.is_directed(): False
graph nx and pyg saved!
Epoch 000, Loss: 34.4870
Epoch 001, Loss: 34.4964
Epoch 002, Loss: 34.4477
Epoch 003, Loss: 34.4119
Epoch 004, Loss: 34.3226
Epoch 005, Loss: 34.2136
Epoch 006, Loss: 34.1098
Epoch 007, Loss: 33.8397
Epoch 008, Loss: 33.8793
Epoch 009, Loss: 33.3891
Epoch 010, Loss: 33.4170
Epoch 011, Loss: 32.6333
Epoch 012, Loss: 32.3626
Epoch 013, Loss: 32.7289
Epoch 014, Loss: 31.6595
Epoch 015, Loss: 30.9898
Epoch 016, Loss: 31.5317
Epoch 017, Loss: 29.7840
Epoch 018, Loss: 29.5386
Epoch 019, Loss: 29.0742
Epoch 020, Loss: 26.1369
Epoch 021, Loss: 25.2081
Epoch 022, Loss: 23.8549
Epoch 023, Loss: 23.2708
Epoch 024, Loss: 22.5624
Epoch 025, Loss: 21.7061
Epoch 026, Loss: 21.8118
Epoch 027, Loss: 20.8048
Epoch 028, Loss: 20.7842
Epoch 029, Loss: 20.4636
GAT model saved! /dfs3b/ruic20_lab/junw42/HCA_ON/data/5_refine_major/scvi/Endothelial_cell/clean/deepsas//outputs/outputs/subsample_1/subsample_1_GAT.pt
2026-03-05 20:59:07.820266: Contrastive learning Epoch: 000
generate_ct_specific_scores ...
extract_cell_indexs ... 
snc in different cell types:  Counter({'Capillary_continuous': 50, 'Venule': 25, 'Arteriole': 23})
11.99941349029541
11.919052124023438
11.661184310913086
11.947122573852539
11.78461742401123
11.500097274780273
11.485645294189453
11.222269058227539
10.926891326904297
11.944212913513184
11.352828025817871
11.526355743408203
11.598834991455078
11.591282844543457
11.539506912231445
11.435562133789062
11.29000473022461
11.13717269897461
10.985761642456055
10.847126960754395
10.72934341430664
10.615825653076172
10.630786895751953
10.738250732421875
10.663704872131348
10.32900619506836
10.194830894470215
10.144586563110352
10.43049430847168
10.733561515808105
11.062705039978027
10.917238235473633
10.828390121459961
10.691497802734375
10.542136192321777
10.35116958618164
10.258076667785645
10.211648941040039
10.125604629516602
9.990914344787598
9.866771697998047
9.727846145629883
9.610280990600586
9.504962921142578
9.394160270690918
9.327773094177246
9.263903617858887
9.150590896606445
9.03329086303711
9.128211975097656
current lr: 0.0085
identify_sengene_v1 ... 
sengene cover: 0.9606299212598425
2026-03-05 20:59:52.930076: Contrastive learning Epoch: 001
generate_ct_specific_scores ...
extract_cell_indexs ... 
snc in different cell types:  Counter({'Capillary_continuous': 50, 'Arteriole': 24, 'Venule': 24, 'Venule_postcapillary': 10})
sencell cover: 0.8981481481481481
155.97210693359375
49.63164138793945
9.592148780822754
14.610923767089844
14.602265357971191
12.446938514709473
11.568573951721191
11.007097244262695
10.58997631072998
10.276561737060547
9.807855606079102
9.308874130249023
8.852540969848633
8.636338233947754
8.53270435333252
8.573692321777344
8.705689430236816
8.744794845581055
8.602791786193848
8.402289390563965
8.289373397827148
8.261465072631836
8.2709379196167
8.277299880981445
8.243661880493164
8.188459396362305
8.107824325561523
8.025533676147461
7.953788757324219
7.913123607635498
7.898965358734131
7.889824867248535
7.8570404052734375
7.800251007080078
7.738272190093994
7.689943790435791
7.660416126251221
7.643382549285889
7.62667989730835
7.5967326164245605
7.553670883178711
7.5112690925598145
7.4797468185424805
7.461368560791016
7.446996688842773
7.424552917480469
7.391983509063721
7.359893321990967
7.336975574493408
7.319911003112793
current lr: 0.0072250000000000005
identify_sengene_v1 ... 
sengene cover: 0.9606299212598425
2026-03-05 21:00:45.038072: Contrastive learning Epoch: 002
generate_ct_specific_scores ...
extract_cell_indexs ... 
snc in different cell types:  Counter({'Capillary_continuous': 49, 'Venule': 27, 'Arteriole': 23})
sencell cover: 0.9595959595959596
11.840828895568848
11.831404685974121
11.813716888427734
11.788915634155273
11.757575035095215
11.720636367797852
11.678506851196289
11.631962776184082
11.58154296875
11.527474403381348
11.470393180847168
11.410444259643555
11.348101615905762
11.283658981323242
11.21733283996582
11.149284362792969
11.079736709594727
11.008993148803711
10.937030792236328
10.864156723022461
10.790362358093262
10.715804100036621
10.64062786102295
10.56489086151123
10.488662719726562
10.412018775939941
10.335010528564453
10.257705688476562
10.180152893066406
10.102397918701172
10.024476051330566
9.94640827178955
9.868265151977539
9.79002571105957
9.71174144744873
9.6334228515625
9.55508804321289
9.476768493652344
9.398439407348633
9.320164680480957
9.241918563842773
9.163716316223145
9.085585594177246
9.007513046264648
8.929513931274414
8.851594924926758
8.773757934570312
8.696001052856445
8.618331909179688
8.54074478149414
current lr: 0.00614125
identify_sengene_v1 ... 
sengene cover: 0.9838709677419355
2026-03-05 21:01:30.145481: Contrastive learning Epoch: 003
generate_ct_specific_scores ...
extract_cell_indexs ... 
snc in different cell types:  Counter({'Capillary_continuous': 53, 'Venule': 32, 'Arteriole': 22})
sencell cover: 0.897196261682243
8.417699813842773
8.352655410766602
8.293179512023926
8.270824432373047
8.244854927062988
8.240354537963867
8.247977256774902
8.248172760009766
8.241683959960938
8.229223251342773
8.211420059204102
8.188779830932617
8.161857604980469
8.131038665771484
8.096776008605957
8.059412956237793
8.019339561462402
7.984308242797852
7.962921142578125
7.938189506530762
7.919980525970459
7.9116106033325195
7.898402214050293
7.880182266235352
7.85740852355957
7.83053731918335
7.801966667175293
7.7810378074646
7.760615348815918
7.736703395843506
7.716607093811035
7.701267242431641
7.681149482727051
7.657746315002441
7.638375759124756
7.618487358093262
7.595396995544434
7.574653625488281
7.556300640106201
7.536584377288818
7.5167388916015625
7.498262882232666
7.476932048797607
7.453908920288086
7.433627605438232
7.416821479797363
7.398284912109375
7.377101421356201
7.355931282043457
7.336463928222656
current lr: 0.0052200625
identify_sengene_v1 ... 
sengene cover: 0.983402489626556
2026-03-05 21:02:15.462516: Contrastive learning Epoch: 004
generate_ct_specific_scores ...
extract_cell_indexs ... 
snc in different cell types:  Counter({'Capillary_continuous': 49, 'Venule': 30, 'Arteriole': 26})
sencell cover: 0.9428571428571428
7.389692306518555
7.369762420654297
7.352958679199219
7.336206436157227
7.316831588745117
7.302440166473389
7.284205436706543
7.267278671264648
7.25104284286499
7.236170768737793
7.2177276611328125
7.199554443359375
7.184649467468262
7.168007850646973
7.153570175170898
7.137978553771973
7.121074676513672
7.105975151062012
7.091853141784668
7.074260711669922
7.057509422302246
7.041240692138672
7.027292251586914
7.012203216552734
6.995530128479004
6.9782609939575195
6.965528964996338
6.949084281921387
6.932526588439941
6.917994499206543
6.901963233947754
6.885747909545898
6.869490623474121
6.853184700012207
6.835893630981445
6.821323394775391
6.804287910461426
6.789210319519043
6.775390625
6.757722854614258
6.742791652679443
6.728019714355469
6.7096123695373535
6.69657039642334
6.682576656341553
6.664731025695801
6.646218299865723
6.631643295288086
6.613738059997559
6.60020637512207
current lr: 0.004437053125
identify_sengene_v1 ... 
sengene cover: 0.9743589743589743
Processing file: /dfs3b/ruic20_lab/junw42/HCA_ON/data/5_refine_major/scvi/Endothelial_cell/clean/deepsas/subsamples//subsample_1.h5ad with experiment name: subsample_1
