{'input_data_count': '/dfs3b/ruic20_lab/junw42/HCA_ON/data/5_refine_major/scvi/Fibroblast/clean/deepsas/subsamples//subsample_0.h5ad', 'output_dir': '/dfs3b/ruic20_lab/junw42/HCA_ON/data/5_refine_major/scvi/Fibroblast/clean/deepsas//outputs', 'exp_name': 'subsample_0', 'device_index': 0, 'retrain': True, 'timestamp': '', 'seed': 40, 'n_genes': '5000', 'ccc': 'type1', 'gene_set': 'full', 'emb_size': 12, 'gat_epoch': 30, 'sencell_num': 600, 'sengene_num': 200, 'sencell_epoch': 40, 'cell_optim_epoch': 50, 'learning_rate': 0.01, 'batch_id': 0}
Outputs dir: /dfs3b/ruic20_lab/junw42/HCA_ON/data/5_refine_major/scvi/Fibroblast/clean/deepsas//outputs/outputs/subsample_0
load_data1 ...
Number of cells: 30002
Number of genes: 25834
The number of cell types 11
celltype names: ['Fibro_intima_pia', 'Fibro_dura_boarder_SLC47A1+', 'Fibro_arachnoid_CLDN11+', 'Fibro_dura_KCNMA1+', 'Fibro_arachnoid_TRPM3+', 'Fibro_arachnoid_barrier_STXBP6+', 'Fibro_RPEchoroid_BMP5+', 'Fibro_dura_NOX4+', 'Fibro_epipial', 'Fibro_arachnoid_trabeculae_HMCN1+', 'Fibro_x']
---------------------------------  ----
Fibro_intima_pia                   6332
Fibro_dura_boarder_SLC47A1+        5050
Fibro_arachnoid_CLDN11+            3368
Fibro_dura_KCNMA1+                 3358
Fibro_arachnoid_TRPM3+             2774
Fibro_arachnoid_barrier_STXBP6+    2683
Fibro_RPEchoroid_BMP5+             2060
Fibro_dura_NOX4+                   1884
Fibro_epipial                      1104
Fibro_arachnoid_trabeculae_HMCN1+   818
Fibro_x                             571
---------------------------------  ----
The number of genes in marker list：
  SenMayo    FRIDMAN    CellAge    Cell Cycle Markers
---------  ---------  ---------  --------------------
      125         77        144                    11
Total marker genes:  320
use 5000 highly genes!
Highly genes num:  5000
After genes dropped duplicated sengenes:  4899
Total gene num: 5192
cell num: 30002, gene num: 5192
Cell-gene graph, the number of edges: 6571318
add cell-cell edges with weights in 0 and 1...
CCC graph, the number of edges: 194542
device: cuda:0
Start remove batch effect, the default batch annotation in adata.obs["Sample"] ...
cell embedding generated!
Do not remove batch effect ...
gene embedding generated!
build graph pyg
edge index:  torch.Size([2, 6765860])
node feature:  torch.Size([35194, 12])
build graph pyg without edge weights ... 
Pyg graph: Data(x=[35194, 12], edge_index=[2, 13337178], y=[35194])
graph.is_directed(): False
graph nx and pyg saved!
Epoch 000, Loss: 34.3467
Epoch 001, Loss: 34.3121
Epoch 002, Loss: 34.3190
Epoch 003, Loss: 34.2647
Epoch 004, Loss: 34.2589
Epoch 005, Loss: 34.2714
Epoch 006, Loss: 34.1866
Epoch 007, Loss: 34.1210
Epoch 008, Loss: 34.0308
Epoch 009, Loss: 33.8160
Epoch 010, Loss: 33.5434
Epoch 011, Loss: 33.5305
Epoch 012, Loss: 33.0449
Epoch 013, Loss: 33.0537
Epoch 014, Loss: 32.4725
Epoch 015, Loss: 31.6106
Epoch 016, Loss: 30.5340
Epoch 017, Loss: 30.5657
Epoch 018, Loss: 29.4449
Epoch 019, Loss: 28.0159
Epoch 020, Loss: 27.0428
Epoch 021, Loss: 25.8543
Epoch 022, Loss: 25.6182
Epoch 023, Loss: 25.1230
Epoch 024, Loss: 24.7116
Epoch 025, Loss: 24.4594
Epoch 026, Loss: 24.3189
Epoch 027, Loss: 24.2343
Epoch 028, Loss: 23.9921
Epoch 029, Loss: 23.7368
GAT model saved! /dfs3b/ruic20_lab/junw42/HCA_ON/data/5_refine_major/scvi/Fibroblast/clean/deepsas//outputs/outputs/subsample_0/subsample_0_GAT.pt
2026-03-05 18:05:41.827503: Contrastive learning Epoch: 000
generate_ct_specific_scores ...
extract_cell_indexs ... 
snc in different cell types:  Counter({'Fibro_dura_KCNMA1+': 523, 'Fibro_intima_pia': 493, 'Fibro_dura_NOX4+': 314, 'Fibro_dura_boarder_SLC47A1+': 294, 'Fibro_arachnoid_TRPM3+': 205, 'Fibro_arachnoid_CLDN11+': 162, 'Fibro_arachnoid_barrier_STXBP6+': 150, 'Fibro_RPEchoroid_BMP5+': 70, 'Fibro_epipial': 70, 'Fibro_x': 54, 'Fibro_arachnoid_trabeculae_HMCN1+': 45})
36.124420166015625
77.56729125976562
23.11433219909668
67.74333190917969
20.903629302978516
18.52033805847168
34.36180114746094
25.466585159301758
24.355253219604492
15.426313400268555
30.5693416595459
34.890045166015625
34.78729248046875
32.59123229980469
28.27120590209961
20.3354549407959
20.993032455444336
25.27320098876953
18.187650680541992
20.0944881439209
24.07353401184082
24.014217376708984
21.183326721191406
15.377521514892578
20.92917823791504
24.046974182128906
18.388710021972656
18.707265853881836
22.189167022705078
20.943382263183594
16.101810455322266
17.887678146362305
19.83028793334961
15.538773536682129
17.673416137695312
20.63085174560547
20.409576416015625
17.432653427124023
13.937758445739746
15.692671775817871
12.893942832946777
16.91288185119629
18.07895278930664
16.526351928710938
12.687787055969238
14.23556900024414
12.59070873260498
12.782537460327148
13.798535346984863
12.481523513793945
current lr: 0.0085
identify_sengene_v1 ... 
sengene cover: 0.9658703071672355
2026-03-05 18:23:13.495067: Contrastive learning Epoch: 001
generate_ct_specific_scores ...
extract_cell_indexs ... 
snc in different cell types:  Counter({'Fibro_dura_KCNMA1+': 523, 'Fibro_intima_pia': 492, 'Fibro_dura_NOX4+': 314, 'Fibro_dura_boarder_SLC47A1+': 294, 'Fibro_arachnoid_TRPM3+': 204, 'Fibro_arachnoid_CLDN11+': 162, 'Fibro_arachnoid_barrier_STXBP6+': 149, 'Fibro_RPEchoroid_BMP5+': 70, 'Fibro_epipial': 70, 'Fibro_x': 54, 'Fibro_arachnoid_trabeculae_HMCN1+': 45})
sencell cover: 1.0
41.2771110534668
41.23531723022461
41.18254852294922
41.11689758300781
41.03849411010742
40.948768615722656
40.84996795654297
40.744930267333984
40.637290954589844
40.52846908569336
40.42007064819336
40.31313705444336
40.20748519897461
40.10279846191406
39.998268127441406
39.893470764160156
39.787689208984375
39.68095397949219
39.572410583496094
39.46212387084961
39.35041809082031
39.23768997192383
39.12445831298828
39.011295318603516
38.898624420166016
38.78659439086914
38.67631912231445
38.565799713134766
38.45493698120117
38.344398498535156
38.23387145996094
38.123146057128906
38.012237548828125
37.90117263793945
37.789634704589844
37.67737579345703
37.564632415771484
37.45185852050781
37.338172912597656
37.22395706176758
37.109580993652344
36.995079040527344
36.88035202026367
36.76549530029297
36.650367736816406
36.53476333618164
36.41868591308594
36.30219650268555
36.1850700378418
36.06721115112305
current lr: 0.0072250000000000005
identify_sengene_v1 ... 
sengene cover: 0.9860627177700348
2026-03-05 18:40:47.412374: Contrastive learning Epoch: 002
generate_ct_specific_scores ...
no sengene in this cell!
no sengene in this cell!
no sengene in this cell!
extract_cell_indexs ... 
snc in different cell types:  Counter({'Fibro_dura_KCNMA1+': 596, 'Fibro_intima_pia': 517, 'Fibro_dura_NOX4+': 314, 'Fibro_dura_boarder_SLC47A1+': 311, 'Fibro_arachnoid_TRPM3+': 203, 'Fibro_arachnoid_CLDN11+': 159, 'Fibro_arachnoid_barrier_STXBP6+': 158, 'Fibro_RPEchoroid_BMP5+': 81, 'Fibro_epipial': 62, 'Fibro_x': 59, 'Fibro_arachnoid_trabeculae_HMCN1+': 53})
sencell cover: 0.875049741345006
40.26293182373047
39.87716293334961
39.270111083984375
38.54511260986328
37.794559478759766
37.097068786621094
36.52961349487305
36.1306037902832
35.906070709228516
35.80094909667969
35.75754928588867
35.74299240112305
35.68669128417969
35.54891586303711
35.322731018066406
35.040428161621094
34.74971389770508
34.489097595214844
34.276790618896484
34.11286163330078
33.996543884277344
33.91704177856445
33.85982131958008
33.81111526489258
33.760887145996094
33.70039367675781
33.62540054321289
33.534584045410156
33.4292106628418
33.3127555847168
33.189697265625
33.064266204833984
32.93921661376953
32.815860748291016
32.69725799560547
32.58427429199219
32.47588348388672
32.37229537963867
32.272979736328125
32.17591094970703
32.079498291015625
31.983339309692383
31.88667106628418
31.788942337036133
31.689393997192383
31.58770179748535
31.483779907226562
31.377824783325195
31.26970672607422
31.159942626953125
current lr: 0.00614125
identify_sengene_v1 ... 
sengene cover: 0.9787234042553191
2026-03-05 18:58:39.237589: Contrastive learning Epoch: 003
generate_ct_specific_scores ...
no sengene in this cell!
no sengene in this cell!
no sengene in this cell!
extract_cell_indexs ... 
snc in different cell types:  Counter({'Fibro_dura_KCNMA1+': 603, 'Fibro_intima_pia': 519, 'Fibro_dura_NOX4+': 314, 'Fibro_dura_boarder_SLC47A1+': 310, 'Fibro_arachnoid_TRPM3+': 206, 'Fibro_arachnoid_CLDN11+': 154, 'Fibro_arachnoid_barrier_STXBP6+': 154, 'Fibro_RPEchoroid_BMP5+': 80, 'Fibro_x': 60, 'Fibro_epipial': 60, 'Fibro_arachnoid_trabeculae_HMCN1+': 53})
sencell cover: 0.9856744926382809
34.62718963623047
34.530887603759766
34.38793182373047
34.202301025390625
33.97637176513672
33.713478088378906
33.41160583496094
33.067626953125
32.6851806640625
32.30194854736328
31.932735443115234
31.600370407104492
31.332902908325195
31.151578903198242
31.042604446411133
30.991565704345703
30.974180221557617
30.966365814208984
30.948013305664062
30.895374298095703
30.800256729125977
30.69334602355957
30.57683563232422
30.464447021484375
30.357372283935547
30.266714096069336
30.20574951171875
30.167816162109375
30.11715316772461
30.039554595947266
29.936519622802734
29.83475112915039
29.74410057067871
29.662429809570312
29.59001350402832
29.519943237304688
29.44728660583496
29.37158966064453
29.29288673400879
29.21135902404785
29.12776756286621
29.043170928955078
28.958864212036133
28.875564575195312
28.793506622314453
28.71240234375
28.631860733032227
28.5510311126709
28.469797134399414
28.387531280517578
current lr: 0.0052200625
identify_sengene_v1 ... 
sengene cover: 0.9675090252707581
2026-03-05 19:16:16.779130: Contrastive learning Epoch: 004
generate_ct_specific_scores ...
no sengene in this cell!
no sengene in this cell!
no sengene in this cell!
extract_cell_indexs ... 
snc in different cell types:  Counter({'Fibro_dura_KCNMA1+': 610, 'Fibro_intima_pia': 553, 'Fibro_dura_boarder_SLC47A1+': 323, 'Fibro_dura_NOX4+': 316, 'Fibro_arachnoid_TRPM3+': 213, 'Fibro_arachnoid_barrier_STXBP6+': 168, 'Fibro_arachnoid_CLDN11+': 158, 'Fibro_RPEchoroid_BMP5+': 79, 'Fibro_epipial': 67, 'Fibro_x': 66, 'Fibro_arachnoid_trabeculae_HMCN1+': 61})
sencell cover: 0.9185156847742922
29.71428108215332
29.528011322021484
29.092300415039062
28.454465866088867
28.737632751464844
28.817169189453125
28.581768035888672
28.202983856201172
28.064319610595703
28.124826431274414
28.177881240844727
27.987689971923828
27.781217575073242
27.70892333984375
27.730497360229492
27.713796615600586
27.612010955810547
27.448366165161133
27.329378128051758
27.299331665039062
27.3006649017334
27.189105987548828
27.05773162841797
26.98847770690918
26.96767807006836
26.907604217529297
26.788644790649414
26.698963165283203
26.657358169555664
26.60548973083496
26.51337242126465
26.408287048339844
26.3670597076416
26.309947967529297
26.190006256103516
26.143020629882812
26.09136199951172
25.97195816040039
25.934837341308594
25.84961700439453
25.761343002319336
25.707046508789062
25.602294921875
25.539043426513672
25.47467803955078
25.368669509887695
25.395427703857422
25.2318115234375
25.15340805053711
25.191890716552734
current lr: 0.004437053125
identify_sengene_v1 ... 
sengene cover: 0.977859778597786
Processing file: /dfs3b/ruic20_lab/junw42/HCA_ON/data/5_refine_major/scvi/Fibroblast/clean/deepsas/subsamples//subsample_0.h5ad with experiment name: subsample_0
{'input_data_count': '/dfs3b/ruic20_lab/junw42/HCA_ON/data/5_refine_major/scvi/Fibroblast/clean/deepsas/subsamples//subsample_1.h5ad', 'output_dir': '/dfs3b/ruic20_lab/junw42/HCA_ON/data/5_refine_major/scvi/Fibroblast/clean/deepsas//outputs', 'exp_name': 'subsample_1', 'device_index': 0, 'retrain': True, 'timestamp': '', 'seed': 40, 'n_genes': '5000', 'ccc': 'type1', 'gene_set': 'full', 'emb_size': 12, 'gat_epoch': 30, 'sencell_num': 600, 'sengene_num': 200, 'sencell_epoch': 40, 'cell_optim_epoch': 50, 'learning_rate': 0.01, 'batch_id': 0}
Outputs dir: /dfs3b/ruic20_lab/junw42/HCA_ON/data/5_refine_major/scvi/Fibroblast/clean/deepsas//outputs/outputs/subsample_1
load_data1 ...
Number of cells: 29999
Number of genes: 25884
The number of cell types 11
celltype names: ['Fibro_intima_pia', 'Fibro_dura_boarder_SLC47A1+', 'Fibro_arachnoid_CLDN11+', 'Fibro_dura_KCNMA1+', 'Fibro_arachnoid_TRPM3+', 'Fibro_arachnoid_barrier_STXBP6+', 'Fibro_RPEchoroid_BMP5+', 'Fibro_dura_NOX4+', 'Fibro_epipial', 'Fibro_arachnoid_trabeculae_HMCN1+', 'Fibro_x']
---------------------------------  ----
Fibro_intima_pia                   6331
Fibro_dura_boarder_SLC47A1+        5049
Fibro_arachnoid_CLDN11+            3368
Fibro_dura_KCNMA1+                 3358
Fibro_arachnoid_TRPM3+             2774
Fibro_arachnoid_barrier_STXBP6+    2683
Fibro_RPEchoroid_BMP5+             2060
Fibro_dura_NOX4+                   1884
Fibro_epipial                      1103
Fibro_arachnoid_trabeculae_HMCN1+   818
Fibro_x                             571
---------------------------------  ----
The number of genes in marker list：
  SenMayo    FRIDMAN    CellAge    Cell Cycle Markers
---------  ---------  ---------  --------------------
      125         77        144                    11
Total marker genes:  320
use 5000 highly genes!
Highly genes num:  5000
After genes dropped duplicated sengenes:  4901
Total gene num: 5189
cell num: 29999, gene num: 5189
Cell-gene graph, the number of edges: 6590415
add cell-cell edges with weights in 0 and 1...
CCC graph, the number of edges: 208568
device: cuda:0
Start remove batch effect, the default batch annotation in adata.obs["Sample"] ...
cell embedding generated!
Do not remove batch effect ...
gene embedding generated!
build graph pyg
edge index:  torch.Size([2, 6798983])
node feature:  torch.Size([35188, 12])
build graph pyg without edge weights ... 
Pyg graph: Data(x=[35188, 12], edge_index=[2, 13389398], y=[35188])
graph.is_directed(): False
graph nx and pyg saved!
Epoch 000, Loss: 31.8279
Epoch 001, Loss: 31.8960
Epoch 002, Loss: 31.7034
Epoch 003, Loss: 31.8855
Epoch 004, Loss: 31.9100
Epoch 005, Loss: 29.5687
Epoch 006, Loss: 27.1626
Epoch 007, Loss: 25.0537
Epoch 008, Loss: 22.7211
Epoch 009, Loss: 21.0206
Epoch 010, Loss: 19.7318
Epoch 011, Loss: 18.2694
Epoch 012, Loss: 17.3496
Epoch 013, Loss: 16.3621
Epoch 014, Loss: 16.0519
Epoch 015, Loss: 15.5175
Epoch 016, Loss: 15.3816
Epoch 017, Loss: 15.4730
Epoch 018, Loss: 15.3361
Epoch 019, Loss: 15.3143
Epoch 020, Loss: 15.1302
Epoch 021, Loss: 14.9083
Epoch 022, Loss: 15.0527
Epoch 023, Loss: 14.5286
Epoch 024, Loss: 14.3201
Epoch 025, Loss: 13.9440
Epoch 026, Loss: 14.2020
Epoch 027, Loss: 13.6172
Epoch 028, Loss: 13.5879
Epoch 029, Loss: 13.2465
GAT model saved! /dfs3b/ruic20_lab/junw42/HCA_ON/data/5_refine_major/scvi/Fibroblast/clean/deepsas//outputs/outputs/subsample_1/subsample_1_GAT.pt
2026-03-05 19:44:25.098197: Contrastive learning Epoch: 000
generate_ct_specific_scores ...
extract_cell_indexs ... 
snc in different cell types:  Counter({'Fibro_intima_pia': 345, 'Fibro_dura_boarder_SLC47A1+': 295, 'Fibro_arachnoid_CLDN11+': 196, 'Fibro_arachnoid_TRPM3+': 169, 'Fibro_arachnoid_barrier_STXBP6+': 161, 'Fibro_dura_KCNMA1+': 158, 'Fibro_RPEchoroid_BMP5+': 119, 'Fibro_dura_NOX4+': 110, 'Fibro_epipial': 68, 'Fibro_arachnoid_trabeculae_HMCN1+': 50, 'Fibro_x': 22})
45.84208679199219
47.99977493286133
43.876991271972656
43.872337341308594
43.60026931762695
43.50361251831055
43.376773834228516
43.26992416381836
43.12078094482422
42.9935188293457
42.83890914916992
42.70661163330078
42.610382080078125
42.478328704833984
42.37895584106445
42.23285675048828
42.14115524291992
42.004398345947266
41.89588165283203
41.77103042602539
41.64042663574219
41.536678314208984
41.400516510009766
41.27598190307617
41.15153121948242
41.01308059692383
40.88663101196289
40.739013671875
40.61211013793945
40.46796417236328
40.31426239013672
40.19404220581055
40.078609466552734
39.947872161865234
39.80921936035156
39.67784881591797
39.5180778503418
39.39332962036133
39.30830001831055
39.10026931762695
38.9698600769043
38.82851028442383
38.74022674560547
38.52882385253906
38.494571685791016
38.39519119262695
38.10124206542969
38.074317932128906
37.89011001586914
37.66883850097656
current lr: 0.0085
identify_sengene_v1 ... 
sengene cover: 0.9652777777777778
2026-03-05 20:00:43.345797: Contrastive learning Epoch: 001
generate_ct_specific_scores ...
no sengene in this cell!
extract_cell_indexs ... 
snc in different cell types:  Counter({'Fibro_intima_pia': 378, 'Fibro_dura_boarder_SLC47A1+': 312, 'Fibro_arachnoid_CLDN11+': 204, 'Fibro_dura_KCNMA1+': 179, 'Fibro_arachnoid_barrier_STXBP6+': 175, 'Fibro_arachnoid_TRPM3+': 170, 'Fibro_RPEchoroid_BMP5+': 127, 'Fibro_dura_NOX4+': 115, 'Fibro_epipial': 72, 'Fibro_arachnoid_trabeculae_HMCN1+': 52, 'Fibro_x': 28})
sencell cover: 0.8405077262693157
77.38198852539062
50.40839385986328
35.59428787231445
38.719024658203125
39.309410095214844
38.72560119628906
37.210670471191406
35.65855407714844
34.6237907409668
34.014007568359375
33.496360778808594
34.13067626953125
33.29399490356445
32.72032928466797
32.73500442504883
32.69355010986328
32.56514358520508
32.24000549316406
31.66916275024414
30.95594596862793
30.658479690551758
30.514312744140625
29.874818801879883
29.894487380981445
29.523574829101562
28.94942855834961
29.079795837402344
28.425376892089844
28.789142608642578
28.06508445739746
28.259902954101562
28.09685707092285
27.573486328125
27.75368881225586
27.316444396972656
27.358352661132812
27.05109405517578
26.9862117767334
26.629167556762695
26.450653076171875
25.940587997436523
26.097515106201172
26.210693359375
25.975351333618164
25.57130241394043
25.536483764648438
25.5590763092041
25.50493621826172
25.375593185424805
25.193836212158203
current lr: 0.0072250000000000005
identify_sengene_v1 ... 
sengene cover: 0.972027972027972
2026-03-05 20:17:11.485796: Contrastive learning Epoch: 002
generate_ct_specific_scores ...
no sengene in this cell!
extract_cell_indexs ... 
snc in different cell types:  Counter({'Fibro_intima_pia': 359, 'Fibro_dura_boarder_SLC47A1+': 302, 'Fibro_arachnoid_CLDN11+': 200, 'Fibro_dura_KCNMA1+': 198, 'Fibro_arachnoid_barrier_STXBP6+': 186, 'Fibro_arachnoid_TRPM3+': 174, 'Fibro_RPEchoroid_BMP5+': 136, 'Fibro_dura_NOX4+': 114, 'Fibro_epipial': 70, 'Fibro_arachnoid_trabeculae_HMCN1+': 54, 'Fibro_x': 31})
sencell cover: 0.9226973684210527
41.534156799316406
40.784202575683594
39.24654769897461
36.74726867675781
33.36842346191406
30.432308197021484
28.677127838134766
29.169607162475586
32.12308883666992
28.615314483642578
28.05242919921875
28.52065658569336
28.7783145904541
29.065732955932617
28.884389877319336
28.51662826538086
27.946271896362305
27.19744110107422
26.37213706970215
25.796669006347656
25.743309020996094
25.385387420654297
25.200517654418945
24.886520385742188
24.76401710510254
24.224700927734375
24.134967803955078
23.62302589416504
22.99563217163086
23.799346923828125
27.42567253112793
26.388784408569336
27.970195770263672
27.2207088470459
25.056411743164062
22.536602020263672
25.475997924804688
23.84666633605957
22.631977081298828
23.827993392944336
24.183059692382812
23.483415603637695
22.2141170501709
22.60309600830078
23.077362060546875
21.729434967041016
22.073299407958984
22.422033309936523
21.648361206054688
21.44105339050293
current lr: 0.00614125
identify_sengene_v1 ... 
sengene cover: 0.975177304964539
2026-03-05 20:33:48.592598: Contrastive learning Epoch: 003
generate_ct_specific_scores ...
no sengene in this cell!
extract_cell_indexs ... 
snc in different cell types:  Counter({'Fibro_intima_pia': 387, 'Fibro_dura_boarder_SLC47A1+': 312, 'Fibro_arachnoid_barrier_STXBP6+': 197, 'Fibro_arachnoid_CLDN11+': 193, 'Fibro_dura_KCNMA1+': 191, 'Fibro_arachnoid_TRPM3+': 179, 'Fibro_RPEchoroid_BMP5+': 130, 'Fibro_dura_NOX4+': 116, 'Fibro_epipial': 71, 'Fibro_arachnoid_trabeculae_HMCN1+': 50, 'Fibro_x': 30})
sencell cover: 0.9170258620689655
32.97318649291992
27.36208152770996
21.787569046020508
29.523509979248047
26.11892318725586
21.816946029663086
23.891115188598633
25.001253128051758
25.04996681213379
24.298215866088867
22.88829803466797
21.384641647338867
21.608734130859375
22.731834411621094
22.423152923583984
21.32793617248535
21.243743896484375
21.764631271362305
21.86765480041504
21.398683547973633
20.822874069213867
20.67367172241211
20.690786361694336
20.690174102783203
20.58251190185547
20.554096221923828
20.478439331054688
20.32870864868164
20.138139724731445
20.038570404052734
19.84896469116211
19.852832794189453
19.827821731567383
19.621458053588867
19.51184844970703
19.520137786865234
19.438980102539062
19.392427444458008
19.346059799194336
19.209814071655273
19.135461807250977
19.047433853149414
18.953453063964844
18.86416244506836
18.781539916992188
18.70117950439453
18.62425422668457
18.5472412109375
18.465309143066406
18.38218879699707
current lr: 0.0052200625
identify_sengene_v1 ... 
sengene cover: 0.9927007299270073
2026-03-05 20:50:24.594555: Contrastive learning Epoch: 004
generate_ct_specific_scores ...
no sengene in this cell!
no sengene in this cell!
no sengene in this cell!
extract_cell_indexs ... 
snc in different cell types:  Counter({'Fibro_intima_pia': 388, 'Fibro_dura_boarder_SLC47A1+': 311, 'Fibro_arachnoid_CLDN11+': 198, 'Fibro_arachnoid_barrier_STXBP6+': 198, 'Fibro_dura_KCNMA1+': 195, 'Fibro_arachnoid_TRPM3+': 179, 'Fibro_RPEchoroid_BMP5+': 138, 'Fibro_dura_NOX4+': 113, 'Fibro_epipial': 64, 'Fibro_arachnoid_trabeculae_HMCN1+': 53, 'Fibro_x': 27})
sencell cover: 0.9490343347639485
35.11333465576172
34.73504638671875
34.14411544799805
33.07720947265625
31.608871459960938
31.21432113647461
32.57619857788086
33.38267517089844
32.88336181640625
31.611377716064453
30.651119232177734
30.0166072845459
29.861412048339844
30.564428329467773
30.51485824584961
29.938684463500977
28.76706886291504
27.354421615600586
27.564393997192383
27.278390884399414
25.88971710205078
25.657033920288086
24.6749267578125
25.013565063476562
31.30898666381836
30.502349853515625
30.533740997314453
30.320268630981445
30.241840362548828
30.038715362548828
29.748981475830078
29.467952728271484
29.161375045776367
28.878372192382812
28.63672637939453
28.408233642578125
28.217533111572266
28.041486740112305
27.88226890563965
27.660287857055664
27.49987030029297
27.32805824279785
27.080474853515625
26.818302154541016
26.518375396728516
26.261892318725586
26.070842742919922
25.88142204284668
25.747961044311523
25.56989860534668
current lr: 0.004437053125
identify_sengene_v1 ... 
sengene cover: 0.9850746268656716
Processing file: /dfs3b/ruic20_lab/junw42/HCA_ON/data/5_refine_major/scvi/Fibroblast/clean/deepsas/subsamples//subsample_1.h5ad with experiment name: subsample_1
{'input_data_count': '/dfs3b/ruic20_lab/junw42/HCA_ON/data/5_refine_major/scvi/Fibroblast/clean/deepsas/subsamples//subsample_2.h5ad', 'output_dir': '/dfs3b/ruic20_lab/junw42/HCA_ON/data/5_refine_major/scvi/Fibroblast/clean/deepsas//outputs', 'exp_name': 'subsample_2', 'device_index': 0, 'retrain': True, 'timestamp': '', 'seed': 40, 'n_genes': '5000', 'ccc': 'type1', 'gene_set': 'full', 'emb_size': 12, 'gat_epoch': 30, 'sencell_num': 600, 'sengene_num': 200, 'sencell_epoch': 40, 'cell_optim_epoch': 50, 'learning_rate': 0.01, 'batch_id': 0}
Outputs dir: /dfs3b/ruic20_lab/junw42/HCA_ON/data/5_refine_major/scvi/Fibroblast/clean/deepsas//outputs/outputs/subsample_2
load_data1 ...
Number of cells: 30000
Number of genes: 25855
The number of cell types 11
celltype names: ['Fibro_intima_pia', 'Fibro_dura_boarder_SLC47A1+', 'Fibro_arachnoid_CLDN11+', 'Fibro_dura_KCNMA1+', 'Fibro_arachnoid_TRPM3+', 'Fibro_arachnoid_barrier_STXBP6+', 'Fibro_RPEchoroid_BMP5+', 'Fibro_dura_NOX4+', 'Fibro_epipial', 'Fibro_arachnoid_trabeculae_HMCN1+', 'Fibro_x']
---------------------------------  ----
Fibro_intima_pia                   6332
Fibro_dura_boarder_SLC47A1+        5050
Fibro_arachnoid_CLDN11+            3367
Fibro_dura_KCNMA1+                 3358
Fibro_arachnoid_TRPM3+             2773
Fibro_arachnoid_barrier_STXBP6+    2683
Fibro_RPEchoroid_BMP5+             2060
Fibro_dura_NOX4+                   1884
Fibro_epipial                      1104
Fibro_arachnoid_trabeculae_HMCN1+   818
Fibro_x                             571
---------------------------------  ----
The number of genes in marker list：
  SenMayo    FRIDMAN    CellAge    Cell Cycle Markers
---------  ---------  ---------  --------------------
      125         77        144                    11
Total marker genes:  320
use 5000 highly genes!
Highly genes num:  5000
After genes dropped duplicated sengenes:  4895
Total gene num: 5188
cell num: 30000, gene num: 5188
Cell-gene graph, the number of edges: 6618829
add cell-cell edges with weights in 0 and 1...
CCC graph, the number of edges: 255408
device: cuda:0
Start remove batch effect, the default batch annotation in adata.obs["Sample"] ...
cell embedding generated!
Do not remove batch effect ...
gene embedding generated!
build graph pyg
edge index:  torch.Size([2, 6874237])
node feature:  torch.Size([35188, 12])
build graph pyg without edge weights ... 
Pyg graph: Data(x=[35188, 12], edge_index=[2, 13493066], y=[35188])
graph.is_directed(): False
graph nx and pyg saved!
Epoch 000, Loss: 27.1082
Epoch 001, Loss: 27.2642
Epoch 002, Loss: 27.2377
Epoch 003, Loss: 27.4409
Epoch 004, Loss: 27.0914
Epoch 005, Loss: 24.4117
Epoch 006, Loss: 22.0987
Epoch 007, Loss: 20.6669
Epoch 008, Loss: 19.8692
Epoch 009, Loss: 18.9476
Epoch 010, Loss: 18.4696
Epoch 011, Loss: 17.8964
Epoch 012, Loss: 17.3548
Epoch 013, Loss: 17.0941
Epoch 014, Loss: 16.7756
Epoch 015, Loss: 16.5755
Epoch 016, Loss: 16.1714
Epoch 017, Loss: 15.6293
Epoch 018, Loss: 15.6264
Epoch 019, Loss: 15.5399
Epoch 020, Loss: 15.2497
Epoch 021, Loss: 15.0157
Epoch 022, Loss: 14.7296
Epoch 023, Loss: 14.5053
Epoch 024, Loss: 14.7442
Epoch 025, Loss: 14.5118
Epoch 026, Loss: 14.2123
Epoch 027, Loss: 14.0366
Epoch 028, Loss: 14.0654
Epoch 029, Loss: 14.1430
GAT model saved! /dfs3b/ruic20_lab/junw42/HCA_ON/data/5_refine_major/scvi/Fibroblast/clean/deepsas//outputs/outputs/subsample_2/subsample_2_GAT.pt
2026-03-05 21:17:39.004397: Contrastive learning Epoch: 000
generate_ct_specific_scores ...
extract_cell_indexs ... 
snc in different cell types:  Counter({'Fibro_intima_pia': 385, 'Fibro_dura_boarder_SLC47A1+': 301, 'Fibro_arachnoid_CLDN11+': 202, 'Fibro_dura_KCNMA1+': 195, 'Fibro_arachnoid_TRPM3+': 179, 'Fibro_arachnoid_barrier_STXBP6+': 178, 'Fibro_RPEchoroid_BMP5+': 132, 'Fibro_dura_NOX4+': 118, 'Fibro_epipial': 56, 'Fibro_arachnoid_trabeculae_HMCN1+': 34, 'Fibro_x': 34})
45.96913528442383
48.4559326171875
44.24918746948242
43.81417465209961
43.588565826416016
43.483787536621094
43.374229431152344
43.267642974853516
43.153282165527344
43.04106140136719
42.92886734008789
42.81403732299805
42.69893264770508
42.57899475097656
42.45950698852539
42.33305358886719
42.19847106933594
42.054630279541016
41.89569854736328
41.744659423828125
41.60946273803711
41.47835922241211
41.42094039916992
41.37556076049805
41.1978645324707
41.0408935546875
40.86042022705078
40.7738151550293
40.65833282470703
40.55499267578125
40.411643981933594
40.27406692504883
40.13542175292969
39.985164642333984
39.854366302490234
39.82269287109375
39.560916900634766
39.598941802978516
39.34880065917969
39.21872329711914
39.104557037353516
38.88255310058594
38.77507400512695
38.6075553894043
38.478248596191406
38.35932540893555
38.20330810546875
38.08915328979492
37.9511604309082
37.73601531982422
current lr: 0.0085
identify_sengene_v1 ... 
sengene cover: 0.9691780821917808
2026-03-05 21:33:41.273230: Contrastive learning Epoch: 001
generate_ct_specific_scores ...
no sengene in this cell!
extract_cell_indexs ... 
snc in different cell types:  Counter({'Fibro_intima_pia': 399, 'Fibro_dura_boarder_SLC47A1+': 303, 'Fibro_arachnoid_CLDN11+': 234, 'Fibro_dura_KCNMA1+': 211, 'Fibro_arachnoid_barrier_STXBP6+': 188, 'Fibro_arachnoid_TRPM3+': 183, 'Fibro_RPEchoroid_BMP5+': 131, 'Fibro_dura_NOX4+': 128, 'Fibro_epipial': 54, 'Fibro_arachnoid_trabeculae_HMCN1+': 39, 'Fibro_x': 33})
sencell cover: 0.859695218076721
34.03229522705078
33.304996490478516
40.55185317993164
34.735084533691406
32.90706253051758
35.74654006958008
33.97893524169922
36.61257553100586
36.69989013671875
34.92140579223633
33.2017707824707
32.3984260559082
34.671539306640625
32.027034759521484
32.57085418701172
32.99469757080078
33.06998062133789
32.67186737060547
31.899913787841797
31.086990356445312
31.560592651367188
31.379682540893555
30.577003479003906
30.70334815979004
30.82572364807129
30.52197265625
29.98094940185547
29.988727569580078
29.986867904663086
29.526260375976562
29.527584075927734
29.47231101989746
29.172826766967773
29.08164405822754
29.0782527923584
28.8216552734375
28.772733688354492
28.742311477661133
28.511611938476562
28.487245559692383
28.383302688598633
28.223278045654297
28.204463958740234
28.09579086303711
27.95496368408203
27.923845291137695
27.80980110168457
27.69915199279785
27.65679931640625
27.54389190673828
current lr: 0.0072250000000000005
identify_sengene_v1 ... 
sengene cover: 0.9690721649484536
2026-03-05 21:50:02.121079: Contrastive learning Epoch: 002
generate_ct_specific_scores ...
no sengene in this cell!
extract_cell_indexs ... 
snc in different cell types:  Counter({'Fibro_intima_pia': 414, 'Fibro_dura_boarder_SLC47A1+': 308, 'Fibro_arachnoid_CLDN11+': 237, 'Fibro_dura_KCNMA1+': 214, 'Fibro_arachnoid_barrier_STXBP6+': 195, 'Fibro_arachnoid_TRPM3+': 180, 'Fibro_dura_NOX4+': 132, 'Fibro_RPEchoroid_BMP5+': 131, 'Fibro_epipial': 64, 'Fibro_arachnoid_trabeculae_HMCN1+': 42, 'Fibro_x': 37})
sencell cover: 0.9329580348004094
42.21347427368164
41.99796676635742
41.582637786865234
40.92987060546875
39.99231719970703
38.65663528442383
36.644554138183594
33.842628479003906
31.325889587402344
30.388917922973633
33.151309967041016
31.163515090942383
30.3270263671875
32.31137466430664
30.913875579833984
30.066694259643555
29.64484405517578
29.482885360717773
29.52061653137207
29.639619827270508
29.504981994628906
29.271821975708008
29.154041290283203
29.082698822021484
29.01209259033203
28.921049118041992
28.78559112548828
28.613651275634766
28.454450607299805
28.26909637451172
28.051116943359375
27.91579818725586
27.780380249023438
27.613920211791992
27.448301315307617
27.305599212646484
27.113788604736328
26.90248680114746
26.729482650756836
26.502500534057617
26.36669158935547
26.1656494140625
25.93939208984375
25.920747756958008
26.299814224243164
25.823766708374023
25.762723922729492
25.361499786376953
25.39576530456543
24.999263763427734
current lr: 0.00614125
identify_sengene_v1 ... 
sengene cover: 0.972318339100346
2026-03-05 22:06:28.487038: Contrastive learning Epoch: 003
generate_ct_specific_scores ...
no sengene in this cell!
no sengene in this cell!
extract_cell_indexs ... 
snc in different cell types:  Counter({'Fibro_intima_pia': 408, 'Fibro_dura_boarder_SLC47A1+': 311, 'Fibro_arachnoid_CLDN11+': 239, 'Fibro_dura_KCNMA1+': 220, 'Fibro_arachnoid_barrier_STXBP6+': 192, 'Fibro_arachnoid_TRPM3+': 182, 'Fibro_RPEchoroid_BMP5+': 133, 'Fibro_dura_NOX4+': 126, 'Fibro_epipial': 76, 'Fibro_arachnoid_trabeculae_HMCN1+': 41, 'Fibro_x': 37})
sencell cover: 0.944529262086514
38.929325103759766
39.78261947631836
39.83400344848633
39.73161315917969
39.59056091308594
39.4124755859375
39.143951416015625
37.95903778076172
38.929744720458984
38.74607849121094
38.516849517822266
38.27473449707031
38.02349853515625
37.76286315917969
37.49568176269531
37.22166442871094
36.94340133666992
36.66060256958008
36.37476348876953
36.08522033691406
35.79384994506836
35.499977111816406
35.20527267456055
34.90848922729492
34.61151123046875
34.313262939453125
34.01483917236328
33.71635818481445
33.417049407958984
33.11845779418945
32.8192253112793
32.52089309692383
32.22203826904297
31.924556732177734
31.626953125
31.330568313598633
31.03423309326172
30.739023208618164
30.444507598876953
30.150236129760742
29.857345581054688
29.56441879272461
29.27300453186035
28.98155975341797
28.691638946533203
28.401737213134766
28.11362648010254
27.8255615234375
27.539024353027344
27.252565383911133
current lr: 0.0052200625
identify_sengene_v1 ... 
sengene cover: 0.9928825622775801
2026-03-05 22:22:51.938482: Contrastive learning Epoch: 004
generate_ct_specific_scores ...
no sengene in this cell!
no sengene in this cell!
extract_cell_indexs ... 
snc in different cell types:  Counter({'Fibro_intima_pia': 413, 'Fibro_dura_boarder_SLC47A1+': 307, 'Fibro_arachnoid_CLDN11+': 237, 'Fibro_dura_KCNMA1+': 217, 'Fibro_arachnoid_barrier_STXBP6+': 197, 'Fibro_arachnoid_TRPM3+': 184, 'Fibro_RPEchoroid_BMP5+': 132, 'Fibro_dura_NOX4+': 124, 'Fibro_epipial': 71, 'Fibro_arachnoid_trabeculae_HMCN1+': 38, 'Fibro_x': 37})
sencell cover: 0.970873786407767
26.965213775634766
26.7730712890625
26.694992065429688
26.747314453125
26.80054473876953
26.824630737304688
26.82145118713379
26.795080184936523
26.746971130371094
26.680593490600586
26.596721649169922
26.498214721679688
26.385906219482422
26.261625289916992
26.12680435180664
25.981889724731445
25.89419937133789
25.824674606323242
25.739524841308594
25.714773178100586
25.699251174926758
25.661548614501953
25.605131149291992
25.531017303466797
25.442073822021484
25.338769912719727
25.270864486694336
25.211544036865234
25.135915756225586
25.045360565185547
25.01696014404297
24.972875595092773
24.910551071166992
24.83230972290039
24.78765296936035
24.73779296875
24.67006492614746
24.58740234375
24.490297317504883
24.44597625732422
24.387958526611328
24.3511962890625
24.31167984008789
24.254535675048828
24.18061637878418
24.09264373779297
23.991186141967773
23.939956665039062
23.912826538085938
23.86701774597168
current lr: 0.004437053125
identify_sengene_v1 ... 
sengene cover: 0.9926739926739927
Processing file: /dfs3b/ruic20_lab/junw42/HCA_ON/data/5_refine_major/scvi/Fibroblast/clean/deepsas/subsamples//subsample_2.h5ad with experiment name: subsample_2
{'input_data_count': '/dfs3b/ruic20_lab/junw42/HCA_ON/data/5_refine_major/scvi/Fibroblast/clean/deepsas/subsamples//subsample_3.h5ad', 'output_dir': '/dfs3b/ruic20_lab/junw42/HCA_ON/data/5_refine_major/scvi/Fibroblast/clean/deepsas//outputs', 'exp_name': 'subsample_3', 'device_index': 0, 'retrain': True, 'timestamp': '', 'seed': 40, 'n_genes': '5000', 'ccc': 'type1', 'gene_set': 'full', 'emb_size': 12, 'gat_epoch': 30, 'sencell_num': 600, 'sengene_num': 200, 'sencell_epoch': 40, 'cell_optim_epoch': 50, 'learning_rate': 0.01, 'batch_id': 0}
Outputs dir: /dfs3b/ruic20_lab/junw42/HCA_ON/data/5_refine_major/scvi/Fibroblast/clean/deepsas//outputs/outputs/subsample_3
load_data1 ...
Number of cells: 22465
Number of genes: 24810
The number of cell types 11
celltype names: ['Fibro_intima_pia', 'Fibro_dura_boarder_SLC47A1+', 'Fibro_arachnoid_CLDN11+', 'Fibro_dura_KCNMA1+', 'Fibro_arachnoid_TRPM3+', 'Fibro_arachnoid_barrier_STXBP6+', 'Fibro_RPEchoroid_BMP5+', 'Fibro_dura_NOX4+', 'Fibro_epipial', 'Fibro_arachnoid_trabeculae_HMCN1+', 'Fibro_x']
---------------------------------  ----
Fibro_intima_pia                   4741
Fibro_dura_boarder_SLC47A1+        3781
Fibro_arachnoid_CLDN11+            2522
Fibro_dura_KCNMA1+                 2515
Fibro_arachnoid_TRPM3+             2077
Fibro_arachnoid_barrier_STXBP6+    2009
Fibro_RPEchoroid_BMP5+             1543
Fibro_dura_NOX4+                   1410
Fibro_epipial                       826
Fibro_arachnoid_trabeculae_HMCN1+   613
Fibro_x                             428
---------------------------------  ----
The number of genes in marker list：
  SenMayo    FRIDMAN    CellAge    Cell Cycle Markers
---------  ---------  ---------  --------------------
      125         77        144                    11
Total marker genes:  320
use 5000 highly genes!
Highly genes num:  5000
After genes dropped duplicated sengenes:  4893
Total gene num: 5181
cell num: 22465, gene num: 5181
Cell-gene graph, the number of edges: 5217593
add cell-cell edges with weights in 0 and 1...
CCC graph, the number of edges: 133172
device: cuda:0
Start remove batch effect, the default batch annotation in adata.obs["Sample"] ...
cell embedding generated!
Do not remove batch effect ...
gene embedding generated!
build graph pyg
edge index:  torch.Size([2, 5350765])
node feature:  torch.Size([27646, 12])
build graph pyg without edge weights ... 
Pyg graph: Data(x=[27646, 12], edge_index=[2, 10568358], y=[27646])
graph.is_directed(): False
graph nx and pyg saved!
Epoch 000, Loss: 32.4417
Epoch 001, Loss: 32.1803
Epoch 002, Loss: 32.1986
Epoch 003, Loss: 32.2003
Epoch 004, Loss: 32.5817
Epoch 005, Loss: 30.0710
Epoch 006, Loss: 27.3343
Epoch 007, Loss: 24.0778
Epoch 008, Loss: 21.7441
Epoch 009, Loss: 19.9361
Epoch 010, Loss: 18.3356
Epoch 011, Loss: 17.4933
Epoch 012, Loss: 16.9762
Epoch 013, Loss: 16.5874
Epoch 014, Loss: 16.3975
Epoch 015, Loss: 16.5479
Epoch 016, Loss: 16.4081
Epoch 017, Loss: 16.3787
Epoch 018, Loss: 16.2374
Epoch 019, Loss: 16.1432
Epoch 020, Loss: 15.8931
Epoch 021, Loss: 15.7841
Epoch 022, Loss: 15.0887
Epoch 023, Loss: 15.1696
Epoch 024, Loss: 14.7167
Epoch 025, Loss: 14.7026
Epoch 026, Loss: 14.2011
Epoch 027, Loss: 14.1909
Epoch 028, Loss: 13.7364
Epoch 029, Loss: 13.8737
GAT model saved! /dfs3b/ruic20_lab/junw42/HCA_ON/data/5_refine_major/scvi/Fibroblast/clean/deepsas//outputs/outputs/subsample_3/subsample_3_GAT.pt
2026-03-05 22:47:15.341614: Contrastive learning Epoch: 000
generate_ct_specific_scores ...
extract_cell_indexs ... 
snc in different cell types:  Counter({'Fibro_intima_pia': 312, 'Fibro_dura_boarder_SLC47A1+': 267, 'Fibro_arachnoid_CLDN11+': 183, 'Fibro_arachnoid_TRPM3+': 136, 'Fibro_arachnoid_barrier_STXBP6+': 129, 'Fibro_dura_KCNMA1+': 113, 'Fibro_RPEchoroid_BMP5+': 93, 'Fibro_dura_NOX4+': 91, 'Fibro_epipial': 45, 'Fibro_arachnoid_trabeculae_HMCN1+': 38, 'Fibro_x': 16})
46.29594802856445
50.30727767944336
43.96559524536133
43.81706237792969
43.63236999511719
43.509891510009766
43.43973922729492
43.29234313964844
43.19902801513672
43.067264556884766
42.96937561035156
42.83314895629883
42.72975540161133
42.590877532958984
42.47877502441406
42.346405029296875
42.20566940307617
42.09078598022461
41.99940872192383
41.80390548706055
41.70199966430664
41.636253356933594
41.467430114746094
41.39879608154297
41.29386901855469
41.11012649536133
41.10193634033203
40.88128662109375
40.81986618041992
40.6675910949707
40.569969177246094
40.41159439086914
40.31704330444336
40.16636657714844
40.11427307128906
39.98750686645508
39.83390426635742
39.755889892578125
39.576175689697266
39.4820442199707
39.32157516479492
39.24263381958008
39.139732360839844
38.975868225097656
38.9174919128418
38.717796325683594
38.62360382080078
38.4534797668457
38.31658172607422
38.23503494262695
current lr: 0.0085
identify_sengene_v1 ... 
sengene cover: 0.9652777777777778
2026-03-05 22:58:41.412761: Contrastive learning Epoch: 001
generate_ct_specific_scores ...
extract_cell_indexs ... 
snc in different cell types:  Counter({'Fibro_intima_pia': 304, 'Fibro_dura_boarder_SLC47A1+': 271, 'Fibro_arachnoid_CLDN11+': 176, 'Fibro_arachnoid_TRPM3+': 140, 'Fibro_arachnoid_barrier_STXBP6+': 136, 'Fibro_dura_KCNMA1+': 120, 'Fibro_RPEchoroid_BMP5+': 98, 'Fibro_dura_NOX4+': 90, 'Fibro_arachnoid_trabeculae_HMCN1+': 43, 'Fibro_epipial': 43, 'Fibro_x': 20})
sencell cover: 0.9396252602359473
38.56365966796875
35.86368942260742
32.71965026855469
40.67816162109375
32.624122619628906
35.375972747802734
36.7906379699707
37.29818344116211
37.196800231933594
36.384220123291016
35.56209182739258
34.47928237915039
33.35395431518555
31.975934982299805
30.10382843017578
30.113014221191406
30.875600814819336
29.02775001525879
29.502750396728516
29.55218505859375
28.77948760986328
28.517314910888672
28.745161056518555
28.350921630859375
27.96573257446289
27.94438362121582
27.843605041503906
27.480571746826172
27.238079071044922
27.191444396972656
26.9871883392334
26.701343536376953
26.599102020263672
26.627037048339844
26.295452117919922
26.062217712402344
26.061067581176758
25.825876235961914
25.631059646606445
25.587539672851562
25.381214141845703
25.21636962890625
25.17536163330078
24.971694946289062
24.90206527709961
24.743698120117188
24.588844299316406
24.523134231567383
24.395790100097656
24.280563354492188
current lr: 0.0072250000000000005
identify_sengene_v1 ... 
sengene cover: 0.9754385964912281
2026-03-05 23:10:11.610082: Contrastive learning Epoch: 002
generate_ct_specific_scores ...
extract_cell_indexs ... 
snc in different cell types:  Counter({'Fibro_intima_pia': 279, 'Fibro_dura_boarder_SLC47A1+': 257, 'Fibro_arachnoid_CLDN11+': 183, 'Fibro_arachnoid_TRPM3+': 140, 'Fibro_arachnoid_barrier_STXBP6+': 136, 'Fibro_dura_KCNMA1+': 130, 'Fibro_dura_NOX4+': 90, 'Fibro_RPEchoroid_BMP5+': 87, 'Fibro_arachnoid_trabeculae_HMCN1+': 42, 'Fibro_epipial': 42, 'Fibro_x': 25})
sencell cover: 0.8738483345145287
38.09273910522461
38.15950393676758
40.06332778930664
39.19401550292969
40.60390853881836
40.72003936767578
40.543888092041016
40.19330596923828
39.64790344238281
38.896949768066406
37.8408203125
36.51770782470703
35.125186920166016
34.073455810546875
33.70927429199219
33.87368392944336
34.11863327026367
33.64807891845703
33.37421798706055
33.309715270996094
33.31129837036133
33.237953186035156
33.081233978271484
32.933895111083984
32.832984924316406
32.77801513671875
32.71894836425781
32.62652587890625
32.50621795654297
32.39056396484375
32.31143569946289
32.24287414550781
32.15443420410156
32.058135986328125
31.956573486328125
31.86224365234375
31.778095245361328
31.698497772216797
31.614421844482422
31.523788452148438
31.430448532104492
31.340110778808594
31.25446319580078
31.17071533203125
31.08601951599121
30.999208450317383
30.910707473754883
30.821809768676758
30.734346389770508
30.64882469177246
current lr: 0.00614125
identify_sengene_v1 ... 
sengene cover: 0.9646643109540636
2026-03-05 23:21:27.370957: Contrastive learning Epoch: 003
generate_ct_specific_scores ...
no sengene in this cell!
extract_cell_indexs ... 
snc in different cell types:  Counter({'Fibro_intima_pia': 280, 'Fibro_dura_boarder_SLC47A1+': 274, 'Fibro_arachnoid_CLDN11+': 186, 'Fibro_arachnoid_TRPM3+': 142, 'Fibro_dura_KCNMA1+': 139, 'Fibro_arachnoid_barrier_STXBP6+': 133, 'Fibro_dura_NOX4+': 98, 'Fibro_RPEchoroid_BMP5+': 83, 'Fibro_arachnoid_trabeculae_HMCN1+': 43, 'Fibro_epipial': 42, 'Fibro_x': 26})
sencell cover: 0.9183955739972337
34.42002487182617
34.294246673583984
34.14530944824219
33.976173400878906
33.78965759277344
33.587398529052734
33.37196350097656
33.144752502441406
32.907291412353516
32.661102294921875
32.40697479248047
32.1462287902832
31.879575729370117
31.607973098754883
31.3321590423584
31.052841186523438
30.770511627197266
30.48538589477539
30.19789695739746
29.90837860107422
29.616573333740234
29.3237247467041
29.136272430419922
29.039966583251953
28.922496795654297
28.78607177734375
28.676578521728516
28.712657928466797
28.714454650878906
28.685264587402344
28.62824249267578
28.54672622680664
28.443479537963867
28.320823669433594
28.180866241455078
28.02558708190918
27.882686614990234
27.81515884399414
27.730287551879883
27.624921798706055
27.523210525512695
27.488269805908203
27.436538696289062
27.360347747802734
27.262407302856445
27.15496826171875
27.091909408569336
27.020814895629883
26.931039810180664
26.841276168823242
current lr: 0.0052200625
identify_sengene_v1 ... 
sengene cover: 0.9783393501805054
2026-03-05 23:32:44.443143: Contrastive learning Epoch: 004
generate_ct_specific_scores ...
no sengene in this cell!
extract_cell_indexs ... 
snc in different cell types:  Counter({'Fibro_intima_pia': 283, 'Fibro_dura_boarder_SLC47A1+': 260, 'Fibro_arachnoid_CLDN11+': 182, 'Fibro_arachnoid_TRPM3+': 148, 'Fibro_arachnoid_barrier_STXBP6+': 137, 'Fibro_dura_KCNMA1+': 131, 'Fibro_dura_NOX4+': 94, 'Fibro_RPEchoroid_BMP5+': 86, 'Fibro_epipial': 44, 'Fibro_arachnoid_trabeculae_HMCN1+': 42, 'Fibro_x': 25})
sencell cover: 0.9441340782122905
26.740795135498047
26.68062400817871
26.611677169799805
26.562822341918945
26.495447158813477
26.425928115844727
26.362043380737305
26.315597534179688
26.256149291992188
26.20085906982422
26.13861656188965
26.0595703125
26.009056091308594
25.975027084350586
25.925134658813477
25.857370376586914
25.773130416870117
25.702993392944336
25.661773681640625
25.60197639465332
25.53200912475586
25.45999526977539
25.4119930267334
25.3648681640625
25.30790901184082
25.23997688293457
25.16689109802246
25.112337112426758
25.061670303344727
25.009653091430664
24.9435977935791
24.86330795288086
24.8218994140625
24.7740535736084
24.7141056060791
24.64821434020996
24.577774047851562
24.51638412475586
24.466787338256836
24.412063598632812
24.343551635742188
24.276721954345703
24.227535247802734
24.163801193237305
24.101377487182617
24.039316177368164
23.98357391357422
23.919700622558594
23.86623191833496
23.80821990966797
current lr: 0.004437053125
identify_sengene_v1 ... 
sengene cover: 0.9814126394052045
Processing file: /dfs3b/ruic20_lab/junw42/HCA_ON/data/5_refine_major/scvi/Fibroblast/clean/deepsas/subsamples//subsample_3.h5ad with experiment name: subsample_3
