# 2026-03-05 17:55:09.343 [INFO] [deepsas_v1.py:47] ====== Part 1: load and process data ======
WARNING: adata.X seems to be already log-transformed.
# 2026-03-05 17:57:35.405 [INFO] [deepsas_v1.py:74] Part 1, data loading and processing end!
# 2026-03-05 17:57:35.405 [INFO] [deepsas_v1.py:78] ====== Part 2: generate init embedding ======
WARNING: adata.X seems to be already log-transformed.
/dfs3b/ruic20_lab/junw42/software/deepsas/.venv/lib/python3.8/site-packages/scanpy/preprocessing/_combat.py:340: RuntimeWarning: divide by zero encountered in divide
  (abs(g_new - g_old) / g_old).max(), (abs(d_new - d_old) / d_old).max()
WARNING: adata.X seems to be already log-transformed.
# 2026-03-05 17:59:16.467 [INFO] [deepsas_v1.py:172] Part 2, AE end!
# 2026-03-05 17:59:16.467 [INFO] [deepsas_v1.py:173] ====== Part 3: GAT training ======
deepsas_v1.py:218: FutureWarning: `torch.cuda.amp.GradScaler(args...)` is deprecated. Please use `torch.amp.GradScaler('cuda', args...)` instead.
  scaler = torch.cuda.amp.GradScaler(enabled=(device.type == "cuda"))
deepsas_v1.py:224: FutureWarning: `torch.cuda.amp.autocast(args...)` is deprecated. Please use `torch.amp.autocast('cuda', args...)` instead.
  with torch.cuda.amp.autocast(enabled=(device.type == "cuda")):
# 2026-03-05 18:05:41.681 [INFO] [deepsas_v1.py:252] Part 2, train GAT end!
# 2026-03-05 18:05:41.681 [INFO] [deepsas_v1.py:254] ====== Part 4: Contrastive learning ======
deepsas_v1.py:384: UserWarning: To copy construct from a tensor, it is recommended to use sourceTensor.clone().detach() or sourceTensor.clone().detach().requires_grad_(True), rather than torch.tensor(sourceTensor).
  gene_index=torch.tensor(sen_gene_ls)
# 2026-03-05 19:34:01.455 [INFO] [deepsas_v1.py:47] ====== Part 1: load and process data ======
WARNING: adata.X seems to be already log-transformed.
# 2026-03-05 19:36:17.053 [INFO] [deepsas_v1.py:74] Part 1, data loading and processing end!
# 2026-03-05 19:36:17.053 [INFO] [deepsas_v1.py:78] ====== Part 2: generate init embedding ======
WARNING: adata.X seems to be already log-transformed.
/dfs3b/ruic20_lab/junw42/software/deepsas/.venv/lib/python3.8/site-packages/scanpy/preprocessing/_combat.py:340: RuntimeWarning: divide by zero encountered in divide
  (abs(g_new - g_old) / g_old).max(), (abs(d_new - d_old) / d_old).max()
WARNING: adata.X seems to be already log-transformed.
# 2026-03-05 19:38:00.489 [INFO] [deepsas_v1.py:173] Part 2, AE end!
# 2026-03-05 19:38:00.489 [INFO] [deepsas_v1.py:174] ====== Part 3: GAT training ======
deepsas_v1.py:219: FutureWarning: `torch.cuda.amp.GradScaler(args...)` is deprecated. Please use `torch.amp.GradScaler('cuda', args...)` instead.
  scaler = torch.cuda.amp.GradScaler(enabled=(device.type == "cuda"))
deepsas_v1.py:225: FutureWarning: `torch.cuda.amp.autocast(args...)` is deprecated. Please use `torch.amp.autocast('cuda', args...)` instead.
  with torch.cuda.amp.autocast(enabled=(device.type == "cuda")):
# 2026-03-05 19:44:24.996 [INFO] [deepsas_v1.py:253] Part 2, train GAT end!
# 2026-03-05 19:44:24.996 [INFO] [deepsas_v1.py:255] ====== Part 4: Contrastive learning ======
deepsas_v1.py:385: UserWarning: To copy construct from a tensor, it is recommended to use sourceTensor.clone().detach() or sourceTensor.clone().detach().requires_grad_(True), rather than torch.tensor(sourceTensor).
  gene_index=torch.tensor(sen_gene_ls)
# 2026-03-05 21:07:10.233 [INFO] [deepsas_v1.py:47] ====== Part 1: load and process data ======
WARNING: adata.X seems to be already log-transformed.
# 2026-03-05 21:09:32.612 [INFO] [deepsas_v1.py:74] Part 1, data loading and processing end!
# 2026-03-05 21:09:32.612 [INFO] [deepsas_v1.py:78] ====== Part 2: generate init embedding ======
WARNING: adata.X seems to be already log-transformed.
/dfs3b/ruic20_lab/junw42/software/deepsas/.venv/lib/python3.8/site-packages/scanpy/preprocessing/_combat.py:340: RuntimeWarning: divide by zero encountered in divide
  (abs(g_new - g_old) / g_old).max(), (abs(d_new - d_old) / d_old).max()
WARNING: adata.X seems to be already log-transformed.
# 2026-03-05 21:11:15.533 [INFO] [deepsas_v1.py:173] Part 2, AE end!
# 2026-03-05 21:11:15.533 [INFO] [deepsas_v1.py:174] ====== Part 3: GAT training ======
deepsas_v1.py:219: FutureWarning: `torch.cuda.amp.GradScaler(args...)` is deprecated. Please use `torch.amp.GradScaler('cuda', args...)` instead.
  scaler = torch.cuda.amp.GradScaler(enabled=(device.type == "cuda"))
deepsas_v1.py:225: FutureWarning: `torch.cuda.amp.autocast(args...)` is deprecated. Please use `torch.amp.autocast('cuda', args...)` instead.
  with torch.cuda.amp.autocast(enabled=(device.type == "cuda")):
# 2026-03-05 21:17:38.904 [INFO] [deepsas_v1.py:253] Part 2, train GAT end!
# 2026-03-05 21:17:38.904 [INFO] [deepsas_v1.py:255] ====== Part 4: Contrastive learning ======
deepsas_v1.py:385: UserWarning: To copy construct from a tensor, it is recommended to use sourceTensor.clone().detach() or sourceTensor.clone().detach().requires_grad_(True), rather than torch.tensor(sourceTensor).
  gene_index=torch.tensor(sen_gene_ls)
# 2026-03-05 22:39:39.264 [INFO] [deepsas_v1.py:47] ====== Part 1: load and process data ======
WARNING: adata.X seems to be already log-transformed.
# 2026-03-05 22:40:53.137 [INFO] [deepsas_v1.py:74] Part 1, data loading and processing end!
# 2026-03-05 22:40:53.137 [INFO] [deepsas_v1.py:78] ====== Part 2: generate init embedding ======
WARNING: adata.X seems to be already log-transformed.
/dfs3b/ruic20_lab/junw42/software/deepsas/.venv/lib/python3.8/site-packages/scanpy/preprocessing/_combat.py:340: RuntimeWarning: divide by zero encountered in divide
  (abs(g_new - g_old) / g_old).max(), (abs(d_new - d_old) / d_old).max()
WARNING: adata.X seems to be already log-transformed.
# 2026-03-05 22:42:18.149 [INFO] [deepsas_v1.py:173] Part 2, AE end!
# 2026-03-05 22:42:18.150 [INFO] [deepsas_v1.py:174] ====== Part 3: GAT training ======
deepsas_v1.py:219: FutureWarning: `torch.cuda.amp.GradScaler(args...)` is deprecated. Please use `torch.amp.GradScaler('cuda', args...)` instead.
  scaler = torch.cuda.amp.GradScaler(enabled=(device.type == "cuda"))
deepsas_v1.py:225: FutureWarning: `torch.cuda.amp.autocast(args...)` is deprecated. Please use `torch.amp.autocast('cuda', args...)` instead.
  with torch.cuda.amp.autocast(enabled=(device.type == "cuda")):
# 2026-03-05 22:47:15.260 [INFO] [deepsas_v1.py:253] Part 2, train GAT end!
# 2026-03-05 22:47:15.261 [INFO] [deepsas_v1.py:255] ====== Part 4: Contrastive learning ======
deepsas_v1.py:385: UserWarning: To copy construct from a tensor, it is recommended to use sourceTensor.clone().detach() or sourceTensor.clone().detach().requires_grad_(True), rather than torch.tensor(sourceTensor).
  gene_index=torch.tensor(sen_gene_ls)
