{'input_data_count': '/dfs3b/ruic20_lab/junw42/HCA_ON/data/5_refine_major/scvi/Macrophage/clean/deepsas/subsamples//subsample_0.h5ad', 'output_dir': '/dfs3b/ruic20_lab/junw42/HCA_ON/data/5_refine_major/scvi/Macrophage/clean/deepsas//outputs', 'exp_name': 'subsample_0', 'device_index': 0, 'retrain': True, 'timestamp': '', 'seed': 40, 'n_genes': '5000', 'ccc': 'type1', 'gene_set': 'full', 'emb_size': 12, 'gat_epoch': 30, 'sencell_num': 600, 'sengene_num': 200, 'sencell_epoch': 40, 'cell_optim_epoch': 50, 'learning_rate': 0.01, 'batch_id': 0}
Outputs dir: /dfs3b/ruic20_lab/junw42/HCA_ON/data/5_refine_major/scvi/Macrophage/clean/deepsas//outputs/outputs/subsample_0
load_data1 ...
Number of cells: 7349
Number of genes: 19179
The number of cell types 7
celltype names: ['Macro_Res_Activated', 'Macro_Res', 'Macro_Monocyte_Derived_Inflammatory', 'Macro_Res_Remodeling', 'Macro_Res_Proliferating', 'Macro_Res_Stress_Response', 'Macro_Monocyte_Derived_APC']
-----------------------------------  ----
Macro_Res_Activated                  3487
Macro_Res                            3076
Macro_Monocyte_Derived_Inflammatory   369
Macro_Res_Remodeling                  172
Macro_Res_Proliferating               164
Macro_Res_Stress_Response              62
Macro_Monocyte_Derived_APC             19
-----------------------------------  ----
The number of genes in marker list：
  SenMayo    FRIDMAN    CellAge    Cell Cycle Markers
---------  ---------  ---------  --------------------
      125         77        144                    11
Total marker genes:  320
use 5000 highly genes!
Highly genes num:  5000
After genes dropped duplicated sengenes:  4884
Total gene num: 5159
cell num: 7349, gene num: 5159
Cell-gene graph, the number of edges: 1911057
add cell-cell edges with weights in 0 and 1...
CCC graph, the number of edges: 38282
device: cuda:0
Start remove batch effect, the default batch annotation in adata.obs["Sample"] ...
cell embedding generated!
Do not remove batch effect ...
gene embedding generated!
build graph pyg
edge index:  torch.Size([2, 1949339])
node feature:  torch.Size([12508, 12])
build graph pyg without edge weights ... 
Pyg graph: Data(x=[12508, 12], edge_index=[2, 3860396], y=[12508])
graph.is_directed(): False
graph nx and pyg saved!
Epoch 000, Loss: 33.5146
Epoch 001, Loss: 33.4475
Epoch 002, Loss: 33.2637
Epoch 003, Loss: 33.0700
Epoch 004, Loss: 32.7386
Epoch 005, Loss: 32.1554
Epoch 006, Loss: 32.1320
Epoch 007, Loss: 31.6331
Epoch 008, Loss: 31.0244
Epoch 009, Loss: 29.9887
Epoch 010, Loss: 29.4124
Epoch 011, Loss: 28.5541
Epoch 012, Loss: 27.5971
Epoch 013, Loss: 27.4439
Epoch 014, Loss: 26.9498
Epoch 015, Loss: 26.2728
Epoch 016, Loss: 26.0804
Epoch 017, Loss: 25.8580
Epoch 018, Loss: 25.4937
Epoch 019, Loss: 25.8395
Epoch 020, Loss: 25.3352
Epoch 021, Loss: 25.1049
Epoch 022, Loss: 24.8064
Epoch 023, Loss: 24.7853
Epoch 024, Loss: 24.7743
Epoch 025, Loss: 24.0381
Epoch 026, Loss: 24.4567
Epoch 027, Loss: 24.0830
Epoch 028, Loss: 24.0382
Epoch 029, Loss: 23.6676
GAT model saved! /dfs3b/ruic20_lab/junw42/HCA_ON/data/5_refine_major/scvi/Macrophage/clean/deepsas//outputs/outputs/subsample_0/subsample_0_GAT.pt
2026-03-05 19:32:01.972947: Contrastive learning Epoch: 000
generate_ct_specific_scores ...
extract_cell_indexs ... 
snc in different cell types:  Counter({'Macro_Res_Activated': 431, 'Macro_Res': 342, 'Macro_Res_Stress_Response': 12, 'Macro_Res_Proliferating': 11, 'Macro_Monocyte_Derived_Inflammatory': 10})
20.01670265197754
19.92732048034668
19.768386840820312
19.517087936401367
19.4409122467041
19.438310623168945
18.937740325927734
18.742107391357422
18.821197509765625
18.829788208007812
18.746381759643555
18.489093780517578
18.223339080810547
17.935983657836914
23.959388732910156
18.579999923706055
19.051433563232422
19.138160705566406
19.195449829101562
19.104446411132812
18.85405158996582
18.28884506225586
17.492034912109375
17.663801193237305
17.64380645751953
17.956846237182617
17.636558532714844
17.432741165161133
17.21173667907715
16.98940658569336
16.881145477294922
16.751522064208984
16.68130111694336
16.546695709228516
16.452890396118164
16.30681610107422
16.200565338134766
16.053754806518555
15.903484344482422
15.713095664978027
15.505189895629883
15.428298950195312
15.359611511230469
15.124820709228516
15.120256423950195
14.873279571533203
14.792548179626465
14.741742134094238
14.90945816040039
15.41883659362793
current lr: 0.0085
identify_sengene_v1 ... 
sengene cover: 0.9636363636363636
2026-03-05 19:35:10.849726: Contrastive learning Epoch: 001
generate_ct_specific_scores ...
extract_cell_indexs ... 
snc in different cell types:  Counter({'Macro_Res_Activated': 435, 'Macro_Res': 342, 'Macro_Res_Proliferating': 13})
sencell cover: 0.9658227848101266
11.9730224609375
12.009780883789062
12.004274368286133
11.976390838623047
11.932799339294434
11.883378028869629
11.829873085021973
11.774984359741211
11.71837043762207
11.648401260375977
11.568195343017578
11.468947410583496
11.353374481201172
11.211729049682617
11.035723686218262
10.802745819091797
10.550161361694336
10.260377883911133
10.026824951171875
9.84995174407959
9.727519989013672
9.671663284301758
9.653008460998535
9.638761520385742
9.637577056884766
10.49131965637207
10.787454605102539
11.013669967651367
11.00872802734375
10.974506378173828
10.92983627319336
10.880475044250488
10.82823371887207
10.773201942443848
10.716116905212402
10.657283782958984
10.596811294555664
10.534975051879883
10.471806526184082
10.407569885253906
10.34227466583252
10.276118278503418
10.209150314331055
10.141468048095703
10.073125839233398
10.004236221313477
9.934727668762207
9.864748001098633
9.794275283813477
9.749458312988281
current lr: 0.0072250000000000005
identify_sengene_v1 ... 
sengene cover: 0.977859778597786
2026-03-05 19:37:51.135449: Contrastive learning Epoch: 002
generate_ct_specific_scores ...
extract_cell_indexs ... 
snc in different cell types:  Counter({'Macro_Res_Activated': 424, 'Macro_Res': 336, 'Macro_Res_Proliferating': 12, 'Macro_Monocyte_Derived_Inflammatory': 10})
sencell cover: 0.9667519181585678
12.96835708618164
12.93234634399414
12.888772964477539
12.838642120361328
12.782539367675781
12.721240997314453
12.655353546142578
12.640495300292969
12.627838134765625
12.60543441772461
12.574573516845703
12.558416366577148
12.549421310424805
12.530572891235352
12.50292682647705
12.467409133911133
12.424874305725098
12.3760347366333
12.321453094482422
12.262173652648926
12.225394248962402
12.207863807678223
12.200504302978516
12.183671951293945
12.157785415649414
12.124279022216797
12.083721160888672
12.036865234375
12.010441780090332
11.976806640625
11.936633110046387
11.9185791015625
11.892379760742188
11.858314514160156
11.82783317565918
11.800773620605469
11.766284942626953
11.725442886352539
11.699275970458984
11.670451164245605
11.64548397064209
11.612988471984863
11.573781967163086
11.551054954528809
11.529714584350586
11.500333786010742
11.463788032531738
11.434612274169922
11.40970230102539
11.384865760803223
current lr: 0.00614125
identify_sengene_v1 ... 
sengene cover: 0.9702602230483272
2026-03-05 19:40:46.959630: Contrastive learning Epoch: 003
generate_ct_specific_scores ...
extract_cell_indexs ... 
snc in different cell types:  Counter({'Macro_Res_Activated': 434, 'Macro_Res': 329, 'Macro_Res_Proliferating': 12})
sencell cover: 0.9587096774193549
8.514274597167969
8.495409965515137
8.474590301513672
8.452662467956543
8.43084716796875
8.410286903381348
8.392308235168457
8.376627922058105
8.362001419067383
8.347433090209961
8.332247734069824
8.316217422485352
8.299568176269531
8.282630920410156
8.265748977661133
8.249141693115234
8.233036041259766
8.217412948608398
8.202224731445312
8.187248229980469
8.172369956970215
8.157304763793945
8.14216136932373
8.126930236816406
8.111641883850098
8.096332550048828
8.08104133605957
8.06587028503418
8.05075454711914
8.035703659057617
8.020671844482422
8.005611419677734
7.990560531616211
7.9754743576049805
7.960326194763184
7.945123195648193
7.929872512817383
7.914586067199707
7.89929723739624
7.88400936126709
7.868729591369629
7.853426933288574
7.838104248046875
7.8227739334106445
7.807454586029053
7.792131423950195
7.776785850524902
7.761423110961914
7.746029376983643
7.730609893798828
current lr: 0.0052200625
identify_sengene_v1 ... 
sengene cover: 0.9664179104477612
2026-03-05 19:43:26.755294: Contrastive learning Epoch: 004
generate_ct_specific_scores ...
extract_cell_indexs ... 
snc in different cell types:  Counter({'Macro_Res_Activated': 426, 'Macro_Res': 333, 'Macro_Res_Proliferating': 12})
sencell cover: 0.9714656290531777
7.892011642456055
7.878849983215332
7.862349987030029
7.8428850173950195
7.820732116699219
7.796116352081299
7.769350051879883
7.740597724914551
7.710116863250732
7.678038597106934
7.644536018371582
7.613822937011719
7.600003719329834
7.602367401123047
7.601853370666504
7.596741199493408
7.587496280670166
7.5745649337768555
7.558279514312744
7.538992404937744
7.51701545715332
7.492631435394287
7.476361274719238
7.461454391479492
7.450827598571777
7.444670677185059
7.434770584106445
7.421209335327148
7.404386043548584
7.385279655456543
7.368340492248535
7.354484558105469
7.340270519256592
7.330907821655273
7.318541526794434
7.30300235748291
7.289525985717773
7.275833606719971
7.260219573974609
7.247949600219727
7.235302925109863
7.221695899963379
7.209308624267578
7.194843292236328
7.179492473602295
7.167253494262695
7.155927658081055
7.14243221282959
7.1273064613342285
7.11392879486084
current lr: 0.004437053125
identify_sengene_v1 ... 
sengene cover: 0.9625468164794008
Processing file: /dfs3b/ruic20_lab/junw42/HCA_ON/data/5_refine_major/scvi/Macrophage/clean/deepsas/subsamples//subsample_0.h5ad with experiment name: subsample_0
