# 2026-03-05 19:28:07.755 [INFO] [deepsas_v1.py:47] ====== Part 1: load and process data ======
WARNING: adata.X seems to be already log-transformed.
# 2026-03-05 19:30:48.728 [INFO] [deepsas_v1.py:74] Part 1, data loading and processing end!
# 2026-03-05 19:30:48.729 [INFO] [deepsas_v1.py:78] ====== Part 2: generate init embedding ======
WARNING: adata.X seems to be already log-transformed.
/dfs3b/ruic20_lab/junw42/software/deepsas/.venv/lib/python3.8/site-packages/scanpy/preprocessing/_combat.py:340: RuntimeWarning: divide by zero encountered in divide
  (abs(g_new - g_old) / g_old).max(), (abs(d_new - d_old) / d_old).max()
WARNING: adata.X seems to be already log-transformed.
# 2026-03-05 19:33:26.261 [INFO] [deepsas_v1.py:173] Part 2, AE end!
# 2026-03-05 19:33:26.261 [INFO] [deepsas_v1.py:174] ====== Part 3: GAT training ======
deepsas_v1.py:219: FutureWarning: `torch.cuda.amp.GradScaler(args...)` is deprecated. Please use `torch.amp.GradScaler('cuda', args...)` instead.
  scaler = torch.cuda.amp.GradScaler(enabled=(device.type == "cuda"))
deepsas_v1.py:225: FutureWarning: `torch.cuda.amp.autocast(args...)` is deprecated. Please use `torch.amp.autocast('cuda', args...)` instead.
  with torch.cuda.amp.autocast(enabled=(device.type == "cuda")):
# 2026-03-05 19:45:52.545 [INFO] [deepsas_v1.py:253] Part 2, train GAT end!
# 2026-03-05 19:45:52.545 [INFO] [deepsas_v1.py:255] ====== Part 4: Contrastive learning ======
deepsas_v1.py:385: UserWarning: To copy construct from a tensor, it is recommended to use sourceTensor.clone().detach() or sourceTensor.clone().detach().requires_grad_(True), rather than torch.tensor(sourceTensor).
  gene_index=torch.tensor(sen_gene_ls)
# 2026-03-05 21:15:07.017 [INFO] [deepsas_v1.py:47] ====== Part 1: load and process data ======
WARNING: adata.X seems to be already log-transformed.
# 2026-03-05 21:15:21.856 [INFO] [deepsas_v1.py:74] Part 1, data loading and processing end!
# 2026-03-05 21:15:21.856 [INFO] [deepsas_v1.py:78] ====== Part 2: generate init embedding ======
WARNING: adata.X seems to be already log-transformed.
/dfs3b/ruic20_lab/junw42/software/deepsas/.venv/lib/python3.8/site-packages/scanpy/preprocessing/_combat.py:340: RuntimeWarning: divide by zero encountered in divide
  (abs(g_new - g_old) / g_old).max(), (abs(d_new - d_old) / d_old).max()
/dfs3b/ruic20_lab/junw42/software/deepsas/.venv/lib/python3.8/site-packages/sklearn/decomposition/_pca.py:640: RuntimeWarning: invalid value encountered in divide
  self.explained_variance_ratio_ = self.explained_variance_ / total_var
WARNING: adata.X seems to be already log-transformed.
# 2026-03-05 21:16:34.065 [INFO] [deepsas_v1.py:173] Part 2, AE end!
# 2026-03-05 21:16:34.066 [INFO] [deepsas_v1.py:174] ====== Part 3: GAT training ======
deepsas_v1.py:219: FutureWarning: `torch.cuda.amp.GradScaler(args...)` is deprecated. Please use `torch.amp.GradScaler('cuda', args...)` instead.
  scaler = torch.cuda.amp.GradScaler(enabled=(device.type == "cuda"))
deepsas_v1.py:225: FutureWarning: `torch.cuda.amp.autocast(args...)` is deprecated. Please use `torch.amp.autocast('cuda', args...)` instead.
  with torch.cuda.amp.autocast(enabled=(device.type == "cuda")):
# 2026-03-05 21:18:15.043 [INFO] [deepsas_v1.py:253] Part 2, train GAT end!
# 2026-03-05 21:18:15.044 [INFO] [deepsas_v1.py:255] ====== Part 4: Contrastive learning ======
deepsas_v1.py:385: UserWarning: To copy construct from a tensor, it is recommended to use sourceTensor.clone().detach() or sourceTensor.clone().detach().requires_grad_(True), rather than torch.tensor(sourceTensor).
  gene_index=torch.tensor(sen_gene_ls)
