{'input_data_count': '/dfs3b/ruic20_lab/junw42/HCA_ON/data/5_refine_major/scvi/Microglia/clean/deepsas/subsamples//subsample_0.h5ad', 'output_dir': '/dfs3b/ruic20_lab/junw42/HCA_ON/data/5_refine_major/scvi/Microglia/clean/deepsas//outputs', 'exp_name': 'subsample_0', 'device_index': 0, 'retrain': True, 'timestamp': '', 'seed': 40, 'n_genes': '5000', 'ccc': 'type1', 'gene_set': 'full', 'emb_size': 12, 'gat_epoch': 30, 'sencell_num': 600, 'sengene_num': 200, 'sencell_epoch': 40, 'cell_optim_epoch': 50, 'learning_rate': 0.01, 'batch_id': 0}
Outputs dir: /dfs3b/ruic20_lab/junw42/HCA_ON/data/5_refine_major/scvi/Microglia/clean/deepsas//outputs/outputs/subsample_0
load_data1 ...
Number of cells: 30000
Number of genes: 24655
The number of cell types 6
celltype names: ['Micro_Homeostatic', 'Micro_Activated', 'Micro_Stress_Response', 'Micro_Proliferating', 'Micro_Remodeling', 'Micro_NFkB_inflammatory']
-----------------------  -----
Micro_Homeostatic        18318
Micro_Activated           9297
Micro_Stress_Response     1154
Micro_Proliferating        604
Micro_Remodeling           510
Micro_NFkB_inflammatory    117
-----------------------  -----
The number of genes in marker list：
  SenMayo    FRIDMAN    CellAge    Cell Cycle Markers
---------  ---------  ---------  --------------------
      125         77        144                    11
Total marker genes:  320
use 5000 highly genes!
Highly genes num:  5000
After genes dropped duplicated sengenes:  4893
Total gene num: 5186
cell num: 30000, gene num: 5186
Cell-gene graph, the number of edges: 6971697
add cell-cell edges with weights in 0 and 1...
CCC graph, the number of edges: 4642597
device: cuda:0
Start remove batch effect, the default batch annotation in adata.obs["Sample"] ...
cell embedding generated!
Do not remove batch effect ...
gene embedding generated!
build graph pyg
edge index:  torch.Size([2, 11614294])
node feature:  torch.Size([35186, 12])
build graph pyg without edge weights ... 
Pyg graph: Data(x=[35186, 12], edge_index=[2, 18585991], y=[35186])
graph.is_directed(): False
graph nx and pyg saved!
Epoch 000, Loss: 34.4177
Epoch 001, Loss: 34.3307
Epoch 002, Loss: 34.1692
Epoch 003, Loss: 34.1712
Epoch 004, Loss: 33.8876
Epoch 005, Loss: 33.8560
Epoch 006, Loss: 33.3245
Epoch 007, Loss: 33.3437
Epoch 008, Loss: 32.7918
Epoch 009, Loss: 31.5795
Epoch 010, Loss: 31.6776
Epoch 011, Loss: 30.5116
Epoch 012, Loss: 28.7043
Epoch 013, Loss: 27.1014
Epoch 014, Loss: 25.4701
Epoch 015, Loss: 24.0410
Epoch 016, Loss: 22.9671
Epoch 017, Loss: 21.5872
Epoch 018, Loss: 20.6349
Epoch 019, Loss: 19.8730
Epoch 020, Loss: 18.8248
Epoch 021, Loss: 18.1255
Epoch 022, Loss: 17.2625
Epoch 023, Loss: 17.1515
Epoch 024, Loss: 16.2562
Epoch 025, Loss: 16.2349
Epoch 026, Loss: 15.6931
Epoch 027, Loss: 15.3845
Epoch 028, Loss: 14.9814
Epoch 029, Loss: 14.8335
GAT model saved! /dfs3b/ruic20_lab/junw42/HCA_ON/data/5_refine_major/scvi/Microglia/clean/deepsas//outputs/outputs/subsample_0/subsample_0_GAT.pt
2026-03-05 19:45:52.901778: Contrastive learning Epoch: 000
generate_ct_specific_scores ...
extract_cell_indexs ... 
snc in different cell types:  Counter({'Micro_Homeostatic': 1023, 'Micro_Activated': 456, 'Micro_Stress_Response': 56, 'Micro_Remodeling': 42, 'Micro_Proliferating': 29})
21.436351776123047
24.90930938720703
20.174449920654297
19.539155960083008
19.369020462036133
19.214385986328125
19.005813598632812
18.71282958984375
18.318851470947266
20.479022979736328
18.222930908203125
18.51578140258789
18.80744171142578
19.06155776977539
19.121143341064453
18.982646942138672
18.655942916870117
18.447093963623047
18.304162979125977
17.933435440063477
17.52165985107422
17.265243530273438
18.45446014404297
17.1779842376709
17.258075714111328
17.2941951751709
17.35436248779297
17.392559051513672
17.315715789794922
17.091108322143555
16.791900634765625
16.46208953857422
16.648975372314453
16.551149368286133
16.47126007080078
16.417705535888672
16.169387817382812
16.022991180419922
16.283981323242188
15.929914474487305
15.888089179992676
15.922829627990723
15.768146514892578
15.674896240234375
15.662477493286133
15.395328521728516
15.435524940490723
15.313285827636719
15.313812255859375
15.163244247436523
current lr: 0.0085
identify_sengene_v1 ... 
sengene cover: 0.9658703071672355
2026-03-05 20:04:10.287032: Contrastive learning Epoch: 001
generate_ct_specific_scores ...
extract_cell_indexs ... 
snc in different cell types:  Counter({'Micro_Homeostatic': 1025, 'Micro_Activated': 456, 'Micro_Stress_Response': 55, 'Micro_Remodeling': 41, 'Micro_Proliferating': 29})
sencell cover: 0.9987546699875467
17.903444290161133
16.35446548461914
17.350910186767578
17.511802673339844
17.158771514892578
16.287681579589844
16.005786895751953
16.668243408203125
16.085906982421875
15.625832557678223
16.035865783691406
16.016494750976562
15.560506820678711
15.364291191101074
15.63918685913086
15.401729583740234
15.097062110900879
15.301339149475098
15.21983814239502
14.922405242919922
15.042450904846191
15.010354042053223
14.761565208435059
14.87452220916748
14.816192626953125
14.63278579711914
14.726058959960938
14.621021270751953
14.538166999816895
14.591106414794922
14.483726501464844
14.408632278442383
14.445999145507812
14.307830810546875
14.31713581085205
14.27683162689209
14.175464630126953
14.199751853942871
14.09280776977539
14.085566520690918
14.03838062286377
13.96085262298584
13.95305347442627
13.868704795837402
13.852887153625488
13.77653980255127
13.760431289672852
13.691603660583496
13.661016464233398
13.609288215637207
current lr: 0.0072250000000000005
identify_sengene_v1 ... 
sengene cover: 0.9758620689655172
2026-03-05 20:21:56.037735: Contrastive learning Epoch: 002
generate_ct_specific_scores ...
extract_cell_indexs ... 
snc in different cell types:  Counter({'Micro_Homeostatic': 1019, 'Micro_Activated': 449, 'Micro_Stress_Response': 56, 'Micro_Remodeling': 35, 'Micro_Proliferating': 33})
sencell cover: 0.9585427135678392
17.28095054626465
17.23889923095703
17.16394805908203
17.06130599975586
16.93587875366211
16.789554595947266
16.619892120361328
16.422929763793945
16.193239212036133
15.916762351989746
15.565351486206055
15.089881896972656
14.395486831665039
13.813817024230957
14.353032112121582
14.779629707336426
14.284602165222168
13.724264144897461
13.712260246276855
13.91094970703125
14.018566131591797
13.977849960327148
13.827014923095703
13.642090797424316
13.498153686523438
13.465615272521973
13.52442741394043
13.558599472045898
13.485443115234375
13.359601020812988
13.274504661560059
13.244051933288574
13.234090805053711
13.21750545501709
13.174945831298828
13.10988712310791
13.037788391113281
12.980183601379395
12.947793960571289
12.926712036132812
12.893669128417969
12.83529281616211
12.776741027832031
12.74128532409668
12.717906951904297
12.690711975097656
12.645309448242188
12.59289264678955
12.552284240722656
12.52507209777832
current lr: 0.00614125
identify_sengene_v1 ... 
sengene cover: 1.0
2026-03-05 20:39:36.468571: Contrastive learning Epoch: 003
generate_ct_specific_scores ...
extract_cell_indexs ... 
snc in different cell types:  Counter({'Micro_Homeostatic': 1011, 'Micro_Activated': 452, 'Micro_Stress_Response': 59, 'Micro_Proliferating': 35, 'Micro_Remodeling': 35})
sencell cover: 0.9654522613065326
14.184123992919922
14.095270156860352
13.951586723327637
13.738883018493652
13.427016258239746
13.019914627075195
12.623395919799805
12.377360343933105
12.579566955566406
12.732988357543945
12.403812408447266
12.355957984924316
12.451977729797363
12.447601318359375
12.34445858001709
12.220752716064453
12.14361572265625
12.140061378479004
12.152620315551758
12.102499961853027
12.021551132202148
11.970966339111328
11.953940391540527
11.941812515258789
11.911510467529297
11.859086990356445
11.803190231323242
11.76329231262207
11.743234634399414
11.722990036010742
11.684774398803711
11.63898754119873
11.604774475097656
11.583101272583008
11.560590744018555
11.528498649597168
11.492059707641602
11.460405349731445
11.435893058776855
11.412712097167969
11.383907318115234
11.351601600646973
11.32267951965332
11.297953605651855
11.273161888122559
11.244303703308105
11.213988304138184
11.186089515686035
11.160881042480469
11.13444709777832
current lr: 0.0052200625
identify_sengene_v1 ... 
sengene cover: 0.9642857142857143
2026-03-05 20:57:14.994980: Contrastive learning Epoch: 004
generate_ct_specific_scores ...
extract_cell_indexs ... 
snc in different cell types:  Counter({'Micro_Homeostatic': 1020, 'Micro_Activated': 454, 'Micro_Stress_Response': 61, 'Micro_Proliferating': 35, 'Micro_Remodeling': 34})
sencell cover: 0.9663341645885287
10.86596393585205
11.454782485961914
10.967108726501465
10.785574913024902
10.981976509094238
10.723185539245605
11.399106979370117
10.644729614257812
10.837115287780762
10.612693786621094
10.757572174072266
10.703612327575684
10.513853073120117
10.647706985473633
10.531268119812012
10.476524353027344
10.533447265625
10.403461456298828
10.404796600341797
10.400154113769531
10.290915489196777
10.32038688659668
10.262439727783203
10.211566925048828
10.21243667602539
10.139817237854004
10.141646385192871
10.067246437072754
10.085169792175293
9.997841835021973
9.988539695739746
9.931632995605469
9.889037132263184
9.881244659423828
9.839703559875488
9.815006256103516
9.791794776916504
9.775174140930176
9.819079399108887
9.633705139160156
10.218867301940918
9.838199615478516
9.964883804321289
9.506062507629395
10.108297348022461
9.534185409545898
9.605603218078613
9.475579261779785
9.397567749023438
9.442378997802734
current lr: 0.004437053125
identify_sengene_v1 ... 
sengene cover: 0.9853479853479854
Processing file: /dfs3b/ruic20_lab/junw42/HCA_ON/data/5_refine_major/scvi/Microglia/clean/deepsas/subsamples//subsample_0.h5ad with experiment name: subsample_0
{'input_data_count': '/dfs3b/ruic20_lab/junw42/HCA_ON/data/5_refine_major/scvi/Microglia/clean/deepsas/subsamples//subsample_1.h5ad', 'output_dir': '/dfs3b/ruic20_lab/junw42/HCA_ON/data/5_refine_major/scvi/Microglia/clean/deepsas//outputs', 'exp_name': 'subsample_1', 'device_index': 0, 'retrain': True, 'timestamp': '', 'seed': 40, 'n_genes': '5000', 'ccc': 'type1', 'gene_set': 'full', 'emb_size': 12, 'gat_epoch': 30, 'sencell_num': 600, 'sengene_num': 200, 'sencell_epoch': 40, 'cell_optim_epoch': 50, 'learning_rate': 0.01, 'batch_id': 0}
Outputs dir: /dfs3b/ruic20_lab/junw42/HCA_ON/data/5_refine_major/scvi/Microglia/clean/deepsas//outputs/outputs/subsample_1
load_data1 ...
Number of cells: 4248
Number of genes: 17690
The number of cell types 6
celltype names: ['Micro_Homeostatic', 'Micro_Activated', 'Micro_Stress_Response', 'Micro_Proliferating', 'Micro_Remodeling', 'Micro_NFkB_inflammatory']
-----------------------  ----
Micro_Homeostatic        2594
Micro_Activated          1316
Micro_Stress_Response     163
Micro_Proliferating        86
Micro_Remodeling           72
Micro_NFkB_inflammatory    17
-----------------------  ----
The number of genes in marker list：
  SenMayo    FRIDMAN    CellAge    Cell Cycle Markers
---------  ---------  ---------  --------------------
      125         77        144                    11
Total marker genes:  320
use 5000 highly genes!
Highly genes num:  5000
After genes dropped duplicated sengenes:  4894
Total gene num: 5157
cell num: 4248, gene num: 5157
Cell-gene graph, the number of edges: 1382913
add cell-cell edges with weights in 0 and 1...
CCC graph, the number of edges: 106835
device: cuda:0
Start remove batch effect, the default batch annotation in adata.obs["Sample"] ...
cell embedding generated!
Do not remove batch effect ...
gene embedding generated!
build graph pyg
edge index:  torch.Size([2, 1489748])
node feature:  torch.Size([9405, 12])
build graph pyg without edge weights ... 
Pyg graph: Data(x=[9405, 12], edge_index=[2, 2872661], y=[9405])
graph.is_directed(): False
graph nx and pyg saved!
Epoch 000, Loss: 33.5759
Epoch 001, Loss: 33.6488
Epoch 002, Loss: 33.7069
Epoch 003, Loss: 32.8786
Epoch 004, Loss: 32.1746
Epoch 005, Loss: 31.7247
Epoch 006, Loss: 30.6067
Epoch 007, Loss: 30.0641
Epoch 008, Loss: 29.6070
Epoch 009, Loss: 28.8418
Epoch 010, Loss: 28.5015
Epoch 011, Loss: 28.1884
Epoch 012, Loss: 27.8188
Epoch 013, Loss: 27.5060
Epoch 014, Loss: 27.7364
Epoch 015, Loss: 27.3535
Epoch 016, Loss: 27.2452
Epoch 017, Loss: 27.3264
Epoch 018, Loss: 26.9522
Epoch 019, Loss: 26.4949
Epoch 020, Loss: 26.6393
Epoch 021, Loss: 26.2175
Epoch 022, Loss: 26.3306
Epoch 023, Loss: 26.0694
Epoch 024, Loss: 26.0276
Epoch 025, Loss: 25.5798
Epoch 026, Loss: 25.8507
Epoch 027, Loss: 25.3005
Epoch 028, Loss: 24.8857
Epoch 029, Loss: 25.3460
GAT model saved! /dfs3b/ruic20_lab/junw42/HCA_ON/data/5_refine_major/scvi/Microglia/clean/deepsas//outputs/outputs/subsample_1/subsample_1_GAT.pt
2026-03-05 21:18:15.109290: Contrastive learning Epoch: 000
generate_ct_specific_scores ...
extract_cell_indexs ... 
snc in different cell types:  Counter({'Micro_Homeostatic': 447, 'Micro_Activated': 213, 'Micro_Stress_Response': 34, 'Micro_Proliferating': 16, 'Micro_Remodeling': 11})
20.00123405456543
19.96061897277832
19.80266571044922
19.732282638549805
19.644577026367188
19.36231231689453
19.10504913330078
19.420278549194336
19.31368064880371
18.911375045776367
18.421039581298828
19.06373405456543
18.49286460876465
18.241641998291016
17.976659774780273
17.87651824951172
17.833709716796875
17.695690155029297
17.396194458007812
17.386823654174805
17.16171646118164
16.810354232788086
16.766616821289062
16.40863037109375
16.367477416992188
16.18955421447754
16.108776092529297
15.963335037231445
15.881346702575684
15.718782424926758
15.69141674041748
15.63630485534668
15.497567176818848
15.56999683380127
15.28159236907959
15.185047149658203
15.158345222473145
15.102859497070312
14.906807899475098
14.885783195495605
14.732207298278809
14.63143253326416
14.542375564575195
14.426079750061035
14.300542831420898
14.175769805908203
14.046182632446289
14.977014541625977
15.754789352416992
16.130653381347656
current lr: 0.0085
identify_sengene_v1 ... 
sengene cover: 0.9619771863117871
2026-03-05 21:20:10.191406: Contrastive learning Epoch: 001
generate_ct_specific_scores ...
extract_cell_indexs ... 
snc in different cell types:  Counter({'Micro_Homeostatic': 459, 'Micro_Activated': 221, 'Micro_Stress_Response': 35, 'Micro_Proliferating': 16, 'Micro_Remodeling': 11})
sencell cover: 0.944743935309973
20.976442337036133
20.880268096923828
20.832134246826172
20.796146392822266
20.725685119628906
20.60415267944336
20.44414710998535
20.245084762573242
20.107898712158203
19.749542236328125
19.523536682128906
18.77619743347168
18.27949333190918
19.48735237121582
19.531822204589844
19.44899559020996
19.340238571166992
19.212738037109375
19.0782470703125
18.93458366394043
18.789766311645508
18.641460418701172
18.4915771484375
18.338653564453125
18.18109703063965
18.02039909362793
17.851306915283203
17.67017364501953
17.487991333007812
17.303142547607422
17.1041202545166
16.89455223083496
16.666231155395508
16.413497924804688
16.11788558959961
15.712291717529297
15.209941864013672
14.635972023010254
14.235808372497559
14.342814445495605
14.516687393188477
15.295133590698242
15.2822904586792
15.179226875305176
14.8432035446167
14.492152214050293
14.281476974487305
14.306694030761719
14.162282943725586
13.94840145111084
current lr: 0.0072250000000000005
identify_sengene_v1 ... 
sengene cover: 0.9806949806949807
2026-03-05 21:22:05.656263: Contrastive learning Epoch: 002
generate_ct_specific_scores ...
extract_cell_indexs ... 
snc in different cell types:  Counter({'Micro_Homeostatic': 452, 'Micro_Activated': 219, 'Micro_Stress_Response': 34, 'Micro_Proliferating': 16, 'Micro_Remodeling': 10})
sencell cover: 1.0
15.421222686767578
15.398431777954102
15.366491317749023
15.325444221496582
15.277111053466797
15.233219146728516
15.192352294921875
15.155224800109863
15.11900806427002
15.081729888916016
15.042428970336914
15.003825187683105
14.965381622314453
14.927026748657227
14.888248443603516
14.849187850952148
14.810531616210938
14.772893905639648
14.735857009887695
14.697887420654297
14.658662796020508
14.620386123657227
14.58415412902832
14.546529769897461
14.507322311401367
14.471322059631348
14.432514190673828
14.397634506225586
14.358935356140137
14.325203895568848
14.287212371826172
14.248687744140625
14.212467193603516
14.174777030944824
14.137613296508789
14.101337432861328
14.063230514526367
14.026515007019043
13.990133285522461
13.952069282531738
13.914995193481445
13.878641128540039
13.840232849121094
13.803823471069336
13.766694068908691
13.728673934936523
13.69238567352295
13.654690742492676
13.618234634399414
13.581938743591309
current lr: 0.00614125
identify_sengene_v1 ... 
sengene cover: 0.9610894941634242
2026-03-05 21:24:00.766871: Contrastive learning Epoch: 003
generate_ct_specific_scores ...
extract_cell_indexs ... 
snc in different cell types:  Counter({'Micro_Homeostatic': 454, 'Micro_Activated': 220, 'Micro_Stress_Response': 35, 'Micro_Proliferating': 16, 'Micro_Remodeling': 11})
sencell cover: 0.9836956521739131
13.542960166931152
13.526203155517578
13.506464004516602
13.456306457519531
13.42670726776123
13.412031173706055
13.377910614013672
13.33387565612793
13.311473846435547
13.2755708694458
13.242179870605469
13.21330451965332
13.182228088378906
13.148655891418457
13.115293502807617
13.083272933959961
13.051952362060547
13.01970100402832
12.986658096313477
12.95337200164795
12.920855522155762
12.888989448547363
12.85579776763916
12.823201179504395
12.790369033813477
12.774287223815918
12.74782657623291
12.708889961242676
12.672122955322266
12.650659561157227
12.620427131652832
12.575885772705078
12.548223495483398
12.52051830291748
12.486504554748535
12.451410293579102
12.421250343322754
12.393020629882812
12.361480712890625
12.326637268066406
12.293889999389648
12.264688491821289
12.234437942504883
12.200762748718262
12.16750717163086
12.13757038116455
12.106414794921875
12.072715759277344
12.041557312011719
12.011232376098633
current lr: 0.0052200625
identify_sengene_v1 ... 
sengene cover: 0.9841269841269841
2026-03-05 21:25:55.680085: Contrastive learning Epoch: 004
generate_ct_specific_scores ...
extract_cell_indexs ... 
snc in different cell types:  Counter({'Micro_Homeostatic': 456, 'Micro_Activated': 219, 'Micro_Stress_Response': 35, 'Micro_Proliferating': 16, 'Micro_Remodeling': 11})
sencell cover: 0.9959294436906377
11.979667663574219
11.949705123901367
11.92432975769043
11.89865493774414
11.870766639709473
11.845877647399902
11.818796157836914
11.791915893554688
11.766650199890137
11.738357543945312
11.713122367858887
11.686480522155762
11.66002082824707
11.634838104248047
11.604972839355469
11.582033157348633
11.554313659667969
11.5267915725708
11.500678062438965
11.472982406616211
11.448317527770996
11.421247482299805
11.39419174194336
11.368724822998047
11.340585708618164
11.315868377685547
11.289451599121094
11.260842323303223
11.235601425170898
11.208114624023438
11.182394027709961
11.155086517333984
11.129237174987793
11.103007316589355
11.07526683807373
11.050521850585938
11.022626876831055
10.997196197509766
10.970915794372559
10.942977905273438
10.918344497680664
10.890705108642578
10.865449905395508
10.839944839477539
10.811356544494629
10.78637409210205
10.760553359985352
10.731285095214844
10.707049369812012
10.680916786193848
current lr: 0.004437053125
identify_sengene_v1 ... 
sengene cover: 0.9795081967213115
Processing file: /dfs3b/ruic20_lab/junw42/HCA_ON/data/5_refine_major/scvi/Microglia/clean/deepsas/subsamples//subsample_1.h5ad with experiment name: subsample_1
