{'input_data_count': '/dfs3b/ruic20_lab/junw42/HCA_ON/data/5_refine_major/scvi/Mural_cell/clean/deepsas/subsamples//subsample_0.h5ad', 'output_dir': '/dfs3b/ruic20_lab/junw42/HCA_ON/data/5_refine_major/scvi/Mural_cell/clean/deepsas//outputs', 'exp_name': 'subsample_0', 'device_index': 0, 'retrain': True, 'timestamp': '', 'seed': 40, 'n_genes': '5000', 'ccc': 'type1', 'gene_set': 'full', 'emb_size': 12, 'gat_epoch': 30, 'sencell_num': 600, 'sengene_num': 200, 'sencell_epoch': 40, 'cell_optim_epoch': 50, 'learning_rate': 0.01, 'batch_id': 0}
Outputs dir: /dfs3b/ruic20_lab/junw42/HCA_ON/data/5_refine_major/scvi/Mural_cell/clean/deepsas//outputs/outputs/subsample_0
load_data1 ...
Number of cells: 16937
Number of genes: 22723
The number of cell types 4
celltype names: ['vascularSMC_SORBS2+', 'Pericyte_PDE7B+', 'Pericyte_CFH+', 'vascularSMC_SLC7A2+']
-------------------  ----
vascularSMC_SORBS2+  7766
Pericyte_PDE7B+      4579
Pericyte_CFH+        2369
vascularSMC_SLC7A2+  2223
-------------------  ----
The number of genes in marker list：
  SenMayo    FRIDMAN    CellAge    Cell Cycle Markers
---------  ---------  ---------  --------------------
      125         77        144                    11
Total marker genes:  320
use 5000 highly genes!
Highly genes num:  5000
After genes dropped duplicated sengenes:  4909
Total gene num: 5190
cell num: 16937, gene num: 5190
Cell-gene graph, the number of edges: 3558101
add cell-cell edges with weights in 0 and 1...
CCC graph, the number of edges: 13812
device: cuda:0
Start remove batch effect, the default batch annotation in adata.obs["Sample"] ...
cell embedding generated!
Do not remove batch effect ...
gene embedding generated!
build graph pyg
edge index:  torch.Size([2, 3571913])
node feature:  torch.Size([22127, 12])
build graph pyg without edge weights ... 
Pyg graph: Data(x=[22127, 12], edge_index=[2, 7130014], y=[22127])
graph.is_directed(): False
graph nx and pyg saved!
Epoch 000, Loss: 34.3764
Epoch 001, Loss: 34.2291
Epoch 002, Loss: 34.0510
Epoch 003, Loss: 33.9825
Epoch 004, Loss: 33.8177
Epoch 005, Loss: 33.5381
Epoch 006, Loss: 33.2550
Epoch 007, Loss: 33.0704
Epoch 008, Loss: 32.4363
Epoch 009, Loss: 31.9116
Epoch 010, Loss: 31.6770
Epoch 011, Loss: 31.0602
Epoch 012, Loss: 30.5059
Epoch 013, Loss: 30.2554
Epoch 014, Loss: 29.5926
Epoch 015, Loss: 28.6605
Epoch 016, Loss: 28.1444
Epoch 017, Loss: 26.9601
Epoch 018, Loss: 25.8575
Epoch 019, Loss: 25.5343
Epoch 020, Loss: 24.6662
Epoch 021, Loss: 23.7537
Epoch 022, Loss: 23.1706
Epoch 023, Loss: 23.0917
Epoch 024, Loss: 22.3699
Epoch 025, Loss: 21.3558
Epoch 026, Loss: 20.7722
Epoch 027, Loss: 20.2822
Epoch 028, Loss: 20.0606
Epoch 029, Loss: 19.1167
GAT model saved! /dfs3b/ruic20_lab/junw42/HCA_ON/data/5_refine_major/scvi/Mural_cell/clean/deepsas//outputs/outputs/subsample_0/subsample_0_GAT.pt
2026-03-05 19:33:56.751349: Contrastive learning Epoch: 000
generate_ct_specific_scores ...
extract_cell_indexs ... 
snc in different cell types:  Counter({'vascularSMC_SORBS2+': 438, 'Pericyte_PDE7B+': 272, 'Pericyte_CFH+': 150, 'vascularSMC_SLC7A2+': 132})
16.016687393188477
15.98229694366455
15.961889266967773
15.979497909545898
15.919049263000488
15.823067665100098
15.79743766784668
15.758474349975586
15.690710067749023
15.635849952697754
15.603489875793457
15.561992645263672
15.524020195007324
15.487007141113281
15.442432403564453
15.39731502532959
15.356478691101074
15.311962127685547
15.271881103515625
15.233515739440918
15.189325332641602
15.147990226745605
15.10159969329834
15.056093215942383
15.009175300598145
14.961349487304688
14.912917137145996
14.868825912475586
14.82868766784668
14.89062213897705
14.731696128845215
14.761933326721191
14.655078887939453
14.614372253417969
14.584115028381348
14.533781051635742
14.490352630615234
14.434176445007324
14.38147258758545
14.332719802856445
14.283280372619629
14.236303329467773
14.183358192443848
14.133191108703613
14.154693603515625
14.041970252990723
14.17119026184082
13.983170509338379
13.93258285522461
13.872238159179688
current lr: 0.0085
identify_sengene_v1 ... 
sengene cover: 0.9644128113879004
2026-03-05 19:40:37.188613: Contrastive learning Epoch: 001
generate_ct_specific_scores ...
extract_cell_indexs ... 
snc in different cell types:  Counter({'vascularSMC_SORBS2+': 438, 'Pericyte_PDE7B+': 273, 'Pericyte_CFH+': 151, 'vascularSMC_SLC7A2+': 132})
sencell cover: 0.9929577464788732
14.32735824584961
14.110379219055176
14.05989933013916
14.10091781616211
14.032649993896484
13.884511947631836
13.852858543395996
13.78321647644043
13.697297096252441
13.631559371948242
13.563127517700195
13.524584770202637
13.514251708984375
13.474188804626465
13.429068565368652
13.400130271911621
13.366594314575195
13.319971084594727
13.276697158813477
13.243876457214355
13.209383010864258
13.166412353515625
13.12808609008789
13.094016075134277
13.053879737854004
13.010137557983398
12.97092056274414
12.933238983154297
12.890661239624023
12.848312377929688
12.80989933013916
12.768762588500977
12.72494125366211
12.68616771697998
12.643014907836914
12.600679397583008
12.560086250305176
12.515848159790039
12.475462913513184
12.432039260864258
12.389762878417969
12.3464994430542
12.302199363708496
12.257486343383789
12.214102745056152
12.16598129272461
12.130346298217773
12.124347686767578
12.04047966003418
12.368852615356445
current lr: 0.0072250000000000005
identify_sengene_v1 ... 
sengene cover: 0.9748201438848921
2026-03-05 19:47:01.018849: Contrastive learning Epoch: 002
generate_ct_specific_scores ...
extract_cell_indexs ... 
snc in different cell types:  Counter({'vascularSMC_SORBS2+': 441, 'Pericyte_PDE7B+': 275, 'Pericyte_CFH+': 153, 'vascularSMC_SLC7A2+': 137})
sencell cover: 0.9015904572564613
13.282447814941406
13.12657356262207
12.647159576416016
11.916385650634766
11.521580696105957
11.41722583770752
11.359333992004395
11.378098487854004
11.83137321472168
11.293447494506836
12.12723159790039
11.295608520507812
11.625675201416016
11.860936164855957
11.928590774536133
11.883281707763672
11.737966537475586
11.543501853942871
11.369054794311523
11.211215019226074
11.076991081237793
10.974918365478516
10.91264533996582
10.869978904724121
10.83371353149414
10.795451164245605
10.755915641784668
10.708457946777344
10.645780563354492
10.58649730682373
10.543149948120117
10.461374282836914
10.392881393432617
10.324431419372559
10.26279067993164
10.217169761657715
10.185731887817383
10.129819869995117
10.0453462600708
9.965119361877441
9.87502384185791
9.80225658416748
9.77121639251709
9.682119369506836
9.625704765319824
9.580644607543945
9.519363403320312
9.446157455444336
9.391775131225586
9.342682838439941
current lr: 0.00614125
identify_sengene_v1 ... 
sengene cover: 0.9672727272727273
2026-03-05 19:53:19.835126: Contrastive learning Epoch: 003
generate_ct_specific_scores ...
extract_cell_indexs ... 
snc in different cell types:  Counter({'vascularSMC_SORBS2+': 464, 'Pericyte_PDE7B+': 273, 'Pericyte_CFH+': 163, 'vascularSMC_SLC7A2+': 127})
sencell cover: 0.8052580331061344
13.819181442260742
22.03912925720215
14.164323806762695
11.20832633972168
11.383936882019043
12.261812210083008
12.375840187072754
12.045153617858887
11.662895202636719
11.276605606079102
10.996142387390137
10.80966567993164
10.723780632019043
10.709518432617188
10.721336364746094
10.718527793884277
10.682138442993164
10.612601280212402
10.523615837097168
10.431769371032715
10.344362258911133
10.269024848937988
10.205894470214844
10.150567054748535
10.097955703735352
10.049306869506836
10.000406265258789
9.93252182006836
9.853306770324707
9.77800178527832
9.739374160766602
9.725879669189453
9.714122772216797
9.690305709838867
9.648903846740723
9.59998893737793
9.543554306030273
9.497103691101074
9.457856178283691
9.415531158447266
9.373380661010742
9.32857608795166
9.280261039733887
9.227823257446289
9.179985046386719
9.133723258972168
9.0861234664917
9.035560607910156
8.984373092651367
8.931692123413086
current lr: 0.0052200625
identify_sengene_v1 ... 
sengene cover: 0.9632352941176471
2026-03-05 19:59:36.144525: Contrastive learning Epoch: 004
generate_ct_specific_scores ...
extract_cell_indexs ... 
snc in different cell types:  Counter({'vascularSMC_SORBS2+': 459, 'Pericyte_PDE7B+': 269, 'Pericyte_CFH+': 160, 'vascularSMC_SLC7A2+': 132})
sencell cover: 0.9549019607843138
12.516206741333008
12.499067306518555
12.472723960876465
12.438135147094727
12.396195411682129
12.347918510437012
12.293997764587402
12.235099792480469
12.171819686889648
12.104775428771973
12.034296035766602
11.960841178894043
11.88487434387207
11.806646347045898
11.726354598999023
11.644466400146484
11.561046600341797
11.476295471191406
11.390521049499512
11.30378532409668
11.216211318969727
11.127946853637695
11.039173126220703
10.949944496154785
10.860235214233398
10.770276069641113
10.68008804321289
10.589634895324707
10.499109268188477
10.408485412597656
10.31785774230957
10.227201461791992
10.136504173278809
10.045904159545898
9.955406188964844
9.864938735961914
9.774643898010254
9.684383392333984
9.59434700012207
9.504419326782227
9.41468620300293
9.325075149536133
9.235633850097656
9.146455764770508
9.057402610778809
8.968523025512695
8.879878997802734
8.791425704956055
8.71419906616211
8.686186790466309
current lr: 0.004437053125
identify_sengene_v1 ... 
sengene cover: 0.9923954372623575
Processing file: /dfs3b/ruic20_lab/junw42/HCA_ON/data/5_refine_major/scvi/Mural_cell/clean/deepsas/subsamples//subsample_0.h5ad with experiment name: subsample_0
