# 2026-03-06 11:29:39.189 [INFO] [deepsas_v1.py:47] ====== Part 1: load and process data ======
WARNING: adata.X seems to be already log-transformed.
# 2026-03-06 11:32:05.827 [INFO] [deepsas_v1.py:74] Part 1, data loading and processing end!
# 2026-03-06 11:32:05.827 [INFO] [deepsas_v1.py:78] ====== Part 2: generate init embedding ======
WARNING: adata.X seems to be already log-transformed.
/dfs3b/ruic20_lab/junw42/software/deepsas/.venv/lib/python3.8/site-packages/scanpy/preprocessing/_combat.py:340: RuntimeWarning: divide by zero encountered in divide
  (abs(g_new - g_old) / g_old).max(), (abs(d_new - d_old) / d_old).max()
/dfs3b/ruic20_lab/junw42/software/deepsas/.venv/lib/python3.8/site-packages/sklearn/decomposition/_pca.py:640: RuntimeWarning: invalid value encountered in divide
  self.explained_variance_ratio_ = self.explained_variance_ / total_var
WARNING: adata.X seems to be already log-transformed.
# 2026-03-06 11:35:52.012 [INFO] [deepsas_v1.py:173] Part 2, AE end!
# 2026-03-06 11:35:52.012 [INFO] [deepsas_v1.py:174] ====== Part 3: GAT training ======
deepsas_v1.py:219: FutureWarning: `torch.cuda.amp.GradScaler(args...)` is deprecated. Please use `torch.amp.GradScaler('cuda', args...)` instead.
  scaler = torch.cuda.amp.GradScaler(enabled=(device.type == "cuda"))
deepsas_v1.py:225: FutureWarning: `torch.cuda.amp.autocast(args...)` is deprecated. Please use `torch.amp.autocast('cuda', args...)` instead.
  with torch.cuda.amp.autocast(enabled=(device.type == "cuda")):
# 2026-03-06 11:45:49.213 [INFO] [deepsas_v1.py:253] Part 2, train GAT end!
# 2026-03-06 11:45:49.213 [INFO] [deepsas_v1.py:255] ====== Part 4: Contrastive learning ======
deepsas_v1.py:385: UserWarning: To copy construct from a tensor, it is recommended to use sourceTensor.clone().detach() or sourceTensor.clone().detach().requires_grad_(True), rather than torch.tensor(sourceTensor).
  gene_index=torch.tensor(sen_gene_ls)
# 2026-03-06 13:08:10.407 [INFO] [deepsas_v1.py:47] ====== Part 1: load and process data ======
WARNING: adata.X seems to be already log-transformed.
# 2026-03-06 13:10:32.287 [INFO] [deepsas_v1.py:74] Part 1, data loading and processing end!
# 2026-03-06 13:10:32.287 [INFO] [deepsas_v1.py:78] ====== Part 2: generate init embedding ======
WARNING: adata.X seems to be already log-transformed.
/dfs3b/ruic20_lab/junw42/software/deepsas/.venv/lib/python3.8/site-packages/scanpy/preprocessing/_combat.py:340: RuntimeWarning: divide by zero encountered in divide
  (abs(g_new - g_old) / g_old).max(), (abs(d_new - d_old) / d_old).max()
/dfs3b/ruic20_lab/junw42/software/deepsas/.venv/lib/python3.8/site-packages/sklearn/decomposition/_pca.py:640: RuntimeWarning: invalid value encountered in divide
  self.explained_variance_ratio_ = self.explained_variance_ / total_var
WARNING: adata.X seems to be already log-transformed.
# 2026-03-06 13:14:18.114 [INFO] [deepsas_v1.py:173] Part 2, AE end!
# 2026-03-06 13:14:18.114 [INFO] [deepsas_v1.py:174] ====== Part 3: GAT training ======
deepsas_v1.py:219: FutureWarning: `torch.cuda.amp.GradScaler(args...)` is deprecated. Please use `torch.amp.GradScaler('cuda', args...)` instead.
  scaler = torch.cuda.amp.GradScaler(enabled=(device.type == "cuda"))
deepsas_v1.py:225: FutureWarning: `torch.cuda.amp.autocast(args...)` is deprecated. Please use `torch.amp.autocast('cuda', args...)` instead.
  with torch.cuda.amp.autocast(enabled=(device.type == "cuda")):
# 2026-03-06 13:24:18.580 [INFO] [deepsas_v1.py:253] Part 2, train GAT end!
# 2026-03-06 13:24:18.580 [INFO] [deepsas_v1.py:255] ====== Part 4: Contrastive learning ======
deepsas_v1.py:385: UserWarning: To copy construct from a tensor, it is recommended to use sourceTensor.clone().detach() or sourceTensor.clone().detach().requires_grad_(True), rather than torch.tensor(sourceTensor).
  gene_index=torch.tensor(sen_gene_ls)
# 2026-03-06 14:48:42.261 [INFO] [deepsas_v1.py:47] ====== Part 1: load and process data ======
WARNING: adata.X seems to be already log-transformed.
# 2026-03-06 14:51:17.245 [INFO] [deepsas_v1.py:74] Part 1, data loading and processing end!
# 2026-03-06 14:51:17.245 [INFO] [deepsas_v1.py:78] ====== Part 2: generate init embedding ======
WARNING: adata.X seems to be already log-transformed.
/dfs3b/ruic20_lab/junw42/software/deepsas/.venv/lib/python3.8/site-packages/scanpy/preprocessing/_combat.py:340: RuntimeWarning: divide by zero encountered in divide
  (abs(g_new - g_old) / g_old).max(), (abs(d_new - d_old) / d_old).max()
/dfs3b/ruic20_lab/junw42/software/deepsas/.venv/lib/python3.8/site-packages/sklearn/decomposition/_pca.py:640: RuntimeWarning: invalid value encountered in divide
  self.explained_variance_ratio_ = self.explained_variance_ / total_var
WARNING: adata.X seems to be already log-transformed.
# 2026-03-06 14:55:13.100 [INFO] [deepsas_v1.py:173] Part 2, AE end!
# 2026-03-06 14:55:13.101 [INFO] [deepsas_v1.py:174] ====== Part 3: GAT training ======
deepsas_v1.py:219: FutureWarning: `torch.cuda.amp.GradScaler(args...)` is deprecated. Please use `torch.amp.GradScaler('cuda', args...)` instead.
  scaler = torch.cuda.amp.GradScaler(enabled=(device.type == "cuda"))
deepsas_v1.py:225: FutureWarning: `torch.cuda.amp.autocast(args...)` is deprecated. Please use `torch.amp.autocast('cuda', args...)` instead.
  with torch.cuda.amp.autocast(enabled=(device.type == "cuda")):
# 2026-03-06 15:04:56.552 [INFO] [deepsas_v1.py:253] Part 2, train GAT end!
# 2026-03-06 15:04:56.553 [INFO] [deepsas_v1.py:255] ====== Part 4: Contrastive learning ======
deepsas_v1.py:385: UserWarning: To copy construct from a tensor, it is recommended to use sourceTensor.clone().detach() or sourceTensor.clone().detach().requires_grad_(True), rather than torch.tensor(sourceTensor).
  gene_index=torch.tensor(sen_gene_ls)
# 2026-03-06 16:34:02.197 [INFO] [deepsas_v1.py:47] ====== Part 1: load and process data ======
WARNING: adata.X seems to be already log-transformed.
# 2026-03-06 16:36:21.098 [INFO] [deepsas_v1.py:74] Part 1, data loading and processing end!
# 2026-03-06 16:36:21.098 [INFO] [deepsas_v1.py:78] ====== Part 2: generate init embedding ======
WARNING: adata.X seems to be already log-transformed.
/dfs3b/ruic20_lab/junw42/software/deepsas/.venv/lib/python3.8/site-packages/scanpy/preprocessing/_combat.py:340: RuntimeWarning: divide by zero encountered in divide
  (abs(g_new - g_old) / g_old).max(), (abs(d_new - d_old) / d_old).max()
WARNING: adata.X seems to be already log-transformed.
# 2026-03-06 16:39:14.118 [INFO] [deepsas_v1.py:173] Part 2, AE end!
# 2026-03-06 16:39:14.118 [INFO] [deepsas_v1.py:174] ====== Part 3: GAT training ======
deepsas_v1.py:219: FutureWarning: `torch.cuda.amp.GradScaler(args...)` is deprecated. Please use `torch.amp.GradScaler('cuda', args...)` instead.
  scaler = torch.cuda.amp.GradScaler(enabled=(device.type == "cuda"))
deepsas_v1.py:225: FutureWarning: `torch.cuda.amp.autocast(args...)` is deprecated. Please use `torch.amp.autocast('cuda', args...)` instead.
  with torch.cuda.amp.autocast(enabled=(device.type == "cuda")):
# 2026-03-06 16:49:05.643 [INFO] [deepsas_v1.py:253] Part 2, train GAT end!
# 2026-03-06 16:49:05.643 [INFO] [deepsas_v1.py:255] ====== Part 4: Contrastive learning ======
deepsas_v1.py:385: UserWarning: To copy construct from a tensor, it is recommended to use sourceTensor.clone().detach() or sourceTensor.clone().detach().requires_grad_(True), rather than torch.tensor(sourceTensor).
  gene_index=torch.tensor(sen_gene_ls)
# 2026-03-06 18:14:36.989 [INFO] [deepsas_v1.py:47] ====== Part 1: load and process data ======
WARNING: adata.X seems to be already log-transformed.
# 2026-03-06 18:17:08.344 [INFO] [deepsas_v1.py:74] Part 1, data loading and processing end!
# 2026-03-06 18:17:08.344 [INFO] [deepsas_v1.py:78] ====== Part 2: generate init embedding ======
WARNING: adata.X seems to be already log-transformed.
/dfs3b/ruic20_lab/junw42/software/deepsas/.venv/lib/python3.8/site-packages/scanpy/preprocessing/_combat.py:340: RuntimeWarning: divide by zero encountered in divide
  (abs(g_new - g_old) / g_old).max(), (abs(d_new - d_old) / d_old).max()
/dfs3b/ruic20_lab/junw42/software/deepsas/.venv/lib/python3.8/site-packages/sklearn/decomposition/_pca.py:640: RuntimeWarning: invalid value encountered in divide
  self.explained_variance_ratio_ = self.explained_variance_ / total_var
WARNING: adata.X seems to be already log-transformed.
# 2026-03-06 18:20:56.156 [INFO] [deepsas_v1.py:173] Part 2, AE end!
# 2026-03-06 18:20:56.156 [INFO] [deepsas_v1.py:174] ====== Part 3: GAT training ======
deepsas_v1.py:219: FutureWarning: `torch.cuda.amp.GradScaler(args...)` is deprecated. Please use `torch.amp.GradScaler('cuda', args...)` instead.
  scaler = torch.cuda.amp.GradScaler(enabled=(device.type == "cuda"))
deepsas_v1.py:225: FutureWarning: `torch.cuda.amp.autocast(args...)` is deprecated. Please use `torch.amp.autocast('cuda', args...)` instead.
  with torch.cuda.amp.autocast(enabled=(device.type == "cuda")):
# 2026-03-06 18:30:48.913 [INFO] [deepsas_v1.py:253] Part 2, train GAT end!
# 2026-03-06 18:30:48.913 [INFO] [deepsas_v1.py:255] ====== Part 4: Contrastive learning ======
deepsas_v1.py:385: UserWarning: To copy construct from a tensor, it is recommended to use sourceTensor.clone().detach() or sourceTensor.clone().detach().requires_grad_(True), rather than torch.tensor(sourceTensor).
  gene_index=torch.tensor(sen_gene_ls)
# 2026-03-06 19:52:25.397 [INFO] [deepsas_v1.py:47] ====== Part 1: load and process data ======
WARNING: adata.X seems to be already log-transformed.
# 2026-03-06 19:54:43.976 [INFO] [deepsas_v1.py:74] Part 1, data loading and processing end!
# 2026-03-06 19:54:43.976 [INFO] [deepsas_v1.py:78] ====== Part 2: generate init embedding ======
WARNING: adata.X seems to be already log-transformed.
/dfs3b/ruic20_lab/junw42/software/deepsas/.venv/lib/python3.8/site-packages/scanpy/preprocessing/_combat.py:340: RuntimeWarning: divide by zero encountered in divide
  (abs(g_new - g_old) / g_old).max(), (abs(d_new - d_old) / d_old).max()
/dfs3b/ruic20_lab/junw42/software/deepsas/.venv/lib/python3.8/site-packages/sklearn/decomposition/_pca.py:640: RuntimeWarning: invalid value encountered in divide
  self.explained_variance_ratio_ = self.explained_variance_ / total_var
WARNING: adata.X seems to be already log-transformed.
# 2026-03-06 19:58:31.411 [INFO] [deepsas_v1.py:173] Part 2, AE end!
# 2026-03-06 19:58:31.411 [INFO] [deepsas_v1.py:174] ====== Part 3: GAT training ======
deepsas_v1.py:219: FutureWarning: `torch.cuda.amp.GradScaler(args...)` is deprecated. Please use `torch.amp.GradScaler('cuda', args...)` instead.
  scaler = torch.cuda.amp.GradScaler(enabled=(device.type == "cuda"))
deepsas_v1.py:225: FutureWarning: `torch.cuda.amp.autocast(args...)` is deprecated. Please use `torch.amp.autocast('cuda', args...)` instead.
  with torch.cuda.amp.autocast(enabled=(device.type == "cuda")):
# 2026-03-06 20:08:42.376 [INFO] [deepsas_v1.py:253] Part 2, train GAT end!
# 2026-03-06 20:08:42.377 [INFO] [deepsas_v1.py:255] ====== Part 4: Contrastive learning ======
deepsas_v1.py:385: UserWarning: To copy construct from a tensor, it is recommended to use sourceTensor.clone().detach() or sourceTensor.clone().detach().requires_grad_(True), rather than torch.tensor(sourceTensor).
  gene_index=torch.tensor(sen_gene_ls)
# 2026-03-06 21:29:03.548 [INFO] [deepsas_v1.py:47] ====== Part 1: load and process data ======
WARNING: adata.X seems to be already log-transformed.
# 2026-03-06 21:31:25.274 [INFO] [deepsas_v1.py:74] Part 1, data loading and processing end!
# 2026-03-06 21:31:25.274 [INFO] [deepsas_v1.py:78] ====== Part 2: generate init embedding ======
WARNING: adata.X seems to be already log-transformed.
/dfs3b/ruic20_lab/junw42/software/deepsas/.venv/lib/python3.8/site-packages/scanpy/preprocessing/_combat.py:340: RuntimeWarning: divide by zero encountered in divide
  (abs(g_new - g_old) / g_old).max(), (abs(d_new - d_old) / d_old).max()
/dfs3b/ruic20_lab/junw42/software/deepsas/.venv/lib/python3.8/site-packages/sklearn/decomposition/_pca.py:640: RuntimeWarning: invalid value encountered in divide
  self.explained_variance_ratio_ = self.explained_variance_ / total_var
WARNING: adata.X seems to be already log-transformed.
# 2026-03-06 21:35:12.487 [INFO] [deepsas_v1.py:173] Part 2, AE end!
# 2026-03-06 21:35:12.487 [INFO] [deepsas_v1.py:174] ====== Part 3: GAT training ======
deepsas_v1.py:219: FutureWarning: `torch.cuda.amp.GradScaler(args...)` is deprecated. Please use `torch.amp.GradScaler('cuda', args...)` instead.
  scaler = torch.cuda.amp.GradScaler(enabled=(device.type == "cuda"))
deepsas_v1.py:225: FutureWarning: `torch.cuda.amp.autocast(args...)` is deprecated. Please use `torch.amp.autocast('cuda', args...)` instead.
  with torch.cuda.amp.autocast(enabled=(device.type == "cuda")):
# 2026-03-06 21:45:08.921 [INFO] [deepsas_v1.py:253] Part 2, train GAT end!
# 2026-03-06 21:45:08.921 [INFO] [deepsas_v1.py:255] ====== Part 4: Contrastive learning ======
deepsas_v1.py:385: UserWarning: To copy construct from a tensor, it is recommended to use sourceTensor.clone().detach() or sourceTensor.clone().detach().requires_grad_(True), rather than torch.tensor(sourceTensor).
  gene_index=torch.tensor(sen_gene_ls)
# 2026-03-06 23:12:36.078 [INFO] [deepsas_v1.py:47] ====== Part 1: load and process data ======
WARNING: adata.X seems to be already log-transformed.
# 2026-03-06 23:15:01.468 [INFO] [deepsas_v1.py:74] Part 1, data loading and processing end!
# 2026-03-06 23:15:01.468 [INFO] [deepsas_v1.py:78] ====== Part 2: generate init embedding ======
WARNING: adata.X seems to be already log-transformed.
/dfs3b/ruic20_lab/junw42/software/deepsas/.venv/lib/python3.8/site-packages/scanpy/preprocessing/_combat.py:340: RuntimeWarning: divide by zero encountered in divide
  (abs(g_new - g_old) / g_old).max(), (abs(d_new - d_old) / d_old).max()
/dfs3b/ruic20_lab/junw42/software/deepsas/.venv/lib/python3.8/site-packages/sklearn/decomposition/_pca.py:640: RuntimeWarning: invalid value encountered in divide
  self.explained_variance_ratio_ = self.explained_variance_ / total_var
WARNING: adata.X seems to be already log-transformed.
# 2026-03-06 23:18:47.655 [INFO] [deepsas_v1.py:173] Part 2, AE end!
# 2026-03-06 23:18:47.655 [INFO] [deepsas_v1.py:174] ====== Part 3: GAT training ======
deepsas_v1.py:219: FutureWarning: `torch.cuda.amp.GradScaler(args...)` is deprecated. Please use `torch.amp.GradScaler('cuda', args...)` instead.
  scaler = torch.cuda.amp.GradScaler(enabled=(device.type == "cuda"))
deepsas_v1.py:225: FutureWarning: `torch.cuda.amp.autocast(args...)` is deprecated. Please use `torch.amp.autocast('cuda', args...)` instead.
  with torch.cuda.amp.autocast(enabled=(device.type == "cuda")):
# 2026-03-06 23:28:43.511 [INFO] [deepsas_v1.py:253] Part 2, train GAT end!
# 2026-03-06 23:28:43.511 [INFO] [deepsas_v1.py:255] ====== Part 4: Contrastive learning ======
deepsas_v1.py:385: UserWarning: To copy construct from a tensor, it is recommended to use sourceTensor.clone().detach() or sourceTensor.clone().detach().requires_grad_(True), rather than torch.tensor(sourceTensor).
  gene_index=torch.tensor(sen_gene_ls)
# 2026-03-07 00:51:51.146 [INFO] [deepsas_v1.py:47] ====== Part 1: load and process data ======
WARNING: adata.X seems to be already log-transformed.
# 2026-03-07 00:54:04.784 [INFO] [deepsas_v1.py:74] Part 1, data loading and processing end!
# 2026-03-07 00:54:04.784 [INFO] [deepsas_v1.py:78] ====== Part 2: generate init embedding ======
WARNING: adata.X seems to be already log-transformed.
/dfs3b/ruic20_lab/junw42/software/deepsas/.venv/lib/python3.8/site-packages/scanpy/preprocessing/_combat.py:340: RuntimeWarning: divide by zero encountered in divide
  (abs(g_new - g_old) / g_old).max(), (abs(d_new - d_old) / d_old).max()
/dfs3b/ruic20_lab/junw42/software/deepsas/.venv/lib/python3.8/site-packages/sklearn/decomposition/_pca.py:640: RuntimeWarning: invalid value encountered in divide
  self.explained_variance_ratio_ = self.explained_variance_ / total_var
WARNING: adata.X seems to be already log-transformed.
# 2026-03-07 00:57:49.139 [INFO] [deepsas_v1.py:173] Part 2, AE end!
# 2026-03-07 00:57:49.139 [INFO] [deepsas_v1.py:174] ====== Part 3: GAT training ======
deepsas_v1.py:219: FutureWarning: `torch.cuda.amp.GradScaler(args...)` is deprecated. Please use `torch.amp.GradScaler('cuda', args...)` instead.
  scaler = torch.cuda.amp.GradScaler(enabled=(device.type == "cuda"))
deepsas_v1.py:225: FutureWarning: `torch.cuda.amp.autocast(args...)` is deprecated. Please use `torch.amp.autocast('cuda', args...)` instead.
  with torch.cuda.amp.autocast(enabled=(device.type == "cuda")):
# 2026-03-07 01:07:38.259 [INFO] [deepsas_v1.py:253] Part 2, train GAT end!
# 2026-03-07 01:07:38.259 [INFO] [deepsas_v1.py:255] ====== Part 4: Contrastive learning ======
deepsas_v1.py:385: UserWarning: To copy construct from a tensor, it is recommended to use sourceTensor.clone().detach() or sourceTensor.clone().detach().requires_grad_(True), rather than torch.tensor(sourceTensor).
  gene_index=torch.tensor(sen_gene_ls)
# 2026-03-07 02:40:44.416 [INFO] [deepsas_v1.py:47] ====== Part 1: load and process data ======
WARNING: adata.X seems to be already log-transformed.
# 2026-03-07 02:41:13.306 [INFO] [deepsas_v1.py:74] Part 1, data loading and processing end!
# 2026-03-07 02:41:13.306 [INFO] [deepsas_v1.py:78] ====== Part 2: generate init embedding ======
WARNING: adata.X seems to be already log-transformed.
/dfs3b/ruic20_lab/junw42/software/deepsas/.venv/lib/python3.8/site-packages/scanpy/preprocessing/_combat.py:340: RuntimeWarning: divide by zero encountered in divide
  (abs(g_new - g_old) / g_old).max(), (abs(d_new - d_old) / d_old).max()
/dfs3b/ruic20_lab/junw42/software/deepsas/.venv/lib/python3.8/site-packages/sklearn/decomposition/_pca.py:640: RuntimeWarning: invalid value encountered in divide
  self.explained_variance_ratio_ = self.explained_variance_ / total_var
WARNING: adata.X seems to be already log-transformed.
# 2026-03-07 02:43:26.990 [INFO] [deepsas_v1.py:173] Part 2, AE end!
# 2026-03-07 02:43:26.990 [INFO] [deepsas_v1.py:174] ====== Part 3: GAT training ======
deepsas_v1.py:219: FutureWarning: `torch.cuda.amp.GradScaler(args...)` is deprecated. Please use `torch.amp.GradScaler('cuda', args...)` instead.
  scaler = torch.cuda.amp.GradScaler(enabled=(device.type == "cuda"))
deepsas_v1.py:225: FutureWarning: `torch.cuda.amp.autocast(args...)` is deprecated. Please use `torch.amp.autocast('cuda', args...)` instead.
  with torch.cuda.amp.autocast(enabled=(device.type == "cuda")):
# 2026-03-07 02:47:03.578 [INFO] [deepsas_v1.py:253] Part 2, train GAT end!
# 2026-03-07 02:47:03.578 [INFO] [deepsas_v1.py:255] ====== Part 4: Contrastive learning ======
deepsas_v1.py:385: UserWarning: To copy construct from a tensor, it is recommended to use sourceTensor.clone().detach() or sourceTensor.clone().detach().requires_grad_(True), rather than torch.tensor(sourceTensor).
  gene_index=torch.tensor(sen_gene_ls)
