{'input_data_count': '/dfs3b/ruic20_lab/junw42/HCA_ON/data/5_refine_major/scvi/Oligodendrocyte/clean/deepsas/subsamples//subsample_0.h5ad', 'output_dir': '/dfs3b/ruic20_lab/junw42/HCA_ON/data/5_refine_major/scvi/Oligodendrocyte/clean/deepsas//outputs', 'exp_name': 'subsample_0', 'device_index': 0, 'retrain': True, 'timestamp': '', 'seed': 40, 'n_genes': '5000', 'ccc': 'type1', 'gene_set': 'full', 'emb_size': 12, 'gat_epoch': 30, 'sencell_num': 600, 'sengene_num': 200, 'sencell_epoch': 40, 'cell_optim_epoch': 50, 'learning_rate': 0.01, 'batch_id': 0}
Outputs dir: /dfs3b/ruic20_lab/junw42/HCA_ON/data/5_refine_major/scvi/Oligodendrocyte/clean/deepsas//outputs/outputs/subsample_0
load_data1 ...
Number of cells: 30000
Number of genes: 25535
The number of cell types 4
celltype names: ['OLIGO2_LRRC7+', 'OLIGO1', 'OLIGO1_SVEP1+', 'OLIGO1_RBFOX1+']
--------------  ----
OLIGO2_LRRC7+   9113
OLIGO1          8111
OLIGO1_SVEP1+   7617
OLIGO1_RBFOX1+  5159
--------------  ----
The number of genes in marker list：
  SenMayo    FRIDMAN    CellAge    Cell Cycle Markers
---------  ---------  ---------  --------------------
      125         77        144                    11
Total marker genes:  320
use 5000 highly genes!
Highly genes num:  5000
After genes dropped duplicated sengenes:  4887
Total gene num: 5165
cell num: 30000, gene num: 5165
Cell-gene graph, the number of edges: 7752823
add cell-cell edges with weights in 0 and 1...
CCC graph, the number of edges: 1666
device: cuda:0
Start remove batch effect, the default batch annotation in adata.obs["Sample"] ...
cell embedding generated!
Do not remove batch effect ...
gene embedding generated!
build graph pyg
edge index:  torch.Size([2, 7754489])
node feature:  torch.Size([35165, 12])
build graph pyg without edge weights ... 
Pyg graph: Data(x=[35165, 12], edge_index=[2, 15507312], y=[35165])
graph.is_directed(): False
graph nx and pyg saved!
Epoch 000, Loss: 30.9688
Epoch 001, Loss: 30.7638
Epoch 002, Loss: 30.7643
Epoch 003, Loss: 30.9881
Epoch 004, Loss: 28.6856
Epoch 005, Loss: 27.5353
Epoch 006, Loss: 26.5745
Epoch 007, Loss: 23.8553
Epoch 008, Loss: 22.1755
Epoch 009, Loss: 21.4641
Epoch 010, Loss: 20.5020
Epoch 011, Loss: 19.8577
Epoch 012, Loss: 19.2621
Epoch 013, Loss: 18.5952
Epoch 014, Loss: 17.5932
Epoch 015, Loss: 17.5753
Epoch 016, Loss: 17.2052
Epoch 017, Loss: 16.7717
Epoch 018, Loss: 15.9634
Epoch 019, Loss: 15.6065
Epoch 020, Loss: 15.1047
Epoch 021, Loss: 14.5599
Epoch 022, Loss: 14.2601
Epoch 023, Loss: 13.6839
Epoch 024, Loss: 13.5227
Epoch 025, Loss: 13.5746
Epoch 026, Loss: 13.5705
Epoch 027, Loss: 13.1835
Epoch 028, Loss: 13.0080
Epoch 029, Loss: 12.7928
GAT model saved! /dfs3b/ruic20_lab/junw42/HCA_ON/data/5_refine_major/scvi/Oligodendrocyte/clean/deepsas//outputs/outputs/subsample_0/subsample_0_GAT.pt
2026-03-06 11:45:49.514174: Contrastive learning Epoch: 000
generate_ct_specific_scores ...
extract_cell_indexs ... 
snc in different cell types:  Counter({'OLIGO1': 565, 'OLIGO2_LRRC7+': 499, 'OLIGO1_SVEP1+': 316, 'OLIGO1_RBFOX1+': 230})
16.568519592285156
17.924041748046875
15.991954803466797
15.944523811340332
15.875908851623535
15.840076446533203
15.802629470825195
15.76331615447998
15.722347259521484
15.679271697998047
15.636390686035156
15.590287208557129
15.543697357177734
15.494582176208496
15.447013854980469
15.404601097106934
15.370159149169922
15.329146385192871
15.285696983337402
15.24032211303711
15.19714069366455
15.155593872070312
15.11574935913086
15.072022438049316
15.030625343322754
14.986452102661133
14.947453498840332
14.904191970825195
14.861257553100586
14.820913314819336
14.77717399597168
14.734045028686523
14.69179630279541
14.64848518371582
14.604713439941406
14.56249713897705
14.524142265319824
14.481483459472656
14.433682441711426
14.382740020751953
14.34261417388916
14.310325622558594
14.25705337524414
14.205523490905762
14.148231506347656
14.109977722167969
14.097715377807617
14.079122543334961
14.119192123413086
14.028656959533691
current lr: 0.0085
identify_sengene_v1 ... 
sengene cover: 0.9640287769784173
2026-03-06 12:02:14.484543: Contrastive learning Epoch: 001
generate_ct_specific_scores ...
extract_cell_indexs ... 
snc in different cell types:  Counter({'OLIGO1': 580, 'OLIGO2_LRRC7+': 520, 'OLIGO1_SVEP1+': 328, 'OLIGO1_RBFOX1+': 231})
sencell cover: 0.9439421338155516
14.654736518859863
14.625284194946289
14.564349174499512
14.475834846496582
14.35970687866211
14.21146011352539
14.034619331359863
13.893086433410645
13.891535758972168
13.925402641296387
13.875121116638184
13.78079605102539
13.688318252563477
13.617484092712402
13.570272445678711
13.534832000732422
13.498479843139648
13.457324981689453
13.415265083312988
13.372800827026367
13.336563110351562
13.312187194824219
13.285799980163574
13.249956130981445
13.202988624572754
13.154882431030273
13.132856369018555
13.103558540344238
13.06665325164795
13.029784202575684
12.98613166809082
12.956185340881348
12.929922103881836
12.890925407409668
12.850226402282715
12.819021224975586
12.7872896194458
12.75517463684082
12.714823722839355
12.679422378540039
12.652213096618652
12.614574432373047
12.576271057128906
12.54513168334961
12.511701583862305
12.476970672607422
12.439741134643555
12.409082412719727
12.373482704162598
12.337594032287598
current lr: 0.0072250000000000005
identify_sengene_v1 ... 
sengene cover: 0.9781021897810219
2026-03-06 12:18:38.905818: Contrastive learning Epoch: 002
generate_ct_specific_scores ...
extract_cell_indexs ... 
snc in different cell types:  Counter({'OLIGO1': 600, 'OLIGO2_LRRC7+': 526, 'OLIGO1_SVEP1+': 357, 'OLIGO1_RBFOX1+': 249})
sencell cover: 0.9035796766743649
12.317388534545898
12.28267765045166
12.250765800476074
12.230863571166992
12.2044095993042
12.169669151306152
12.135787963867188
12.100912094116211
12.075613021850586
12.04599380493164
12.013182640075684
11.990201950073242
11.961433410644531
11.927821159362793
11.905513763427734
11.879575729370117
11.84280776977539
11.81791877746582
11.793496131896973
11.759492874145508
11.725374221801758
11.701844215393066
11.675466537475586
11.651599884033203
11.619461059570312
11.58322811126709
11.557548522949219
11.53131103515625
11.497176170349121
11.464588165283203
11.437560081481934
11.405667304992676
11.379983901977539
11.35181999206543
11.317989349365234
11.295503616333008
11.268633842468262
11.24010181427002
11.204361915588379
11.18432331085205
11.15984058380127
11.127588272094727
11.099505424499512
11.065520286560059
11.037545204162598
11.004354476928711
10.975619316101074
10.94495964050293
10.920316696166992
10.891322135925293
current lr: 0.00614125
identify_sengene_v1 ... 
sengene cover: 0.9850187265917603
2026-03-06 12:35:05.632074: Contrastive learning Epoch: 003
generate_ct_specific_scores ...
extract_cell_indexs ... 
snc in different cell types:  Counter({'OLIGO1': 602, 'OLIGO2_LRRC7+': 521, 'OLIGO1_SVEP1+': 353, 'OLIGO1_RBFOX1+': 255})
sencell cover: 0.9387637203928365
10.862649917602539
10.834879875183105
10.807912826538086
10.787298202514648
10.770724296569824
10.746310234069824
10.714639663696289
10.688488006591797
10.668910026550293
10.641212463378906
10.618154525756836
10.594329833984375
10.569135665893555
10.541009902954102
10.513537406921387
10.493865013122559
10.475833892822266
10.452414512634277
10.422922134399414
10.390470504760742
10.370304107666016
10.342778205871582
10.32023811340332
10.296612739562988
10.271565437316895
10.2442045211792
10.220714569091797
10.194664001464844
10.17271614074707
10.149381637573242
10.124887466430664
10.097855567932129
10.071939468383789
10.050445556640625
10.032632827758789
10.008147239685059
9.977941513061523
9.950894355773926
9.930967330932617
9.90446662902832
9.880035400390625
9.856954574584961
9.832797050476074
9.804911613464355
9.77713394165039
9.7559232711792
9.738641738891602
9.71407413482666
9.684455871582031
9.654470443725586
current lr: 0.0052200625
identify_sengene_v1 ... 
sengene cover: 0.9884615384615385
2026-03-06 12:51:31.219376: Contrastive learning Epoch: 004
generate_ct_specific_scores ...
extract_cell_indexs ... 
snc in different cell types:  Counter({'OLIGO1': 605, 'OLIGO2_LRRC7+': 534, 'OLIGO1_SVEP1+': 346, 'OLIGO1_RBFOX1+': 256})
sencell cover: 0.9236071223434807
9.632190704345703
9.609390258789062
9.588214874267578
9.570047378540039
9.547808647155762
9.524137496948242
9.505367279052734
9.482895851135254
9.463308334350586
9.44290542602539
9.420856475830078
9.39936637878418
9.379121780395508
9.35650634765625
9.337980270385742
9.317503929138184
9.294981956481934
9.27353572845459
9.25378131866455
9.231267929077148
9.211599349975586
9.191634178161621
9.169129371643066
9.147954940795898
9.127645492553711
9.105446815490723
9.08592700958252
9.066325187683105
9.043715476989746
9.021677017211914
9.001724243164062
8.979236602783203
8.959308624267578
8.938289642333984
8.916520118713379
8.896471977233887
8.874673843383789
8.85423755645752
8.833120346069336
8.811945915222168
8.791441917419434
8.76999282836914
8.749423027038574
8.728361129760742
8.70724105834961
8.686625480651855
8.665412902832031
8.644536972045898
8.623758316040039
8.602612495422363
current lr: 0.004437053125
identify_sengene_v1 ... 
sengene cover: 0.992
Processing file: /dfs3b/ruic20_lab/junw42/HCA_ON/data/5_refine_major/scvi/Oligodendrocyte/clean/deepsas/subsamples//subsample_0.h5ad with experiment name: subsample_0
{'input_data_count': '/dfs3b/ruic20_lab/junw42/HCA_ON/data/5_refine_major/scvi/Oligodendrocyte/clean/deepsas/subsamples//subsample_1.h5ad', 'output_dir': '/dfs3b/ruic20_lab/junw42/HCA_ON/data/5_refine_major/scvi/Oligodendrocyte/clean/deepsas//outputs', 'exp_name': 'subsample_1', 'device_index': 0, 'retrain': True, 'timestamp': '', 'seed': 40, 'n_genes': '5000', 'ccc': 'type1', 'gene_set': 'full', 'emb_size': 12, 'gat_epoch': 30, 'sencell_num': 600, 'sengene_num': 200, 'sencell_epoch': 40, 'cell_optim_epoch': 50, 'learning_rate': 0.01, 'batch_id': 0}
Outputs dir: /dfs3b/ruic20_lab/junw42/HCA_ON/data/5_refine_major/scvi/Oligodendrocyte/clean/deepsas//outputs/outputs/subsample_1
load_data1 ...
Number of cells: 30000
Number of genes: 25513
The number of cell types 4
celltype names: ['OLIGO2_LRRC7+', 'OLIGO1', 'OLIGO1_SVEP1+', 'OLIGO1_RBFOX1+']
--------------  ----
OLIGO2_LRRC7+   9113
OLIGO1          8111
OLIGO1_SVEP1+   7617
OLIGO1_RBFOX1+  5159
--------------  ----
The number of genes in marker list：
  SenMayo    FRIDMAN    CellAge    Cell Cycle Markers
---------  ---------  ---------  --------------------
      125         77        144                    11
Total marker genes:  320
use 5000 highly genes!
Highly genes num:  5000
After genes dropped duplicated sengenes:  4885
Total gene num: 5159
cell num: 30000, gene num: 5159
Cell-gene graph, the number of edges: 7808385
add cell-cell edges with weights in 0 and 1...
CCC graph, the number of edges: 1138
device: cuda:0
Start remove batch effect, the default batch annotation in adata.obs["Sample"] ...
cell embedding generated!
Do not remove batch effect ...
gene embedding generated!
build graph pyg
edge index:  torch.Size([2, 7809523])
node feature:  torch.Size([35159, 12])
build graph pyg without edge weights ... 
Pyg graph: Data(x=[35159, 12], edge_index=[2, 15617908], y=[35159])
graph.is_directed(): False
graph nx and pyg saved!
Epoch 000, Loss: 34.0677
Epoch 001, Loss: 34.0024
Epoch 002, Loss: 33.8527
Epoch 003, Loss: 32.8808
Epoch 004, Loss: 33.0414
Epoch 005, Loss: 32.3800
Epoch 006, Loss: 31.6373
Epoch 007, Loss: 30.1756
Epoch 008, Loss: 30.4083
Epoch 009, Loss: 28.9698
Epoch 010, Loss: 27.8266
Epoch 011, Loss: 26.0485
Epoch 012, Loss: 25.0225
Epoch 013, Loss: 24.0948
Epoch 014, Loss: 22.4594
Epoch 015, Loss: 20.8250
Epoch 016, Loss: 20.0752
Epoch 017, Loss: 19.1000
Epoch 018, Loss: 18.5210
Epoch 019, Loss: 17.5903
Epoch 020, Loss: 16.8971
Epoch 021, Loss: 16.2332
Epoch 022, Loss: 15.6201
Epoch 023, Loss: 15.3917
Epoch 024, Loss: 15.0649
Epoch 025, Loss: 14.5251
Epoch 026, Loss: 14.2494
Epoch 027, Loss: 13.9252
Epoch 028, Loss: 13.8943
Epoch 029, Loss: 13.6323
GAT model saved! /dfs3b/ruic20_lab/junw42/HCA_ON/data/5_refine_major/scvi/Oligodendrocyte/clean/deepsas//outputs/outputs/subsample_1/subsample_1_GAT.pt
2026-03-06 13:24:18.810744: Contrastive learning Epoch: 000
generate_ct_specific_scores ...
extract_cell_indexs ... 
snc in different cell types:  Counter({'OLIGO1': 614, 'OLIGO2_LRRC7+': 606, 'OLIGO1_SVEP1+': 293, 'OLIGO1_RBFOX1+': 203})
16.2778263092041
16.38370132446289
15.935242652893066
15.955971717834473
15.91109848022461
15.819561004638672
15.752269744873047
15.739226341247559
15.674686431884766
15.618805885314941
15.596549987792969
15.552918434143066
15.498710632324219
15.463971138000488
15.42848014831543
15.378377914428711
15.332998275756836
15.29819107055664
15.25514030456543
15.208295822143555
15.170475006103516
15.130279541015625
15.083329200744629
15.042757034301758
15.002484321594238
14.955767631530762
14.914831161499023
14.872856140136719
14.826986312866211
14.786479949951172
14.741487503051758
14.697381973266602
14.654948234558105
14.60810375213623
14.566217422485352
14.518470764160156
14.47537612915039
14.426843643188477
14.3817138671875
14.337514877319336
14.291152000427246
14.245441436767578
14.195493698120117
14.145801544189453
14.09725284576416
14.054296493530273
14.051836967468262
14.023536682128906
13.90503978729248
13.90414047241211
current lr: 0.0085
identify_sengene_v1 ... 
sengene cover: 0.9635036496350365
2026-03-06 13:40:56.749422: Contrastive learning Epoch: 001
generate_ct_specific_scores ...
no sengene in this cell!
extract_cell_indexs ... 
snc in different cell types:  Counter({'OLIGO2_LRRC7+': 688, 'OLIGO1': 669, 'OLIGO1_SVEP1+': 332, 'OLIGO1_RBFOX1+': 224})
sencell cover: 0.8520648196549921
14.345616340637207
14.173824310302734
14.067327499389648
14.03896713256836
13.956189155578613
13.847253799438477
13.793067932128906
13.712008476257324
13.6896390914917
13.628385543823242
13.53178596496582
13.48723030090332
13.408218383789062
13.345415115356445
13.284875869750977
13.21010971069336
13.165093421936035
13.12934398651123
13.22964096069336
13.305466651916504
13.039499282836914
12.952900886535645
12.960482597351074
12.886008262634277
12.820022583007812
12.745861053466797
12.75759506225586
12.65165901184082
12.619684219360352
12.563774108886719
12.499226570129395
12.457779884338379
12.37510871887207
12.344480514526367
12.29991340637207
12.207701683044434
12.170394897460938
12.081462860107422
12.045339584350586
11.975250244140625
11.90853214263916
11.85892391204834
11.776886940002441
11.72842025756836
11.719121932983398
11.66970157623291
11.624534606933594
11.473357200622559
11.45152759552002
11.466320037841797
current lr: 0.0072250000000000005
identify_sengene_v1 ... 
sengene cover: 0.967032967032967
2026-03-06 13:57:44.898666: Contrastive learning Epoch: 002
generate_ct_specific_scores ...
no sengene in this cell!
no sengene in this cell!
no sengene in this cell!
extract_cell_indexs ... 
snc in different cell types:  Counter({'OLIGO2_LRRC7+': 690, 'OLIGO1': 679, 'OLIGO1_SVEP1+': 342, 'OLIGO1_RBFOX1+': 242})
sencell cover: 0.9447004608294931
14.071243286132812
13.008108139038086
13.16871452331543
12.936464309692383
12.928079605102539
12.988595008850098
12.835785865783691
12.83112907409668
12.749017715454102
12.738354682922363
12.689067840576172
12.627311706542969
12.602892875671387
12.555126190185547
12.50114631652832
12.469127655029297
12.425357818603516
12.372347831726074
12.332127571105957
12.293869018554688
12.245285987854004
12.199967384338379
12.1611328125
12.118541717529297
12.072135925292969
12.029908180236816
11.990302085876465
11.947025299072266
11.902036666870117
11.860164642333984
11.81899642944336
11.77485466003418
11.730151176452637
11.687272071838379
11.642921447753906
11.595478057861328
11.547863006591797
11.500017166137695
11.448464393615723
11.391396522521973
11.32876205444336
11.25879955291748
11.175439834594727
11.078645706176758
11.00057315826416
10.98511028289795
10.975286483764648
10.901198387145996
10.893006324768066
10.841156959533691
current lr: 0.00614125
identify_sengene_v1 ... 
sengene cover: 0.9739776951672863
2026-03-06 14:14:10.547754: Contrastive learning Epoch: 003
generate_ct_specific_scores ...
no sengene in this cell!
no sengene in this cell!
no sengene in this cell!
no sengene in this cell!
no sengene in this cell!
extract_cell_indexs ... 
snc in different cell types:  Counter({'OLIGO2_LRRC7+': 720, 'OLIGO1': 700, 'OLIGO1_SVEP1+': 342, 'OLIGO1_RBFOX1+': 247})
sencell cover: 0.920358387257342
11.607885360717773
11.565563201904297
11.511293411254883
11.447469711303711
11.375152587890625
11.294788360595703
11.203885078430176
11.10549545288086
11.00072193145752
10.884055137634277
10.769290924072266
10.672953605651855
10.624259948730469
10.60525894165039
10.597982406616211
10.587701797485352
10.570121765136719
10.547648429870605
10.517776489257812
10.479928016662598
10.434581756591797
10.402636528015137
10.37678050994873
10.3412446975708
10.29949951171875
10.28640079498291
10.263294219970703
10.230535507202148
10.208831787109375
10.186575889587402
10.1549072265625
10.119670867919922
10.099584579467773
10.070496559143066
10.044973373413086
10.022313117980957
9.990914344787598
9.968342781066895
9.94243049621582
9.914240837097168
9.889968872070312
9.859593391418457
9.83499813079834
9.814310073852539
9.790823936462402
9.760963439941406
9.734528541564941
9.712550163269043
9.68874740600586
9.659422874450684
current lr: 0.0052200625
identify_sengene_v1 ... 
sengene cover: 0.969811320754717
2026-03-06 14:31:00.289598: Contrastive learning Epoch: 004
generate_ct_specific_scores ...
no sengene in this cell!
no sengene in this cell!
no sengene in this cell!
no sengene in this cell!
no sengene in this cell!
no sengene in this cell!
extract_cell_indexs ... 
snc in different cell types:  Counter({'OLIGO2_LRRC7+': 710, 'OLIGO1': 698, 'OLIGO1_SVEP1+': 342, 'OLIGO1_RBFOX1+': 232})
sencell cover: 0.9389505549949546
9.639838218688965
9.619874954223633
9.598661422729492
9.57657241821289
9.554756164550781
9.533056259155273
9.511809349060059
9.49211311340332
9.4719877243042
9.44898796081543
9.425978660583496
9.40542984008789
9.38590145111084
9.36543083190918
9.34342098236084
9.32109260559082
9.300180435180664
9.279955863952637
9.258660316467285
9.237401962280273
9.216617584228516
9.195379257202148
9.173811912536621
9.15285587310791
9.13239860534668
9.111263275146484
9.089561462402344
9.068631172180176
9.04804801940918
9.026975631713867
9.005584716796875
8.98469066619873
8.9636812210083
8.942646026611328
8.921783447265625
8.900647163391113
8.879440307617188
8.858798027038574
8.837692260742188
8.816516876220703
8.79572582244873
8.774696350097656
8.753660202026367
8.732714653015137
8.711658477783203
8.690836906433105
8.66973876953125
8.648735046386719
8.627906799316406
8.606823921203613
current lr: 0.004437053125
identify_sengene_v1 ... 
sengene cover: 0.980544747081712
Processing file: /dfs3b/ruic20_lab/junw42/HCA_ON/data/5_refine_major/scvi/Oligodendrocyte/clean/deepsas/subsamples//subsample_1.h5ad with experiment name: subsample_1
{'input_data_count': '/dfs3b/ruic20_lab/junw42/HCA_ON/data/5_refine_major/scvi/Oligodendrocyte/clean/deepsas/subsamples//subsample_2.h5ad', 'output_dir': '/dfs3b/ruic20_lab/junw42/HCA_ON/data/5_refine_major/scvi/Oligodendrocyte/clean/deepsas//outputs', 'exp_name': 'subsample_2', 'device_index': 0, 'retrain': True, 'timestamp': '', 'seed': 40, 'n_genes': '5000', 'ccc': 'type1', 'gene_set': 'full', 'emb_size': 12, 'gat_epoch': 30, 'sencell_num': 600, 'sengene_num': 200, 'sencell_epoch': 40, 'cell_optim_epoch': 50, 'learning_rate': 0.01, 'batch_id': 0}
Outputs dir: /dfs3b/ruic20_lab/junw42/HCA_ON/data/5_refine_major/scvi/Oligodendrocyte/clean/deepsas//outputs/outputs/subsample_2
load_data1 ...
Number of cells: 30000
Number of genes: 25637
The number of cell types 4
celltype names: ['OLIGO2_LRRC7+', 'OLIGO1', 'OLIGO1_SVEP1+', 'OLIGO1_RBFOX1+']
--------------  ----
OLIGO2_LRRC7+   9113
OLIGO1          8111
OLIGO1_SVEP1+   7617
OLIGO1_RBFOX1+  5159
--------------  ----
The number of genes in marker list：
  SenMayo    FRIDMAN    CellAge    Cell Cycle Markers
---------  ---------  ---------  --------------------
      125         77        144                    11
Total marker genes:  320
use 5000 highly genes!
Highly genes num:  5000
After genes dropped duplicated sengenes:  4890
Total gene num: 5169
cell num: 30000, gene num: 5169
Cell-gene graph, the number of edges: 7476315
add cell-cell edges with weights in 0 and 1...
CCC graph, the number of edges: 33677
device: cuda:0
Start remove batch effect, the default batch annotation in adata.obs["Sample"] ...
cell embedding generated!
Do not remove batch effect ...
gene embedding generated!
build graph pyg
edge index:  torch.Size([2, 7509992])
node feature:  torch.Size([35169, 12])
build graph pyg without edge weights ... 
Pyg graph: Data(x=[35169, 12], edge_index=[2, 14986307], y=[35169])
graph.is_directed(): False
graph nx and pyg saved!
Epoch 000, Loss: 32.9014
Epoch 001, Loss: 32.7033
Epoch 002, Loss: 33.0602
Epoch 003, Loss: 31.6707
Epoch 004, Loss: 31.5523
Epoch 005, Loss: 30.1709
Epoch 006, Loss: 28.3959
Epoch 007, Loss: 26.8137
Epoch 008, Loss: 26.0361
Epoch 009, Loss: 24.2840
Epoch 010, Loss: 23.4906
Epoch 011, Loss: 21.7780
Epoch 012, Loss: 21.6058
Epoch 013, Loss: 20.8314
Epoch 014, Loss: 19.5253
Epoch 015, Loss: 18.7137
Epoch 016, Loss: 17.9245
Epoch 017, Loss: 16.9967
Epoch 018, Loss: 16.5713
Epoch 019, Loss: 16.5581
Epoch 020, Loss: 15.8397
Epoch 021, Loss: 15.1505
Epoch 022, Loss: 14.9913
Epoch 023, Loss: 14.9311
Epoch 024, Loss: 14.4078
Epoch 025, Loss: 14.3951
Epoch 026, Loss: 13.9379
Epoch 027, Loss: 13.6166
Epoch 028, Loss: 13.3596
Epoch 029, Loss: 13.5291
GAT model saved! /dfs3b/ruic20_lab/junw42/HCA_ON/data/5_refine_major/scvi/Oligodendrocyte/clean/deepsas//outputs/outputs/subsample_2/subsample_2_GAT.pt
2026-03-06 15:04:56.778355: Contrastive learning Epoch: 000
generate_ct_specific_scores ...
extract_cell_indexs ... 
snc in different cell types:  Counter({'OLIGO2_LRRC7+': 1077, 'OLIGO1': 972, 'OLIGO1_SVEP1+': 776, 'OLIGO1_RBFOX1+': 547})
16.181211471557617
16.251544952392578
15.92432975769043
15.900442123413086
15.880050659179688
15.815176010131836
15.778450012207031
15.722970008850098
15.669745445251465
15.632454872131348
15.593362808227539
15.556434631347656
15.50405216217041
15.461142539978027
15.421241760253906
15.381464958190918
15.342573165893555
15.297463417053223
15.253305435180664
15.208474159240723
15.164840698242188
15.124603271484375
15.080522537231445
15.032546997070312
14.983322143554688
14.935552597045898
14.897537231445312
14.856180191040039
14.813095092773438
14.762008666992188
14.718441009521484
14.671050071716309
14.629301071166992
14.584856986999512
14.534743309020996
14.48823356628418
14.44570541381836
14.400184631347656
14.351310729980469
14.301572799682617
14.254332542419434
14.208501815795898
14.163684844970703
14.125524520874023
14.10908317565918
14.064623832702637
13.985873222351074
13.954635620117188
13.902429580688477
13.847163200378418
current lr: 0.0085
identify_sengene_v1 ... 
sengene cover: 0.9676258992805755
2026-03-06 15:22:33.218642: Contrastive learning Epoch: 001
generate_ct_specific_scores ...
no sengene in this cell!
no sengene in this cell!
no sengene in this cell!
extract_cell_indexs ... 
snc in different cell types:  Counter({'OLIGO2_LRRC7+': 1099, 'OLIGO1': 993, 'OLIGO1_SVEP1+': 783, 'OLIGO1_RBFOX1+': 563})
sencell cover: 0.939499709133217
24.08121109008789
14.070518493652344
14.004314422607422
13.951347351074219
13.934026718139648
13.877429962158203
13.880739212036133
13.850128173828125
13.784722328186035
13.756975173950195
13.735860824584961
13.680217742919922
13.641968727111816
13.613092422485352
13.563959121704102
13.520254135131836
13.488940238952637
13.427865982055664
13.386224746704102
13.323343276977539
13.260303497314453
13.169840812683105
13.035859107971191
12.853211402893066
12.726962089538574
12.857880592346191
13.239463806152344
12.891718864440918
12.914117813110352
12.789117813110352
12.680514335632324
12.761055946350098
12.670202255249023
12.371715545654297
12.428159713745117
12.43382453918457
12.246200561523438
12.303268432617188
12.246214866638184
12.057218551635742
12.112730026245117
12.095541000366211
11.933306694030762
11.943167686462402
11.862085342407227
11.823102951049805
11.824668884277344
11.700298309326172
11.664803504943848
11.640865325927734
current lr: 0.0072250000000000005
identify_sengene_v1 ... 
sengene cover: 0.9710144927536232
2026-03-06 15:40:13.115692: Contrastive learning Epoch: 002
generate_ct_specific_scores ...
no sengene in this cell!
no sengene in this cell!
no sengene in this cell!
extract_cell_indexs ... 
snc in different cell types:  Counter({'OLIGO2_LRRC7+': 1102, 'OLIGO1': 1003, 'OLIGO1_SVEP1+': 792, 'OLIGO1_RBFOX1+': 545})
sencell cover: 0.9657176060429983
21.047853469848633
45.74881362915039
14.518481254577637
13.185633659362793
13.340482711791992
13.691028594970703
14.005351066589355
14.176630973815918
14.176264762878418
14.036615371704102
13.803384780883789
13.498616218566895
13.301310539245605
13.100828170776367
12.85588550567627
12.634604454040527
12.519070625305176
12.536277770996094
12.553852081298828
12.48462200164795
12.40567398071289
12.330374717712402
12.243264198303223
12.139716148376465
12.03415584564209
11.944162368774414
11.894506454467773
11.86669921875
11.828370094299316
11.756187438964844
11.717742919921875
11.66697883605957
11.584840774536133
11.571880340576172
11.537662506103516
11.466787338256836
11.406730651855469
11.35793685913086
11.337350845336914
11.31017780303955
11.2568998336792
11.207510948181152
11.184355735778809
11.148005485534668
11.099081039428711
11.075645446777344
11.039769172668457
10.991368293762207
10.964458465576172
10.934135437011719
current lr: 0.00614125
identify_sengene_v1 ... 
sengene cover: 0.9705882352941176
2026-03-06 15:57:54.664182: Contrastive learning Epoch: 003
generate_ct_specific_scores ...
no sengene in this cell!
no sengene in this cell!
no sengene in this cell!
no sengene in this cell!
extract_cell_indexs ... 
snc in different cell types:  Counter({'OLIGO2_LRRC7+': 1109, 'OLIGO1': 994, 'OLIGO1_SVEP1+': 808, 'OLIGO1_RBFOX1+': 540})
sencell cover: 0.9510286873370037
12.049367904663086
11.020136833190918
11.306848526000977
10.891511917114258
10.827932357788086
10.817234992980957
10.796236991882324
10.76559829711914
10.728382110595703
10.693582534790039
10.665522575378418
10.642019271850586
10.619379043579102
10.593700408935547
10.564002990722656
10.53294849395752
10.503844261169434
10.477972984313965
10.453670501708984
10.428257942199707
10.400705337524414
10.372193336486816
10.344898223876953
10.318961143493652
10.29380989074707
10.268548965454102
10.242444038391113
10.21560001373291
10.188629150390625
10.162067413330078
10.135978698730469
10.109886169433594
10.083486557006836
10.056962966918945
10.030632972717285
10.004361152648926
9.97757339477539
9.95046329498291
9.923511505126953
9.896554946899414
9.870416641235352
9.843795776367188
9.81761360168457
9.791129112243652
9.764703750610352
9.737608909606934
9.71114730834961
9.682406425476074
9.65500259399414
9.630693435668945
current lr: 0.0052200625
identify_sengene_v1 ... 
sengene cover: 0.966542750929368
2026-03-06 16:15:33.375189: Contrastive learning Epoch: 004
generate_ct_specific_scores ...
no sengene in this cell!
no sengene in this cell!
no sengene in this cell!
no sengene in this cell!
extract_cell_indexs ... 
snc in different cell types:  Counter({'OLIGO2_LRRC7+': 1108, 'OLIGO1': 1006, 'OLIGO1_SVEP1+': 815, 'OLIGO1_RBFOX1+': 538})
sencell cover: 0.9550043265070667
9.679627418518066
9.654913902282715
9.631499290466309
9.610726356506348
9.591719627380371
9.572031021118164
9.550557136535645
9.528003692626953
9.505772590637207
9.484369277954102
9.463460922241211
9.442488670349121
9.421209335327148
9.3997220993042
9.378466606140137
9.357370376586914
9.33625602722168
9.314743041992188
9.293062210083008
9.271777153015137
9.250823974609375
9.229981422424316
9.208876609802246
9.187451362609863
9.165931701660156
9.144525527954102
9.123443603515625
9.10246753692627
9.081398010253906
9.060163497924805
9.03881549835205
9.017570495605469
8.996389389038086
8.975273132324219
8.954141616821289
8.932931900024414
8.911757469177246
8.890575408935547
8.869420051574707
8.848251342773438
8.827058792114258
8.805900573730469
8.7847318649292
8.763615608215332
8.742475509643555
8.721295356750488
8.70012378692627
8.678939819335938
8.657806396484375
8.63668441772461
current lr: 0.004437053125
identify_sengene_v1 ... 
sengene cover: 0.9809160305343512
Processing file: /dfs3b/ruic20_lab/junw42/HCA_ON/data/5_refine_major/scvi/Oligodendrocyte/clean/deepsas/subsamples//subsample_2.h5ad with experiment name: subsample_2
{'input_data_count': '/dfs3b/ruic20_lab/junw42/HCA_ON/data/5_refine_major/scvi/Oligodendrocyte/clean/deepsas/subsamples//subsample_3.h5ad', 'output_dir': '/dfs3b/ruic20_lab/junw42/HCA_ON/data/5_refine_major/scvi/Oligodendrocyte/clean/deepsas//outputs', 'exp_name': 'subsample_3', 'device_index': 0, 'retrain': True, 'timestamp': '', 'seed': 40, 'n_genes': '5000', 'ccc': 'type1', 'gene_set': 'full', 'emb_size': 12, 'gat_epoch': 30, 'sencell_num': 600, 'sengene_num': 200, 'sencell_epoch': 40, 'cell_optim_epoch': 50, 'learning_rate': 0.01, 'batch_id': 0}
Outputs dir: /dfs3b/ruic20_lab/junw42/HCA_ON/data/5_refine_major/scvi/Oligodendrocyte/clean/deepsas//outputs/outputs/subsample_3
load_data1 ...
Number of cells: 30000
Number of genes: 25514
The number of cell types 4
celltype names: ['OLIGO2_LRRC7+', 'OLIGO1', 'OLIGO1_SVEP1+', 'OLIGO1_RBFOX1+']
--------------  ----
OLIGO2_LRRC7+   9113
OLIGO1          8111
OLIGO1_SVEP1+   7617
OLIGO1_RBFOX1+  5159
--------------  ----
The number of genes in marker list：
  SenMayo    FRIDMAN    CellAge    Cell Cycle Markers
---------  ---------  ---------  --------------------
      125         77        144                    11
Total marker genes:  320
use 5000 highly genes!
Highly genes num:  5000
After genes dropped duplicated sengenes:  4887
Total gene num: 5164
cell num: 30000, gene num: 5164
Cell-gene graph, the number of edges: 7708888
add cell-cell edges with weights in 0 and 1...
CCC graph, the number of edges: 13483
device: cuda:0
Start remove batch effect, the default batch annotation in adata.obs["Sample"] ...
cell embedding generated!
Do not remove batch effect ...
gene embedding generated!
build graph pyg
edge index:  torch.Size([2, 7722371])
node feature:  torch.Size([35164, 12])
build graph pyg without edge weights ... 
Pyg graph: Data(x=[35164, 12], edge_index=[2, 15431259], y=[35164])
graph.is_directed(): False
graph nx and pyg saved!
Epoch 000, Loss: 34.5342
Epoch 001, Loss: 34.5358
Epoch 002, Loss: 34.5338
Epoch 003, Loss: 34.5341
Epoch 004, Loss: 34.5337
Epoch 005, Loss: 34.5358
Epoch 006, Loss: 34.5295
Epoch 007, Loss: 34.5251
Epoch 008, Loss: 34.5193
Epoch 009, Loss: 34.5097
Epoch 010, Loss: 34.5100
Epoch 011, Loss: 34.4802
Epoch 012, Loss: 34.4093
Epoch 013, Loss: 34.3118
Epoch 014, Loss: 33.9813
Epoch 015, Loss: 33.9389
Epoch 016, Loss: 32.6936
Epoch 017, Loss: 32.7444
Epoch 018, Loss: 32.6825
Epoch 019, Loss: 30.0613
Epoch 020, Loss: 30.0668
Epoch 021, Loss: 28.5689
Epoch 022, Loss: 27.4080
Epoch 023, Loss: 26.6573
Epoch 024, Loss: 28.0432
Epoch 025, Loss: 28.0068
Epoch 026, Loss: 27.9571
Epoch 027, Loss: 28.0284
Epoch 028, Loss: 27.1217
Epoch 029, Loss: 26.6446
GAT model saved! /dfs3b/ruic20_lab/junw42/HCA_ON/data/5_refine_major/scvi/Oligodendrocyte/clean/deepsas//outputs/outputs/subsample_3/subsample_3_GAT.pt
2026-03-06 16:49:05.870401: Contrastive learning Epoch: 000
generate_ct_specific_scores ...
extract_cell_indexs ... 
snc in different cell types:  Counter({'OLIGO2_LRRC7+': 568, 'OLIGO1': 564, 'OLIGO1_SVEP1+': 380, 'OLIGO1_RBFOX1+': 278})
16.08743667602539
16.110567092895508
16.02542495727539
15.96261978149414
15.885878562927246
15.855026245117188
15.795717239379883
15.741361618041992
15.693620681762695
15.652740478515625
15.616964340209961
15.571725845336914
15.527978897094727
15.487667083740234
15.44481372833252
15.402169227600098
15.363679885864258
15.321057319641113
15.280746459960938
15.23995304107666
15.198939323425293
15.159753799438477
15.117916107177734
15.078682899475098
15.0386962890625
14.998258590698242
14.958086013793945
14.916962623596191
14.87704086303711
14.83718490600586
14.797033309936523
14.756366729736328
14.715287208557129
14.674633026123047
14.634455680847168
14.593914031982422
14.552629470825195
14.511472702026367
14.470375061035156
14.42878532409668
14.386877059936523
14.345247268676758
14.302735328674316
14.260177612304688
14.217143058776855
14.1742582321167
14.130818367004395
14.086771011352539
14.042558670043945
13.998519897460938
current lr: 0.0085
identify_sengene_v1 ... 
sengene cover: 0.9638989169675091
2026-03-06 17:05:42.525727: Contrastive learning Epoch: 001
generate_ct_specific_scores ...
no sengene in this cell!
no sengene in this cell!
no sengene in this cell!
extract_cell_indexs ... 
snc in different cell types:  Counter({'OLIGO2_LRRC7+': 596, 'OLIGO1': 591, 'OLIGO1_SVEP1+': 412, 'OLIGO1_RBFOX1+': 309})
sencell cover: 0.8694968553459119
14.188096046447754
14.241376876831055
14.005904197692871
13.972081184387207
13.882181167602539
13.86214828491211
13.816901206970215
13.78146743774414
13.758421897888184
13.713593482971191
13.677338600158691
13.649914741516113
13.60992431640625
13.575586318969727
13.545574188232422
13.50783634185791
13.471922874450684
13.440446853637695
13.40474796295166
13.368139266967773
13.335082054138184
13.301225662231445
13.265209197998047
13.230648040771484
13.19748592376709
13.162817001342773
13.127429962158203
13.093356132507324
13.059429168701172
13.024421691894531
12.989500999450684
12.955526351928711
12.92111587524414
12.886119842529297
12.85168743133545
12.817593574523926
12.783041000366211
12.748366355895996
12.714067459106445
12.679780960083008
12.64511489868164
12.61050796508789
12.576194763183594
12.54178524017334
12.507183074951172
12.472811698913574
12.438472747802734
12.403871536254883
12.369335174560547
12.334911346435547
current lr: 0.0072250000000000005
identify_sengene_v1 ... 
sengene cover: 0.9962825278810409
2026-03-06 17:22:55.485951: Contrastive learning Epoch: 002
generate_ct_specific_scores ...
no sengene in this cell!
no sengene in this cell!
no sengene in this cell!
extract_cell_indexs ... 
snc in different cell types:  Counter({'OLIGO1': 593, 'OLIGO2_LRRC7+': 582, 'OLIGO1_SVEP1+': 407, 'OLIGO1_RBFOX1+': 293})
sencell cover: 0.9536
12.388710021972656
12.2958984375
12.312906265258789
12.249451637268066
12.198376655578613
12.171953201293945
12.138477325439453
12.10181999206543
12.085294723510742
12.055028915405273
12.021764755249023
11.990486145019531
11.963228225708008
11.936933517456055
11.898736953735352
11.879554748535156
11.853067398071289
11.813396453857422
11.788979530334473
11.763513565063477
11.72586727142334
11.700581550598145
11.676420211791992
11.64122486114502
11.610246658325195
11.58642578125
11.553659439086914
11.524023056030273
11.497886657714844
11.468148231506348
11.436576843261719
11.409612655639648
11.379717826843262
11.350980758666992
11.322092056274414
11.292196273803711
11.263750076293945
11.234939575195312
11.204421043395996
11.176858901977539
11.147195816040039
11.117524147033691
11.089309692382812
11.059791564941406
11.03082275390625
11.001482009887695
10.973150253295898
10.943506240844727
10.915056228637695
10.885486602783203
current lr: 0.00614125
identify_sengene_v1 ... 
sengene cover: 0.9923664122137404
2026-03-06 17:40:14.723532: Contrastive learning Epoch: 003
generate_ct_specific_scores ...
no sengene in this cell!
no sengene in this cell!
no sengene in this cell!
extract_cell_indexs ... 
snc in different cell types:  Counter({'OLIGO2_LRRC7+': 588, 'OLIGO1': 582, 'OLIGO1_SVEP1+': 403, 'OLIGO1_RBFOX1+': 301})
sencell cover: 0.9493062966915689
10.863029479980469
10.830389976501465
10.806241989135742
10.780590057373047
10.756442070007324
10.72669792175293
10.704429626464844
10.678152084350586
10.652548789978027
10.62852954864502
10.599236488342285
10.578268051147461
10.551197052001953
10.52817153930664
10.497701644897461
10.477078437805176
10.449932098388672
10.422757148742676
10.403227806091309
10.377152442932129
10.34904670715332
10.325532913208008
10.3037109375
10.27652645111084
10.248270988464355
10.225975036621094
10.203187942504883
10.177669525146484
10.149436950683594
10.123430252075195
10.100666999816895
10.07450008392334
10.047090530395508
10.022809982299805
9.99973201751709
9.973160743713379
9.958735466003418
9.926849365234375
9.910533905029297
9.881446838378906
9.861236572265625
9.833699226379395
9.808208465576172
9.785421371459961
9.759689331054688
9.735982894897461
9.709184646606445
9.68571949005127
9.6621675491333
9.63165283203125
current lr: 0.0052200625
identify_sengene_v1 ... 
sengene cover: 0.9920948616600791
2026-03-06 17:56:58.095203: Contrastive learning Epoch: 004
generate_ct_specific_scores ...
no sengene in this cell!
no sengene in this cell!
no sengene in this cell!
no sengene in this cell!
extract_cell_indexs ... 
snc in different cell types:  Counter({'OLIGO2_LRRC7+': 597, 'OLIGO1': 594, 'OLIGO1_SVEP1+': 407, 'OLIGO1_RBFOX1+': 297})
sencell cover: 0.9345646437994723
9.63595199584961
9.613348007202148
9.593697547912598
9.56995964050293
9.549674987792969
9.527471542358398
9.505870819091797
9.485841751098633
9.464098930358887
9.442381858825684
9.422807693481445
9.400811195373535
9.381670951843262
9.360421180725098
9.338722229003906
9.317802429199219
9.296906471252441
9.276782989501953
9.254043579101562
9.235095977783203
9.212757110595703
9.192549705505371
9.172004699707031
9.149715423583984
9.130382537841797
9.107946395874023
9.08801555633545
9.066865921020508
9.045320510864258
9.025026321411133
9.003904342651367
8.983264923095703
8.96159839630127
8.940987586975098
8.920828819274902
8.899731636047363
8.878496170043945
8.856873512268066
8.837014198303223
8.814946174621582
8.795937538146973
8.773420333862305
8.75432014465332
8.733224868774414
8.711640357971191
8.690546035766602
8.670724868774414
8.649921417236328
8.627135276794434
8.60785961151123
current lr: 0.004437053125
identify_sengene_v1 ... 
sengene cover: 0.9878542510121457
Processing file: /dfs3b/ruic20_lab/junw42/HCA_ON/data/5_refine_major/scvi/Oligodendrocyte/clean/deepsas/subsamples//subsample_3.h5ad with experiment name: subsample_3
{'input_data_count': '/dfs3b/ruic20_lab/junw42/HCA_ON/data/5_refine_major/scvi/Oligodendrocyte/clean/deepsas/subsamples//subsample_4.h5ad', 'output_dir': '/dfs3b/ruic20_lab/junw42/HCA_ON/data/5_refine_major/scvi/Oligodendrocyte/clean/deepsas//outputs', 'exp_name': 'subsample_4', 'device_index': 0, 'retrain': True, 'timestamp': '', 'seed': 40, 'n_genes': '5000', 'ccc': 'type1', 'gene_set': 'full', 'emb_size': 12, 'gat_epoch': 30, 'sencell_num': 600, 'sengene_num': 200, 'sencell_epoch': 40, 'cell_optim_epoch': 50, 'learning_rate': 0.01, 'batch_id': 0}
Outputs dir: /dfs3b/ruic20_lab/junw42/HCA_ON/data/5_refine_major/scvi/Oligodendrocyte/clean/deepsas//outputs/outputs/subsample_4
load_data1 ...
Number of cells: 30000
Number of genes: 25616
The number of cell types 4
celltype names: ['OLIGO2_LRRC7+', 'OLIGO1', 'OLIGO1_SVEP1+', 'OLIGO1_RBFOX1+']
--------------  ----
OLIGO2_LRRC7+   9113
OLIGO1          8111
OLIGO1_SVEP1+   7617
OLIGO1_RBFOX1+  5159
--------------  ----
The number of genes in marker list：
  SenMayo    FRIDMAN    CellAge    Cell Cycle Markers
---------  ---------  ---------  --------------------
      125         77        144                    11
Total marker genes:  320
use 5000 highly genes!
Highly genes num:  5000
After genes dropped duplicated sengenes:  4886
Total gene num: 5160
cell num: 30000, gene num: 5160
Cell-gene graph, the number of edges: 7692891
add cell-cell edges with weights in 0 and 1...
CCC graph, the number of edges: 20202
device: cuda:0
Start remove batch effect, the default batch annotation in adata.obs["Sample"] ...
cell embedding generated!
Do not remove batch effect ...
gene embedding generated!
build graph pyg
edge index:  torch.Size([2, 7713093])
node feature:  torch.Size([35160, 12])
build graph pyg without edge weights ... 
Pyg graph: Data(x=[35160, 12], edge_index=[2, 15405984], y=[35160])
graph.is_directed(): False
graph nx and pyg saved!
Epoch 000, Loss: 34.5340
Epoch 001, Loss: 34.5308
Epoch 002, Loss: 34.5143
Epoch 003, Loss: 34.3507
Epoch 004, Loss: 34.1850
Epoch 005, Loss: 33.9719
Epoch 006, Loss: 34.2533
Epoch 007, Loss: 33.6768
Epoch 008, Loss: 33.1625
Epoch 009, Loss: 32.8257
Epoch 010, Loss: 31.8718
Epoch 011, Loss: 30.6314
Epoch 012, Loss: 30.2536
Epoch 013, Loss: 29.3038
Epoch 014, Loss: 28.1437
Epoch 015, Loss: 26.4329
Epoch 016, Loss: 24.7942
Epoch 017, Loss: 24.4883
Epoch 018, Loss: 22.9670
Epoch 019, Loss: 22.0101
Epoch 020, Loss: 21.3210
Epoch 021, Loss: 20.0295
Epoch 022, Loss: 19.2786
Epoch 023, Loss: 18.5233
Epoch 024, Loss: 18.1483
Epoch 025, Loss: 17.9692
Epoch 026, Loss: 16.6811
Epoch 027, Loss: 16.4490
Epoch 028, Loss: 16.5253
Epoch 029, Loss: 16.5343
GAT model saved! /dfs3b/ruic20_lab/junw42/HCA_ON/data/5_refine_major/scvi/Oligodendrocyte/clean/deepsas//outputs/outputs/subsample_4/subsample_4_GAT.pt
2026-03-06 18:30:49.155558: Contrastive learning Epoch: 000
generate_ct_specific_scores ...
extract_cell_indexs ... 
snc in different cell types:  Counter({'OLIGO1': 528, 'OLIGO2_LRRC7+': 434, 'OLIGO1_SVEP1+': 295, 'OLIGO1_RBFOX1+': 220})
16.16265296936035
16.253950119018555
15.999822616577148
15.91182804107666
15.858501434326172
15.835431098937988
15.778144836425781
15.746975898742676
15.69823932647705
15.654478073120117
15.61445426940918
15.56402587890625
15.525533676147461
15.480489730834961
15.435144424438477
15.3975830078125
15.357741355895996
15.31865406036377
15.27778148651123
15.234476089477539
15.194328308105469
15.153175354003906
15.111671447753906
15.07137680053711
15.031262397766113
14.991918563842773
14.951602935791016
14.910819053649902
14.870759963989258
14.830636978149414
14.789911270141602
14.748750686645508
14.707307815551758
14.66633415222168
14.625923156738281
14.585514068603516
14.545095443725586
14.504144668579102
14.463287353515625
14.422165870666504
14.381085395812988
14.339859962463379
14.299100875854492
14.257698059082031
14.216198921203613
14.17475414276123
14.132780075073242
14.090265274047852
14.047189712524414
14.003853797912598
current lr: 0.0085
identify_sengene_v1 ... 
sengene cover: 0.974169741697417
2026-03-06 18:47:00.956552: Contrastive learning Epoch: 001
generate_ct_specific_scores ...
no sengene in this cell!
no sengene in this cell!
no sengene in this cell!
extract_cell_indexs ... 
snc in different cell types:  Counter({'OLIGO1': 537, 'OLIGO2_LRRC7+': 464, 'OLIGO1_SVEP1+': 320, 'OLIGO1_RBFOX1+': 248})
sencell cover: 0.8750796685787126
18.97831916809082
15.157061576843262
13.9713773727417
13.932577133178711
13.871805191040039
13.83470630645752
13.794071197509766
13.757970809936523
13.71853256225586
13.675667762756348
13.636587142944336
13.600881576538086
13.562602996826172
13.52547836303711
13.4913330078125
13.45579719543457
13.418290138244629
13.381871223449707
13.345476150512695
13.306391716003418
13.267230987548828
13.22789192199707
13.186349868774414
13.146098136901855
13.103446960449219
13.059650421142578
13.014989852905273
12.966569900512695
12.915557861328125
12.859367370605469
12.790695190429688
12.708992004394531
12.596681594848633
12.431778907775879
12.534250259399414
13.638473510742188
13.037694931030273
12.978636741638184
12.7815523147583
12.618122100830078
12.54935073852539
12.501914978027344
12.4580717086792
12.415160179138184
12.374780654907227
12.33825397491455
12.297334671020508
12.254447937011719
12.210406303405762
12.166393280029297
current lr: 0.0072250000000000005
identify_sengene_v1 ... 
sengene cover: 0.9701492537313433
2026-03-06 19:03:18.245528: Contrastive learning Epoch: 002
generate_ct_specific_scores ...
no sengene in this cell!
no sengene in this cell!
no sengene in this cell!
extract_cell_indexs ... 
snc in different cell types:  Counter({'OLIGO1': 541, 'OLIGO2_LRRC7+': 478, 'OLIGO1_SVEP1+': 321, 'OLIGO1_RBFOX1+': 257})
sencell cover: 0.9292423293675642
12.878988265991211
12.517498016357422
12.70271110534668
12.692463874816895
12.476959228515625
12.422558784484863
12.509182929992676
12.470279693603516
12.338939666748047
12.278210639953613
12.297962188720703
12.292479515075684
12.22071361541748
12.143895149230957
12.11844253540039
12.116193771362305
12.086257934570312
12.02637004852295
11.973146438598633
11.94511604309082
11.92802619934082
11.896733283996582
11.849255561828613
11.80398178100586
11.771432876586914
11.74562931060791
11.71533203125
11.676642417907715
11.635669708251953
11.599672317504883
11.569287300109863
11.539608001708984
11.505779266357422
11.468425750732422
11.431697845458984
11.398210525512695
11.366820335388184
11.33475399017334
11.300472259521484
11.265029907226562
11.230708122253418
11.19824504852295
11.166533470153809
11.13406753540039
11.100282669067383
11.06611156463623
11.032587051391602
11.000007629394531
10.967729568481445
10.935164451599121
current lr: 0.00614125
identify_sengene_v1 ... 
sengene cover: 0.9846743295019157
2026-03-06 19:19:33.340919: Contrastive learning Epoch: 003
generate_ct_specific_scores ...
no sengene in this cell!
no sengene in this cell!
no sengene in this cell!
no sengene in this cell!
no sengene in this cell!
extract_cell_indexs ... 
snc in different cell types:  Counter({'OLIGO1': 535, 'OLIGO2_LRRC7+': 474, 'OLIGO1_SVEP1+': 330, 'OLIGO1_RBFOX1+': 254})
sencell cover: 0.9491525423728814
10.860174179077148
10.815733909606934
10.763704299926758
10.720913887023926
10.69543743133545
10.683286666870117
10.669095993041992
10.642315864562988
10.604727745056152
10.565930366516113
10.534026145935059
10.508478164672852
10.4850435256958
10.460017204284668
10.43122673034668
10.398601531982422
10.363566398620605
10.32810115814209
10.2938871383667
10.261317253112793
10.229349136352539
10.19590950012207
10.159255981445312
10.119799613952637
10.078004837036133
10.035096168518066
9.990626335144043
9.943588256835938
9.89189338684082
9.834089279174805
9.768795013427734
9.694042205810547
9.605729103088379
9.49708080291748
9.355541229248047
9.160258293151855
8.874957084655762
8.539908409118652
8.429944038391113
8.346441268920898
8.518025398254395
8.420832633972168
8.281639099121094
8.242280006408691
8.273377418518066
8.278843879699707
8.194594383239746
8.13477897644043
7.9580559730529785
7.985380172729492
current lr: 0.0052200625
identify_sengene_v1 ... 
sengene cover: 1.0
2026-03-06 19:35:35.703021: Contrastive learning Epoch: 004
generate_ct_specific_scores ...
no sengene in this cell!
no sengene in this cell!
no sengene in this cell!
no sengene in this cell!
no sengene in this cell!
extract_cell_indexs ... 
snc in different cell types:  Counter({'OLIGO1': 533, 'OLIGO2_LRRC7+': 477, 'OLIGO1_SVEP1+': 349, 'OLIGO1_RBFOX1+': 254})
sencell cover: 0.9435833849969002
9.757059097290039
9.694808006286621
9.711071014404297
9.701080322265625
9.644357681274414
9.60244369506836
9.611618041992188
9.5526123046875
9.519277572631836
9.514664649963379
9.48059368133545
9.428581237792969
9.419868469238281
9.388420104980469
9.346756935119629
9.338775634765625
9.305036544799805
9.2673921585083
9.261123657226562
9.21618366241455
9.205456733703613
9.17548942565918
9.147884368896484
9.127605438232422
9.102509498596191
9.08149528503418
9.052824974060059
9.025809288024902
9.009880065917969
8.974813461303711
8.975196838378906
8.99307632446289
8.904778480529785
9.013920783996582
9.043282508850098
9.000564575195312
8.83902359008789
8.983681678771973
8.792880058288574
8.869563102722168
8.836183547973633
8.735841751098633
8.764741897583008
8.74925708770752
8.676104545593262
8.68153190612793
8.68021011352539
8.628753662109375
8.595389366149902
8.597363471984863
current lr: 0.004437053125
identify_sengene_v1 ... 
sengene cover: 0.987603305785124
Processing file: /dfs3b/ruic20_lab/junw42/HCA_ON/data/5_refine_major/scvi/Oligodendrocyte/clean/deepsas/subsamples//subsample_4.h5ad with experiment name: subsample_4
{'input_data_count': '/dfs3b/ruic20_lab/junw42/HCA_ON/data/5_refine_major/scvi/Oligodendrocyte/clean/deepsas/subsamples//subsample_5.h5ad', 'output_dir': '/dfs3b/ruic20_lab/junw42/HCA_ON/data/5_refine_major/scvi/Oligodendrocyte/clean/deepsas//outputs', 'exp_name': 'subsample_5', 'device_index': 0, 'retrain': True, 'timestamp': '', 'seed': 40, 'n_genes': '5000', 'ccc': 'type1', 'gene_set': 'full', 'emb_size': 12, 'gat_epoch': 30, 'sencell_num': 600, 'sengene_num': 200, 'sencell_epoch': 40, 'cell_optim_epoch': 50, 'learning_rate': 0.01, 'batch_id': 0}
Outputs dir: /dfs3b/ruic20_lab/junw42/HCA_ON/data/5_refine_major/scvi/Oligodendrocyte/clean/deepsas//outputs/outputs/subsample_5
load_data1 ...
Number of cells: 30000
Number of genes: 25544
The number of cell types 4
celltype names: ['OLIGO2_LRRC7+', 'OLIGO1', 'OLIGO1_SVEP1+', 'OLIGO1_RBFOX1+']
--------------  ----
OLIGO2_LRRC7+   9113
OLIGO1          8111
OLIGO1_SVEP1+   7617
OLIGO1_RBFOX1+  5159
--------------  ----
The number of genes in marker list：
  SenMayo    FRIDMAN    CellAge    Cell Cycle Markers
---------  ---------  ---------  --------------------
      125         77        144                    11
Total marker genes:  320
use 5000 highly genes!
Highly genes num:  5000
After genes dropped duplicated sengenes:  4886
Total gene num: 5163
cell num: 30000, gene num: 5163
Cell-gene graph, the number of edges: 7895699
add cell-cell edges with weights in 0 and 1...
CCC graph, the number of edges: 8691
device: cuda:0
Start remove batch effect, the default batch annotation in adata.obs["Sample"] ...
cell embedding generated!
Do not remove batch effect ...
gene embedding generated!
build graph pyg
edge index:  torch.Size([2, 7904390])
node feature:  torch.Size([35163, 12])
build graph pyg without edge weights ... 
Pyg graph: Data(x=[35163, 12], edge_index=[2, 15800089], y=[35163])
graph.is_directed(): False
graph nx and pyg saved!
Epoch 000, Loss: 32.9059
Epoch 001, Loss: 33.0627
Epoch 002, Loss: 33.0152
Epoch 003, Loss: 31.3977
Epoch 004, Loss: 31.3703
Epoch 005, Loss: 29.0490
Epoch 006, Loss: 29.1807
Epoch 007, Loss: 26.5582
Epoch 008, Loss: 25.0412
Epoch 009, Loss: 23.8780
Epoch 010, Loss: 23.3070
Epoch 011, Loss: 23.0535
Epoch 012, Loss: 22.3500
Epoch 013, Loss: 22.0840
Epoch 014, Loss: 21.6058
Epoch 015, Loss: 21.2346
Epoch 016, Loss: 20.5353
Epoch 017, Loss: 20.3274
Epoch 018, Loss: 20.0295
Epoch 019, Loss: 19.2819
Epoch 020, Loss: 18.8019
Epoch 021, Loss: 18.7527
Epoch 022, Loss: 18.1065
Epoch 023, Loss: 18.3400
Epoch 024, Loss: 17.5682
Epoch 025, Loss: 17.0570
Epoch 026, Loss: 16.9246
Epoch 027, Loss: 16.4701
Epoch 028, Loss: 16.0076
Epoch 029, Loss: 16.1144
GAT model saved! /dfs3b/ruic20_lab/junw42/HCA_ON/data/5_refine_major/scvi/Oligodendrocyte/clean/deepsas//outputs/outputs/subsample_5/subsample_5_GAT.pt
2026-03-06 20:08:42.613941: Contrastive learning Epoch: 000
generate_ct_specific_scores ...
no sengene in this cell!
extract_cell_indexs ... 
snc in different cell types:  Counter({'OLIGO1': 508, 'OLIGO2_LRRC7+': 227, 'OLIGO1_SVEP1+': 42, 'OLIGO1_RBFOX1+': 38})
15.01357650756836
20.71778106689453
14.947648048400879
11.916635513305664
8.044304847717285
12.15462875366211
12.655160903930664
11.540658950805664
8.80291748046875
11.86447525024414
8.615914344787598
10.988996505737305
12.355379104614258
12.591089248657227
12.246766090393066
11.337117195129395
9.579963684082031
7.504340648651123
8.045337677001953
7.516660690307617
7.509434700012207
7.322940826416016
6.7557454109191895
7.974692344665527
8.065467834472656
6.995941162109375
8.569387435913086
8.887414932250977
7.028842926025391
8.26943302154541
9.273097038269043
9.449539184570312
9.010580062866211
7.96030330657959
6.635148048400879
7.374713897705078
6.580968856811523
7.556958198547363
8.056078910827637
7.848323822021484
6.947122573852539
7.269541263580322
7.8199920654296875
6.939952373504639
7.017021656036377
7.583054542541504
7.405533313751221
6.528205394744873
7.364394187927246
7.90283203125
current lr: 0.0085
identify_sengene_v1 ... 
sengene cover: 0.9638989169675091
2026-03-06 20:24:36.175610: Contrastive learning Epoch: 001
generate_ct_specific_scores ...
no sengene in this cell!
extract_cell_indexs ... 
snc in different cell types:  Counter({'OLIGO1': 508, 'OLIGO2_LRRC7+': 227, 'OLIGO1_SVEP1+': 42, 'OLIGO1_RBFOX1+': 38})
sencell cover: 0.9987730061349693
7.39199161529541
36.912567138671875
9.521656036376953
11.326475143432617
9.249232292175293
8.978261947631836
7.330475807189941
9.299331665039062
10.453102111816406
10.440094947814941
9.492386817932129
7.157075881958008
10.72253704071045
11.470158576965332
7.956081390380859
8.525854110717773
10.043797492980957
10.608392715454102
10.679576873779297
10.370000839233398
9.609556198120117
8.173097610473633
6.63720703125
8.020563125610352
7.450788974761963
6.540254592895508
6.944053649902344
6.271551609039307
7.523591995239258
7.7110490798950195
6.440934181213379
7.40495491027832
8.063140869140625
7.973321914672852
7.217669486999512
6.324641704559326
7.022728443145752
6.519619464874268
6.6443352699279785
6.907609462738037
6.318502426147461
6.930549621582031
7.225919723510742
6.328324794769287
6.897799015045166
7.380680561065674
7.151674270629883
6.210685729980469
7.2577314376831055
7.908280849456787
current lr: 0.0072250000000000005
identify_sengene_v1 ... 
sengene cover: 0.9638989169675091
2026-03-06 20:40:29.218486: Contrastive learning Epoch: 002
generate_ct_specific_scores ...
no sengene in this cell!
extract_cell_indexs ... 
snc in different cell types:  Counter({'OLIGO1': 519, 'OLIGO2_LRRC7+': 233, 'OLIGO1_SVEP1+': 42, 'OLIGO1_RBFOX1+': 36})
sencell cover: 0.9349397590361446
13.273509979248047
13.253554344177246
13.227012634277344
13.195108413696289
13.165568351745605
13.134984970092773
13.098960876464844
13.058747291564941
13.016125679016113
12.970726013183594
12.920228004455566
12.859685897827148
12.787188529968262
12.697957038879395
12.571940422058105
12.360082626342773
11.849345207214355
9.680510520935059
10.421736717224121
11.227328300476074
11.523504257202148
11.484173774719238
11.133636474609375
10.277828216552734
9.69124984741211
9.57931137084961
10.946367263793945
10.063450813293457
10.559699058532715
10.098777770996094
9.657150268554688
9.895007133483887
9.773348808288574
9.548727035522461
9.624062538146973
9.672492980957031
9.58152961730957
9.443355560302734
9.380460739135742
9.418082237243652
9.417750358581543
9.340791702270508
9.265451431274414
9.238757133483887
9.240137100219727
9.231050491333008
9.19293212890625
9.137502670288086
9.086112022399902
9.056587219238281
current lr: 0.00614125
identify_sengene_v1 ... 
sengene cover: 0.985239852398524
2026-03-06 20:56:23.038499: Contrastive learning Epoch: 003
generate_ct_specific_scores ...
no sengene in this cell!
extract_cell_indexs ... 
snc in different cell types:  Counter({'OLIGO1': 523, 'OLIGO2_LRRC7+': 241, 'OLIGO1_SVEP1+': 45, 'OLIGO1_RBFOX1+': 37})
sencell cover: 0.9527186761229315
11.512505531311035
11.47244930267334
11.413232803344727
11.352591514587402
11.288114547729492
11.2159423828125
11.138593673706055
11.063227653503418
10.979199409484863
10.883584022521973
10.782273292541504
10.668251037597656
10.541427612304688
10.402915954589844
10.278135299682617
10.123929977416992
10.010639190673828
9.945219993591309
9.91651725769043
9.864100456237793
9.974027633666992
10.450130462646484
9.758058547973633
10.0060396194458
9.586418151855469
10.213135719299316
9.447747230529785
10.12913703918457
9.375871658325195
9.664693832397461
9.474918365478516
9.237846374511719
9.67392635345459
9.09571361541748
9.115235328674316
9.25770378112793
9.035215377807617
8.93243408203125
8.88245964050293
8.93516731262207
8.888754844665527
8.810212135314941
8.762784004211426
8.731544494628906
8.697760581970215
8.662100791931152
8.624234199523926
8.583110809326172
8.537989616394043
8.504636764526367
current lr: 0.0052200625
identify_sengene_v1 ... 
sengene cover: 0.9701492537313433
2026-03-06 21:12:19.538766: Contrastive learning Epoch: 004
generate_ct_specific_scores ...
no sengene in this cell!
extract_cell_indexs ... 
snc in different cell types:  Counter({'OLIGO1': 522, 'OLIGO2_LRRC7+': 242, 'OLIGO1_SVEP1+': 48, 'OLIGO1_RBFOX1+': 39})
sencell cover: 0.982373678025852
19.99175262451172
10.676900863647461
10.871118545532227
11.22872257232666
11.405156135559082
11.590937614440918
11.702436447143555
11.72671127319336
11.684826850891113
11.589560508728027
11.48090934753418
11.353083610534668
11.186098098754883
11.021854400634766
10.850672721862793
10.68253231048584
10.529012680053711
10.402970314025879
10.302031517028809
10.232970237731934
10.188739776611328
10.161662101745605
10.1500244140625
10.144659042358398
10.14229965209961
10.139570236206055
10.132333755493164
10.119012832641602
10.099072456359863
10.072964668273926
10.041777610778809
10.006866455078125
9.96942138671875
9.93103313446045
9.892537117004395
9.8550386428833
9.819482803344727
9.78617000579834
9.754925727844238
9.72585678100586
9.698956489562988
9.67347240447998
9.649263381958008
9.626154899597168
9.603832244873047
9.582118034362793
9.56036376953125
9.538239479064941
9.51550006866455
9.492164611816406
current lr: 0.004437053125
identify_sengene_v1 ... 
sengene cover: 0.9696969696969697
Processing file: /dfs3b/ruic20_lab/junw42/HCA_ON/data/5_refine_major/scvi/Oligodendrocyte/clean/deepsas/subsamples//subsample_5.h5ad with experiment name: subsample_5
{'input_data_count': '/dfs3b/ruic20_lab/junw42/HCA_ON/data/5_refine_major/scvi/Oligodendrocyte/clean/deepsas/subsamples//subsample_6.h5ad', 'output_dir': '/dfs3b/ruic20_lab/junw42/HCA_ON/data/5_refine_major/scvi/Oligodendrocyte/clean/deepsas//outputs', 'exp_name': 'subsample_6', 'device_index': 0, 'retrain': True, 'timestamp': '', 'seed': 40, 'n_genes': '5000', 'ccc': 'type1', 'gene_set': 'full', 'emb_size': 12, 'gat_epoch': 30, 'sencell_num': 600, 'sengene_num': 200, 'sencell_epoch': 40, 'cell_optim_epoch': 50, 'learning_rate': 0.01, 'batch_id': 0}
Outputs dir: /dfs3b/ruic20_lab/junw42/HCA_ON/data/5_refine_major/scvi/Oligodendrocyte/clean/deepsas//outputs/outputs/subsample_6
load_data1 ...
Number of cells: 29999
Number of genes: 25544
The number of cell types 4
celltype names: ['OLIGO2_LRRC7+', 'OLIGO1', 'OLIGO1_SVEP1+', 'OLIGO1_RBFOX1+']
--------------  ----
OLIGO2_LRRC7+   9112
OLIGO1          8111
OLIGO1_SVEP1+   7617
OLIGO1_RBFOX1+  5159
--------------  ----
The number of genes in marker list：
  SenMayo    FRIDMAN    CellAge    Cell Cycle Markers
---------  ---------  ---------  --------------------
      125         77        144                    11
Total marker genes:  320
use 5000 highly genes!
Highly genes num:  5000
After genes dropped duplicated sengenes:  4894
Total gene num: 5170
cell num: 29999, gene num: 5170
Cell-gene graph, the number of edges: 7697358
add cell-cell edges with weights in 0 and 1...
CCC graph, the number of edges: 18288
device: cuda:0
Start remove batch effect, the default batch annotation in adata.obs["Sample"] ...
cell embedding generated!
Do not remove batch effect ...
gene embedding generated!
build graph pyg
edge index:  torch.Size([2, 7715646])
node feature:  torch.Size([35169, 12])
build graph pyg without edge weights ... 
Pyg graph: Data(x=[35169, 12], edge_index=[2, 15413004], y=[35169])
graph.is_directed(): False
graph nx and pyg saved!
Epoch 000, Loss: 33.5560
Epoch 001, Loss: 33.3363
Epoch 002, Loss: 32.5759
Epoch 003, Loss: 32.3786
Epoch 004, Loss: 30.8551
Epoch 005, Loss: 31.2082
Epoch 006, Loss: 28.9936
Epoch 007, Loss: 28.2586
Epoch 008, Loss: 26.8090
Epoch 009, Loss: 23.4532
Epoch 010, Loss: 20.1630
Epoch 011, Loss: 19.1097
Epoch 012, Loss: 17.7665
Epoch 013, Loss: 17.1122
Epoch 014, Loss: 16.9398
Epoch 015, Loss: 16.9758
Epoch 016, Loss: 16.4644
Epoch 017, Loss: 17.0561
Epoch 018, Loss: 17.6825
Epoch 019, Loss: 15.9771
Epoch 020, Loss: 16.4319
Epoch 021, Loss: 16.5582
Epoch 022, Loss: 16.3058
Epoch 023, Loss: 16.8139
Epoch 024, Loss: 16.7491
Epoch 025, Loss: 16.1801
Epoch 026, Loss: 17.4988
Epoch 027, Loss: 16.5252
Epoch 028, Loss: 16.5152
Epoch 029, Loss: 15.8660
GAT model saved! /dfs3b/ruic20_lab/junw42/HCA_ON/data/5_refine_major/scvi/Oligodendrocyte/clean/deepsas//outputs/outputs/subsample_6/subsample_6_GAT.pt
2026-03-06 21:45:09.160006: Contrastive learning Epoch: 000
generate_ct_specific_scores ...
extract_cell_indexs ... 
snc in different cell types:  Counter({'OLIGO2_LRRC7+': 885, 'OLIGO1': 864, 'OLIGO1_SVEP1+': 669, 'OLIGO1_RBFOX1+': 429})
16.074886322021484
16.095664978027344
16.03983497619629
15.980493545532227
15.901268005371094
15.85925006866455
15.789801597595215
15.74860668182373
15.695111274719238
15.658957481384277
15.616121292114258
15.566699981689453
15.522324562072754
15.484519958496094
15.443069458007812
15.401124954223633
15.365859985351562
15.320392608642578
15.283464431762695
15.241257667541504
15.20120620727539
15.160128593444824
15.120182037353516
15.080240249633789
15.037983894348145
14.99886703491211
14.955740928649902
14.913931846618652
14.869897842407227
14.830605506896973
14.79033088684082
14.7510347366333
14.709888458251953
14.668869018554688
14.627908706665039
14.589757919311523
14.547656059265137
14.506293296813965
14.4729642868042
14.428460121154785
14.391057968139648
14.354103088378906
14.315990447998047
14.275863647460938
14.235703468322754
14.193950653076172
14.14944076538086
14.112672805786133
14.071907997131348
14.031259536743164
current lr: 0.0085
identify_sengene_v1 ... 
sengene cover: 0.9708029197080292
2026-03-06 22:02:24.807981: Contrastive learning Epoch: 001
generate_ct_specific_scores ...
no sengene in this cell!
no sengene in this cell!
no sengene in this cell!
no sengene in this cell!
no sengene in this cell!
no sengene in this cell!
no sengene in this cell!
no sengene in this cell!
no sengene in this cell!
extract_cell_indexs ... 
snc in different cell types:  Counter({'OLIGO2_LRRC7+': 919, 'OLIGO1': 897, 'OLIGO1_SVEP1+': 689, 'OLIGO1_RBFOX1+': 455})
sencell cover: 0.9216216216216216
14.102192878723145
14.00574779510498
13.949185371398926
13.913240432739258
13.879218101501465
13.84286117553711
13.811623573303223
13.77639389038086
13.743093490600586
13.710302352905273
13.674430847167969
13.639825820922852
13.606000900268555
13.570328712463379
13.534660339355469
13.500099182128906
13.464686393737793
13.429043769836426
13.394477844238281
13.359466552734375
13.32351303100586
13.288283348083496
13.25326156616211
13.221628189086914
13.185369491577148
13.151741981506348
13.119075775146484
13.083545684814453
13.050651550292969
13.015357971191406
12.98227310180664
12.947652816772461
12.913566589355469
12.879554748535156
12.845294952392578
12.810680389404297
12.777547836303711
12.748559951782227
12.712894439697266
12.677640914916992
12.643010139465332
12.610895156860352
12.57498550415039
12.542095184326172
12.50753116607666
12.472918510437012
12.439510345458984
12.40374755859375
12.371044158935547
12.33507251739502
current lr: 0.0072250000000000005
identify_sengene_v1 ... 
sengene cover: 0.9703703703703703
2026-03-06 22:19:45.780400: Contrastive learning Epoch: 002
generate_ct_specific_scores ...
no sengene in this cell!
no sengene in this cell!
no sengene in this cell!
no sengene in this cell!
no sengene in this cell!
no sengene in this cell!
no sengene in this cell!
no sengene in this cell!
no sengene in this cell!
extract_cell_indexs ... 
snc in different cell types:  Counter({'OLIGO2_LRRC7+': 920, 'OLIGO1': 898, 'OLIGO1_SVEP1+': 684, 'OLIGO1_RBFOX1+': 453})
sencell cover: 0.9641285956006769
12.292862892150879
12.260047912597656
12.225504875183105
12.199319839477539
12.166352272033691
12.136665344238281
12.110151290893555
12.081792831420898
12.049873352050781
12.016006469726562
11.98767375946045
11.96104907989502
11.936935424804688
11.90406608581543
11.871335983276367
11.858614921569824
11.814163208007812
11.792194366455078
11.766168594360352
11.737846374511719
11.700559616088867
11.671341896057129
11.646013259887695
11.610483169555664
11.5825777053833
11.554744720458984
11.525437355041504
11.496654510498047
11.468978881835938
11.435007095336914
11.41704273223877
11.381072044372559
11.353023529052734
11.329879760742188
11.299625396728516
11.270151138305664
11.237297058105469
11.204080581665039
11.175414085388184
11.145858764648438
11.121994018554688
11.088935852050781
11.060619354248047
11.030990600585938
11.002650260925293
10.97386646270752
10.942123413085938
10.918841361999512
10.884973526000977
10.86014461517334
current lr: 0.00614125
identify_sengene_v1 ... 
sengene cover: 0.9846743295019157
2026-03-06 22:37:04.719291: Contrastive learning Epoch: 003
generate_ct_specific_scores ...
no sengene in this cell!
no sengene in this cell!
no sengene in this cell!
no sengene in this cell!
no sengene in this cell!
no sengene in this cell!
no sengene in this cell!
no sengene in this cell!
no sengene in this cell!
no sengene in this cell!
extract_cell_indexs ... 
snc in different cell types:  Counter({'OLIGO2_LRRC7+': 926, 'OLIGO1': 920, 'OLIGO1_SVEP1+': 690, 'OLIGO1_RBFOX1+': 463})
sencell cover: 0.9589863287762588
10.915278434753418
10.854451179504395
10.824043273925781
10.80671501159668
10.787546157836914
10.748506546020508
10.725921630859375
10.706045150756836
10.674477577209473
10.646516799926758
10.624484062194824
10.595556259155273
10.569080352783203
10.547098159790039
10.52110481262207
10.493046760559082
10.467900276184082
10.441553115844727
10.419288635253906
10.393982887268066
10.368118286132812
10.34493637084961
10.317628860473633
10.295969009399414
10.270549774169922
10.245368003845215
10.221803665161133
10.194307327270508
10.172195434570312
10.145224571228027
10.122265815734863
10.0966215133667
10.073229789733887
10.047301292419434
10.023558616638184
9.998505592346191
9.974508285522461
9.94894027709961
9.92530632019043
9.900267601013184
9.876643180847168
9.850656509399414
9.82778549194336
9.802265167236328
9.77811050415039
9.753009796142578
9.729538917541504
9.705432891845703
9.67841911315918
9.656375885009766
current lr: 0.0052200625
identify_sengene_v1 ... 
sengene cover: 0.9880952380952381
2026-03-06 22:54:26.048311: Contrastive learning Epoch: 004
generate_ct_specific_scores ...
no sengene in this cell!
no sengene in this cell!
no sengene in this cell!
no sengene in this cell!
no sengene in this cell!
no sengene in this cell!
no sengene in this cell!
no sengene in this cell!
no sengene in this cell!
no sengene in this cell!
extract_cell_indexs ... 
snc in different cell types:  Counter({'OLIGO2_LRRC7+': 958, 'OLIGO1': 909, 'OLIGO1_SVEP1+': 696, 'OLIGO1_RBFOX1+': 455})
sencell cover: 0.9565937707090788
9.630014419555664
9.606263160705566
9.586318016052246
9.56724739074707
9.544836044311523
9.525279998779297
9.502354621887207
9.483221054077148
9.463212966918945
9.43793773651123
9.42092514038086
9.3990478515625
9.375432014465332
9.356801986694336
9.335546493530273
9.312467575073242
9.293947219848633
9.271378517150879
9.25090217590332
9.231734275817871
9.208806991577148
9.189082145690918
9.167911529541016
9.145797729492188
9.125345230102539
9.103405952453613
9.08408260345459
9.06179141998291
9.042600631713867
9.022116661071777
8.999221801757812
8.98007869720459
8.959529876708984
8.935574531555176
8.916669845581055
8.894929885864258
8.873802185058594
8.852361679077148
8.83305835723877
8.811854362487793
8.789689064025879
8.769844055175781
8.747703552246094
8.727213859558105
8.70602798461914
8.686138153076172
8.664405822753906
8.646125793457031
8.623089790344238
8.606582641601562
current lr: 0.004437053125
identify_sengene_v1 ... 
sengene cover: 0.9876543209876543
Processing file: /dfs3b/ruic20_lab/junw42/HCA_ON/data/5_refine_major/scvi/Oligodendrocyte/clean/deepsas/subsamples//subsample_6.h5ad with experiment name: subsample_6
{'input_data_count': '/dfs3b/ruic20_lab/junw42/HCA_ON/data/5_refine_major/scvi/Oligodendrocyte/clean/deepsas/subsamples//subsample_7.h5ad', 'output_dir': '/dfs3b/ruic20_lab/junw42/HCA_ON/data/5_refine_major/scvi/Oligodendrocyte/clean/deepsas//outputs', 'exp_name': 'subsample_7', 'device_index': 0, 'retrain': True, 'timestamp': '', 'seed': 40, 'n_genes': '5000', 'ccc': 'type1', 'gene_set': 'full', 'emb_size': 12, 'gat_epoch': 30, 'sencell_num': 600, 'sengene_num': 200, 'sencell_epoch': 40, 'cell_optim_epoch': 50, 'learning_rate': 0.01, 'batch_id': 0}
Outputs dir: /dfs3b/ruic20_lab/junw42/HCA_ON/data/5_refine_major/scvi/Oligodendrocyte/clean/deepsas//outputs/outputs/subsample_7
load_data1 ...
Number of cells: 30001
Number of genes: 25546
The number of cell types 4
celltype names: ['OLIGO2_LRRC7+', 'OLIGO1', 'OLIGO1_SVEP1+', 'OLIGO1_RBFOX1+']
--------------  ----
OLIGO2_LRRC7+   9113
OLIGO1          8112
OLIGO1_SVEP1+   7618
OLIGO1_RBFOX1+  5158
--------------  ----
The number of genes in marker list：
  SenMayo    FRIDMAN    CellAge    Cell Cycle Markers
---------  ---------  ---------  --------------------
      125         77        144                    11
Total marker genes:  320
use 5000 highly genes!
Highly genes num:  5000
After genes dropped duplicated sengenes:  4897
Total gene num: 5176
cell num: 30001, gene num: 5176
Cell-gene graph, the number of edges: 7727962
add cell-cell edges with weights in 0 and 1...
CCC graph, the number of edges: 17440
device: cuda:0
Start remove batch effect, the default batch annotation in adata.obs["Sample"] ...
cell embedding generated!
Do not remove batch effect ...
gene embedding generated!
build graph pyg
edge index:  torch.Size([2, 7745402])
node feature:  torch.Size([35177, 12])
build graph pyg without edge weights ... 
Pyg graph: Data(x=[35177, 12], edge_index=[2, 15473364], y=[35177])
graph.is_directed(): False
graph nx and pyg saved!
Epoch 000, Loss: 32.0927
Epoch 001, Loss: 31.9590
Epoch 002, Loss: 31.9579
Epoch 003, Loss: 31.6894
Epoch 004, Loss: 30.7964
Epoch 005, Loss: 29.8279
Epoch 006, Loss: 27.7347
Epoch 007, Loss: 27.3442
Epoch 008, Loss: 24.6543
Epoch 009, Loss: 25.7736
Epoch 010, Loss: 24.3835
Epoch 011, Loss: 22.6990
Epoch 012, Loss: 22.2590
Epoch 013, Loss: 21.8123
Epoch 014, Loss: 20.3399
Epoch 015, Loss: 20.1038
Epoch 016, Loss: 19.1909
Epoch 017, Loss: 18.8380
Epoch 018, Loss: 18.1835
Epoch 019, Loss: 17.7528
Epoch 020, Loss: 17.3323
Epoch 021, Loss: 16.9852
Epoch 022, Loss: 17.1094
Epoch 023, Loss: 16.0381
Epoch 024, Loss: 15.9801
Epoch 025, Loss: 16.0276
Epoch 026, Loss: 15.8739
Epoch 027, Loss: 15.6411
Epoch 028, Loss: 15.0320
Epoch 029, Loss: 14.9753
GAT model saved! /dfs3b/ruic20_lab/junw42/HCA_ON/data/5_refine_major/scvi/Oligodendrocyte/clean/deepsas//outputs/outputs/subsample_7/subsample_7_GAT.pt
2026-03-06 23:28:43.770815: Contrastive learning Epoch: 000
generate_ct_specific_scores ...
extract_cell_indexs ... 
snc in different cell types:  Counter({'OLIGO1': 387, 'OLIGO2_LRRC7+': 364, 'OLIGO1_SVEP1+': 253, 'OLIGO1_RBFOX1+': 174})
16.359848022460938
17.33447265625
15.989059448242188
15.915193557739258
15.855721473693848
15.818933486938477
15.780665397644043
15.742705345153809
15.70370101928711
15.662333488464355
15.622092247009277
15.581411361694336
15.539368629455566
15.49859619140625
15.456094741821289
15.414554595947266
15.372547149658203
15.330389022827148
15.288399696350098
15.2464599609375
15.205565452575684
15.165467262268066
15.125028610229492
15.083434104919434
15.042335510253906
15.002104759216309
14.961079597473145
14.918851852416992
14.876237869262695
14.833953857421875
14.79157543182373
14.749773025512695
14.71044921875
14.674385070800781
14.629108428955078
14.575048446655273
14.534123420715332
14.504866600036621
14.436912536621094
14.409213066101074
14.444612503051758
14.358980178833008
14.272095680236816
14.257266998291016
14.21275806427002
14.20213508605957
14.123135566711426
14.087323188781738
14.016773223876953
13.997566223144531
current lr: 0.0085
identify_sengene_v1 ... 
sengene cover: 0.96415770609319
2026-03-06 23:44:51.672437: Contrastive learning Epoch: 001
generate_ct_specific_scores ...
extract_cell_indexs ... 
snc in different cell types:  Counter({'OLIGO1': 387, 'OLIGO2_LRRC7+': 365, 'OLIGO1_SVEP1+': 254, 'OLIGO1_RBFOX1+': 174})
sencell cover: 0.997457627118644
13.895731925964355
13.75445556640625
13.705076217651367
13.53341293334961
13.316008567810059
13.117968559265137
12.509099960327148
18.90087890625
12.497252464294434
13.841704368591309
13.959837913513184
13.847821235656738
13.720434188842773
13.529743194580078
13.297348022460938
13.081955909729004
12.906291961669922
12.759623527526855
12.613747596740723
12.444378852844238
12.221713066101074
12.19092082977295
11.92824935913086
11.627755165100098
11.650962829589844
11.548519134521484
11.06782341003418
10.958847999572754
10.701937675476074
10.601482391357422
10.718711853027344
10.35894775390625
10.708475112915039
10.222789764404297
10.450309753417969
10.16693115234375
10.10086727142334
10.093867301940918
9.870139122009277
9.972155570983887
9.7472562789917
9.748479843139648
9.685547828674316
9.549484252929688
9.59299373626709
9.422914505004883
9.45559310913086
9.320143699645996
9.363725662231445
9.276479721069336
current lr: 0.0072250000000000005
identify_sengene_v1 ... 
sengene cover: 0.9746376811594203
2026-03-07 00:00:56.814431: Contrastive learning Epoch: 002
generate_ct_specific_scores ...
extract_cell_indexs ... 
snc in different cell types:  Counter({'OLIGO1': 388, 'OLIGO2_LRRC7+': 372, 'OLIGO1_SVEP1+': 252, 'OLIGO1_RBFOX1+': 172})
sencell cover: 0.8817567567567568
14.093400955200195
13.836746215820312
12.95834732055664
11.763031005859375
11.010507583618164
10.549054145812988
11.99915885925293
10.735052108764648
10.277684211730957
10.47341251373291
10.628520011901855
10.724576950073242
10.739425659179688
10.652082443237305
10.464430809020996
10.186328887939453
9.831664085388184
9.556722640991211
9.870636940002441
9.812331199645996
9.350606918334961
9.330933570861816
9.443289756774902
9.45089340209961
9.308820724487305
9.078907012939453
8.99087142944336
9.133349418640137
9.040643692016602
8.843400955200195
8.859166145324707
8.910524368286133
8.846036911010742
8.717650413513184
8.683830261230469
8.719880104064941
8.651641845703125
8.556676864624023
8.553936958312988
8.554600715637207
8.488506317138672
8.415658950805664
8.404542922973633
8.391469955444336
8.32774543762207
8.28191089630127
8.26870346069336
8.216665267944336
8.166468620300293
8.14281177520752
current lr: 0.00614125
identify_sengene_v1 ... 
sengene cover: 0.9776951672862454
2026-03-07 00:16:54.807331: Contrastive learning Epoch: 003
generate_ct_specific_scores ...
extract_cell_indexs ... 
snc in different cell types:  Counter({'OLIGO1': 387, 'OLIGO2_LRRC7+': 377, 'OLIGO1_SVEP1+': 257, 'OLIGO1_RBFOX1+': 182})
sencell cover: 0.9093931837073982
13.355544090270996
12.917192459106445
11.751302719116211
10.562872886657715
10.090408325195312
10.031820297241211
10.450496673583984
10.74970531463623
10.246163368225098
9.991652488708496
9.945341110229492
10.002126693725586
10.100200653076172
10.163246154785156
10.151123046875
10.061474800109863
9.920944213867188
9.772336959838867
9.648558616638184
9.565299987792969
9.635713577270508
9.533565521240234
9.37795352935791
9.277873039245605
9.175609588623047
9.035089492797852
8.882599830627441
8.674543380737305
8.506109237670898
8.485587120056152
9.027039527893066
9.161053657531738
8.340420722961426
14.160521507263184
9.86750316619873
11.641067504882812
12.241145133972168
12.511908531188965
12.640989303588867
12.694746017456055
12.69011116027832
12.633479118347168
12.563811302185059
12.503721237182617
12.4218168258667
12.313323974609375
12.18988037109375
12.057544708251953
11.923200607299805
11.726447105407715
current lr: 0.0052200625
identify_sengene_v1 ... 
sengene cover: 0.9847328244274809
2026-03-07 00:33:50.997133: Contrastive learning Epoch: 004
generate_ct_specific_scores ...
no sengene in this cell!
extract_cell_indexs ... 
snc in different cell types:  Counter({'OLIGO1': 395, 'OLIGO2_LRRC7+': 362, 'OLIGO1_SVEP1+': 257, 'OLIGO1_RBFOX1+': 183})
sencell cover: 0.9281537176274018
12.388252258300781
12.297388076782227
12.205097198486328
12.111593246459961
12.017142295837402
11.921805381774902
11.825675964355469
11.729068756103516
11.631904602050781
11.534303665161133
11.436279296875
11.337851524353027
11.239171028137207
11.140274047851562
11.041465759277344
10.944578170776367
10.858449935913086
10.811402320861816
10.777119636535645
10.736244201660156
10.689414978027344
10.637213706970215
10.580206871032715
10.518926620483398
10.45376968383789
10.385053634643555
10.313161849975586
10.23831558227539
10.160749435424805
10.080681800842285
9.99866771697998
9.922419548034668
9.853202819824219
9.78779125213623
9.722521781921387
9.655316352844238
9.585175514221191
9.512006759643555
9.436090469360352
9.359442710876465
9.28233528137207
9.207196235656738
9.135501861572266
9.072927474975586
9.022771835327148
8.986406326293945
8.96169376373291
8.94444465637207
8.93099594116211
8.917799949645996
current lr: 0.004437053125
identify_sengene_v1 ... 
sengene cover: 0.9882352941176471
Processing file: /dfs3b/ruic20_lab/junw42/HCA_ON/data/5_refine_major/scvi/Oligodendrocyte/clean/deepsas/subsamples//subsample_7.h5ad with experiment name: subsample_7
{'input_data_count': '/dfs3b/ruic20_lab/junw42/HCA_ON/data/5_refine_major/scvi/Oligodendrocyte/clean/deepsas/subsamples//subsample_8.h5ad', 'output_dir': '/dfs3b/ruic20_lab/junw42/HCA_ON/data/5_refine_major/scvi/Oligodendrocyte/clean/deepsas//outputs', 'exp_name': 'subsample_8', 'device_index': 0, 'retrain': True, 'timestamp': '', 'seed': 40, 'n_genes': '5000', 'ccc': 'type1', 'gene_set': 'full', 'emb_size': 12, 'gat_epoch': 30, 'sencell_num': 600, 'sengene_num': 200, 'sencell_epoch': 40, 'cell_optim_epoch': 50, 'learning_rate': 0.01, 'batch_id': 0}
Outputs dir: /dfs3b/ruic20_lab/junw42/HCA_ON/data/5_refine_major/scvi/Oligodendrocyte/clean/deepsas//outputs/outputs/subsample_8
load_data1 ...
Number of cells: 29999
Number of genes: 25499
The number of cell types 4
celltype names: ['OLIGO2_LRRC7+', 'OLIGO1', 'OLIGO1_SVEP1+', 'OLIGO1_RBFOX1+']
--------------  ----
OLIGO2_LRRC7+   9112
OLIGO1          8111
OLIGO1_SVEP1+   7617
OLIGO1_RBFOX1+  5159
--------------  ----
The number of genes in marker list：
  SenMayo    FRIDMAN    CellAge    Cell Cycle Markers
---------  ---------  ---------  --------------------
      125         77        144                    11
Total marker genes:  320
use 5000 highly genes!
Highly genes num:  5000
After genes dropped duplicated sengenes:  4881
Total gene num: 5162
cell num: 29999, gene num: 5162
Cell-gene graph, the number of edges: 7758147
add cell-cell edges with weights in 0 and 1...
CCC graph, the number of edges: 12710
device: cuda:0
Start remove batch effect, the default batch annotation in adata.obs["Sample"] ...
cell embedding generated!
Do not remove batch effect ...
gene embedding generated!
build graph pyg
edge index:  torch.Size([2, 7770857])
node feature:  torch.Size([35161, 12])
build graph pyg without edge weights ... 
Pyg graph: Data(x=[35161, 12], edge_index=[2, 15529004], y=[35161])
graph.is_directed(): False
graph nx and pyg saved!
Epoch 000, Loss: 34.4720
Epoch 001, Loss: 34.3377
Epoch 002, Loss: 33.9637
Epoch 003, Loss: 33.8960
Epoch 004, Loss: 33.9210
Epoch 005, Loss: 33.2773
Epoch 006, Loss: 33.1852
Epoch 007, Loss: 32.4627
Epoch 008, Loss: 32.2562
Epoch 009, Loss: 30.9727
Epoch 010, Loss: 29.3131
Epoch 011, Loss: 27.6617
Epoch 012, Loss: 26.4309
Epoch 013, Loss: 24.4443
Epoch 014, Loss: 23.2453
Epoch 015, Loss: 21.8452
Epoch 016, Loss: 20.9263
Epoch 017, Loss: 19.8682
Epoch 018, Loss: 19.1537
Epoch 019, Loss: 18.4588
Epoch 020, Loss: 17.6321
Epoch 021, Loss: 17.3149
Epoch 022, Loss: 16.7188
Epoch 023, Loss: 16.3860
Epoch 024, Loss: 16.1225
Epoch 025, Loss: 15.5970
Epoch 026, Loss: 15.5665
Epoch 027, Loss: 15.4962
Epoch 028, Loss: 15.2643
Epoch 029, Loss: 15.0193
GAT model saved! /dfs3b/ruic20_lab/junw42/HCA_ON/data/5_refine_major/scvi/Oligodendrocyte/clean/deepsas//outputs/outputs/subsample_8/subsample_8_GAT.pt
2026-03-07 01:07:38.503783: Contrastive learning Epoch: 000
generate_ct_specific_scores ...
extract_cell_indexs ... 
snc in different cell types:  Counter({'OLIGO2_LRRC7+': 1289, 'OLIGO1': 1117, 'OLIGO1_SVEP1+': 1030, 'OLIGO1_RBFOX1+': 687})
16.53188705444336
17.08256721496582
15.896760940551758
15.860967636108398
15.822078704833984
15.748191833496094
15.691377639770508
15.644658088684082
15.569849014282227
15.520526885986328
15.481328964233398
15.40787124633789
15.355672836303711
15.30893325805664
15.241695404052734
15.17956256866455
15.125665664672852
15.060968399047852
14.993377685546875
14.933157920837402
14.860689163208008
14.787487983703613
14.714349746704102
14.660768508911133
14.725248336791992
14.493306159973145
14.678110122680664
14.346362113952637
14.422981262207031
14.252693176269531
14.216485023498535
14.096993446350098
14.045597076416016
13.987805366516113
13.802094459533691
13.817094802856445
13.645746231079102
13.579111099243164
13.50243854522705
13.358226776123047
13.366671562194824
13.171520233154297
13.11043930053711
13.082133293151855
12.853982925415039
12.785577774047852
13.0819091796875
12.693683624267578
12.665258407592773
12.59203815460205
current lr: 0.0085
identify_sengene_v1 ... 
sengene cover: 0.9644128113879004
2026-03-07 01:27:09.786902: Contrastive learning Epoch: 001
generate_ct_specific_scores ...
no sengene in this cell!
no sengene in this cell!
no sengene in this cell!
extract_cell_indexs ... 
snc in different cell types:  Counter({'OLIGO2_LRRC7+': 1328, 'OLIGO1': 1144, 'OLIGO1_SVEP1+': 1036, 'OLIGO1_RBFOX1+': 684})
sencell cover: 0.9549141221374046
16.72263526916504
15.579541206359863
14.00786304473877
14.188126564025879
13.999410629272461
13.673105239868164
13.613241195678711
13.602742195129395
13.444990158081055
13.420164108276367
13.34326457977295
13.212488174438477
13.1837797164917
13.015228271484375
12.941841125488281
12.782515525817871
12.890069961547852
12.916768074035645
12.573938369750977
12.728803634643555
12.590190887451172
12.5303316116333
12.4081392288208
12.366153717041016
12.297633171081543
12.184574127197266
12.07223129272461
11.934473991394043
11.909195899963379
12.494057655334473
12.211856842041016
11.713220596313477
11.835884094238281
11.605152130126953
11.711136817932129
11.40930461883545
11.270100593566895
11.298991203308105
11.143260955810547
11.167623519897461
10.927530288696289
10.969827651977539
10.876053810119629
10.747954368591309
10.76522445678711
10.612446784973145
10.646944999694824
10.493996620178223
10.45479965209961
10.484040260314941
current lr: 0.0072250000000000005
identify_sengene_v1 ... 
sengene cover: 0.9713261648745519
2026-03-07 01:46:07.338628: Contrastive learning Epoch: 002
generate_ct_specific_scores ...
no sengene in this cell!
no sengene in this cell!
no sengene in this cell!
no sengene in this cell!
extract_cell_indexs ... 
snc in different cell types:  Counter({'OLIGO2_LRRC7+': 1319, 'OLIGO1': 1150, 'OLIGO1_SVEP1+': 1040, 'OLIGO1_RBFOX1+': 689})
sencell cover: 0.9730824202000953
16.269826889038086
16.25758171081543
16.228939056396484
16.187131881713867
16.132640838623047
16.06851577758789
15.99590015411377
15.915290832519531
15.828743934631348
15.736459732055664
15.639083862304688
15.537928581237793
15.433344841003418
15.325292587280273
15.2149019241333
15.102452278137207
14.987836837768555
14.871663093566895
14.754175186157227
14.635709762573242
14.515893936157227
14.395313262939453
14.273900985717773
14.152055740356445
14.030174255371094
13.908015251159668
13.785538673400879
13.662883758544922
13.539876937866211
13.41679573059082
13.293512344360352
13.170038223266602
13.049216270446777
12.92327880859375
12.800100326538086
12.67652702331543
12.552513122558594
12.42790699005127
12.302355766296387
12.176643371582031
12.04922866821289
11.920955657958984
11.79090690612793
11.659454345703125
11.523818969726562
11.389387130737305
11.241131782531738
11.113323211669922
11.025649070739746
11.004010200500488
current lr: 0.00614125
identify_sengene_v1 ... 
sengene cover: 0.985239852398524
2026-03-07 02:04:09.305910: Contrastive learning Epoch: 003
generate_ct_specific_scores ...
no sengene in this cell!
no sengene in this cell!
no sengene in this cell!
no sengene in this cell!
no sengene in this cell!
extract_cell_indexs ... 
snc in different cell types:  Counter({'OLIGO2_LRRC7+': 1322, 'OLIGO1': 1153, 'OLIGO1_SVEP1+': 1032, 'OLIGO1_RBFOX1+': 676})
sencell cover: 0.9591202486253885
11.234167098999023
11.139557838439941
11.03979206085205
10.968043327331543
10.909791946411133
10.859193801879883
10.821398735046387
10.79544448852539
10.764791488647461
10.72903823852539
10.688253402709961
10.647994041442871
10.62850570678711
10.602514266967773
10.569887161254883
10.547174453735352
10.527864456176758
10.501568794250488
10.468953132629395
10.434210777282715
10.411746978759766
10.38477897644043
10.35777759552002
10.337023735046387
10.309453964233398
10.277892112731934
10.252607345581055
10.226202964782715
10.205024719238281
10.180734634399414
10.15170669555664
10.12267780303955
10.098423957824707
10.076018333435059
10.051128387451172
10.022258758544922
9.996077537536621
9.973608016967773
9.950093269348145
9.922897338867188
9.895243644714355
9.871513366699219
9.848536491394043
9.822225570678711
9.795205116271973
9.771114349365234
9.74769115447998
9.721715927124023
9.695097923278809
9.670981407165527
current lr: 0.0052200625
identify_sengene_v1 ... 
sengene cover: 0.9737827715355806
2026-03-07 02:21:56.701803: Contrastive learning Epoch: 004
generate_ct_specific_scores ...
no sengene in this cell!
no sengene in this cell!
no sengene in this cell!
no sengene in this cell!
no sengene in this cell!
no sengene in this cell!
extract_cell_indexs ... 
snc in different cell types:  Counter({'OLIGO2_LRRC7+': 1312, 'OLIGO1': 1152, 'OLIGO1_SVEP1+': 1045, 'OLIGO1_RBFOX1+': 684})
sencell cover: 0.9601717147626997
9.651321411132812
9.622669219970703
9.603119850158691
9.584284782409668
9.560981750488281
9.543428421020508
9.522174835205078
9.496636390686035
9.480592727661133
9.462284088134766
9.439676284790039
9.414319038391113
9.397956848144531
9.37875747680664
9.356136322021484
9.33544921875
9.309556007385254
9.288451194763184
9.271318435668945
9.250787734985352
9.229476928710938
9.20242977142334
9.184263229370117
9.168079376220703
9.145028114318848
9.122414588928223
9.0991792678833
9.078323364257812
9.061637878417969
9.038393020629883
9.017400741577148
8.992485046386719
8.97482681274414
8.957917213439941
8.93592357635498
8.910911560058594
8.884835243225098
8.868392944335938
8.846327781677246
8.823736190795898
8.804268836975098
8.779586791992188
8.758184432983398
8.742207527160645
8.719419479370117
8.697669982910156
8.680251121520996
8.659022331237793
8.642080307006836
8.618587493896484
current lr: 0.004437053125
identify_sengene_v1 ... 
sengene cover: 0.9883720930232558
Processing file: /dfs3b/ruic20_lab/junw42/HCA_ON/data/5_refine_major/scvi/Oligodendrocyte/clean/deepsas/subsamples//subsample_8.h5ad with experiment name: subsample_8
{'input_data_count': '/dfs3b/ruic20_lab/junw42/HCA_ON/data/5_refine_major/scvi/Oligodendrocyte/clean/deepsas/subsamples//subsample_9.h5ad', 'output_dir': '/dfs3b/ruic20_lab/junw42/HCA_ON/data/5_refine_major/scvi/Oligodendrocyte/clean/deepsas//outputs', 'exp_name': 'subsample_9', 'device_index': 0, 'retrain': True, 'timestamp': '', 'seed': 40, 'n_genes': '5000', 'ccc': 'type1', 'gene_set': 'full', 'emb_size': 12, 'gat_epoch': 30, 'sencell_num': 600, 'sengene_num': 200, 'sencell_epoch': 40, 'cell_optim_epoch': 50, 'learning_rate': 0.01, 'batch_id': 0}
Outputs dir: /dfs3b/ruic20_lab/junw42/HCA_ON/data/5_refine_major/scvi/Oligodendrocyte/clean/deepsas//outputs/outputs/subsample_9
load_data1 ...
Number of cells: 8510
Number of genes: 21019
The number of cell types 4
celltype names: ['OLIGO2_LRRC7+', 'OLIGO1', 'OLIGO1_SVEP1+', 'OLIGO1_RBFOX1+']
--------------  ----
OLIGO2_LRRC7+   2585
OLIGO1          2301
OLIGO1_SVEP1+   2161
OLIGO1_RBFOX1+  1463
--------------  ----
The number of genes in marker list：
  SenMayo    FRIDMAN    CellAge    Cell Cycle Markers
---------  ---------  ---------  --------------------
      125         77        144                    11
Total marker genes:  320
use 5000 highly genes!
Highly genes num:  5000
After genes dropped duplicated sengenes:  4896
Total gene num: 5139
cell num: 8510, gene num: 5139
Cell-gene graph, the number of edges: 2953113
add cell-cell edges with weights in 0 and 1...
CCC graph, the number of edges: 962
device: cuda:0
Start remove batch effect, the default batch annotation in adata.obs["Sample"] ...
cell embedding generated!
Do not remove batch effect ...
gene embedding generated!
build graph pyg
edge index:  torch.Size([2, 2954075])
node feature:  torch.Size([13649, 12])
build graph pyg without edge weights ... 
Pyg graph: Data(x=[13649, 12], edge_index=[2, 5907188], y=[13649])
graph.is_directed(): False
graph nx and pyg saved!
Epoch 000, Loss: 30.8128
Epoch 001, Loss: 30.6351
Epoch 002, Loss: 30.1340
Epoch 003, Loss: 30.5868
Epoch 004, Loss: 28.8853
Epoch 005, Loss: 27.1446
Epoch 006, Loss: 27.2071
Epoch 007, Loss: 24.7217
Epoch 008, Loss: 22.5323
Epoch 009, Loss: 21.4009
Epoch 010, Loss: 20.2685
Epoch 011, Loss: 19.5116
Epoch 012, Loss: 18.4895
Epoch 013, Loss: 17.9918
Epoch 014, Loss: 17.5707
Epoch 015, Loss: 17.2169
Epoch 016, Loss: 17.0694
Epoch 017, Loss: 16.5094
Epoch 018, Loss: 16.4593
Epoch 019, Loss: 16.1694
Epoch 020, Loss: 15.9709
Epoch 021, Loss: 15.6854
Epoch 022, Loss: 15.3240
Epoch 023, Loss: 14.4468
Epoch 024, Loss: 14.2032
Epoch 025, Loss: 14.2733
Epoch 026, Loss: 13.8819
Epoch 027, Loss: 13.8918
Epoch 028, Loss: 13.7383
Epoch 029, Loss: 13.3789
GAT model saved! /dfs3b/ruic20_lab/junw42/HCA_ON/data/5_refine_major/scvi/Oligodendrocyte/clean/deepsas//outputs/outputs/subsample_9/subsample_9_GAT.pt
2026-03-07 02:47:03.727192: Contrastive learning Epoch: 000
generate_ct_specific_scores ...
extract_cell_indexs ... 
snc in different cell types:  Counter({'OLIGO1': 127, 'OLIGO2_LRRC7+': 84, 'OLIGO1_RBFOX1+': 66, 'OLIGO1_SVEP1+': 54})
16.062414169311523
17.619850158691406
15.019495010375977
15.192069053649902
14.716054916381836
15.242870330810547
14.621613502502441
15.544684410095215
15.319647789001465
14.461874008178711
14.590410232543945
14.159294128417969
14.662884712219238
14.598921775817871
13.926148414611816
14.233154296875
14.324843406677246
14.048688888549805
13.601456642150879
13.661398887634277
13.702943801879883
13.444467544555664
13.431374549865723
13.298518180847168
13.356014251708984
13.328028678894043
13.193424224853516
13.158130645751953
13.126276016235352
12.961918830871582
13.172734260559082
13.149314880371094
12.862518310546875
12.976165771484375
12.868825912475586
12.76101303100586
12.736417770385742
12.564491271972656
12.52783489227295
12.430612564086914
12.43190860748291
12.306146621704102
12.263361930847168
12.370865821838379
12.291885375976562
12.267659187316895
12.15613079071045
12.099417686462402
12.104633331298828
12.026453018188477
current lr: 0.0085
identify_sengene_v1 ... 
sengene cover: 0.9588477366255144
2026-03-07 02:50:23.298654: Contrastive learning Epoch: 001
generate_ct_specific_scores ...
extract_cell_indexs ... 
snc in different cell types:  Counter({'OLIGO1': 128, 'OLIGO2_LRRC7+': 85, 'OLIGO1_RBFOX1+': 65, 'OLIGO1_SVEP1+': 54})
sencell cover: 0.9909638554216867
15.188091278076172
15.126204490661621
15.019088745117188
14.836421966552734
14.421794891357422
14.364371299743652
13.744222640991211
13.911264419555664
13.891087532043457
13.557916641235352
13.714117050170898
13.577668190002441
13.486979484558105
13.464532852172852
13.426240921020508
13.381312370300293
13.332535743713379
13.294315338134766
13.262808799743652
13.229133605957031
13.191255569458008
13.154250144958496
13.11745548248291
13.080076217651367
13.041138648986816
13.000048637390137
12.958202362060547
12.916234970092773
12.872499465942383
12.831735610961914
12.787343978881836
12.742948532104492
12.699268341064453
12.655552864074707
12.610721588134766
12.56570053100586
12.51984691619873
12.475715637207031
12.429794311523438
12.413468360900879
12.383584976196289
12.319124221801758
12.254196166992188
12.21988582611084
12.181188583374023
12.120145797729492
12.067458152770996
12.043240547180176
11.984066009521484
11.920448303222656
current lr: 0.0072250000000000005
identify_sengene_v1 ... 
sengene cover: 0.9748953974895398
2026-03-07 02:53:44.905316: Contrastive learning Epoch: 002
generate_ct_specific_scores ...
extract_cell_indexs ... 
snc in different cell types:  Counter({'OLIGO1': 111, 'OLIGO2_LRRC7+': 98, 'OLIGO1_RBFOX1+': 67, 'OLIGO1_SVEP1+': 56})
sencell cover: 0.8644578313253012
13.455358505249023
13.43097972869873
13.392539978027344
13.342095375061035
13.28115177154541
13.21126651763916
13.13353443145752
13.049211502075195
12.958969116210938
12.86374282836914
12.764037132263184
12.660507202148438
12.553502082824707
12.443434715270996
12.359648704528809
12.319208145141602
12.268994331359863
12.210296630859375
12.144070625305176
12.071076393127441
11.992064476013184
11.907666206359863
11.818510055541992
11.724898338317871
11.628726959228516
11.535270690917969
11.478075981140137
11.487771987915039
11.498664855957031
11.498533248901367
11.487391471862793
11.466118812561035
11.435750961303711
11.397375106811523
11.352231979370117
11.302059173583984
11.249300003051758
11.198413848876953
11.15281867980957
11.105229377746582
11.06716537475586
11.043352127075195
11.019819259643555
10.997529983520508
10.975789070129395
10.949005126953125
10.9155912399292
10.876338958740234
10.833283424377441
10.790325164794922
current lr: 0.00614125
identify_sengene_v1 ... 
sengene cover: 0.978448275862069
2026-03-07 02:57:05.069684: Contrastive learning Epoch: 003
generate_ct_specific_scores ...
extract_cell_indexs ... 
snc in different cell types:  Counter({'OLIGO1': 109, 'OLIGO2_LRRC7+': 91, 'OLIGO1_RBFOX1+': 76, 'OLIGO1_SVEP1+': 71})
sencell cover: 0.829971181556196
10.78001594543457
10.731380462646484
10.699027061462402
10.684942245483398
10.663114547729492
10.640149116516113
10.616292953491211
10.58562183380127
10.550172805786133
10.51634407043457
10.499113082885742
10.475393295288086
10.446969985961914
10.41630744934082
10.396190643310547
10.374519348144531
10.348477363586426
10.319452285766602
10.289241790771484
10.266241073608398
10.239407539367676
10.214975357055664
10.190957069396973
10.162565231323242
10.1420316696167
10.118483543395996
10.09196662902832
10.061589241027832
10.042219161987305
10.02039909362793
9.995338439941406
9.96647834777832
9.934853553771973
9.918118476867676
9.89811897277832
9.873796463012695
9.846324920654297
9.815413475036621
9.784276962280273
9.76287841796875
9.738199234008789
9.709856033325195
9.68591022491455
9.66264820098877
9.636223793029785
9.607157707214355
9.582983016967773
9.557647705078125
9.531560897827148
9.509614944458008
current lr: 0.0052200625
identify_sengene_v1 ... 
sengene cover: 0.9865470852017937
2026-03-07 03:00:25.484092: Contrastive learning Epoch: 004
generate_ct_specific_scores ...
extract_cell_indexs ... 
snc in different cell types:  Counter({'OLIGO1': 122, 'OLIGO2_LRRC7+': 91, 'OLIGO1_SVEP1+': 76, 'OLIGO1_RBFOX1+': 74})
sencell cover: 0.8236914600550964
9.066801071166992
8.849282264709473
8.1965970993042
7.922863960266113
7.7135419845581055
7.860263347625732
8.09384536743164
7.691262245178223
7.9247918128967285
7.554574012756348
7.595137596130371
7.604235649108887
7.5081329345703125
7.503543853759766
7.480890274047852
7.439897537231445
7.434031963348389
7.414532661437988
7.369330883026123
7.33009147644043
7.3038554191589355
7.268394470214844
7.198114395141602
7.202762603759766
7.1874613761901855
7.143585205078125
7.11055850982666
7.214605808258057
7.112308979034424
7.3251752853393555
7.095736503601074
7.044488906860352
7.037079811096191
6.9341535568237305
6.884450912475586
6.940507888793945
7.28660249710083
8.16189193725586
7.807062149047852
8.221138000488281
8.14238166809082
7.961173057556152
7.641273021697998
7.2179107666015625
7.011015892028809
7.030666351318359
7.150833606719971
7.183882236480713
7.111825942993164
7.035965919494629
current lr: 0.004437053125
identify_sengene_v1 ... 
sengene cover: 0.9768518518518519
Processing file: /dfs3b/ruic20_lab/junw42/HCA_ON/data/5_refine_major/scvi/Oligodendrocyte/clean/deepsas/subsamples//subsample_9.h5ad with experiment name: subsample_9
