
                                                   / |
                                                 /    \
            .                                  /      |.
            \\\                              /        |.
              \\\                          /           `|.
                \\\                      /              |.
                  \                    /                |\
                  \\#####\           /                  ||
                ==###########>      /                   ||
                 \\##==......\    /                     ||
            ______ =       =|__ /__                     ||      \\\
        ,--' ,----`-,__ ___/'  --,-`-===================##========>
       \               '        ##_______ _____ ,--,__,=##,__   ///
        ,    __==    ___,-,__,--'#'  ==='      `-'    | ##,-/
        -,____,---'       \\####\\________________,--\\_##,/
           ___      .______        ______  __    __  .______      
          /   \     |   _  \      /      ||  |  |  | |   _  \     
         /  ^  \    |  |_)  |    |  ,----'|  |__|  | |  |_)  |    
        /  /_\  \   |      /     |  |     |   __   | |      /     
       /  _____  \  |  |\  \\___ |  `----.|  |  |  | |  |\  \\___.
      /__/     \__\ | _| `._____| \______||__|  |__| | _| `._____|
    
ArchR : Version 1.0.2
For more information see our website : www.ArchRProject.com
If you encounter a bug please report : https://github.com/GreenleafLab/ArchR/issues
Loading Required Packages...
	Loading Package : grid v4.3.3
	Loading Package : gridExtra v2.3
	Loading Package : gtools v3.9.5
	Loading Package : gtable v0.3.6
	Loading Package : ggplot2 v4.0.1
	Loading Package : magrittr v2.0.3
	Loading Package : plyr v1.8.9
	Loading Package : stringr v1.5.1
	Loading Package : data.table v1.15.4
	Loading Package : matrixStats v1.4.1
	Loading Package : S4Vectors v0.40.2
	Loading Package : GenomicRanges v1.54.1
	Loading Package : BiocGenerics v0.48.1
	Loading Package : Matrix v1.6.1.1
	Loading Package : Rcpp v1.1.0
	Loading Package : SummarizedExperiment v1.32.0
	Loading Package : rhdf5 v2.44.0
Error in .validInput(input = seMarker, name = "seMarker", valid = c("SummarizedExperiment")) : 
  Input value for 'seMarker' is not a summarizedexperiment, (seMarker = SimpleList) please supply valid input!
Calls: getMarkers -> .validInput
Execution halted
